2026-01-28 14:34:03,047 - INFO - 开始无监督跨模态对比学习训练
2026-01-28 14:34:03,047 - INFO - 命令行参数: {'config': '../DataLoader/config.yaml', 'epochs': 300, 'batch_size': 8, 'lr': 0.001, 'device': 'cuda', 'gpus': '0', 'num_workers': 4, 'log_dir': '../Log', 'checkpoint_dir': '../Checkpoints', 'freeze_backbone': True, 'lambda_gen': 1.0}
2026-01-28 14:34:03,097 - INFO - 使用的显卡ID: [0]
2026-01-28 14:34:03,097 - INFO - 使用设备: cuda
2026-01-28 14:34:03,097 - INFO - 创建数据加载器...
2026-01-28 14:36:27,993 - INFO - 数据加载器创建完成，训练样本数: 12311, 批次大小: 8, 批次数量: 1538
2026-01-28 14:36:28,046 - INFO - 
=== Batch Size 建议 ===
2026-01-28 14:36:28,046 - INFO - 当前设置: batch_size=8, 使用显卡数=1
2026-01-28 14:36:28,046 - INFO - 注意：在multi_view_visual_encoder.py中，实际传入Backbone的图片数量会被放大为 B * N * NUM_NEIGHBOURS
2026-01-28 14:36:28,046 - INFO - 例如：如果N=4, NUM_NEIGHBOURS=5，那么每张显卡需要处理的图片数为: (16 * 4 * 5) / 1 = 320.0张
2026-01-28 14:36:28,046 - INFO - 
建议：在多卡环境下，您可以将batch size设置为 8 ~ 8
2026-01-28 14:36:28,046 - INFO - 这样每张显卡处理的实际图片数量会更合理，减少显存压力
2026-01-28 14:36:28,047 - INFO - 初始化模型...
2026-01-28 14:36:28,730 - INFO - 是否冻结ResNet Backbone: True
2026-01-28 14:36:29,692 - INFO - 开始训练...
2026-01-28 14:36:29,692 - INFO - Epoch 1/300
2026-01-28 14:41:50,972 - INFO - Epoch 1 平均损失: Total=2.0414, Intra=2.0245, Gen=0.0169
2026-01-28 14:41:50,972 - INFO - 当前学习率: 0.001000
2026-01-28 14:42:13,750 - INFO - 新的最优模型已保存，总损失: 2.0414
2026-01-28 14:42:13,750 - INFO - Epoch 2/300
2026-01-28 14:46:25,888 - INFO - Epoch 2 平均损失: Total=1.9886, Intra=1.9823, Gen=0.0062
2026-01-28 14:46:25,888 - INFO - 当前学习率: 0.001000
2026-01-28 14:46:40,476 - INFO - 新的最优模型已保存，总损失: 1.9886
2026-01-28 14:46:40,477 - INFO - Epoch 3/300
2026-01-28 14:50:52,859 - INFO - Epoch 3 平均损失: Total=2.1201, Intra=1.9419, Gen=0.1783
2026-01-28 14:50:52,859 - INFO - 当前学习率: 0.001000
2026-01-28 14:50:59,469 - INFO - Epoch 4/300
2026-01-28 14:55:11,213 - INFO - Epoch 4 平均损失: Total=2.1029, Intra=1.9002, Gen=0.2028
2026-01-28 14:55:11,213 - INFO - 当前学习率: 0.001000
2026-01-28 14:55:18,308 - INFO - Epoch 5/300
2026-01-28 14:59:29,752 - INFO - Epoch 5 平均损失: Total=2.9123, Intra=1.7287, Gen=1.1837
2026-01-28 14:59:29,753 - INFO - 当前学习率: 0.001000
2026-01-28 14:59:35,831 - INFO - Epoch 6/300
2026-01-28 15:04:14,960 - INFO - Epoch 6 平均损失: Total=3.1929, Intra=0.3213, Gen=2.8716
2026-01-28 15:04:14,961 - INFO - 当前学习率: 0.001000
2026-01-28 15:04:22,724 - INFO - Epoch 7/300
2026-01-28 15:08:37,887 - INFO - Epoch 7 平均损失: Total=2.7725, Intra=0.1878, Gen=2.5847
2026-01-28 15:08:37,887 - INFO - 当前学习率: 0.001000
2026-01-28 15:08:44,684 - INFO - Epoch 8/300
2026-01-28 15:12:59,965 - INFO - Epoch 8 平均损失: Total=2.7012, Intra=0.2214, Gen=2.4798
2026-01-28 15:12:59,966 - INFO - 当前学习率: 0.000500
2026-01-28 15:13:06,954 - INFO - Epoch 9/300
2026-01-28 15:17:21,386 - INFO - Epoch 9 平均损失: Total=2.8410, Intra=0.1651, Gen=2.6759
2026-01-28 15:17:21,386 - INFO - 当前学习率: 0.000500
2026-01-28 15:17:30,266 - INFO - Epoch 10/300
2026-01-28 15:21:42,161 - INFO - Epoch 10 平均损失: Total=2.1668, Intra=0.1361, Gen=2.0307
2026-01-28 15:21:42,161 - INFO - 当前学习率: 0.000500
2026-01-28 15:21:48,651 - INFO - Epoch 11/300
2026-01-28 15:26:16,534 - INFO - Epoch 11 平均损失: Total=1.8428, Intra=0.1544, Gen=1.6884
2026-01-28 15:26:16,534 - INFO - 当前学习率: 0.000500
2026-01-28 15:26:38,343 - INFO - 新的最优模型已保存，总损失: 1.8428
2026-01-28 15:26:38,343 - INFO - Epoch 12/300
2026-01-28 15:30:57,093 - INFO - Epoch 12 平均损失: Total=1.5174, Intra=0.1072, Gen=1.4102
2026-01-28 15:30:57,093 - INFO - 当前学习率: 0.000500
2026-01-28 15:31:12,704 - INFO - 新的最优模型已保存，总损失: 1.5174
2026-01-28 15:31:12,704 - INFO - Epoch 13/300
2026-01-28 15:35:23,972 - INFO - Epoch 13 平均损失: Total=1.2609, Intra=0.1100, Gen=1.1509
2026-01-28 15:35:23,972 - INFO - 当前学习率: 0.000500
2026-01-28 15:35:36,172 - INFO - 新的最优模型已保存，总损失: 1.2609
2026-01-28 15:35:36,172 - INFO - Epoch 14/300
2026-01-28 15:39:48,740 - INFO - Epoch 14 平均损失: Total=1.2734, Intra=0.0947, Gen=1.1787
2026-01-28 15:39:48,740 - INFO - 当前学习率: 0.000500
2026-01-28 15:39:56,386 - INFO - Epoch 15/300
2026-01-28 15:44:08,850 - INFO - Epoch 15 平均损失: Total=1.1615, Intra=0.1032, Gen=1.0583
2026-01-28 15:44:08,850 - INFO - 当前学习率: 0.000500
2026-01-28 15:44:22,139 - INFO - 新的最优模型已保存，总损失: 1.1615
2026-01-28 15:44:22,139 - INFO - Epoch 16/300
2026-01-28 15:48:36,748 - INFO - Epoch 16 平均损失: Total=1.4466, Intra=0.1287, Gen=1.3179
2026-01-28 15:48:36,748 - INFO - 当前学习率: 0.000500
2026-01-28 15:48:44,063 - INFO - Epoch 17/300
2026-01-28 15:52:55,675 - INFO - Epoch 17 平均损失: Total=1.3126, Intra=0.1015, Gen=1.2111
2026-01-28 15:52:55,676 - INFO - 当前学习率: 0.000500
2026-01-28 15:53:04,650 - INFO - Epoch 18/300
2026-01-28 15:57:19,114 - INFO - Epoch 18 平均损失: Total=1.1535, Intra=0.0972, Gen=1.0563
2026-01-28 15:57:19,115 - INFO - 当前学习率: 0.000500
2026-01-28 15:57:39,189 - INFO - 新的最优模型已保存，总损失: 1.1535
2026-01-28 15:57:39,190 - INFO - Epoch 19/300
2026-01-28 16:01:51,181 - INFO - Epoch 19 平均损失: Total=0.9715, Intra=0.0935, Gen=0.8781
2026-01-28 16:01:51,181 - INFO - 当前学习率: 0.000500
2026-01-28 16:02:08,790 - INFO - 新的最优模型已保存，总损失: 0.9715
2026-01-28 16:02:08,790 - INFO - Epoch 20/300
2026-01-28 16:06:21,593 - INFO - Epoch 20 平均损失: Total=0.8970, Intra=0.1428, Gen=0.7542
2026-01-28 16:06:21,593 - INFO - 当前学习率: 0.000500
2026-01-28 16:06:37,977 - INFO - 新的最优模型已保存，总损失: 0.8970
2026-01-28 16:06:37,977 - INFO - Epoch 21/300
2026-01-28 16:10:53,515 - INFO - Epoch 21 平均损失: Total=0.8482, Intra=0.1091, Gen=0.7391
2026-01-28 16:10:53,516 - INFO - 当前学习率: 0.000500
2026-01-28 16:11:11,819 - INFO - 新的最优模型已保存，总损失: 0.8482
2026-01-28 16:11:11,820 - INFO - Epoch 22/300
2026-01-28 16:15:25,799 - INFO - Epoch 22 平均损失: Total=1.0075, Intra=0.0954, Gen=0.9121
2026-01-28 16:15:25,799 - INFO - 当前学习率: 0.000500
2026-01-28 16:15:31,706 - INFO - Epoch 23/300
2026-01-28 16:19:43,721 - INFO - Epoch 23 平均损失: Total=1.3857, Intra=0.0948, Gen=1.2909
2026-01-28 16:19:43,721 - INFO - 当前学习率: 0.000500
2026-01-28 16:19:50,866 - INFO - Epoch 24/300
2026-01-28 16:24:06,006 - INFO - Epoch 24 平均损失: Total=2.0929, Intra=0.6866, Gen=1.4063
2026-01-28 16:24:06,006 - INFO - 当前学习率: 0.000500
2026-01-28 16:24:13,296 - INFO - Epoch 25/300
2026-01-28 16:28:28,131 - INFO - Epoch 25 平均损失: Total=1.3473, Intra=0.2325, Gen=1.1147
2026-01-28 16:28:28,131 - INFO - 当前学习率: 0.000500
2026-01-28 16:28:34,616 - INFO - Epoch 26/300
2026-01-28 16:32:48,312 - INFO - Epoch 26 平均损失: Total=1.3026, Intra=0.1323, Gen=1.1702
2026-01-28 16:32:48,312 - INFO - 当前学习率: 0.000500
2026-01-28 16:32:54,649 - INFO - Epoch 27/300
2026-01-28 16:37:07,612 - INFO - Epoch 27 平均损失: Total=1.1648, Intra=0.1647, Gen=1.0001
2026-01-28 16:37:07,612 - INFO - 当前学习率: 0.000250
2026-01-28 16:37:13,152 - INFO - Epoch 28/300
2026-01-28 16:41:28,046 - INFO - Epoch 28 平均损失: Total=1.1201, Intra=0.2778, Gen=0.8423
2026-01-28 16:41:28,047 - INFO - 当前学习率: 0.000250
2026-01-28 16:41:35,295 - INFO - Epoch 29/300
2026-01-28 16:45:48,930 - INFO - Epoch 29 平均损失: Total=0.9348, Intra=0.2033, Gen=0.7315
2026-01-28 16:45:48,930 - INFO - 当前学习率: 0.000250
2026-01-28 16:45:55,865 - INFO - Epoch 30/300
2026-01-28 16:50:10,624 - INFO - Epoch 30 平均损失: Total=0.7794, Intra=0.1179, Gen=0.6615
2026-01-28 16:50:10,624 - INFO - 当前学习率: 0.000250
2026-01-28 16:50:22,714 - INFO - 新的最优模型已保存，总损失: 0.7794
2026-01-28 16:50:22,714 - INFO - Epoch 31/300
2026-01-28 16:54:38,209 - INFO - Epoch 31 平均损失: Total=0.6818, Intra=0.0745, Gen=0.6073
2026-01-28 16:54:38,209 - INFO - 当前学习率: 0.000250
2026-01-28 16:54:53,702 - INFO - 新的最优模型已保存，总损失: 0.6818
2026-01-28 16:54:53,702 - INFO - Epoch 32/300
2026-01-28 16:59:04,177 - INFO - Epoch 32 平均损失: Total=0.7234, Intra=0.0737, Gen=0.6497
2026-01-28 16:59:04,178 - INFO - 当前学习率: 0.000250
2026-01-28 16:59:12,045 - INFO - Epoch 33/300
2026-01-28 17:03:26,551 - INFO - Epoch 33 平均损失: Total=0.6395, Intra=0.0605, Gen=0.5789
2026-01-28 17:03:26,551 - INFO - 当前学习率: 0.000250
2026-01-28 17:03:38,899 - INFO - 新的最优模型已保存，总损失: 0.6395
2026-01-28 17:03:38,899 - INFO - Epoch 34/300
2026-01-28 17:07:51,255 - INFO - Epoch 34 平均损失: Total=1.0272, Intra=0.4228, Gen=0.6044
2026-01-28 17:07:51,256 - INFO - 当前学习率: 0.000250
2026-01-28 17:07:57,506 - INFO - Epoch 35/300
2026-01-28 17:12:13,269 - INFO - Epoch 35 平均损失: Total=0.6345, Intra=0.0875, Gen=0.5470
2026-01-28 17:12:13,270 - INFO - 当前学习率: 0.000250
2026-01-28 17:12:26,296 - INFO - 新的最优模型已保存，总损失: 0.6345
2026-01-28 17:12:26,297 - INFO - Epoch 36/300
2026-01-28 17:16:40,951 - INFO - Epoch 36 平均损失: Total=0.6624, Intra=0.1270, Gen=0.5354
2026-01-28 17:16:40,951 - INFO - 当前学习率: 0.000250
2026-01-28 17:16:48,446 - INFO - Epoch 37/300
2026-01-28 17:21:01,741 - INFO - Epoch 37 平均损失: Total=0.6605, Intra=0.0970, Gen=0.5636
2026-01-28 17:21:01,741 - INFO - 当前学习率: 0.000250
2026-01-28 17:21:08,153 - INFO - Epoch 38/300
2026-01-28 17:25:22,229 - INFO - Epoch 38 平均损失: Total=0.5605, Intra=0.0654, Gen=0.4951
2026-01-28 17:25:22,230 - INFO - 当前学习率: 0.000250
2026-01-28 17:25:33,928 - INFO - 新的最优模型已保存，总损失: 0.5605
2026-01-28 17:25:33,928 - INFO - Epoch 39/300
2026-01-28 17:29:48,535 - INFO - Epoch 39 平均损失: Total=0.5404, Intra=0.0680, Gen=0.4725
2026-01-28 17:29:48,535 - INFO - 当前学习率: 0.000250
2026-01-28 17:30:00,491 - INFO - 新的最优模型已保存，总损失: 0.5404
2026-01-28 17:30:00,492 - INFO - Epoch 40/300
2026-01-28 17:34:16,206 - INFO - Epoch 40 平均损失: Total=0.5297, Intra=0.0712, Gen=0.4585
2026-01-28 17:34:16,207 - INFO - 当前学习率: 0.000250
2026-01-28 17:34:28,729 - INFO - 新的最优模型已保存，总损失: 0.5297
2026-01-28 17:34:28,730 - INFO - Epoch 41/300
2026-01-28 17:38:45,318 - INFO - Epoch 41 平均损失: Total=0.5444, Intra=0.0601, Gen=0.4843
2026-01-28 17:38:45,319 - INFO - 当前学习率: 0.000250
2026-01-28 17:38:52,623 - INFO - Epoch 42/300
2026-01-28 17:43:08,818 - INFO - Epoch 42 平均损失: Total=0.5468, Intra=0.0642, Gen=0.4826
2026-01-28 17:43:08,818 - INFO - 当前学习率: 0.000250
2026-01-28 17:43:14,305 - INFO - Epoch 43/300
2026-01-28 17:47:30,993 - INFO - Epoch 43 平均损失: Total=0.5706, Intra=0.0598, Gen=0.5108
2026-01-28 17:47:30,993 - INFO - 当前学习率: 0.000250
2026-01-28 17:47:36,578 - INFO - Epoch 44/300
2026-01-28 17:51:52,902 - INFO - Epoch 44 平均损失: Total=0.5856, Intra=0.0605, Gen=0.5251
2026-01-28 17:51:52,903 - INFO - 当前学习率: 0.000250
2026-01-28 17:52:01,382 - INFO - Epoch 45/300
2026-01-28 17:56:18,287 - INFO - Epoch 45 平均损失: Total=0.6563, Intra=0.1387, Gen=0.5176
2026-01-28 17:56:18,288 - INFO - 当前学习率: 0.000250
2026-01-28 17:56:23,552 - INFO - Epoch 46/300
2026-01-28 18:00:40,221 - INFO - Epoch 46 平均损失: Total=0.5538, Intra=0.0648, Gen=0.4890
2026-01-28 18:00:40,222 - INFO - 当前学习率: 0.000125
2026-01-28 18:00:45,942 - INFO - Epoch 47/300
2026-01-28 18:05:00,180 - INFO - Epoch 47 平均损失: Total=0.4866, Intra=0.0664, Gen=0.4202
2026-01-28 18:05:00,180 - INFO - 当前学习率: 0.000125
2026-01-28 18:05:11,837 - INFO - 新的最优模型已保存，总损失: 0.4866
2026-01-28 18:05:11,838 - INFO - Epoch 48/300
2026-01-28 18:09:26,489 - INFO - Epoch 48 平均损失: Total=0.4406, Intra=0.0538, Gen=0.3868
2026-01-28 18:09:26,489 - INFO - 当前学习率: 0.000125
2026-01-28 18:09:40,302 - INFO - 新的最优模型已保存，总损失: 0.4406
2026-01-28 18:09:40,302 - INFO - Epoch 49/300
2026-01-28 18:13:55,032 - INFO - Epoch 49 平均损失: Total=0.4421, Intra=0.0513, Gen=0.3908
2026-01-28 18:13:55,032 - INFO - 当前学习率: 0.000125
2026-01-28 18:14:01,416 - INFO - Epoch 50/300
2026-01-28 18:18:17,624 - INFO - Epoch 50 平均损失: Total=0.5264, Intra=0.1445, Gen=0.3819
2026-01-28 18:18:17,628 - INFO - 当前学习率: 0.000125
2026-01-28 18:18:23,396 - INFO - Epoch 51/300
2026-01-28 18:22:38,425 - INFO - Epoch 51 平均损失: Total=0.4580, Intra=0.0896, Gen=0.3684
2026-01-28 18:22:38,425 - INFO - 当前学习率: 0.000125
2026-01-28 18:22:44,282 - INFO - Epoch 52/300
2026-01-28 18:26:59,548 - INFO - Epoch 52 平均损失: Total=0.4474, Intra=0.0794, Gen=0.3680
2026-01-28 18:26:59,548 - INFO - 当前学习率: 0.000125
2026-01-28 18:27:06,611 - INFO - Epoch 53/300
2026-01-28 18:31:20,417 - INFO - Epoch 53 平均损失: Total=0.4570, Intra=0.1016, Gen=0.3554
2026-01-28 18:31:20,418 - INFO - 当前学习率: 0.000125
2026-01-28 18:31:27,443 - INFO - Epoch 54/300
2026-01-28 18:35:43,764 - INFO - Epoch 54 平均损失: Total=0.3911, Intra=0.0477, Gen=0.3434
2026-01-28 18:35:43,764 - INFO - 当前学习率: 0.000125
2026-01-28 18:35:58,871 - INFO - 新的最优模型已保存，总损失: 0.3911
2026-01-28 18:35:58,872 - INFO - Epoch 55/300
2026-01-28 18:40:12,876 - INFO - Epoch 55 平均损失: Total=0.3980, Intra=0.0620, Gen=0.3360
2026-01-28 18:40:12,877 - INFO - 当前学习率: 0.000125
2026-01-28 18:40:19,905 - INFO - Epoch 56/300
2026-01-28 18:44:34,857 - INFO - Epoch 56 平均损失: Total=0.3836, Intra=0.0497, Gen=0.3339
2026-01-28 18:44:34,858 - INFO - 当前学习率: 0.000125
2026-01-28 18:44:47,057 - INFO - 新的最优模型已保存，总损失: 0.3836
2026-01-28 18:44:47,057 - INFO - Epoch 57/300
2026-01-28 18:49:01,731 - INFO - Epoch 57 平均损失: Total=0.3760, Intra=0.0489, Gen=0.3271
2026-01-28 18:49:01,732 - INFO - 当前学习率: 0.000125
2026-01-28 18:49:13,476 - INFO - 新的最优模型已保存，总损失: 0.3760
2026-01-28 18:49:13,476 - INFO - Epoch 58/300
2026-01-28 18:53:28,524 - INFO - Epoch 58 平均损失: Total=0.3615, Intra=0.0486, Gen=0.3129
2026-01-28 18:53:28,535 - INFO - 当前学习率: 0.000125
2026-01-28 18:53:38,724 - INFO - 新的最优模型已保存，总损失: 0.3615
2026-01-28 18:53:38,724 - INFO - Epoch 59/300
2026-01-28 18:57:55,358 - INFO - Epoch 59 平均损失: Total=0.3755, Intra=0.0505, Gen=0.3250
2026-01-28 18:57:55,359 - INFO - 当前学习率: 0.000125
2026-01-28 18:58:02,259 - INFO - Epoch 60/300
2026-01-28 19:02:17,513 - INFO - Epoch 60 平均损失: Total=0.3637, Intra=0.0507, Gen=0.3130
2026-01-28 19:02:17,514 - INFO - 当前学习率: 0.000125
2026-01-28 19:02:22,940 - INFO - Epoch 61/300
2026-01-28 19:06:37,720 - INFO - Epoch 61 平均损失: Total=0.3574, Intra=0.0525, Gen=0.3050
2026-01-28 19:06:37,720 - INFO - 当前学习率: 0.000125
2026-01-28 19:06:50,947 - INFO - 新的最优模型已保存，总损失: 0.3574
2026-01-28 19:06:50,947 - INFO - Epoch 62/300
2026-01-28 19:11:05,661 - INFO - Epoch 62 平均损失: Total=0.4044, Intra=0.1129, Gen=0.2915
2026-01-28 19:11:05,662 - INFO - 当前学习率: 0.000125
2026-01-28 19:11:14,404 - INFO - Epoch 63/300
2026-01-28 19:15:28,452 - INFO - Epoch 63 平均损失: Total=0.3205, Intra=0.0477, Gen=0.2728
2026-01-28 19:15:28,453 - INFO - 当前学习率: 0.000125
2026-01-28 19:15:39,082 - INFO - 新的最优模型已保存，总损失: 0.3205
2026-01-28 19:15:39,082 - INFO - Epoch 64/300
2026-01-28 19:19:55,097 - INFO - Epoch 64 平均损失: Total=0.3341, Intra=0.0646, Gen=0.2695
2026-01-28 19:19:55,097 - INFO - 当前学习率: 0.000125
2026-01-28 19:20:01,292 - INFO - Epoch 65/300
2026-01-28 19:24:17,544 - INFO - Epoch 65 平均损失: Total=0.3389, Intra=0.0562, Gen=0.2827
2026-01-28 19:24:17,544 - INFO - 当前学习率: 0.000125
2026-01-28 19:24:24,216 - INFO - Epoch 66/300
2026-01-28 19:28:39,942 - INFO - Epoch 66 平均损失: Total=0.3220, Intra=0.0490, Gen=0.2730
2026-01-28 19:28:39,942 - INFO - 当前学习率: 0.000125
2026-01-28 19:28:46,522 - INFO - Epoch 67/300
2026-01-28 19:33:03,664 - INFO - Epoch 67 平均损失: Total=0.3143, Intra=0.0446, Gen=0.2696
2026-01-28 19:33:03,664 - INFO - 当前学习率: 0.000125
2026-01-28 19:33:20,406 - INFO - 新的最优模型已保存，总损失: 0.3143
2026-01-28 19:33:20,406 - INFO - Epoch 68/300
2026-01-28 19:37:34,278 - INFO - Epoch 68 平均损失: Total=0.3143, Intra=0.0498, Gen=0.2645
2026-01-28 19:37:34,278 - INFO - 当前学习率: 0.000125
2026-01-28 19:37:40,722 - INFO - Epoch 69/300
2026-01-28 19:41:55,403 - INFO - Epoch 69 平均损失: Total=0.3261, Intra=0.0536, Gen=0.2725
2026-01-28 19:41:55,403 - INFO - 当前学习率: 0.000125
2026-01-28 19:42:01,604 - INFO - Epoch 70/300
2026-01-28 19:46:15,932 - INFO - Epoch 70 平均损失: Total=0.3463, Intra=0.0769, Gen=0.2694
2026-01-28 19:46:15,933 - INFO - 当前学习率: 0.000125
2026-01-28 19:46:21,767 - INFO - Epoch 71/300
2026-01-28 19:50:36,351 - INFO - Epoch 71 平均损失: Total=0.3565, Intra=0.0585, Gen=0.2980
2026-01-28 19:50:36,351 - INFO - 当前学习率: 0.000125
2026-01-28 19:50:42,622 - INFO - Epoch 72/300
2026-01-28 19:54:59,685 - INFO - Epoch 72 平均损失: Total=0.3498, Intra=0.0582, Gen=0.2917
2026-01-28 19:54:59,686 - INFO - 当前学习率: 0.000125
2026-01-28 19:55:05,657 - INFO - Epoch 73/300
2026-01-28 19:59:21,836 - INFO - Epoch 73 平均损失: Total=0.3470, Intra=0.0665, Gen=0.2806
2026-01-28 19:59:21,836 - INFO - 当前学习率: 0.000063
2026-01-28 19:59:27,977 - INFO - Epoch 74/300
2026-01-28 20:03:44,479 - INFO - Epoch 74 平均损失: Total=0.3192, Intra=0.0535, Gen=0.2657
2026-01-28 20:03:44,480 - INFO - 当前学习率: 0.000063
2026-01-28 20:03:50,510 - INFO - Epoch 75/300
2026-01-28 20:08:04,771 - INFO - Epoch 75 平均损失: Total=0.2942, Intra=0.0446, Gen=0.2496
2026-01-28 20:08:04,771 - INFO - 当前学习率: 0.000063
2026-01-28 20:08:16,289 - INFO - 新的最优模型已保存，总损失: 0.2942
2026-01-28 20:08:16,289 - INFO - Epoch 76/300
2026-01-28 20:12:31,421 - INFO - Epoch 76 平均损失: Total=0.2871, Intra=0.0425, Gen=0.2446
2026-01-28 20:12:31,422 - INFO - 当前学习率: 0.000063
2026-01-28 20:12:45,293 - INFO - 新的最优模型已保存，总损失: 0.2871
2026-01-28 20:12:45,293 - INFO - Epoch 77/300
2026-01-28 20:16:59,378 - INFO - Epoch 77 平均损失: Total=0.2831, Intra=0.0412, Gen=0.2419
2026-01-28 20:16:59,378 - INFO - 当前学习率: 0.000063
2026-01-28 20:17:13,488 - INFO - 新的最优模型已保存，总损失: 0.2831
2026-01-28 20:17:13,488 - INFO - Epoch 78/300
2026-01-28 20:21:27,949 - INFO - Epoch 78 平均损失: Total=0.2782, Intra=0.0438, Gen=0.2344
2026-01-28 20:21:27,949 - INFO - 当前学习率: 0.000063
2026-01-28 20:21:40,322 - INFO - 新的最优模型已保存，总损失: 0.2782
2026-01-28 20:21:40,323 - INFO - Epoch 79/300
2026-01-28 20:25:56,188 - INFO - Epoch 79 平均损失: Total=0.2630, Intra=0.0384, Gen=0.2246
2026-01-28 20:25:56,188 - INFO - 当前学习率: 0.000063
2026-01-28 20:26:13,282 - INFO - 新的最优模型已保存，总损失: 0.2630
2026-01-28 20:26:13,282 - INFO - Epoch 80/300
2026-01-28 20:30:27,132 - INFO - Epoch 80 平均损失: Total=0.2630, Intra=0.0411, Gen=0.2219
2026-01-28 20:30:27,132 - INFO - 当前学习率: 0.000063
2026-01-28 20:30:32,360 - INFO - Epoch 81/300
2026-01-28 20:34:46,358 - INFO - Epoch 81 平均损失: Total=0.2615, Intra=0.0402, Gen=0.2212
2026-01-28 20:34:46,358 - INFO - 当前学习率: 0.000063
2026-01-28 20:34:59,098 - INFO - 新的最优模型已保存，总损失: 0.2615
2026-01-28 20:34:59,099 - INFO - Epoch 82/300
2026-01-28 20:39:12,492 - INFO - Epoch 82 平均损失: Total=0.2626, Intra=0.0434, Gen=0.2191
2026-01-28 20:39:12,492 - INFO - 当前学习率: 0.000063
2026-01-28 20:39:18,697 - INFO - Epoch 83/300
2026-01-28 20:43:31,512 - INFO - Epoch 83 平均损失: Total=0.2594, Intra=0.0441, Gen=0.2153
2026-01-28 20:43:31,512 - INFO - 当前学习率: 0.000063
2026-01-28 20:43:43,551 - INFO - 新的最优模型已保存，总损失: 0.2594
2026-01-28 20:43:43,551 - INFO - Epoch 84/300
2026-01-28 20:47:58,674 - INFO - Epoch 84 平均损失: Total=0.2529, Intra=0.0436, Gen=0.2093
2026-01-28 20:47:58,674 - INFO - 当前学习率: 0.000063
2026-01-28 20:48:11,401 - INFO - 新的最优模型已保存，总损失: 0.2529
2026-01-28 20:48:11,401 - INFO - Epoch 85/300
2026-01-28 20:52:29,741 - INFO - Epoch 85 平均损失: Total=0.2395, Intra=0.0382, Gen=0.2013
2026-01-28 20:52:29,741 - INFO - 当前学习率: 0.000063
2026-01-28 20:52:42,249 - INFO - 新的最优模型已保存，总损失: 0.2395
2026-01-28 20:52:42,250 - INFO - Epoch 86/300
2026-01-28 20:57:00,465 - INFO - Epoch 86 平均损失: Total=0.2409, Intra=0.0437, Gen=0.1972
2026-01-28 20:57:00,465 - INFO - 当前学习率: 0.000063
2026-01-28 20:57:08,764 - INFO - Epoch 87/300
2026-01-28 21:01:29,102 - INFO - Epoch 87 平均损失: Total=0.2350, Intra=0.0423, Gen=0.1927
2026-01-28 21:01:29,102 - INFO - 当前学习率: 0.000063
2026-01-28 21:01:46,057 - INFO - 新的最优模型已保存，总损失: 0.2350
2026-01-28 21:01:46,057 - INFO - Epoch 88/300
2026-01-28 21:06:04,799 - INFO - Epoch 88 平均损失: Total=0.2316, Intra=0.0386, Gen=0.1930
2026-01-28 21:06:04,799 - INFO - 当前学习率: 0.000063
2026-01-28 21:06:16,030 - INFO - 新的最优模型已保存，总损失: 0.2316
2026-01-28 21:06:16,030 - INFO - Epoch 89/300
2026-01-28 21:10:35,248 - INFO - Epoch 89 平均损失: Total=0.2294, Intra=0.0384, Gen=0.1910
2026-01-28 21:10:35,248 - INFO - 当前学习率: 0.000063
2026-01-28 21:10:49,695 - INFO - 新的最优模型已保存，总损失: 0.2294
2026-01-28 21:10:49,695 - INFO - Epoch 90/300
2026-01-28 21:15:08,370 - INFO - Epoch 90 平均损失: Total=0.2286, Intra=0.0388, Gen=0.1898
2026-01-28 21:15:08,370 - INFO - 当前学习率: 0.000063
2026-01-28 21:15:25,572 - INFO - 新的最优模型已保存，总损失: 0.2286
2026-01-28 21:15:25,572 - INFO - Epoch 91/300
2026-01-28 21:19:43,887 - INFO - Epoch 91 平均损失: Total=0.2274, Intra=0.0421, Gen=0.1853
2026-01-28 21:19:43,887 - INFO - 当前学习率: 0.000063
2026-01-28 21:19:57,630 - INFO - 新的最优模型已保存，总损失: 0.2274
2026-01-28 21:19:57,630 - INFO - Epoch 92/300
2026-01-28 21:24:17,175 - INFO - Epoch 92 平均损失: Total=0.2236, Intra=0.0414, Gen=0.1822
2026-01-28 21:24:17,176 - INFO - 当前学习率: 0.000063
2026-01-28 21:24:32,676 - INFO - 新的最优模型已保存，总损失: 0.2236
2026-01-28 21:24:32,676 - INFO - Epoch 93/300
2026-01-28 21:28:52,386 - INFO - Epoch 93 平均损失: Total=0.2282, Intra=0.0464, Gen=0.1818
2026-01-28 21:28:52,387 - INFO - 当前学习率: 0.000063
2026-01-28 21:28:57,800 - INFO - Epoch 94/300
2026-01-28 21:33:16,365 - INFO - Epoch 94 平均损失: Total=0.2171, Intra=0.0385, Gen=0.1786
2026-01-28 21:33:16,366 - INFO - 当前学习率: 0.000063
2026-01-28 21:33:30,275 - INFO - 新的最优模型已保存，总损失: 0.2171
2026-01-28 21:33:30,275 - INFO - Epoch 95/300
2026-01-28 21:37:48,257 - INFO - Epoch 95 平均损失: Total=0.2227, Intra=0.0413, Gen=0.1814
2026-01-28 21:37:48,258 - INFO - 当前学习率: 0.000063
2026-01-28 21:37:53,864 - INFO - Epoch 96/300
2026-01-28 21:42:10,047 - INFO - Epoch 96 平均损失: Total=0.2228, Intra=0.0405, Gen=0.1823
2026-01-28 21:42:10,047 - INFO - 当前学习率: 0.000063
2026-01-28 21:42:16,936 - INFO - Epoch 97/300
2026-01-28 21:46:32,759 - INFO - Epoch 97 平均损失: Total=0.2229, Intra=0.0430, Gen=0.1798
2026-01-28 21:46:32,759 - INFO - 当前学习率: 0.000063
2026-01-28 21:46:38,444 - INFO - Epoch 98/300
2026-01-28 21:50:55,339 - INFO - Epoch 98 平均损失: Total=0.2173, Intra=0.0387, Gen=0.1786
2026-01-28 21:50:55,339 - INFO - 当前学习率: 0.000063
2026-01-28 21:51:00,260 - INFO - Epoch 99/300
2026-01-28 21:55:18,908 - INFO - Epoch 99 平均损失: Total=0.2330, Intra=0.0569, Gen=0.1760
2026-01-28 21:55:18,909 - INFO - 当前学习率: 0.000063
2026-01-28 21:55:25,162 - INFO - Epoch 100/300
2026-01-28 21:59:44,267 - INFO - Epoch 100 平均损失: Total=0.2158, Intra=0.0404, Gen=0.1754
2026-01-28 21:59:44,267 - INFO - 当前学习率: 0.000063
2026-01-28 21:59:56,891 - INFO - 新的最优模型已保存，总损失: 0.2158
2026-01-28 21:59:56,891 - INFO - Epoch 101/300
2026-01-28 22:04:16,847 - INFO - Epoch 101 平均损失: Total=0.2107, Intra=0.0378, Gen=0.1728
2026-01-28 22:04:16,848 - INFO - 当前学习率: 0.000063
2026-01-28 22:04:30,730 - INFO - 新的最优模型已保存，总损失: 0.2107
2026-01-28 22:04:30,731 - INFO - Epoch 102/300
2026-01-28 22:08:49,403 - INFO - Epoch 102 平均损失: Total=0.2137, Intra=0.0391, Gen=0.1746
2026-01-28 22:08:49,403 - INFO - 当前学习率: 0.000063
2026-01-28 22:08:56,132 - INFO - Epoch 103/300
2026-01-28 22:13:16,058 - INFO - Epoch 103 平均损失: Total=0.2174, Intra=0.0389, Gen=0.1785
2026-01-28 22:13:16,058 - INFO - 当前学习率: 0.000063
2026-01-28 22:13:21,831 - INFO - Epoch 104/300
2026-01-28 22:17:41,539 - INFO - Epoch 104 平均损失: Total=0.2170, Intra=0.0366, Gen=0.1804
2026-01-28 22:17:41,539 - INFO - 当前学习率: 0.000063
2026-01-28 22:17:48,154 - INFO - Epoch 105/300
2026-01-28 22:22:02,774 - INFO - Epoch 105 平均损失: Total=0.2211, Intra=0.0408, Gen=0.1803
2026-01-28 22:22:02,774 - INFO - 当前学习率: 0.000063
2026-01-28 22:22:08,418 - INFO - Epoch 106/300
2026-01-28 22:26:22,244 - INFO - Epoch 106 平均损失: Total=0.2148, Intra=0.0369, Gen=0.1779
2026-01-28 22:26:22,245 - INFO - 当前学习率: 0.000063
2026-01-28 22:26:28,672 - INFO - Epoch 107/300
2026-01-28 22:30:42,969 - INFO - Epoch 107 平均损失: Total=0.2161, Intra=0.0397, Gen=0.1764
2026-01-28 22:30:42,970 - INFO - 当前学习率: 0.000031
2026-01-28 22:30:49,877 - INFO - Epoch 108/300
2026-01-28 22:35:06,086 - INFO - Epoch 108 平均损失: Total=0.2092, Intra=0.0363, Gen=0.1729
2026-01-28 22:35:06,086 - INFO - 当前学习率: 0.000031
2026-01-28 22:35:22,108 - INFO - 新的最优模型已保存，总损失: 0.2092
2026-01-28 22:35:22,108 - INFO - Epoch 109/300
2026-01-28 22:39:37,444 - INFO - Epoch 109 平均损失: Total=0.2092, Intra=0.0383, Gen=0.1709
2026-01-28 22:39:37,445 - INFO - 当前学习率: 0.000031
2026-01-28 22:39:42,339 - INFO - Epoch 110/300
2026-01-28 22:43:57,536 - INFO - Epoch 110 平均损失: Total=0.2072, Intra=0.0374, Gen=0.1698
2026-01-28 22:43:57,536 - INFO - 当前学习率: 0.000031
2026-01-28 22:44:09,327 - INFO - 新的最优模型已保存，总损失: 0.2072
2026-01-28 22:44:09,327 - INFO - Epoch 111/300
2026-01-28 22:48:24,385 - INFO - Epoch 111 平均损失: Total=0.2158, Intra=0.0463, Gen=0.1695
2026-01-28 22:48:24,385 - INFO - 当前学习率: 0.000031
2026-01-28 22:48:31,476 - INFO - Epoch 112/300
2026-01-28 22:52:46,994 - INFO - Epoch 112 平均损失: Total=0.2047, Intra=0.0374, Gen=0.1673
2026-01-28 22:52:46,994 - INFO - 当前学习率: 0.000031
2026-01-28 22:52:58,582 - INFO - 新的最优模型已保存，总损失: 0.2047
2026-01-28 22:52:58,582 - INFO - Epoch 113/300
2026-01-28 22:57:13,589 - INFO - Epoch 113 平均损失: Total=0.2029, Intra=0.0365, Gen=0.1664
2026-01-28 22:57:13,589 - INFO - 当前学习率: 0.000031
2026-01-28 22:57:26,195 - INFO - 新的最优模型已保存，总损失: 0.2029
2026-01-28 22:57:26,195 - INFO - Epoch 114/300
2026-01-28 23:01:43,231 - INFO - Epoch 114 平均损失: Total=0.2017, Intra=0.0371, Gen=0.1645
2026-01-28 23:01:43,231 - INFO - 当前学习率: 0.000031
2026-01-28 23:01:59,658 - INFO - 新的最优模型已保存，总损失: 0.2017
2026-01-28 23:01:59,658 - INFO - Epoch 115/300
2026-01-28 23:06:11,473 - INFO - Epoch 115 平均损失: Total=0.1968, Intra=0.0360, Gen=0.1608
2026-01-28 23:06:11,473 - INFO - 当前学习率: 0.000031
2026-01-28 23:06:24,870 - INFO - 新的最优模型已保存，总损失: 0.1968
2026-01-28 23:06:24,870 - INFO - Epoch 116/300
2026-01-28 23:10:46,041 - INFO - Epoch 116 平均损失: Total=0.1943, Intra=0.0370, Gen=0.1573
2026-01-28 23:10:46,042 - INFO - 当前学习率: 0.000031
2026-01-28 23:11:05,358 - INFO - 新的最优模型已保存，总损失: 0.1943
2026-01-28 23:11:05,358 - INFO - Epoch 117/300
2026-01-28 23:15:21,024 - INFO - Epoch 117 平均损失: Total=0.2096, Intra=0.0533, Gen=0.1563
2026-01-28 23:15:21,024 - INFO - 当前学习率: 0.000031
2026-01-28 23:15:29,927 - INFO - Epoch 118/300
2026-01-28 23:19:42,669 - INFO - Epoch 118 平均损失: Total=0.1995, Intra=0.0434, Gen=0.1561
2026-01-28 23:19:42,669 - INFO - 当前学习率: 0.000031
2026-01-28 23:19:49,495 - INFO - Epoch 119/300
2026-01-28 23:24:03,667 - INFO - Epoch 119 平均损失: Total=0.1923, Intra=0.0375, Gen=0.1548
2026-01-28 23:24:03,667 - INFO - 当前学习率: 0.000031
2026-01-28 23:24:16,669 - INFO - 新的最优模型已保存，总损失: 0.1923
2026-01-28 23:24:16,669 - INFO - Epoch 120/300
2026-01-28 23:28:31,446 - INFO - Epoch 120 平均损失: Total=0.1910, Intra=0.0374, Gen=0.1537
2026-01-28 23:28:31,446 - INFO - 当前学习率: 0.000031
2026-01-28 23:28:49,063 - INFO - 新的最优模型已保存，总损失: 0.1910
2026-01-28 23:28:49,063 - INFO - Epoch 121/300
2026-01-28 23:33:01,624 - INFO - Epoch 121 平均损失: Total=0.1874, Intra=0.0359, Gen=0.1515
2026-01-28 23:33:01,625 - INFO - 当前学习率: 0.000031
2026-01-28 23:33:15,746 - INFO - 新的最优模型已保存，总损失: 0.1874
2026-01-28 23:33:15,746 - INFO - Epoch 122/300
2026-01-28 23:37:29,738 - INFO - Epoch 122 平均损失: Total=0.1858, Intra=0.0357, Gen=0.1501
2026-01-28 23:37:29,739 - INFO - 当前学习率: 0.000031
2026-01-28 23:37:44,234 - INFO - 新的最优模型已保存，总损失: 0.1858
2026-01-28 23:37:44,234 - INFO - Epoch 123/300
2026-01-28 23:41:58,025 - INFO - Epoch 123 平均损失: Total=0.1858, Intra=0.0370, Gen=0.1488
2026-01-28 23:41:58,026 - INFO - 当前学习率: 0.000031
2026-01-28 23:42:10,439 - INFO - 新的最优模型已保存，总损失: 0.1858
2026-01-28 23:42:10,440 - INFO - Epoch 124/300
2026-01-28 23:46:25,321 - INFO - Epoch 124 平均损失: Total=0.1884, Intra=0.0397, Gen=0.1486
2026-01-28 23:46:25,321 - INFO - 当前学习率: 0.000031
2026-01-28 23:46:32,361 - INFO - Epoch 125/300
2026-01-28 23:50:48,369 - INFO - Epoch 125 平均损失: Total=0.1830, Intra=0.0349, Gen=0.1481
2026-01-28 23:50:48,369 - INFO - 当前学习率: 0.000031
2026-01-28 23:51:01,990 - INFO - 新的最优模型已保存，总损失: 0.1830
2026-01-28 23:51:01,991 - INFO - Epoch 126/300
2026-01-28 23:55:15,407 - INFO - Epoch 126 平均损失: Total=0.1849, Intra=0.0369, Gen=0.1480
2026-01-28 23:55:15,407 - INFO - 当前学习率: 0.000031
2026-01-28 23:55:20,634 - INFO - Epoch 127/300
2026-01-28 23:59:34,655 - INFO - Epoch 127 平均损失: Total=0.1802, Intra=0.0342, Gen=0.1461
2026-01-28 23:59:34,655 - INFO - 当前学习率: 0.000031
2026-01-28 23:59:51,462 - INFO - 新的最优模型已保存，总损失: 0.1802
2026-01-28 23:59:51,462 - INFO - Epoch 128/300
2026-01-29 00:04:06,070 - INFO - Epoch 128 平均损失: Total=0.1876, Intra=0.0412, Gen=0.1464
2026-01-29 00:04:06,070 - INFO - 当前学习率: 0.000031
2026-01-29 00:04:12,264 - INFO - Epoch 129/300
2026-01-29 00:08:27,726 - INFO - Epoch 129 平均损失: Total=0.1828, Intra=0.0381, Gen=0.1447
2026-01-29 00:08:27,726 - INFO - 当前学习率: 0.000031
2026-01-29 00:08:34,569 - INFO - Epoch 130/300
2026-01-29 00:12:49,831 - INFO - Epoch 130 平均损失: Total=0.1833, Intra=0.0396, Gen=0.1437
2026-01-29 00:12:49,831 - INFO - 当前学习率: 0.000031
2026-01-29 00:12:56,052 - INFO - Epoch 131/300
2026-01-29 00:17:11,209 - INFO - Epoch 131 平均损失: Total=0.1772, Intra=0.0354, Gen=0.1418
2026-01-29 00:17:11,210 - INFO - 当前学习率: 0.000031
2026-01-29 00:17:22,245 - INFO - 新的最优模型已保存，总损失: 0.1772
2026-01-29 00:17:22,245 - INFO - Epoch 132/300
2026-01-29 00:21:35,550 - INFO - Epoch 132 平均损失: Total=0.1759, Intra=0.0337, Gen=0.1422
2026-01-29 00:21:35,550 - INFO - 当前学习率: 0.000031
2026-01-29 00:21:47,528 - INFO - 新的最优模型已保存，总损失: 0.1759
2026-01-29 00:21:47,528 - INFO - Epoch 133/300
2026-01-29 00:26:00,977 - INFO - Epoch 133 平均损失: Total=0.1776, Intra=0.0352, Gen=0.1425
2026-01-29 00:26:00,977 - INFO - 当前学习率: 0.000031
2026-01-29 00:26:06,764 - INFO - Epoch 134/300
2026-01-29 00:30:19,957 - INFO - Epoch 134 平均损失: Total=0.1797, Intra=0.0365, Gen=0.1432
2026-01-29 00:30:19,957 - INFO - 当前学习率: 0.000031
2026-01-29 00:30:25,997 - INFO - Epoch 135/300
2026-01-29 00:34:39,875 - INFO - Epoch 135 平均损失: Total=0.1748, Intra=0.0321, Gen=0.1427
2026-01-29 00:34:39,875 - INFO - 当前学习率: 0.000031
2026-01-29 00:34:54,003 - INFO - 新的最优模型已保存，总损失: 0.1748
2026-01-29 00:34:54,003 - INFO - Epoch 136/300
2026-01-29 00:39:08,232 - INFO - Epoch 136 平均损失: Total=0.1793, Intra=0.0350, Gen=0.1443
2026-01-29 00:39:08,232 - INFO - 当前学习率: 0.000031
2026-01-29 00:39:14,620 - INFO - Epoch 137/300
2026-01-29 00:43:27,791 - INFO - Epoch 137 平均损失: Total=0.1789, Intra=0.0356, Gen=0.1433
2026-01-29 00:43:27,792 - INFO - 当前学习率: 0.000031
2026-01-29 00:43:32,917 - INFO - Epoch 138/300
2026-01-29 00:47:47,822 - INFO - Epoch 138 平均损失: Total=0.1796, Intra=0.0374, Gen=0.1422
2026-01-29 00:47:47,822 - INFO - 当前学习率: 0.000031
2026-01-29 00:47:55,811 - INFO - Epoch 139/300
2026-01-29 00:52:09,974 - INFO - Epoch 139 平均损失: Total=0.1768, Intra=0.0356, Gen=0.1412
2026-01-29 00:52:09,974 - INFO - 当前学习率: 0.000031
2026-01-29 00:52:17,547 - INFO - Epoch 140/300
2026-01-29 00:56:31,291 - INFO - Epoch 140 平均损失: Total=0.1761, Intra=0.0347, Gen=0.1414
2026-01-29 00:56:31,291 - INFO - 当前学习率: 0.000031
2026-01-29 00:56:38,182 - INFO - Epoch 141/300
2026-01-29 01:00:52,579 - INFO - Epoch 141 平均损失: Total=0.1725, Intra=0.0328, Gen=0.1397
2026-01-29 01:00:52,579 - INFO - 当前学习率: 0.000031
2026-01-29 01:01:06,793 - INFO - 新的最优模型已保存，总损失: 0.1725
2026-01-29 01:01:06,794 - INFO - Epoch 142/300
2026-01-29 01:05:21,034 - INFO - Epoch 142 平均损失: Total=0.1816, Intra=0.0419, Gen=0.1397
2026-01-29 01:05:21,035 - INFO - 当前学习率: 0.000031
2026-01-29 01:05:26,288 - INFO - Epoch 143/300
2026-01-29 01:09:40,111 - INFO - Epoch 143 平均损失: Total=0.1723, Intra=0.0331, Gen=0.1392
2026-01-29 01:09:40,112 - INFO - 当前学习率: 0.000031
2026-01-29 01:10:00,343 - INFO - 新的最优模型已保存，总损失: 0.1723
2026-01-29 01:10:00,343 - INFO - Epoch 144/300
2026-01-29 01:14:14,141 - INFO - Epoch 144 平均损失: Total=0.1741, Intra=0.0350, Gen=0.1391
2026-01-29 01:14:14,141 - INFO - 当前学习率: 0.000031
2026-01-29 01:14:21,098 - INFO - Epoch 145/300
2026-01-29 01:18:34,688 - INFO - Epoch 145 平均损失: Total=0.1722, Intra=0.0344, Gen=0.1378
2026-01-29 01:18:34,688 - INFO - 当前学习率: 0.000031
2026-01-29 01:18:47,871 - INFO - 新的最优模型已保存，总损失: 0.1722
2026-01-29 01:18:47,872 - INFO - Epoch 146/300
2026-01-29 01:23:02,352 - INFO - Epoch 146 平均损失: Total=0.1734, Intra=0.0366, Gen=0.1369
2026-01-29 01:23:02,353 - INFO - 当前学习率: 0.000031
2026-01-29 01:23:09,056 - INFO - Epoch 147/300
2026-01-29 01:27:22,886 - INFO - Epoch 147 平均损失: Total=0.1691, Intra=0.0338, Gen=0.1353
2026-01-29 01:27:22,886 - INFO - 当前学习率: 0.000031
2026-01-29 01:27:36,767 - INFO - 新的最优模型已保存，总损失: 0.1691
2026-01-29 01:27:36,767 - INFO - Epoch 148/300
2026-01-29 01:31:49,964 - INFO - Epoch 148 平均损失: Total=0.1737, Intra=0.0367, Gen=0.1371
2026-01-29 01:31:49,965 - INFO - 当前学习率: 0.000031
2026-01-29 01:31:55,727 - INFO - Epoch 149/300
2026-01-29 01:36:08,668 - INFO - Epoch 149 平均损失: Total=0.1726, Intra=0.0367, Gen=0.1359
2026-01-29 01:36:08,668 - INFO - 当前学习率: 0.000031
2026-01-29 01:36:15,399 - INFO - Epoch 150/300
2026-01-29 01:40:31,742 - INFO - Epoch 150 平均损失: Total=0.1739, Intra=0.0378, Gen=0.1361
2026-01-29 01:40:31,742 - INFO - 当前学习率: 0.000031
2026-01-29 01:40:39,099 - INFO - Epoch 151/300
2026-01-29 01:44:52,523 - INFO - Epoch 151 平均损失: Total=0.1741, Intra=0.0389, Gen=0.1352
2026-01-29 01:44:52,524 - INFO - 当前学习率: 0.000031
2026-01-29 01:44:58,834 - INFO - Epoch 152/300
2026-01-29 01:49:12,560 - INFO - Epoch 152 平均损失: Total=0.1716, Intra=0.0357, Gen=0.1359
2026-01-29 01:49:12,560 - INFO - 当前学习率: 0.000031
2026-01-29 01:49:18,444 - INFO - Epoch 153/300
2026-01-29 01:53:31,665 - INFO - Epoch 153 平均损失: Total=0.1678, Intra=0.0329, Gen=0.1349
2026-01-29 01:53:31,665 - INFO - 当前学习率: 0.000031
2026-01-29 01:53:45,060 - INFO - 新的最优模型已保存，总损失: 0.1678
2026-01-29 01:53:45,061 - INFO - Epoch 154/300
2026-01-29 01:57:58,919 - INFO - Epoch 154 平均损失: Total=0.1692, Intra=0.0336, Gen=0.1357
2026-01-29 01:57:58,919 - INFO - 当前学习率: 0.000031
2026-01-29 01:58:07,907 - INFO - Epoch 155/300
2026-01-29 02:02:20,300 - INFO - Epoch 155 平均损失: Total=0.1701, Intra=0.0339, Gen=0.1362
2026-01-29 02:02:20,300 - INFO - 当前学习率: 0.000031
2026-01-29 02:02:27,540 - INFO - Epoch 156/300
2026-01-29 02:06:41,958 - INFO - Epoch 156 平均损失: Total=0.1696, Intra=0.0326, Gen=0.1370
2026-01-29 02:06:41,958 - INFO - 当前学习率: 0.000031
2026-01-29 02:06:47,931 - INFO - Epoch 157/300
2026-01-29 02:11:01,922 - INFO - Epoch 157 平均损失: Total=0.1702, Intra=0.0347, Gen=0.1355
2026-01-29 02:11:01,922 - INFO - 当前学习率: 0.000031
2026-01-29 02:11:10,812 - INFO - Epoch 158/300
2026-01-29 02:15:24,783 - INFO - Epoch 158 平均损失: Total=0.1696, Intra=0.0352, Gen=0.1344
2026-01-29 02:15:24,784 - INFO - 当前学习率: 0.000031
2026-01-29 02:15:32,723 - INFO - Epoch 159/300
2026-01-29 02:19:46,553 - INFO - Epoch 159 平均损失: Total=0.1662, Intra=0.0332, Gen=0.1330
2026-01-29 02:19:46,553 - INFO - 当前学习率: 0.000031
2026-01-29 02:20:01,841 - INFO - 新的最优模型已保存，总损失: 0.1662
2026-01-29 02:20:01,841 - INFO - Epoch 160/300
2026-01-29 02:24:16,055 - INFO - Epoch 160 平均损失: Total=0.1653, Intra=0.0327, Gen=0.1326
2026-01-29 02:24:16,055 - INFO - 当前学习率: 0.000031
2026-01-29 02:24:29,151 - INFO - 新的最优模型已保存，总损失: 0.1653
2026-01-29 02:24:29,152 - INFO - Epoch 161/300
2026-01-29 02:28:43,138 - INFO - Epoch 161 平均损失: Total=0.1651, Intra=0.0347, Gen=0.1304
2026-01-29 02:28:43,139 - INFO - 当前学习率: 0.000031
2026-01-29 02:28:57,170 - INFO - 新的最优模型已保存，总损失: 0.1651
2026-01-29 02:28:57,170 - INFO - Epoch 162/300
2026-01-29 02:33:11,957 - INFO - Epoch 162 平均损失: Total=0.1668, Intra=0.0351, Gen=0.1318
2026-01-29 02:33:11,958 - INFO - 当前学习率: 0.000031
2026-01-29 02:33:17,948 - INFO - Epoch 163/300
2026-01-29 02:37:31,701 - INFO - Epoch 163 平均损失: Total=0.1659, Intra=0.0344, Gen=0.1315
2026-01-29 02:37:31,701 - INFO - 当前学习率: 0.000031
2026-01-29 02:37:38,662 - INFO - Epoch 164/300
2026-01-29 02:41:54,296 - INFO - Epoch 164 平均损失: Total=0.1641, Intra=0.0325, Gen=0.1316
2026-01-29 02:41:54,301 - INFO - 当前学习率: 0.000031
2026-01-29 02:42:09,139 - INFO - 新的最优模型已保存，总损失: 0.1641
2026-01-29 02:42:09,139 - INFO - Epoch 165/300
2026-01-29 02:46:22,667 - INFO - Epoch 165 平均损失: Total=0.1651, Intra=0.0344, Gen=0.1306
2026-01-29 02:46:22,667 - INFO - 当前学习率: 0.000031
2026-01-29 02:46:29,998 - INFO - Epoch 166/300
2026-01-29 02:50:43,483 - INFO - Epoch 166 平均损失: Total=0.1684, Intra=0.0372, Gen=0.1312
2026-01-29 02:50:43,483 - INFO - 当前学习率: 0.000031
2026-01-29 02:50:51,287 - INFO - Epoch 167/300
2026-01-29 02:55:04,355 - INFO - Epoch 167 平均损失: Total=0.1745, Intra=0.0423, Gen=0.1322
2026-01-29 02:55:04,355 - INFO - 当前学习率: 0.000031
2026-01-29 02:55:12,795 - INFO - Epoch 168/300
2026-01-29 02:59:27,850 - INFO - Epoch 168 平均损失: Total=0.1668, Intra=0.0348, Gen=0.1320
2026-01-29 02:59:27,850 - INFO - 当前学习率: 0.000031
2026-01-29 02:59:34,966 - INFO - Epoch 169/300
2026-01-29 03:03:48,836 - INFO - Epoch 169 平均损失: Total=0.1678, Intra=0.0358, Gen=0.1320
2026-01-29 03:03:48,837 - INFO - 当前学习率: 0.000031
2026-01-29 03:03:56,229 - INFO - Epoch 170/300
2026-01-29 03:08:09,948 - INFO - Epoch 170 平均损失: Total=0.1676, Intra=0.0352, Gen=0.1324
2026-01-29 03:08:09,949 - INFO - 当前学习率: 0.000016
2026-01-29 03:08:20,985 - INFO - Epoch 171/300
2026-01-29 03:12:35,087 - INFO - Epoch 171 平均损失: Total=0.1687, Intra=0.0368, Gen=0.1319
2026-01-29 03:12:35,087 - INFO - 当前学习率: 0.000016
2026-01-29 03:12:41,370 - INFO - Epoch 172/300
2026-01-29 03:16:54,301 - INFO - Epoch 172 平均损失: Total=0.1643, Intra=0.0336, Gen=0.1307
2026-01-29 03:16:54,301 - INFO - 当前学习率: 0.000016
2026-01-29 03:17:01,566 - INFO - Epoch 173/300
2026-01-29 03:21:15,733 - INFO - Epoch 173 平均损失: Total=0.1663, Intra=0.0349, Gen=0.1314
2026-01-29 03:21:15,733 - INFO - 当前学习率: 0.000016
2026-01-29 03:21:22,637 - INFO - Epoch 174/300
2026-01-29 03:25:35,798 - INFO - Epoch 174 平均损失: Total=0.1622, Intra=0.0318, Gen=0.1304
2026-01-29 03:25:35,798 - INFO - 当前学习率: 0.000016
2026-01-29 03:25:51,001 - INFO - 新的最优模型已保存，总损失: 0.1622
2026-01-29 03:25:51,001 - INFO - Epoch 175/300
2026-01-29 03:30:04,528 - INFO - Epoch 175 平均损失: Total=0.1640, Intra=0.0342, Gen=0.1298
2026-01-29 03:30:04,528 - INFO - 当前学习率: 0.000016
2026-01-29 03:30:10,777 - INFO - Epoch 176/300
2026-01-29 03:34:24,145 - INFO - Epoch 176 平均损失: Total=0.1654, Intra=0.0363, Gen=0.1291
2026-01-29 03:34:24,146 - INFO - 当前学习率: 0.000016
2026-01-29 03:34:31,319 - INFO - Epoch 177/300
2026-01-29 03:38:46,479 - INFO - Epoch 177 平均损失: Total=0.1636, Intra=0.0347, Gen=0.1289
2026-01-29 03:38:46,479 - INFO - 当前学习率: 0.000016
2026-01-29 03:38:54,146 - INFO - Epoch 178/300
2026-01-29 03:43:08,581 - INFO - Epoch 178 平均损失: Total=0.1610, Intra=0.0332, Gen=0.1278
2026-01-29 03:43:08,582 - INFO - 当前学习率: 0.000016
2026-01-29 03:43:22,127 - INFO - 新的最优模型已保存，总损失: 0.1610
2026-01-29 03:43:22,127 - INFO - Epoch 179/300
2026-01-29 03:47:36,392 - INFO - Epoch 179 平均损失: Total=0.1611, Intra=0.0343, Gen=0.1268
2026-01-29 03:47:36,392 - INFO - 当前学习率: 0.000016
2026-01-29 03:47:42,964 - INFO - Epoch 180/300
2026-01-29 03:51:56,728 - INFO - Epoch 180 平均损失: Total=0.1632, Intra=0.0368, Gen=0.1264
2026-01-29 03:51:56,728 - INFO - 当前学习率: 0.000016
2026-01-29 03:52:05,476 - INFO - Epoch 181/300
2026-01-29 03:56:19,602 - INFO - Epoch 181 平均损失: Total=0.1608, Intra=0.0360, Gen=0.1248
2026-01-29 03:56:19,602 - INFO - 当前学习率: 0.000016
2026-01-29 03:56:33,069 - INFO - 新的最优模型已保存，总损失: 0.1608
2026-01-29 03:56:33,070 - INFO - Epoch 182/300
2026-01-29 04:00:46,845 - INFO - Epoch 182 平均损失: Total=0.1568, Intra=0.0321, Gen=0.1247
2026-01-29 04:00:46,845 - INFO - 当前学习率: 0.000016
2026-01-29 04:01:00,165 - INFO - 新的最优模型已保存，总损失: 0.1568
2026-01-29 04:01:00,165 - INFO - Epoch 183/300
2026-01-29 04:05:14,705 - INFO - Epoch 183 平均损失: Total=0.1605, Intra=0.0364, Gen=0.1241
2026-01-29 04:05:14,706 - INFO - 当前学习率: 0.000016
2026-01-29 04:05:21,828 - INFO - Epoch 184/300
2026-01-29 04:09:35,775 - INFO - Epoch 184 平均损失: Total=0.1602, Intra=0.0365, Gen=0.1237
2026-01-29 04:09:35,776 - INFO - 当前学习率: 0.000016
2026-01-29 04:09:42,053 - INFO - Epoch 185/300
2026-01-29 04:13:56,413 - INFO - Epoch 185 平均损失: Total=0.1559, Intra=0.0328, Gen=0.1231
2026-01-29 04:13:56,413 - INFO - 当前学习率: 0.000016
2026-01-29 04:14:09,878 - INFO - 新的最优模型已保存，总损失: 0.1559
2026-01-29 04:14:09,878 - INFO - Epoch 186/300
2026-01-29 04:18:24,135 - INFO - Epoch 186 平均损失: Total=0.1563, Intra=0.0333, Gen=0.1230
2026-01-29 04:18:24,135 - INFO - 当前学习率: 0.000016
2026-01-29 04:18:30,097 - INFO - Epoch 187/300
2026-01-29 04:22:43,735 - INFO - Epoch 187 平均损失: Total=0.1658, Intra=0.0434, Gen=0.1223
2026-01-29 04:22:43,735 - INFO - 当前学习率: 0.000016
2026-01-29 04:22:50,992 - INFO - Epoch 188/300
2026-01-29 04:27:06,131 - INFO - Epoch 188 平均损失: Total=0.1589, Intra=0.0369, Gen=0.1221
2026-01-29 04:27:06,132 - INFO - 当前学习率: 0.000016
2026-01-29 04:27:11,902 - INFO - Epoch 189/300
2026-01-29 04:31:26,983 - INFO - Epoch 189 平均损失: Total=0.1556, Intra=0.0346, Gen=0.1210
2026-01-29 04:31:26,983 - INFO - 当前学习率: 0.000016
2026-01-29 04:31:40,281 - INFO - 新的最优模型已保存，总损失: 0.1556
2026-01-29 04:31:40,282 - INFO - Epoch 190/300
2026-01-29 04:35:54,235 - INFO - Epoch 190 平均损失: Total=0.1524, Intra=0.0316, Gen=0.1207
2026-01-29 04:35:54,235 - INFO - 当前学习率: 0.000016
2026-01-29 04:36:09,715 - INFO - 新的最优模型已保存，总损失: 0.1524
2026-01-29 04:36:09,715 - INFO - Epoch 191/300
2026-01-29 04:40:23,278 - INFO - Epoch 191 平均损失: Total=0.1544, Intra=0.0335, Gen=0.1209
2026-01-29 04:40:23,278 - INFO - 当前学习率: 0.000016
2026-01-29 04:40:30,882 - INFO - Epoch 192/300
2026-01-29 04:44:45,839 - INFO - Epoch 192 平均损失: Total=0.1540, Intra=0.0336, Gen=0.1204
2026-01-29 04:44:45,839 - INFO - 当前学习率: 0.000016
2026-01-29 04:44:53,806 - INFO - Epoch 193/300
2026-01-29 04:49:07,257 - INFO - Epoch 193 平均损失: Total=0.1505, Intra=0.0314, Gen=0.1190
2026-01-29 04:49:07,257 - INFO - 当前学习率: 0.000016
2026-01-29 04:49:22,831 - INFO - 新的最优模型已保存，总损失: 0.1505
2026-01-29 04:49:22,832 - INFO - Epoch 194/300
2026-01-29 04:53:36,711 - INFO - Epoch 194 平均损失: Total=0.1548, Intra=0.0358, Gen=0.1190
2026-01-29 04:53:36,712 - INFO - 当前学习率: 0.000016
2026-01-29 04:53:43,478 - INFO - Epoch 195/300
2026-01-29 04:57:58,562 - INFO - Epoch 195 平均损失: Total=0.1516, Intra=0.0334, Gen=0.1182
2026-01-29 04:57:58,562 - INFO - 当前学习率: 0.000016
2026-01-29 04:58:04,996 - INFO - Epoch 196/300
2026-01-29 05:02:18,528 - INFO - Epoch 196 平均损失: Total=0.1511, Intra=0.0330, Gen=0.1181
2026-01-29 05:02:18,528 - INFO - 当前学习率: 0.000016
2026-01-29 05:02:24,962 - INFO - Epoch 197/300
2026-01-29 05:06:38,077 - INFO - Epoch 197 平均损失: Total=0.1525, Intra=0.0343, Gen=0.1181
2026-01-29 05:06:38,077 - INFO - 当前学习率: 0.000016
2026-01-29 05:06:44,790 - INFO - Epoch 198/300
2026-01-29 05:10:58,905 - INFO - Epoch 198 平均损失: Total=0.1508, Intra=0.0337, Gen=0.1170
2026-01-29 05:10:58,905 - INFO - 当前学习率: 0.000016
2026-01-29 05:11:04,801 - INFO - Epoch 199/300
2026-01-29 05:15:18,563 - INFO - Epoch 199 平均损失: Total=0.1514, Intra=0.0348, Gen=0.1166
2026-01-29 05:15:18,563 - INFO - 当前学习率: 0.000008
2026-01-29 05:15:24,827 - INFO - Epoch 200/300
2026-01-29 05:19:38,520 - INFO - Epoch 200 平均损失: Total=0.1474, Intra=0.0318, Gen=0.1156
2026-01-29 05:19:38,520 - INFO - 当前学习率: 0.000008
2026-01-29 05:19:52,358 - INFO - 新的最优模型已保存，总损失: 0.1474
2026-01-29 05:19:52,359 - INFO - Epoch 201/300
2026-01-29 05:24:05,924 - INFO - Epoch 201 平均损失: Total=0.1463, Intra=0.0312, Gen=0.1151
2026-01-29 05:24:05,925 - INFO - 当前学习率: 0.000008
2026-01-29 05:24:21,994 - INFO - 新的最优模型已保存，总损失: 0.1463
2026-01-29 05:24:21,994 - INFO - Epoch 202/300
2026-01-29 05:28:37,000 - INFO - Epoch 202 平均损失: Total=0.1486, Intra=0.0336, Gen=0.1151
2026-01-29 05:28:37,000 - INFO - 当前学习率: 0.000008
2026-01-29 05:28:44,578 - INFO - Epoch 203/300
2026-01-29 05:33:00,736 - INFO - Epoch 203 平均损失: Total=0.1476, Intra=0.0330, Gen=0.1146
2026-01-29 05:33:00,736 - INFO - 当前学习率: 0.000008
2026-01-29 05:33:06,470 - INFO - Epoch 204/300
2026-01-29 05:37:19,239 - INFO - Epoch 204 平均损失: Total=0.1454, Intra=0.0316, Gen=0.1138
2026-01-29 05:37:19,240 - INFO - 当前学习率: 0.000008
2026-01-29 05:37:32,460 - INFO - 新的最优模型已保存，总损失: 0.1454
2026-01-29 05:37:32,460 - INFO - Epoch 205/300
2026-01-29 05:41:47,145 - INFO - Epoch 205 平均损失: Total=0.1487, Intra=0.0350, Gen=0.1137
2026-01-29 05:41:47,156 - INFO - 当前学习率: 0.000008
2026-01-29 05:41:55,958 - INFO - Epoch 206/300
2026-01-29 05:46:09,900 - INFO - Epoch 206 平均损失: Total=0.1444, Intra=0.0312, Gen=0.1132
2026-01-29 05:46:09,901 - INFO - 当前学习率: 0.000008
2026-01-29 05:46:26,215 - INFO - 新的最优模型已保存，总损失: 0.1444
2026-01-29 05:46:26,215 - INFO - Epoch 207/300
2026-01-29 05:50:39,142 - INFO - Epoch 207 平均损失: Total=0.1466, Intra=0.0337, Gen=0.1129
2026-01-29 05:50:39,142 - INFO - 当前学习率: 0.000008
2026-01-29 05:50:45,554 - INFO - Epoch 208/300
2026-01-29 05:55:01,450 - INFO - Epoch 208 平均损失: Total=0.1448, Intra=0.0318, Gen=0.1130
2026-01-29 05:55:01,451 - INFO - 当前学习率: 0.000008
2026-01-29 05:55:07,439 - INFO - Epoch 209/300
2026-01-29 05:59:21,296 - INFO - Epoch 209 平均损失: Total=0.1467, Intra=0.0342, Gen=0.1126
2026-01-29 05:59:21,296 - INFO - 当前学习率: 0.000008
2026-01-29 05:59:27,663 - INFO - Epoch 210/300
2026-01-29 06:03:40,468 - INFO - Epoch 210 平均损失: Total=0.1462, Intra=0.0338, Gen=0.1124
2026-01-29 06:03:40,469 - INFO - 当前学习率: 0.000008
2026-01-29 06:03:46,218 - INFO - Epoch 211/300
2026-01-29 06:07:59,594 - INFO - Epoch 211 平均损失: Total=0.1427, Intra=0.0310, Gen=0.1116
2026-01-29 06:07:59,594 - INFO - 当前学习率: 0.000008
2026-01-29 06:08:15,275 - INFO - 新的最优模型已保存，总损失: 0.1427
2026-01-29 06:08:15,275 - INFO - Epoch 212/300
2026-01-29 06:12:29,056 - INFO - Epoch 212 平均损失: Total=0.1442, Intra=0.0331, Gen=0.1111
2026-01-29 06:12:29,056 - INFO - 当前学习率: 0.000008
2026-01-29 06:12:35,444 - INFO - Epoch 213/300
2026-01-29 06:16:49,237 - INFO - Epoch 213 平均损失: Total=0.1482, Intra=0.0368, Gen=0.1114
2026-01-29 06:16:49,237 - INFO - 当前学习率: 0.000008
2026-01-29 06:16:57,073 - INFO - Epoch 214/300
2026-01-29 06:21:10,799 - INFO - Epoch 214 平均损失: Total=0.1435, Intra=0.0329, Gen=0.1106
2026-01-29 06:21:10,799 - INFO - 当前学习率: 0.000008
2026-01-29 06:21:17,555 - INFO - Epoch 215/300
2026-01-29 06:25:31,354 - INFO - Epoch 215 平均损失: Total=0.1437, Intra=0.0331, Gen=0.1106
2026-01-29 06:25:31,355 - INFO - 当前学习率: 0.000008
2026-01-29 06:25:37,442 - INFO - Epoch 216/300
2026-01-29 06:29:53,572 - INFO - Epoch 216 平均损失: Total=0.1397, Intra=0.0299, Gen=0.1097
2026-01-29 06:29:53,572 - INFO - 当前学习率: 0.000008
2026-01-29 06:30:06,779 - INFO - 新的最优模型已保存，总损失: 0.1397
2026-01-29 06:30:06,779 - INFO - Epoch 217/300
2026-01-29 06:34:20,483 - INFO - Epoch 217 平均损失: Total=0.1453, Intra=0.0353, Gen=0.1100
2026-01-29 06:34:20,483 - INFO - 当前学习率: 0.000008
2026-01-29 06:34:26,446 - INFO - Epoch 218/300
2026-01-29 06:38:39,435 - INFO - Epoch 218 平均损失: Total=0.1415, Intra=0.0320, Gen=0.1095
2026-01-29 06:38:39,435 - INFO - 当前学习率: 0.000008
2026-01-29 06:38:45,435 - INFO - Epoch 219/300
2026-01-29 06:42:58,341 - INFO - Epoch 219 平均损失: Total=0.1406, Intra=0.0310, Gen=0.1096
2026-01-29 06:42:58,352 - INFO - 当前学习率: 0.000008
2026-01-29 06:43:05,712 - INFO - Epoch 220/300
2026-01-29 06:47:19,354 - INFO - Epoch 220 平均损失: Total=0.1449, Intra=0.0353, Gen=0.1096
2026-01-29 06:47:19,354 - INFO - 当前学习率: 0.000008
2026-01-29 06:47:26,789 - INFO - Epoch 221/300
2026-01-29 06:51:43,178 - INFO - Epoch 221 平均损失: Total=0.1417, Intra=0.0325, Gen=0.1092
2026-01-29 06:51:43,178 - INFO - 当前学习率: 0.000008
2026-01-29 06:51:50,403 - INFO - Epoch 222/300
2026-01-29 06:56:04,523 - INFO - Epoch 222 平均损失: Total=0.1427, Intra=0.0338, Gen=0.1089
2026-01-29 06:56:04,524 - INFO - 当前学习率: 0.000004
2026-01-29 06:56:13,708 - INFO - Epoch 223/300
2026-01-29 07:00:27,372 - INFO - Epoch 223 平均损失: Total=0.1429, Intra=0.0342, Gen=0.1087
2026-01-29 07:00:27,373 - INFO - 当前学习率: 0.000004
2026-01-29 07:00:34,688 - INFO - Epoch 224/300
2026-01-29 07:04:49,430 - INFO - Epoch 224 平均损失: Total=0.1394, Intra=0.0310, Gen=0.1085
2026-01-29 07:04:49,430 - INFO - 当前学习率: 0.000004
2026-01-29 07:05:06,094 - INFO - 新的最优模型已保存，总损失: 0.1394
2026-01-29 07:05:06,094 - INFO - Epoch 225/300
2026-01-29 07:09:18,809 - INFO - Epoch 225 平均损失: Total=0.1390, Intra=0.0304, Gen=0.1086
2026-01-29 07:09:18,809 - INFO - 当前学习率: 0.000004
2026-01-29 07:09:34,772 - INFO - 新的最优模型已保存，总损失: 0.1390
2026-01-29 07:09:34,772 - INFO - Epoch 226/300
2026-01-29 07:13:48,436 - INFO - Epoch 226 平均损失: Total=0.1421, Intra=0.0338, Gen=0.1083
2026-01-29 07:13:48,436 - INFO - 当前学习率: 0.000004
2026-01-29 07:13:57,722 - INFO - Epoch 227/300
2026-01-29 07:18:11,199 - INFO - Epoch 227 平均损失: Total=0.1402, Intra=0.0320, Gen=0.1082
2026-01-29 07:18:11,200 - INFO - 当前学习率: 0.000004
2026-01-29 07:18:18,166 - INFO - Epoch 228/300
2026-01-29 07:22:31,447 - INFO - Epoch 228 平均损失: Total=0.1388, Intra=0.0306, Gen=0.1081
2026-01-29 07:22:31,448 - INFO - 当前学习率: 0.000004
2026-01-29 07:22:44,924 - INFO - 新的最优模型已保存，总损失: 0.1388
2026-01-29 07:22:44,924 - INFO - Epoch 229/300
2026-01-29 07:27:01,228 - INFO - Epoch 229 平均损失: Total=0.1423, Intra=0.0343, Gen=0.1080
2026-01-29 07:27:01,229 - INFO - 当前学习率: 0.000004
2026-01-29 07:27:07,749 - INFO - Epoch 230/300
2026-01-29 07:31:21,150 - INFO - Epoch 230 平均损失: Total=0.1418, Intra=0.0338, Gen=0.1080
2026-01-29 07:31:21,151 - INFO - 当前学习率: 0.000004
2026-01-29 07:31:28,479 - INFO - Epoch 231/300
2026-01-29 07:35:42,157 - INFO - Epoch 231 平均损失: Total=0.1422, Intra=0.0346, Gen=0.1075
2026-01-29 07:35:42,157 - INFO - 当前学习率: 0.000004
2026-01-29 07:35:49,198 - INFO - Epoch 232/300
2026-01-29 07:40:04,106 - INFO - Epoch 232 平均损失: Total=0.1398, Intra=0.0325, Gen=0.1073
2026-01-29 07:40:04,107 - INFO - 当前学习率: 0.000004
2026-01-29 07:40:11,982 - INFO - Epoch 233/300
2026-01-29 07:44:28,239 - INFO - Epoch 233 平均损失: Total=0.1417, Intra=0.0346, Gen=0.1071
2026-01-29 07:44:28,239 - INFO - 当前学习率: 0.000004
2026-01-29 07:44:35,563 - INFO - Epoch 234/300
2026-01-29 07:48:50,811 - INFO - Epoch 234 平均损失: Total=0.1396, Intra=0.0323, Gen=0.1073
2026-01-29 07:48:50,811 - INFO - 当前学习率: 0.000002
2026-01-29 07:48:57,906 - INFO - Epoch 235/300
2026-01-29 07:53:14,757 - INFO - Epoch 235 平均损失: Total=0.1409, Intra=0.0339, Gen=0.1071
2026-01-29 07:53:14,757 - INFO - 当前学习率: 0.000002
2026-01-29 07:53:21,563 - INFO - Epoch 236/300
2026-01-29 07:57:35,260 - INFO - Epoch 236 平均损失: Total=0.1386, Intra=0.0315, Gen=0.1072
2026-01-29 07:57:35,260 - INFO - 当前学习率: 0.000002
2026-01-29 07:57:49,285 - INFO - 新的最优模型已保存，总损失: 0.1386
2026-01-29 07:57:49,285 - INFO - Epoch 237/300
2026-01-29 08:02:03,689 - INFO - Epoch 237 平均损失: Total=0.1359, Intra=0.0293, Gen=0.1067
2026-01-29 08:02:03,701 - INFO - 当前学习率: 0.000002
2026-01-29 08:02:18,762 - INFO - 新的最优模型已保存，总损失: 0.1359
2026-01-29 08:02:18,762 - INFO - Epoch 238/300
2026-01-29 08:06:33,176 - INFO - Epoch 238 平均损失: Total=0.1393, Intra=0.0325, Gen=0.1068
2026-01-29 08:06:33,176 - INFO - 当前学习率: 0.000002
2026-01-29 08:06:39,794 - INFO - Epoch 239/300
2026-01-29 08:10:56,361 - INFO - Epoch 239 平均损失: Total=0.1387, Intra=0.0317, Gen=0.1070
2026-01-29 08:10:56,361 - INFO - 当前学习率: 0.000002
2026-01-29 08:11:03,004 - INFO - Epoch 240/300
2026-01-29 08:15:16,677 - INFO - Epoch 240 平均损失: Total=0.1388, Intra=0.0318, Gen=0.1070
2026-01-29 08:15:16,678 - INFO - 当前学习率: 0.000002
2026-01-29 08:15:23,755 - INFO - Epoch 241/300
2026-01-29 08:19:39,214 - INFO - Epoch 241 平均损失: Total=0.1390, Intra=0.0322, Gen=0.1068
2026-01-29 08:19:39,214 - INFO - 当前学习率: 0.000002
2026-01-29 08:19:46,326 - INFO - Epoch 242/300
2026-01-29 08:24:02,124 - INFO - Epoch 242 平均损失: Total=0.1397, Intra=0.0328, Gen=0.1069
2026-01-29 08:24:02,125 - INFO - 当前学习率: 0.000002
2026-01-29 08:24:10,088 - INFO - Epoch 243/300
2026-01-29 08:28:23,945 - INFO - Epoch 243 平均损失: Total=0.1392, Intra=0.0326, Gen=0.1066
2026-01-29 08:28:23,946 - INFO - 当前学习率: 0.000001
2026-01-29 08:28:30,533 - INFO - Epoch 244/300
2026-01-29 08:32:44,307 - INFO - Epoch 244 平均损失: Total=0.1382, Intra=0.0316, Gen=0.1066
2026-01-29 08:32:44,307 - INFO - 当前学习率: 0.000001
2026-01-29 08:32:52,527 - INFO - Epoch 245/300
2026-01-29 08:37:05,199 - INFO - Epoch 245 平均损失: Total=0.1360, Intra=0.0299, Gen=0.1060
2026-01-29 08:37:05,199 - INFO - 当前学习率: 0.000001
2026-01-29 08:37:10,533 - INFO - Epoch 246/300
2026-01-29 08:41:24,351 - INFO - Epoch 246 平均损失: Total=0.1388, Intra=0.0324, Gen=0.1064
2026-01-29 08:41:24,351 - INFO - 当前学习率: 0.000001
2026-01-29 08:41:32,752 - INFO - Epoch 247/300
2026-01-29 08:45:47,246 - INFO - Epoch 247 平均损失: Total=0.1397, Intra=0.0331, Gen=0.1066
2026-01-29 08:45:47,246 - INFO - 当前学习率: 0.000001
2026-01-29 08:45:54,502 - INFO - Epoch 248/300
2026-01-29 08:50:06,579 - INFO - Epoch 248 平均损失: Total=0.1375, Intra=0.0312, Gen=0.1063
2026-01-29 08:50:06,579 - INFO - 当前学习率: 0.000001
2026-01-29 08:50:13,977 - INFO - Epoch 249/300
2026-01-29 08:54:27,206 - INFO - Epoch 249 平均损失: Total=0.1387, Intra=0.0325, Gen=0.1062
2026-01-29 08:54:27,206 - INFO - 当前学习率: 0.000000
2026-01-29 08:54:35,069 - INFO - Epoch 250/300
2026-01-29 08:58:48,520 - INFO - Epoch 250 平均损失: Total=0.1346, Intra=0.0284, Gen=0.1063
2026-01-29 08:58:48,520 - INFO - 当前学习率: 0.000000
2026-01-29 08:59:02,026 - INFO - 新的最优模型已保存，总损失: 0.1346
2026-01-29 08:59:02,026 - INFO - Epoch 251/300
2026-01-29 09:03:15,520 - INFO - Epoch 251 平均损失: Total=0.1401, Intra=0.0339, Gen=0.1062
2026-01-29 09:03:15,520 - INFO - 当前学习率: 0.000000
2026-01-29 09:03:22,785 - INFO - Epoch 252/300
2026-01-29 09:07:35,748 - INFO - Epoch 252 平均损失: Total=0.1375, Intra=0.0310, Gen=0.1065
2026-01-29 09:07:35,748 - INFO - 当前学习率: 0.000000
2026-01-29 09:07:43,061 - INFO - Epoch 253/300
2026-01-29 09:11:58,078 - INFO - Epoch 253 平均损失: Total=0.1407, Intra=0.0344, Gen=0.1063
2026-01-29 09:11:58,078 - INFO - 当前学习率: 0.000000
2026-01-29 09:12:04,760 - INFO - Epoch 254/300
2026-01-29 09:16:19,795 - INFO - Epoch 254 平均损失: Total=0.1395, Intra=0.0330, Gen=0.1064
2026-01-29 09:16:19,795 - INFO - 当前学习率: 0.000000
2026-01-29 09:16:26,212 - INFO - Epoch 255/300
2026-01-29 09:20:40,162 - INFO - Epoch 255 平均损失: Total=0.1373, Intra=0.0310, Gen=0.1062
2026-01-29 09:20:40,162 - INFO - 当前学习率: 0.000000
2026-01-29 09:20:47,385 - INFO - Epoch 256/300
2026-01-29 09:25:00,656 - INFO - Epoch 256 平均损失: Total=0.1383, Intra=0.0323, Gen=0.1060
2026-01-29 09:25:00,656 - INFO - 当前学习率: 0.000000
2026-01-29 09:25:06,252 - INFO - Epoch 257/300
2026-01-29 09:29:20,232 - INFO - Epoch 257 平均损失: Total=0.1377, Intra=0.0315, Gen=0.1062
2026-01-29 09:29:20,232 - INFO - 当前学习率: 0.000000
2026-01-29 09:29:26,974 - INFO - Epoch 258/300
2026-01-29 09:33:40,750 - INFO - Epoch 258 平均损失: Total=0.1370, Intra=0.0306, Gen=0.1064
2026-01-29 09:33:40,751 - INFO - 当前学习率: 0.000000
2026-01-29 09:33:47,354 - INFO - Epoch 259/300
2026-01-29 09:38:00,162 - INFO - Epoch 259 平均损失: Total=0.1383, Intra=0.0318, Gen=0.1064
2026-01-29 09:38:00,163 - INFO - 当前学习率: 0.000000
2026-01-29 09:38:06,400 - INFO - Epoch 260/300
2026-01-29 09:42:19,162 - INFO - Epoch 260 平均损失: Total=0.1369, Intra=0.0308, Gen=0.1061
2026-01-29 09:42:19,163 - INFO - 当前学习率: 0.000000
2026-01-29 09:42:25,297 - INFO - Epoch 261/300
2026-01-29 09:46:40,410 - INFO - Epoch 261 平均损失: Total=0.1392, Intra=0.0325, Gen=0.1066
2026-01-29 09:46:40,411 - INFO - 当前学习率: 0.000000
2026-01-29 09:46:47,351 - INFO - Epoch 262/300
2026-01-29 09:51:01,650 - INFO - Epoch 262 平均损失: Total=0.1399, Intra=0.0338, Gen=0.1061
2026-01-29 09:51:01,651 - INFO - 当前学习率: 0.000000
2026-01-29 09:51:08,288 - INFO - Epoch 263/300
2026-01-29 09:55:22,152 - INFO - Epoch 263 平均损失: Total=0.1381, Intra=0.0321, Gen=0.1060
2026-01-29 09:55:22,152 - INFO - 当前学习率: 0.000000
2026-01-29 09:55:29,058 - INFO - Epoch 264/300
2026-01-29 09:59:44,146 - INFO - Epoch 264 平均损失: Total=0.1381, Intra=0.0317, Gen=0.1064
2026-01-29 09:59:44,146 - INFO - 当前学习率: 0.000000
2026-01-29 09:59:50,325 - INFO - Epoch 265/300
2026-01-29 10:04:04,158 - INFO - Epoch 265 平均损失: Total=0.1395, Intra=0.0334, Gen=0.1061
2026-01-29 10:04:04,158 - INFO - 当前学习率: 0.000000
2026-01-29 10:04:10,909 - INFO - Epoch 266/300
2026-01-29 10:08:24,700 - INFO - Epoch 266 平均损失: Total=0.1377, Intra=0.0314, Gen=0.1063
2026-01-29 10:08:24,700 - INFO - 当前学习率: 0.000000
2026-01-29 10:08:31,615 - INFO - Epoch 267/300
2026-01-29 10:12:45,169 - INFO - Epoch 267 平均损失: Total=0.1363, Intra=0.0300, Gen=0.1063
2026-01-29 10:12:45,170 - INFO - 当前学习率: 0.000000
2026-01-29 10:12:52,558 - INFO - Epoch 268/300
2026-01-29 10:17:06,545 - INFO - Epoch 268 平均损失: Total=0.1376, Intra=0.0315, Gen=0.1062
2026-01-29 10:17:06,546 - INFO - 当前学习率: 0.000000
2026-01-29 10:17:12,760 - INFO - Epoch 269/300
2026-01-29 10:21:27,626 - INFO - Epoch 269 平均损失: Total=0.1379, Intra=0.0317, Gen=0.1062
2026-01-29 10:21:27,626 - INFO - 当前学习率: 0.000000
2026-01-29 10:21:34,738 - INFO - Epoch 270/300
2026-01-29 10:25:48,302 - INFO - Epoch 270 平均损失: Total=0.1378, Intra=0.0316, Gen=0.1062
2026-01-29 10:25:48,302 - INFO - 当前学习率: 0.000000
2026-01-29 10:25:54,532 - INFO - Epoch 271/300
2026-01-29 10:30:07,334 - INFO - Epoch 271 平均损失: Total=0.1368, Intra=0.0306, Gen=0.1062
2026-01-29 10:30:07,335 - INFO - 当前学习率: 0.000000
2026-01-29 10:30:13,781 - INFO - Epoch 272/300
2026-01-29 10:34:26,206 - INFO - Epoch 272 平均损失: Total=0.1403, Intra=0.0344, Gen=0.1059
2026-01-29 10:34:26,206 - INFO - 当前学习率: 0.000000
2026-01-29 10:34:33,690 - INFO - Epoch 273/300
2026-01-29 10:38:48,770 - INFO - Epoch 273 平均损失: Total=0.1355, Intra=0.0295, Gen=0.1060
2026-01-29 10:38:48,771 - INFO - 当前学习率: 0.000000
2026-01-29 10:38:55,823 - INFO - Epoch 274/300
2026-01-29 10:43:09,244 - INFO - Epoch 274 平均损失: Total=0.1386, Intra=0.0325, Gen=0.1061
2026-01-29 10:43:09,244 - INFO - 当前学习率: 0.000000
2026-01-29 10:43:16,833 - INFO - Epoch 275/300
2026-01-29 10:47:33,654 - INFO - Epoch 275 平均损失: Total=0.1388, Intra=0.0323, Gen=0.1065
2026-01-29 10:47:33,654 - INFO - 当前学习率: 0.000000
2026-01-29 10:47:39,962 - INFO - Epoch 276/300
2026-01-29 10:51:52,975 - INFO - Epoch 276 平均损失: Total=0.1389, Intra=0.0327, Gen=0.1062
2026-01-29 10:51:52,975 - INFO - 当前学习率: 0.000000
2026-01-29 10:51:58,195 - INFO - Epoch 277/300
2026-01-29 10:56:10,946 - INFO - Epoch 277 平均损失: Total=0.1397, Intra=0.0336, Gen=0.1061
2026-01-29 10:56:10,946 - INFO - 当前学习率: 0.000000
2026-01-29 10:56:20,229 - INFO - Epoch 278/300
2026-01-29 11:00:33,893 - INFO - Epoch 278 平均损失: Total=0.1365, Intra=0.0307, Gen=0.1058
2026-01-29 11:00:33,894 - INFO - 当前学习率: 0.000000
2026-01-29 11:00:40,523 - INFO - Epoch 279/300
2026-01-29 11:04:53,259 - INFO - Epoch 279 平均损失: Total=0.1380, Intra=0.0321, Gen=0.1058
2026-01-29 11:04:53,260 - INFO - 当前学习率: 0.000000
2026-01-29 11:04:59,961 - INFO - Epoch 280/300
2026-01-29 11:09:12,024 - INFO - Epoch 280 平均损失: Total=0.1365, Intra=0.0304, Gen=0.1060
2026-01-29 11:09:12,025 - INFO - 当前学习率: 0.000000
2026-01-29 11:09:20,177 - INFO - Epoch 281/300
2026-01-29 11:13:33,639 - INFO - Epoch 281 平均损失: Total=0.1377, Intra=0.0320, Gen=0.1057
2026-01-29 11:13:33,639 - INFO - 当前学习率: 0.000000
2026-01-29 11:13:41,035 - INFO - Epoch 282/300
2026-01-29 11:17:53,765 - INFO - Epoch 282 平均损失: Total=0.1385, Intra=0.0322, Gen=0.1063
2026-01-29 11:17:53,766 - INFO - 当前学习率: 0.000000
2026-01-29 11:18:00,599 - INFO - Epoch 283/300
2026-01-29 11:22:16,766 - INFO - Epoch 283 平均损失: Total=0.1374, Intra=0.0308, Gen=0.1066
2026-01-29 11:22:16,767 - INFO - 当前学习率: 0.000000
2026-01-29 11:22:23,239 - INFO - Epoch 284/300
2026-01-29 11:26:37,256 - INFO - Epoch 284 平均损失: Total=0.1361, Intra=0.0303, Gen=0.1058
2026-01-29 11:26:37,257 - INFO - 当前学习率: 0.000000
2026-01-29 11:26:45,540 - INFO - Epoch 285/300
2026-01-29 11:30:58,663 - INFO - Epoch 285 平均损失: Total=0.1400, Intra=0.0340, Gen=0.1060
2026-01-29 11:30:58,663 - INFO - 当前学习率: 0.000000
2026-01-29 11:31:05,747 - INFO - Epoch 286/300
2026-01-29 11:35:18,454 - INFO - Epoch 286 平均损失: Total=0.1362, Intra=0.0300, Gen=0.1063
2026-01-29 11:35:18,454 - INFO - 当前学习率: 0.000000
2026-01-29 11:35:25,798 - INFO - Epoch 287/300
2026-01-29 11:39:38,704 - INFO - Epoch 287 平均损失: Total=0.1388, Intra=0.0326, Gen=0.1062
2026-01-29 11:39:38,704 - INFO - 当前学习率: 0.000000
2026-01-29 11:39:45,782 - INFO - Epoch 288/300
2026-01-29 11:43:59,123 - INFO - Epoch 288 平均损失: Total=0.1390, Intra=0.0330, Gen=0.1060
2026-01-29 11:43:59,123 - INFO - 当前学习率: 0.000000
2026-01-29 11:44:06,097 - INFO - Epoch 289/300
2026-01-29 11:48:20,925 - INFO - Epoch 289 平均损失: Total=0.1367, Intra=0.0303, Gen=0.1064
2026-01-29 11:48:20,926 - INFO - 当前学习率: 0.000000
2026-01-29 11:48:28,557 - INFO - Epoch 290/300
2026-01-29 11:52:40,950 - INFO - Epoch 290 平均损失: Total=0.1365, Intra=0.0308, Gen=0.1057
2026-01-29 11:52:40,950 - INFO - 当前学习率: 0.000000
2026-01-29 11:52:48,481 - INFO - Epoch 291/300
2026-01-29 11:57:01,024 - INFO - Epoch 291 平均损失: Total=0.1392, Intra=0.0327, Gen=0.1065
2026-01-29 11:57:01,025 - INFO - 当前学习率: 0.000000
2026-01-29 11:57:07,059 - INFO - Epoch 292/300
2026-01-29 12:01:20,930 - INFO - Epoch 292 平均损失: Total=0.1364, Intra=0.0302, Gen=0.1062
2026-01-29 12:01:20,930 - INFO - 当前学习率: 0.000000
2026-01-29 12:01:27,922 - INFO - Epoch 293/300
2026-01-29 12:05:39,954 - INFO - Epoch 293 平均损失: Total=0.1380, Intra=0.0320, Gen=0.1060
2026-01-29 12:05:39,954 - INFO - 当前学习率: 0.000000
2026-01-29 12:05:47,006 - INFO - Epoch 294/300
2026-01-29 12:09:59,230 - INFO - Epoch 294 平均损失: Total=0.1371, Intra=0.0309, Gen=0.1061
2026-01-29 12:09:59,230 - INFO - 当前学习率: 0.000000
2026-01-29 12:10:06,663 - INFO - Epoch 295/300
2026-01-29 12:14:22,107 - INFO - Epoch 295 平均损失: Total=0.1399, Intra=0.0337, Gen=0.1062
2026-01-29 12:14:22,108 - INFO - 当前学习率: 0.000000
2026-01-29 12:14:28,704 - INFO - Epoch 296/300
2026-01-29 12:18:42,746 - INFO - Epoch 296 平均损失: Total=0.1369, Intra=0.0307, Gen=0.1062
2026-01-29 12:18:42,747 - INFO - 当前学习率: 0.000000
2026-01-29 12:18:49,674 - INFO - Epoch 297/300
2026-01-29 12:23:04,355 - INFO - Epoch 297 平均损失: Total=0.1353, Intra=0.0297, Gen=0.1056
2026-01-29 12:23:04,355 - INFO - 当前学习率: 0.000000
2026-01-29 12:23:11,553 - INFO - Epoch 298/300
2026-01-29 12:27:25,088 - INFO - Epoch 298 平均损失: Total=0.1362, Intra=0.0301, Gen=0.1061
2026-01-29 12:27:25,088 - INFO - 当前学习率: 0.000000
2026-01-29 12:27:32,490 - INFO - Epoch 299/300
2026-01-29 12:31:45,668 - INFO - Epoch 299 平均损失: Total=0.1383, Intra=0.0323, Gen=0.1060
2026-01-29 12:31:45,668 - INFO - 当前学习率: 0.000000
2026-01-29 12:31:53,293 - INFO - Epoch 300/300
2026-01-29 12:36:05,819 - INFO - Epoch 300 平均损失: Total=0.1351, Intra=0.0291, Gen=0.1060
2026-01-29 12:36:05,820 - INFO - 当前学习率: 0.000000
2026-01-29 12:36:12,330 - INFO - 训练完成
2026-01-29 12:36:12,330 - INFO - 最优模型总损失: 0.1346
2026-01-29 12:36:12,330 - INFO - 日志保存位置: ../Log/2026-01-28_14-34-02
2026-01-29 12:36:12,330 - INFO - 模型检查点保存位置: ../Checkpoints/2026-01-28_14-34-02
2026-01-29 12:36:12,330 - INFO - 训练完成，所有资源已释放
