2026-02-20 23:15:07,722 - INFO - CUDA_VISIBLE_DEVICES = 0,1,2,3
2026-02-20 23:15:07,732 - INFO - 使用设备: cuda
2026-02-20 23:15:07,763 - INFO - Actual torch.cuda.device_count() = 4
2026-02-20 23:15:07,766 - INFO - 逻辑 cuda:0 -> NVIDIA GeForce RTX 2080 Ti | Memory: 10.75 GB
2026-02-20 23:15:07,766 - INFO - 逻辑 cuda:1 -> NVIDIA GeForce RTX 2080 Ti | Memory: 10.75 GB
2026-02-20 23:15:07,766 - INFO - 逻辑 cuda:2 -> NVIDIA GeForce RTX 2080 Ti | Memory: 10.75 GB
2026-02-20 23:15:07,766 - INFO - 逻辑 cuda:3 -> NVIDIA GeForce RTX 3090 | Memory: 23.69 GB
2026-02-20 23:15:11,237 - INFO - DataParallel 使用逻辑 GPU IDs: [0, 1, 2, 3] (对应物理 GPU IDs: ['0', '1', '2', '3'])
2026-02-20 23:26:02,412 - INFO - Epoch 1: Total Loss=0.1661
2026-02-20 23:36:43,898 - INFO - Epoch 2: Total Loss=0.1315
2026-02-20 23:47:21,150 - INFO - Epoch 3: Total Loss=0.1297
2026-02-20 23:58:01,594 - INFO - Epoch 4: Total Loss=0.1297
2026-02-21 00:08:44,985 - INFO - Epoch 5: Total Loss=0.1306
2026-02-21 00:19:25,286 - INFO - Epoch 6: Total Loss=0.1314
2026-02-21 00:30:06,722 - INFO - Epoch 7: Total Loss=0.1323
2026-02-21 00:40:45,518 - INFO - Epoch 8: Total Loss=0.1321
2026-02-21 00:51:24,971 - INFO - Epoch 9: Total Loss=0.1329
2026-02-21 01:02:03,487 - INFO - Epoch 10: Total Loss=0.1304
2026-02-21 01:12:41,431 - INFO - Epoch 11: Total Loss=0.1292
2026-02-21 01:23:21,584 - INFO - Epoch 12: Total Loss=0.1287
2026-02-21 01:34:02,408 - INFO - Epoch 13: Total Loss=0.1285
2026-02-21 01:44:46,160 - INFO - Epoch 14: Total Loss=0.1281
2026-02-21 01:55:27,962 - INFO - Epoch 15: Total Loss=0.1284
2026-02-21 02:06:07,465 - INFO - Epoch 16: Total Loss=0.1269
2026-02-21 02:16:49,611 - INFO - Epoch 17: Total Loss=0.1271
2026-02-21 02:27:30,628 - INFO - Epoch 18: Total Loss=0.1268
2026-02-21 02:38:15,755 - INFO - Epoch 19: Total Loss=0.1255
2026-02-21 02:49:01,222 - INFO - Epoch 20: Total Loss=0.1252
2026-02-21 02:59:45,315 - INFO - Epoch 21: Total Loss=0.1247
2026-02-21 03:10:25,220 - INFO - Epoch 22: Total Loss=0.1247
2026-02-21 03:21:10,801 - INFO - Epoch 23: Total Loss=0.1245
2026-02-21 03:31:57,152 - INFO - Epoch 24: Total Loss=0.1239
2026-02-21 03:42:39,522 - INFO - Epoch 25: Total Loss=0.1244
2026-02-21 03:53:21,893 - INFO - Epoch 26: Total Loss=0.1244
2026-02-21 04:04:08,453 - INFO - Epoch 27: Total Loss=0.1246
2026-02-21 04:14:49,588 - INFO - Epoch 28: Total Loss=0.1239
2026-02-21 04:25:32,768 - INFO - Epoch 29: Total Loss=0.1236
2026-02-21 04:36:17,569 - INFO - Epoch 30: Total Loss=0.1236
2026-02-21 04:47:00,008 - INFO - Epoch 31: Total Loss=0.1222
2026-02-21 04:57:43,186 - INFO - Epoch 32: Total Loss=0.1234
2026-02-21 05:08:26,515 - INFO - Epoch 33: Total Loss=0.1233
2026-02-21 05:19:07,398 - INFO - Epoch 34: Total Loss=0.1233
2026-02-21 05:29:53,455 - INFO - Epoch 35: Total Loss=0.1224
2026-02-21 05:40:33,846 - INFO - Epoch 36: Total Loss=0.1221
2026-02-21 05:51:18,425 - INFO - Epoch 37: Total Loss=0.1229
2026-02-21 06:00:14,896 - INFO - Epoch 38: Total Loss=0.1224
2026-02-21 06:07:05,118 - INFO - Epoch 39: Total Loss=0.1214
2026-02-21 06:13:52,430 - INFO - Epoch 40: Total Loss=0.1219
2026-02-21 06:20:38,068 - INFO - Epoch 41: Total Loss=0.1224
2026-02-21 06:27:30,692 - INFO - Epoch 42: Total Loss=0.1222
2026-02-21 06:34:18,971 - INFO - Epoch 43: Total Loss=0.1221
2026-02-21 06:41:07,995 - INFO - Epoch 44: Total Loss=0.1219
2026-02-21 06:47:56,726 - INFO - Epoch 45: Total Loss=0.1226
2026-02-21 06:54:45,648 - INFO - Epoch 46: Total Loss=0.1219
2026-02-21 07:01:38,933 - INFO - Epoch 47: Total Loss=0.1227
2026-02-21 07:08:30,568 - INFO - Epoch 48: Total Loss=0.1218
2026-02-21 07:15:15,016 - INFO - Epoch 49: Total Loss=0.1219
2026-02-21 07:22:04,111 - INFO - Epoch 50: Total Loss=0.1216
2026-02-21 07:28:53,797 - INFO - Epoch 51: Total Loss=0.1237
2026-02-21 07:35:44,972 - INFO - Epoch 52: Total Loss=0.1210
2026-02-21 07:42:32,657 - INFO - Epoch 53: Total Loss=0.1215
2026-02-21 07:49:24,514 - INFO - Epoch 54: Total Loss=0.1221
2026-02-21 07:56:13,058 - INFO - Epoch 55: Total Loss=0.1217
2026-02-21 08:03:05,321 - INFO - Epoch 56: Total Loss=0.1213
2026-02-21 08:09:52,621 - INFO - Epoch 57: Total Loss=0.1212
2026-02-21 08:16:47,714 - INFO - Epoch 58: Total Loss=0.1213
2026-02-21 08:23:34,496 - INFO - Epoch 59: Total Loss=0.1211
2026-02-21 08:30:27,951 - INFO - Epoch 60: Total Loss=0.1215
2026-02-21 08:37:21,074 - INFO - Epoch 61: Total Loss=0.1214
2026-02-21 08:44:07,804 - INFO - Epoch 62: Total Loss=0.1217
2026-02-21 08:51:01,512 - INFO - Epoch 63: Total Loss=0.1222
2026-02-21 08:57:52,547 - INFO - Epoch 64: Total Loss=0.1216
2026-02-21 09:04:44,987 - INFO - Epoch 65: Total Loss=0.1212
2026-02-21 09:11:31,621 - INFO - Epoch 66: Total Loss=0.1215
2026-02-21 09:18:21,641 - INFO - Epoch 67: Total Loss=0.1203
2026-02-21 09:25:10,537 - INFO - Epoch 68: Total Loss=0.1213
2026-02-21 09:32:00,314 - INFO - Epoch 69: Total Loss=0.1213
2026-02-21 09:38:49,521 - INFO - Epoch 70: Total Loss=0.1224
2026-02-21 09:45:36,311 - INFO - Epoch 71: Total Loss=0.1210
2026-02-21 09:52:23,446 - INFO - Epoch 72: Total Loss=0.1208
2026-02-21 09:59:15,311 - INFO - Epoch 73: Total Loss=0.1211
2026-02-21 10:06:05,865 - INFO - Epoch 74: Total Loss=0.1217
2026-02-21 10:12:57,959 - INFO - Epoch 75: Total Loss=0.1217
2026-02-21 10:19:49,696 - INFO - Epoch 76: Total Loss=0.1211
2026-02-21 10:26:44,017 - INFO - Epoch 77: Total Loss=0.1208
2026-02-21 10:33:31,079 - INFO - Epoch 78: Total Loss=0.1218
2026-02-21 10:40:20,277 - INFO - Epoch 79: Total Loss=0.1215
2026-02-21 10:47:10,504 - INFO - Epoch 80: Total Loss=0.1211
2026-02-21 10:54:01,524 - INFO - Epoch 81: Total Loss=0.1222
2026-02-21 11:00:48,383 - INFO - Epoch 82: Total Loss=0.1217
2026-02-21 11:07:36,464 - INFO - Epoch 83: Total Loss=0.1210
2026-02-21 11:14:26,677 - INFO - Epoch 84: Total Loss=0.1221
2026-02-21 11:21:17,888 - INFO - Epoch 85: Total Loss=0.1216
2026-02-21 11:28:07,072 - INFO - Epoch 86: Total Loss=0.1222
2026-02-21 11:34:58,383 - INFO - Epoch 87: Total Loss=0.1213
2026-02-21 11:41:51,063 - INFO - Epoch 88: Total Loss=0.1218
2026-02-21 11:48:35,531 - INFO - Epoch 89: Total Loss=0.1215
2026-02-21 11:55:20,277 - INFO - Epoch 90: Total Loss=0.1214
2026-02-21 12:02:11,624 - INFO - Epoch 91: Total Loss=0.1216
2026-02-21 12:09:04,618 - INFO - Epoch 92: Total Loss=0.1222
2026-02-21 12:15:55,304 - INFO - Epoch 93: Total Loss=0.1221
2026-02-21 12:22:47,452 - INFO - Epoch 94: Total Loss=0.1226
2026-02-21 12:29:33,517 - INFO - Epoch 95: Total Loss=0.1212
2026-02-21 12:36:20,981 - INFO - Epoch 96: Total Loss=0.1215
2026-02-21 12:43:05,328 - INFO - Epoch 97: Total Loss=0.1213
2026-02-21 12:49:53,768 - INFO - Epoch 98: Total Loss=0.1217
2026-02-21 12:56:40,858 - INFO - Epoch 99: Total Loss=0.1215
2026-02-21 13:03:31,293 - INFO - Epoch 100: Total Loss=0.1214
