2026-02-23 00:55:03,737 - INFO - CUDA_VISIBLE_DEVICES = 0,1,2,3
2026-02-23 00:55:06,947 - INFO - 使用设备: cuda
2026-02-23 00:55:07,003 - INFO - Actual torch.cuda.device_count() = 4
2026-02-23 00:55:07,007 - INFO - 逻辑 cuda:0 -> NVIDIA GeForce RTX 2080 Ti | Memory: 10.75 GB
2026-02-23 00:55:07,008 - INFO - 逻辑 cuda:1 -> NVIDIA GeForce RTX 2080 Ti | Memory: 10.75 GB
2026-02-23 00:55:07,008 - INFO - 逻辑 cuda:2 -> NVIDIA GeForce RTX 2080 Ti | Memory: 10.75 GB
2026-02-23 00:55:07,008 - INFO - 逻辑 cuda:3 -> NVIDIA GeForce RTX 3090 | Memory: 23.69 GB
2026-02-23 00:55:10,118 - INFO - DataParallel 使用逻辑 GPU IDs: [0, 1, 2, 3] (对应物理 GPU IDs: ['0', '1', '2', '3'])
2026-02-23 01:01:59,924 - INFO - Epoch 1: Total Loss=-0.9628
2026-02-23 01:08:49,744 - INFO - Epoch 2: Total Loss=-0.9662
2026-02-23 01:15:29,932 - INFO - Epoch 3: Total Loss=-0.9550
2026-02-23 01:22:18,207 - INFO - Epoch 4: Total Loss=-0.9521
2026-02-23 01:29:08,339 - INFO - Epoch 5: Total Loss=-0.9492
2026-02-23 01:35:53,394 - INFO - Epoch 6: Total Loss=-0.9478
2026-02-23 01:42:38,486 - INFO - Epoch 7: Total Loss=-0.9469
2026-02-23 01:49:25,108 - INFO - Epoch 8: Total Loss=-0.9469
2026-02-23 01:56:10,750 - INFO - Epoch 9: Total Loss=-0.9475
2026-02-23 02:02:59,779 - INFO - Epoch 10: Total Loss=-0.9473
2026-02-23 02:09:44,791 - INFO - Epoch 11: Total Loss=-0.9483
2026-02-23 02:16:31,214 - INFO - Epoch 12: Total Loss=-0.9480
2026-02-23 02:23:19,808 - INFO - Epoch 13: Total Loss=-0.9477
2026-02-23 02:30:12,020 - INFO - Epoch 14: Total Loss=-0.9469
2026-02-23 02:36:55,499 - INFO - Epoch 15: Total Loss=-0.9479
2026-02-23 02:43:39,572 - INFO - Epoch 16: Total Loss=-0.9474
2026-02-23 02:50:30,479 - INFO - Epoch 17: Total Loss=-0.9470
2026-02-23 02:57:14,943 - INFO - Epoch 18: Total Loss=-0.9476
2026-02-23 03:03:59,093 - INFO - Epoch 19: Total Loss=-0.9478
2026-02-23 03:10:45,139 - INFO - Epoch 20: Total Loss=-0.9481
2026-02-23 03:17:31,393 - INFO - Epoch 21: Total Loss=-0.9487
2026-02-23 03:24:22,074 - INFO - Epoch 22: Total Loss=-0.9482
2026-02-23 03:31:09,648 - INFO - Epoch 23: Total Loss=-0.9482
2026-02-23 03:37:52,731 - INFO - Epoch 24: Total Loss=-0.9483
2026-02-23 03:44:38,661 - INFO - Epoch 25: Total Loss=-0.9477
2026-02-23 03:51:26,027 - INFO - Epoch 26: Total Loss=-0.9475
2026-02-23 03:58:13,168 - INFO - Epoch 27: Total Loss=-0.9469
2026-02-23 04:05:04,680 - INFO - Epoch 28: Total Loss=-0.9466
2026-02-23 04:11:45,721 - INFO - Epoch 29: Total Loss=-0.9464
2026-02-23 04:18:34,460 - INFO - Epoch 30: Total Loss=-0.9468
2026-02-23 04:25:20,372 - INFO - Epoch 31: Total Loss=-0.9465
2026-02-23 04:32:06,254 - INFO - Epoch 32: Total Loss=-0.9466
2026-02-23 04:38:56,576 - INFO - Epoch 33: Total Loss=-0.9466
2026-02-23 04:45:42,228 - INFO - Epoch 34: Total Loss=-0.9465
2026-02-23 04:52:30,751 - INFO - Epoch 35: Total Loss=-0.9471
2026-02-23 04:59:11,607 - INFO - Epoch 36: Total Loss=-0.9462
2026-02-23 05:06:03,153 - INFO - Epoch 37: Total Loss=-0.9471
2026-02-23 05:12:49,983 - INFO - Epoch 38: Total Loss=-0.9467
2026-02-23 05:19:40,814 - INFO - Epoch 39: Total Loss=-0.9462
2026-02-23 05:26:26,352 - INFO - Epoch 40: Total Loss=-0.9464
2026-02-23 05:33:08,164 - INFO - Epoch 41: Total Loss=-0.9465
2026-02-23 05:39:56,115 - INFO - Epoch 42: Total Loss=-0.9464
2026-02-23 05:46:47,600 - INFO - Epoch 43: Total Loss=-0.9466
2026-02-23 05:53:31,105 - INFO - Epoch 44: Total Loss=-0.9460
2026-02-23 06:00:20,483 - INFO - Epoch 45: Total Loss=-0.9462
2026-02-23 06:07:10,853 - INFO - Epoch 46: Total Loss=-0.9461
2026-02-23 06:14:01,214 - INFO - Epoch 47: Total Loss=-0.9462
2026-02-23 06:20:53,008 - INFO - Epoch 48: Total Loss=-0.9465
2026-02-23 06:27:39,393 - INFO - Epoch 49: Total Loss=-0.9465
2026-02-23 06:34:29,804 - INFO - Epoch 50: Total Loss=-0.9462
2026-02-23 06:41:17,820 - INFO - Epoch 51: Total Loss=-0.9468
2026-02-23 06:48:02,433 - INFO - Epoch 52: Total Loss=-0.9464
2026-02-23 06:54:45,742 - INFO - Epoch 53: Total Loss=-0.9464
2026-02-23 07:01:36,149 - INFO - Epoch 54: Total Loss=-0.9465
2026-02-23 07:08:26,723 - INFO - Epoch 55: Total Loss=-0.9466
2026-02-23 07:15:12,889 - INFO - Epoch 56: Total Loss=-0.9465
2026-02-23 07:21:59,327 - INFO - Epoch 57: Total Loss=-0.9464
2026-02-23 07:28:46,728 - INFO - Epoch 58: Total Loss=-0.9470
2026-02-23 07:35:37,592 - INFO - Epoch 59: Total Loss=-0.9463
2026-02-23 07:42:19,658 - INFO - Epoch 60: Total Loss=-0.9463
2026-02-23 07:49:09,072 - INFO - Epoch 61: Total Loss=-0.9466
2026-02-23 07:55:59,984 - INFO - Epoch 62: Total Loss=-0.9461
2026-02-23 08:02:48,605 - INFO - Epoch 63: Total Loss=-0.9469
2026-02-23 08:09:33,250 - INFO - Epoch 64: Total Loss=-0.9459
2026-02-23 08:16:18,903 - INFO - Epoch 65: Total Loss=-0.9462
2026-02-23 08:23:06,764 - INFO - Epoch 66: Total Loss=-0.9461
2026-02-23 08:29:58,490 - INFO - Epoch 67: Total Loss=-0.9466
2026-02-23 08:36:44,181 - INFO - Epoch 68: Total Loss=-0.9463
2026-02-23 08:43:33,248 - INFO - Epoch 69: Total Loss=-0.9464
2026-02-23 08:50:25,086 - INFO - Epoch 70: Total Loss=-0.9464
2026-02-23 08:57:05,830 - INFO - Epoch 71: Total Loss=-0.9460
2026-02-23 09:03:46,753 - INFO - Epoch 72: Total Loss=-0.9462
2026-02-23 09:10:28,883 - INFO - Epoch 73: Total Loss=-0.9464
2026-02-23 09:17:19,683 - INFO - Epoch 74: Total Loss=-0.9460
2026-02-23 09:24:01,185 - INFO - Epoch 75: Total Loss=-0.9464
2026-02-23 09:30:49,117 - INFO - Epoch 76: Total Loss=-0.9461
2026-02-23 09:37:38,338 - INFO - Epoch 77: Total Loss=-0.9466
2026-02-23 09:44:22,104 - INFO - Epoch 78: Total Loss=-0.9464
2026-02-23 09:51:12,422 - INFO - Epoch 79: Total Loss=-0.9463
2026-02-23 09:57:55,731 - INFO - Epoch 80: Total Loss=-0.9458
2026-02-23 10:04:45,625 - INFO - Epoch 81: Total Loss=-0.9460
2026-02-23 10:11:29,330 - INFO - Epoch 82: Total Loss=-0.9463
2026-02-23 10:18:12,999 - INFO - Epoch 83: Total Loss=-0.9469
2026-02-23 10:25:01,705 - INFO - Epoch 84: Total Loss=-0.9462
2026-02-23 10:31:49,130 - INFO - Epoch 85: Total Loss=-0.9463
2026-02-23 10:38:31,066 - INFO - Epoch 86: Total Loss=-0.9464
2026-02-23 10:45:17,596 - INFO - Epoch 87: Total Loss=-0.9467
2026-02-23 10:52:05,190 - INFO - Epoch 88: Total Loss=-0.9463
2026-02-23 10:58:55,864 - INFO - Epoch 89: Total Loss=-0.9465
2026-02-23 11:05:47,276 - INFO - Epoch 90: Total Loss=-0.9466
2026-02-23 11:12:36,586 - INFO - Epoch 91: Total Loss=-0.9465
2026-02-23 11:19:23,586 - INFO - Epoch 92: Total Loss=-0.9466
2026-02-23 11:26:09,250 - INFO - Epoch 93: Total Loss=-0.9460
2026-02-23 11:32:57,356 - INFO - Epoch 94: Total Loss=-0.9464
2026-02-23 11:39:42,912 - INFO - Epoch 95: Total Loss=-0.9463
2026-02-23 11:46:28,291 - INFO - Epoch 96: Total Loss=-0.9459
2026-02-23 11:53:16,227 - INFO - Epoch 97: Total Loss=-0.9461
2026-02-23 12:00:06,964 - INFO - Epoch 98: Total Loss=-0.9463
2026-02-23 12:06:54,639 - INFO - Epoch 99: Total Loss=-0.9466
2026-02-23 12:13:39,912 - INFO - Epoch 100: Total Loss=-0.9464
