2026-01-13 20:57:50,854 - INFO - 开始无监督跨模态对比学习训练
2026-01-13 20:57:50,854 - INFO - 命令行参数: {'config': '../DataLoader/config.yaml', 'epochs': 300, 'batch_size': 64, 'lr': 0.001, 'device': 'cuda', 'gpus': '0,1,3', 'num_workers': 4, 'log_dir': '../Log', 'checkpoint_dir': '../Checkpoints', 'freeze_backbone': True, 'lambda_gen': 1.0}
2026-01-13 20:57:50,905 - INFO - 使用的显卡ID: [0, 1, 3]
2026-01-13 20:57:50,905 - INFO - 使用设备: cuda
2026-01-13 20:57:50,906 - INFO - 创建数据加载器...
2026-01-13 20:57:55,027 - INFO - 数据加载器创建完成，训练样本数: 12311, 批次大小: 64, 批次数量: 192
2026-01-13 20:57:55,059 - INFO - 
=== Batch Size 建议 ===
2026-01-13 20:57:55,059 - INFO - 当前设置: batch_size=64, 使用显卡数=3
2026-01-13 20:57:55,059 - INFO - 注意：在multi_view_visual_encoder.py中，实际传入Backbone的图片数量会被放大为 B * N * NUM_NEIGHBOURS
2026-01-13 20:57:55,059 - INFO - 例如：如果N=4, NUM_NEIGHBOURS=5，那么每张显卡需要处理的图片数为: (16 * 4 * 5) / 3 = 106.66666666666667张
2026-01-13 20:57:55,059 - INFO - 
建议：在多卡环境下，您可以将batch size设置为 21 ~ 64
2026-01-13 20:57:55,059 - INFO - 这样每张显卡处理的实际图片数量会更合理，减少显存压力
2026-01-13 20:57:55,059 - INFO - 初始化模型...
2026-01-13 20:57:55,720 - INFO - 是否冻结ResNet Backbone: True
2026-01-13 20:57:55,721 - INFO - 检测到 3 张可用显卡，使用DataParallel...
2026-01-13 20:57:55,724 - INFO - 模型已使用DataParallel包装
2026-01-13 20:57:56,712 - INFO - 开始训练...
2026-01-13 20:57:56,712 - INFO - Epoch 1/300
2026-01-13 21:01:47,227 - INFO - Epoch 1 平均损失: Total=4.2011, Intra=4.1641, Inter=4.1622, Gen=0.0379
2026-01-13 21:01:47,228 - INFO - 当前学习率: 0.001000
2026-01-13 21:01:48,415 - INFO - 新的最优模型已保存，总损失: 4.2011
2026-01-13 21:01:48,415 - INFO - Epoch 2/300
2026-01-13 21:05:35,705 - INFO - Epoch 2 平均损失: Total=5.1138, Intra=4.1600, Inter=4.1610, Gen=0.9533
2026-01-13 21:05:35,705 - INFO - 当前学习率: 0.001000
2026-01-13 21:05:36,352 - INFO - Epoch 3/300
2026-01-13 21:09:22,503 - INFO - Epoch 3 平均损失: Total=4.2736, Intra=4.1598, Inter=4.1615, Gen=0.1130
2026-01-13 21:09:22,503 - INFO - 当前学习率: 0.001000
2026-01-13 21:09:23,142 - INFO - Epoch 4/300
2026-01-13 21:13:09,737 - INFO - Epoch 4 平均损失: Total=4.1906, Intra=4.1511, Inter=4.1617, Gen=0.0342
2026-01-13 21:13:09,738 - INFO - 当前学习率: 0.001000
2026-01-13 21:13:11,026 - INFO - 新的最优模型已保存，总损失: 4.1906
2026-01-13 21:13:11,026 - INFO - Epoch 5/300
2026-01-13 21:16:58,877 - INFO - Epoch 5 平均损失: Total=4.1251, Intra=4.0542, Inter=4.1635, Gen=0.0163
2026-01-13 21:16:58,878 - INFO - 当前学习率: 0.001000
2026-01-13 21:17:00,203 - INFO - 新的最优模型已保存，总损失: 4.1251
2026-01-13 21:17:00,204 - INFO - Epoch 6/300
2026-01-13 21:20:49,583 - INFO - Epoch 6 平均损失: Total=4.1174, Intra=4.0536, Inter=4.1610, Gen=0.0101
2026-01-13 21:20:49,583 - INFO - 当前学习率: 0.001000
2026-01-13 21:20:50,867 - INFO - 新的最优模型已保存，总损失: 4.1174
2026-01-13 21:20:50,867 - INFO - Epoch 7/300
2026-01-13 21:24:40,737 - INFO - Epoch 7 平均损失: Total=4.1147, Intra=4.0527, Inter=4.1623, Gen=0.0072
2026-01-13 21:24:40,738 - INFO - 当前学习率: 0.001000
2026-01-13 21:24:42,126 - INFO - 新的最优模型已保存，总损失: 4.1147
2026-01-13 21:24:42,126 - INFO - Epoch 8/300
2026-01-13 21:28:36,255 - INFO - Epoch 8 平均损失: Total=4.1079, Intra=4.0432, Inter=4.1614, Gen=0.0056
2026-01-13 21:28:36,255 - INFO - 当前学习率: 0.001000
2026-01-13 21:28:37,589 - INFO - 新的最优模型已保存，总损失: 4.1079
2026-01-13 21:28:37,589 - INFO - Epoch 9/300
2026-01-13 21:32:24,395 - INFO - Epoch 9 平均损失: Total=4.0694, Intra=3.9675, Inter=4.1617, Gen=0.0048
2026-01-13 21:32:24,395 - INFO - 当前学习率: 0.001000
2026-01-13 21:32:25,687 - INFO - 新的最优模型已保存，总损失: 4.0694
2026-01-13 21:32:25,688 - INFO - Epoch 10/300
2026-01-13 21:36:18,239 - INFO - Epoch 10 平均损失: Total=4.0629, Intra=3.9542, Inter=4.1604, Gen=0.0056
2026-01-13 21:36:18,239 - INFO - 当前学习率: 0.001000
2026-01-13 21:36:19,528 - INFO - 新的最优模型已保存，总损失: 4.0629
2026-01-13 21:36:19,528 - INFO - Epoch 11/300
2026-01-13 21:40:12,125 - INFO - Epoch 11 平均损失: Total=4.0496, Intra=3.9291, Inter=4.1603, Gen=0.0050
2026-01-13 21:40:12,125 - INFO - 当前学习率: 0.001000
2026-01-13 21:40:13,396 - INFO - 新的最优模型已保存，总损失: 4.0496
2026-01-13 21:40:13,396 - INFO - Epoch 12/300
2026-01-13 21:44:02,840 - INFO - Epoch 12 平均损失: Total=4.0335, Intra=3.8876, Inter=4.1607, Gen=0.0094
2026-01-13 21:44:02,840 - INFO - 当前学习率: 0.001000
2026-01-13 21:44:04,222 - INFO - 新的最优模型已保存，总损失: 4.0335
2026-01-13 21:44:04,222 - INFO - Epoch 13/300
2026-01-13 21:47:53,038 - INFO - Epoch 13 平均损失: Total=4.0227, Intra=3.8598, Inter=4.1603, Gen=0.0127
2026-01-13 21:47:53,039 - INFO - 当前学习率: 0.001000
2026-01-13 21:47:54,342 - INFO - 新的最优模型已保存，总损失: 4.0227
2026-01-13 21:47:54,342 - INFO - Epoch 14/300
2026-01-13 21:51:40,479 - INFO - Epoch 14 平均损失: Total=4.0186, Intra=3.8487, Inter=4.1620, Gen=0.0133
2026-01-13 21:51:40,479 - INFO - 当前学习率: 0.001000
2026-01-13 21:51:41,869 - INFO - 新的最优模型已保存，总损失: 4.0186
2026-01-13 21:51:41,869 - INFO - Epoch 15/300
2026-01-13 21:55:30,238 - INFO - Epoch 15 平均损失: Total=4.0159, Intra=3.8412, Inter=4.1610, Gen=0.0148
2026-01-13 21:55:30,238 - INFO - 当前学习率: 0.001000
2026-01-13 21:55:31,594 - INFO - 新的最优模型已保存，总损失: 4.0159
2026-01-13 21:55:31,594 - INFO - Epoch 16/300
2026-01-13 21:59:19,927 - INFO - Epoch 16 平均损失: Total=4.0077, Intra=3.8304, Inter=4.1604, Gen=0.0123
2026-01-13 21:59:19,927 - INFO - 当前学习率: 0.001000
2026-01-13 21:59:21,300 - INFO - 新的最优模型已保存，总损失: 4.0077
2026-01-13 21:59:21,300 - INFO - Epoch 17/300
2026-01-13 22:03:10,406 - INFO - Epoch 17 平均损失: Total=4.0039, Intra=3.8225, Inter=4.1602, Gen=0.0126
2026-01-13 22:03:10,407 - INFO - 当前学习率: 0.001000
2026-01-13 22:03:11,729 - INFO - 新的最优模型已保存，总损失: 4.0039
2026-01-13 22:03:11,729 - INFO - Epoch 18/300
2026-01-13 22:07:04,557 - INFO - Epoch 18 平均损失: Total=4.0233, Intra=3.8088, Inter=4.1604, Gen=0.0387
2026-01-13 22:07:04,557 - INFO - 当前学习率: 0.001000
2026-01-13 22:07:05,241 - INFO - Epoch 19/300
2026-01-13 22:10:57,493 - INFO - Epoch 19 平均损失: Total=4.0184, Intra=3.8061, Inter=4.1600, Gen=0.0354
2026-01-13 22:10:57,494 - INFO - 当前学习率: 0.001000
2026-01-13 22:11:01,989 - INFO - Epoch 20/300
2026-01-13 22:14:54,867 - INFO - Epoch 20 平均损失: Total=4.0117, Intra=3.7975, Inter=4.1599, Gen=0.0329
2026-01-13 22:14:54,868 - INFO - 当前学习率: 0.001000
2026-01-13 22:14:55,647 - INFO - Epoch 21/300
2026-01-13 22:18:36,798 - INFO - Epoch 21 平均损失: Total=4.0276, Intra=3.8000, Inter=4.1598, Gen=0.0477
2026-01-13 22:18:36,799 - INFO - 当前学习率: 0.001000
2026-01-13 22:18:37,551 - INFO - Epoch 22/300
2026-01-13 22:22:17,722 - INFO - Epoch 22 平均损失: Total=4.0119, Intra=3.7998, Inter=4.1603, Gen=0.0319
2026-01-13 22:22:17,722 - INFO - 当前学习率: 0.001000
2026-01-13 22:22:18,450 - INFO - Epoch 23/300
2026-01-13 22:25:58,360 - INFO - Epoch 23 平均损失: Total=4.0037, Intra=3.8018, Inter=4.1601, Gen=0.0227
2026-01-13 22:25:58,360 - INFO - 当前学习率: 0.000500
2026-01-13 22:25:59,739 - INFO - 新的最优模型已保存，总损失: 4.0037
2026-01-13 22:25:59,739 - INFO - Epoch 24/300
2026-01-13 22:29:46,025 - INFO - Epoch 24 平均损失: Total=3.9902, Intra=3.7951, Inter=4.1600, Gen=0.0127
2026-01-13 22:29:46,025 - INFO - 当前学习率: 0.000500
2026-01-13 22:29:47,554 - INFO - 新的最优模型已保存，总损失: 3.9902
2026-01-13 22:29:47,554 - INFO - Epoch 25/300
2026-01-13 22:33:27,377 - INFO - Epoch 25 平均损失: Total=3.9889, Intra=3.7874, Inter=4.1593, Gen=0.0156
2026-01-13 22:33:27,377 - INFO - 当前学习率: 0.000500
2026-01-13 22:33:28,706 - INFO - 新的最优模型已保存，总损失: 3.9889
2026-01-13 22:33:28,706 - INFO - Epoch 26/300
2026-01-13 22:37:15,042 - INFO - Epoch 26 平均损失: Total=3.9872, Intra=3.7908, Inter=4.1600, Gen=0.0118
2026-01-13 22:37:15,042 - INFO - 当前学习率: 0.000500
2026-01-13 22:37:16,424 - INFO - 新的最优模型已保存，总损失: 3.9872
2026-01-13 22:37:16,424 - INFO - Epoch 27/300
2026-01-13 22:40:59,837 - INFO - Epoch 27 平均损失: Total=3.9892, Intra=3.7918, Inter=4.1599, Gen=0.0134
2026-01-13 22:40:59,838 - INFO - 当前学习率: 0.000500
2026-01-13 22:41:00,595 - INFO - Epoch 28/300
2026-01-13 22:44:51,651 - INFO - Epoch 28 平均损失: Total=3.9825, Intra=3.7867, Inter=4.1597, Gen=0.0093
2026-01-13 22:44:51,652 - INFO - 当前学习率: 0.000500
2026-01-13 22:44:53,106 - INFO - 新的最优模型已保存，总损失: 3.9825
2026-01-13 22:44:53,106 - INFO - Epoch 29/300
2026-01-13 22:48:46,045 - INFO - Epoch 29 平均损失: Total=3.9833, Intra=3.7881, Inter=4.1597, Gen=0.0094
2026-01-13 22:48:46,045 - INFO - 当前学习率: 0.000500
2026-01-13 22:48:46,860 - INFO - Epoch 30/300
2026-01-13 22:52:41,860 - INFO - Epoch 30 平均损失: Total=4.0279, Intra=3.7821, Inter=4.1598, Gen=0.0569
2026-01-13 22:52:41,860 - INFO - 当前学习率: 0.000500
2026-01-13 22:52:42,665 - INFO - Epoch 31/300
2026-01-13 22:56:32,871 - INFO - Epoch 31 平均损失: Total=4.0250, Intra=3.7852, Inter=4.1597, Gen=0.0526
2026-01-13 22:56:32,871 - INFO - 当前学习率: 0.000500
2026-01-13 22:56:33,637 - INFO - Epoch 32/300
2026-01-13 23:00:26,718 - INFO - Epoch 32 平均损失: Total=4.0124, Intra=3.7845, Inter=4.1599, Gen=0.0401
2026-01-13 23:00:26,719 - INFO - 当前学习率: 0.000500
2026-01-13 23:00:27,381 - INFO - Epoch 33/300
2026-01-13 23:04:22,421 - INFO - Epoch 33 平均损失: Total=4.5490, Intra=3.7601, Inter=4.1602, Gen=0.5889
2026-01-13 23:04:22,421 - INFO - 当前学习率: 0.000500
2026-01-13 23:04:23,188 - INFO - Epoch 34/300
2026-01-13 23:08:16,233 - INFO - Epoch 34 平均损失: Total=3.8663, Intra=2.9756, Inter=3.9949, Gen=0.3810
2026-01-13 23:08:16,233 - INFO - 当前学习率: 0.000500
2026-01-13 23:08:17,769 - INFO - 新的最优模型已保存，总损失: 3.8663
2026-01-13 23:08:17,769 - INFO - Epoch 35/300
2026-01-13 23:12:10,411 - INFO - Epoch 35 平均损失: Total=3.0254, Intra=1.7189, Inter=3.4940, Gen=0.4189
2026-01-13 23:12:10,411 - INFO - 当前学习率: 0.000500
2026-01-13 23:12:11,873 - INFO - 新的最优模型已保存，总损失: 3.0254
2026-01-13 23:12:11,873 - INFO - Epoch 36/300
2026-01-13 23:16:04,751 - INFO - Epoch 36 平均损失: Total=2.7907, Intra=1.2558, Inter=3.2243, Gen=0.5506
2026-01-13 23:16:04,751 - INFO - 当前学习率: 0.000500
2026-01-13 23:16:06,179 - INFO - 新的最优模型已保存，总损失: 2.7907
2026-01-13 23:16:06,179 - INFO - Epoch 37/300
2026-01-13 23:20:00,305 - INFO - Epoch 37 平均损失: Total=2.5781, Intra=0.8399, Inter=2.8259, Gen=0.7452
2026-01-13 23:20:00,305 - INFO - 当前学习率: 0.000500
2026-01-13 23:20:01,809 - INFO - 新的最优模型已保存，总损失: 2.5781
2026-01-13 23:20:01,809 - INFO - Epoch 38/300
2026-01-13 23:23:58,344 - INFO - Epoch 38 平均损失: Total=2.3947, Intra=0.6941, Inter=2.6017, Gen=0.7468
2026-01-13 23:23:58,344 - INFO - 当前学习率: 0.000500
2026-01-13 23:23:59,916 - INFO - 新的最优模型已保存，总损失: 2.3947
2026-01-13 23:23:59,917 - INFO - Epoch 39/300
2026-01-13 23:27:53,484 - INFO - Epoch 39 平均损失: Total=2.1955, Intra=0.6500, Inter=2.3209, Gen=0.7101
2026-01-13 23:27:53,484 - INFO - 当前学习率: 0.000500
2026-01-13 23:27:54,932 - INFO - 新的最优模型已保存，总损失: 2.1955
2026-01-13 23:27:54,932 - INFO - Epoch 40/300
2026-01-13 23:31:49,170 - INFO - Epoch 40 平均损失: Total=2.3969, Intra=0.7290, Inter=2.2050, Gen=0.9299
2026-01-13 23:31:49,171 - INFO - 当前学习率: 0.000500
2026-01-13 23:31:49,875 - INFO - Epoch 41/300
2026-01-13 23:35:44,122 - INFO - Epoch 41 平均损失: Total=2.1956, Intra=0.5607, Inter=1.9792, Gen=0.9257
2026-01-13 23:35:44,123 - INFO - 当前学习率: 0.000500
2026-01-13 23:35:44,912 - INFO - Epoch 42/300
2026-01-13 23:39:37,935 - INFO - Epoch 42 平均损失: Total=2.0015, Intra=0.4987, Inter=1.8166, Gen=0.8438
2026-01-13 23:39:37,935 - INFO - 当前学习率: 0.000500
2026-01-13 23:39:39,291 - INFO - 新的最优模型已保存，总损失: 2.0015
2026-01-13 23:39:39,292 - INFO - Epoch 43/300
2026-01-13 23:43:32,827 - INFO - Epoch 43 平均损失: Total=1.9339, Intra=0.4979, Inter=1.7381, Gen=0.8159
2026-01-13 23:43:32,828 - INFO - 当前学习率: 0.000500
2026-01-13 23:43:34,218 - INFO - 新的最优模型已保存，总损失: 1.9339
2026-01-13 23:43:34,218 - INFO - Epoch 44/300
2026-01-13 23:47:28,524 - INFO - Epoch 44 平均损失: Total=1.8776, Intra=0.4507, Inter=1.5851, Gen=0.8597
2026-01-13 23:47:28,524 - INFO - 当前学习率: 0.000500
2026-01-13 23:47:30,041 - INFO - 新的最优模型已保存，总损失: 1.8776
2026-01-13 23:47:30,042 - INFO - Epoch 45/300
2026-01-13 23:51:25,094 - INFO - Epoch 45 平均损失: Total=1.7473, Intra=0.4238, Inter=1.4904, Gen=0.7903
2026-01-13 23:51:25,095 - INFO - 当前学习率: 0.000500
2026-01-13 23:51:26,624 - INFO - 新的最优模型已保存，总损失: 1.7473
2026-01-13 23:51:26,624 - INFO - Epoch 46/300
2026-01-13 23:55:22,687 - INFO - Epoch 46 平均损失: Total=1.6423, Intra=0.4090, Inter=1.4080, Gen=0.7337
2026-01-13 23:55:22,688 - INFO - 当前学习率: 0.000500
2026-01-13 23:55:24,239 - INFO - 新的最优模型已保存，总损失: 1.6423
2026-01-13 23:55:24,240 - INFO - Epoch 47/300
2026-01-13 23:59:20,203 - INFO - Epoch 47 平均损失: Total=1.5441, Intra=0.3888, Inter=1.3215, Gen=0.6889
2026-01-13 23:59:20,204 - INFO - 当前学习率: 0.000500
2026-01-13 23:59:21,572 - INFO - 新的最优模型已保存，总损失: 1.5441
2026-01-13 23:59:21,572 - INFO - Epoch 48/300
2026-01-14 00:03:24,970 - INFO - Epoch 48 平均损失: Total=1.5736, Intra=0.3766, Inter=1.3204, Gen=0.7250
2026-01-14 00:03:24,971 - INFO - 当前学习率: 0.000500
2026-01-14 00:03:25,761 - INFO - Epoch 49/300
2026-01-14 00:07:39,460 - INFO - Epoch 49 平均损失: Total=1.6735, Intra=0.3695, Inter=1.2529, Gen=0.8623
2026-01-14 00:07:39,460 - INFO - 当前学习率: 0.000500
2026-01-14 00:07:40,178 - INFO - Epoch 50/300
2026-01-14 00:11:32,708 - INFO - Epoch 50 平均损失: Total=1.6623, Intra=0.3610, Inter=1.2269, Gen=0.8684
2026-01-14 00:11:32,708 - INFO - 当前学习率: 0.000500
2026-01-14 00:11:33,408 - INFO - Epoch 51/300
2026-01-14 00:15:27,094 - INFO - Epoch 51 平均损失: Total=1.5967, Intra=0.3557, Inter=1.1770, Gen=0.8303
2026-01-14 00:15:27,094 - INFO - 当前学习率: 0.000500
2026-01-14 00:15:27,814 - INFO - Epoch 52/300
2026-01-14 00:19:19,803 - INFO - Epoch 52 平均损失: Total=1.5277, Intra=0.3470, Inter=1.1249, Gen=0.7918
2026-01-14 00:19:19,804 - INFO - 当前学习率: 0.000500
2026-01-14 00:19:21,259 - INFO - 新的最优模型已保存，总损失: 1.5277
2026-01-14 00:19:21,259 - INFO - Epoch 53/300
2026-01-14 00:23:13,575 - INFO - Epoch 53 平均损失: Total=1.4631, Intra=0.3301, Inter=1.0655, Gen=0.7653
2026-01-14 00:23:13,575 - INFO - 当前学习率: 0.000500
2026-01-14 00:23:15,078 - INFO - 新的最优模型已保存，总损失: 1.4631
2026-01-14 00:23:15,079 - INFO - Epoch 54/300
2026-01-14 00:27:06,764 - INFO - Epoch 54 平均损失: Total=1.4382, Intra=0.3419, Inter=1.0673, Gen=0.7336
2026-01-14 00:27:06,765 - INFO - 当前学习率: 0.000500
2026-01-14 00:27:08,124 - INFO - 新的最优模型已保存，总损失: 1.4382
2026-01-14 00:27:08,124 - INFO - Epoch 55/300
2026-01-14 00:31:00,411 - INFO - Epoch 55 平均损失: Total=1.4299, Intra=0.3319, Inter=1.0326, Gen=0.7477
2026-01-14 00:31:00,412 - INFO - 当前学习率: 0.000500
2026-01-14 00:31:01,885 - INFO - 新的最优模型已保存，总损失: 1.4299
2026-01-14 00:31:01,885 - INFO - Epoch 56/300
2026-01-14 00:34:53,151 - INFO - Epoch 56 平均损失: Total=1.4028, Intra=0.3213, Inter=1.0143, Gen=0.7350
2026-01-14 00:34:53,151 - INFO - 当前学习率: 0.000500
2026-01-14 00:34:54,704 - INFO - 新的最优模型已保存，总损失: 1.4028
2026-01-14 00:34:54,704 - INFO - Epoch 57/300
2026-01-14 00:38:49,915 - INFO - Epoch 57 平均损失: Total=1.4666, Intra=0.3643, Inter=1.1105, Gen=0.7293
2026-01-14 00:38:49,916 - INFO - 当前学习率: 0.000500
2026-01-14 00:38:50,742 - INFO - Epoch 58/300
2026-01-14 00:42:43,710 - INFO - Epoch 58 平均损失: Total=1.3983, Intra=0.3247, Inter=1.0082, Gen=0.7319
2026-01-14 00:42:43,711 - INFO - 当前学习率: 0.000500
2026-01-14 00:42:45,216 - INFO - 新的最优模型已保存，总损失: 1.3983
2026-01-14 00:42:45,216 - INFO - Epoch 59/300
2026-01-14 00:46:38,630 - INFO - Epoch 59 平均损失: Total=1.3347, Intra=0.3023, Inter=0.9556, Gen=0.7057
2026-01-14 00:46:38,630 - INFO - 当前学习率: 0.000500
2026-01-14 00:46:40,054 - INFO - 新的最优模型已保存，总损失: 1.3347
2026-01-14 00:46:40,055 - INFO - Epoch 60/300
2026-01-14 00:50:32,171 - INFO - Epoch 60 平均损失: Total=1.4520, Intra=0.3184, Inter=1.0328, Gen=0.7764
2026-01-14 00:50:32,171 - INFO - 当前学习率: 0.000500
2026-01-14 00:50:32,895 - INFO - Epoch 61/300
2026-01-14 00:54:24,944 - INFO - Epoch 61 平均损失: Total=1.4405, Intra=0.3265, Inter=1.0025, Gen=0.7760
2026-01-14 00:54:24,944 - INFO - 当前学习率: 0.000500
2026-01-14 00:54:25,676 - INFO - Epoch 62/300
2026-01-14 00:58:15,694 - INFO - Epoch 62 平均损失: Total=1.3383, Intra=0.3004, Inter=0.9306, Gen=0.7228
2026-01-14 00:58:15,694 - INFO - 当前学习率: 0.000500
2026-01-14 00:58:16,329 - INFO - Epoch 63/300
2026-01-14 01:02:07,462 - INFO - Epoch 63 平均损失: Total=1.2630, Intra=0.2827, Inter=0.8895, Gen=0.6769
2026-01-14 01:02:07,462 - INFO - 当前学习率: 0.000500
2026-01-14 01:02:08,751 - INFO - 新的最优模型已保存，总损失: 1.2630
2026-01-14 01:02:08,752 - INFO - Epoch 64/300
2026-01-14 01:05:57,929 - INFO - Epoch 64 平均损失: Total=1.2619, Intra=0.2881, Inter=0.9037, Gen=0.6660
2026-01-14 01:05:57,929 - INFO - 当前学习率: 0.000500
2026-01-14 01:05:59,241 - INFO - 新的最优模型已保存，总损失: 1.2619
2026-01-14 01:05:59,241 - INFO - Epoch 65/300
2026-01-14 01:09:47,823 - INFO - Epoch 65 平均损失: Total=1.2048, Intra=0.2750, Inter=0.8574, Gen=0.6386
2026-01-14 01:09:47,823 - INFO - 当前学习率: 0.000500
2026-01-14 01:09:49,135 - INFO - 新的最优模型已保存，总损失: 1.2048
2026-01-14 01:09:49,136 - INFO - Epoch 66/300
2026-01-14 01:13:38,318 - INFO - Epoch 66 平均损失: Total=1.1888, Intra=0.2883, Inter=0.8690, Gen=0.6102
2026-01-14 01:13:38,318 - INFO - 当前学习率: 0.000500
2026-01-14 01:13:39,628 - INFO - 新的最优模型已保存，总损失: 1.1888
2026-01-14 01:13:39,628 - INFO - Epoch 67/300
2026-01-14 01:17:29,403 - INFO - Epoch 67 平均损失: Total=1.1247, Intra=0.2731, Inter=0.8257, Gen=0.5753
2026-01-14 01:17:29,403 - INFO - 当前学习率: 0.000500
2026-01-14 01:17:30,678 - INFO - 新的最优模型已保存，总损失: 1.1247
2026-01-14 01:17:30,678 - INFO - Epoch 68/300
2026-01-14 01:21:20,206 - INFO - Epoch 68 平均损失: Total=1.0670, Intra=0.2624, Inter=0.7916, Gen=0.5400
2026-01-14 01:21:20,207 - INFO - 当前学习率: 0.000500
2026-01-14 01:21:21,511 - INFO - 新的最优模型已保存，总损失: 1.0670
2026-01-14 01:21:21,512 - INFO - Epoch 69/300
2026-01-14 01:25:10,441 - INFO - Epoch 69 平均损失: Total=1.0602, Intra=0.2682, Inter=0.7980, Gen=0.5270
2026-01-14 01:25:10,441 - INFO - 当前学习率: 0.000500
2026-01-14 01:25:11,711 - INFO - 新的最优模型已保存，总损失: 1.0602
2026-01-14 01:25:11,712 - INFO - Epoch 70/300
2026-01-14 01:29:01,848 - INFO - Epoch 70 平均损失: Total=1.0377, Intra=0.2643, Inter=0.8046, Gen=0.5033
2026-01-14 01:29:01,848 - INFO - 当前学习率: 0.000500
2026-01-14 01:29:03,102 - INFO - 新的最优模型已保存，总损失: 1.0377
2026-01-14 01:29:03,102 - INFO - Epoch 71/300
2026-01-14 01:32:53,174 - INFO - Epoch 71 平均损失: Total=1.2532, Intra=0.2771, Inter=0.8739, Gen=0.6777
2026-01-14 01:32:53,174 - INFO - 当前学习率: 0.000500
2026-01-14 01:32:53,824 - INFO - Epoch 72/300
2026-01-14 01:36:43,602 - INFO - Epoch 72 平均损失: Total=1.1574, Intra=0.2648, Inter=0.8118, Gen=0.6191
2026-01-14 01:36:43,603 - INFO - 当前学习率: 0.000500
2026-01-14 01:36:44,339 - INFO - Epoch 73/300
2026-01-14 01:40:35,520 - INFO - Epoch 73 平均损失: Total=1.0964, Intra=0.2504, Inter=0.7749, Gen=0.5838
2026-01-14 01:40:35,521 - INFO - 当前学习率: 0.000500
2026-01-14 01:40:36,179 - INFO - Epoch 74/300
2026-01-14 01:44:28,705 - INFO - Epoch 74 平均损失: Total=1.1256, Intra=0.2579, Inter=0.8212, Gen=0.5860
2026-01-14 01:44:28,705 - INFO - 当前学习率: 0.000500
2026-01-14 01:44:29,349 - INFO - Epoch 75/300
2026-01-14 01:48:20,902 - INFO - Epoch 75 平均损失: Total=1.0915, Intra=0.2453, Inter=0.7751, Gen=0.5813
2026-01-14 01:48:20,902 - INFO - 当前学习率: 0.000500
2026-01-14 01:48:21,545 - INFO - Epoch 76/300
2026-01-14 01:52:13,541 - INFO - Epoch 76 平均损失: Total=1.0579, Intra=0.2490, Inter=0.7763, Gen=0.5453
2026-01-14 01:52:13,541 - INFO - 当前学习率: 0.000250
2026-01-14 01:52:14,198 - INFO - Epoch 77/300
2026-01-14 01:56:04,425 - INFO - Epoch 77 平均损失: Total=1.0545, Intra=0.2412, Inter=0.7139, Gen=0.5770
2026-01-14 01:56:04,425 - INFO - 当前学习率: 0.000250
2026-01-14 01:56:05,069 - INFO - Epoch 78/300
2026-01-14 01:59:56,844 - INFO - Epoch 78 平均损失: Total=0.9827, Intra=0.2325, Inter=0.6720, Gen=0.5305
2026-01-14 01:59:56,844 - INFO - 当前学习率: 0.000250
2026-01-14 01:59:58,127 - INFO - 新的最优模型已保存，总损失: 0.9827
2026-01-14 01:59:58,128 - INFO - Epoch 79/300
2026-01-14 02:03:49,585 - INFO - Epoch 79 平均损失: Total=0.9658, Intra=0.2266, Inter=0.6618, Gen=0.5216
2026-01-14 02:03:49,585 - INFO - 当前学习率: 0.000250
2026-01-14 02:03:50,849 - INFO - 新的最优模型已保存，总损失: 0.9658
2026-01-14 02:03:50,849 - INFO - Epoch 80/300
2026-01-14 02:07:42,505 - INFO - Epoch 80 平均损失: Total=1.0053, Intra=0.2507, Inter=0.7149, Gen=0.5225
2026-01-14 02:07:42,505 - INFO - 当前学习率: 0.000250
2026-01-14 02:07:43,160 - INFO - Epoch 81/300
2026-01-14 02:11:32,939 - INFO - Epoch 81 平均损失: Total=1.0346, Intra=0.2687, Inter=0.7614, Gen=0.5196
2026-01-14 02:11:32,940 - INFO - 当前学习率: 0.000250
2026-01-14 02:11:33,583 - INFO - Epoch 82/300
2026-01-14 02:15:25,087 - INFO - Epoch 82 平均损失: Total=0.9918, Intra=0.2409, Inter=0.7130, Gen=0.5149
2026-01-14 02:15:25,088 - INFO - 当前学习率: 0.000250
2026-01-14 02:15:25,734 - INFO - Epoch 83/300
2026-01-14 02:19:17,554 - INFO - Epoch 83 平均损失: Total=1.2955, Intra=0.3815, Inter=0.9176, Gen=0.6459
2026-01-14 02:19:17,555 - INFO - 当前学习率: 0.000250
2026-01-14 02:19:18,200 - INFO - Epoch 84/300
2026-01-14 02:23:11,330 - INFO - Epoch 84 平均损失: Total=1.0020, Intra=0.2242, Inter=0.6627, Gen=0.5585
2026-01-14 02:23:11,330 - INFO - 当前学习率: 0.000250
2026-01-14 02:23:12,002 - INFO - Epoch 85/300
2026-01-14 02:27:03,741 - INFO - Epoch 85 平均损失: Total=0.9927, Intra=0.2229, Inter=0.6389, Gen=0.5618
2026-01-14 02:27:03,741 - INFO - 当前学习率: 0.000125
2026-01-14 02:27:04,394 - INFO - Epoch 86/300
2026-01-14 02:30:54,530 - INFO - Epoch 86 平均损失: Total=0.9472, Intra=0.2152, Inter=0.6102, Gen=0.5346
2026-01-14 02:30:54,530 - INFO - 当前学习率: 0.000125
2026-01-14 02:30:55,820 - INFO - 新的最优模型已保存，总损失: 0.9472
2026-01-14 02:30:55,821 - INFO - Epoch 87/300
2026-01-14 02:34:47,101 - INFO - Epoch 87 平均损失: Total=0.9191, Intra=0.2099, Inter=0.5890, Gen=0.5196
2026-01-14 02:34:47,102 - INFO - 当前学习率: 0.000125
2026-01-14 02:34:48,378 - INFO - 新的最优模型已保存，总损失: 0.9191
2026-01-14 02:34:48,379 - INFO - Epoch 88/300
2026-01-14 02:38:40,389 - INFO - Epoch 88 平均损失: Total=0.9082, Intra=0.2114, Inter=0.5874, Gen=0.5087
2026-01-14 02:38:40,390 - INFO - 当前学习率: 0.000125
2026-01-14 02:38:41,692 - INFO - 新的最优模型已保存，总损失: 0.9082
2026-01-14 02:38:41,692 - INFO - Epoch 89/300
2026-01-14 02:42:33,409 - INFO - Epoch 89 平均损失: Total=0.8963, Intra=0.2128, Inter=0.5862, Gen=0.4968
2026-01-14 02:42:33,410 - INFO - 当前学习率: 0.000125
2026-01-14 02:42:34,697 - INFO - 新的最优模型已保存，总损失: 0.8963
2026-01-14 02:42:34,698 - INFO - Epoch 90/300
2026-01-14 02:46:25,928 - INFO - Epoch 90 平均损失: Total=0.8951, Intra=0.2097, Inter=0.5799, Gen=0.5002
2026-01-14 02:46:25,928 - INFO - 当前学习率: 0.000125
2026-01-14 02:46:27,209 - INFO - 新的最优模型已保存，总损失: 0.8951
2026-01-14 02:46:27,209 - INFO - Epoch 91/300
2026-01-14 02:50:18,013 - INFO - Epoch 91 平均损失: Total=0.8765, Intra=0.2026, Inter=0.5612, Gen=0.4946
2026-01-14 02:50:18,013 - INFO - 当前学习率: 0.000125
2026-01-14 02:50:19,284 - INFO - 新的最优模型已保存，总损失: 0.8765
2026-01-14 02:50:19,284 - INFO - Epoch 92/300
2026-01-14 02:54:10,960 - INFO - Epoch 92 平均损失: Total=0.8716, Intra=0.2064, Inter=0.5716, Gen=0.4827
2026-01-14 02:54:10,960 - INFO - 当前学习率: 0.000125
2026-01-14 02:54:12,239 - INFO - 新的最优模型已保存，总损失: 0.8716
2026-01-14 02:54:12,239 - INFO - Epoch 93/300
2026-01-14 02:58:03,983 - INFO - Epoch 93 平均损失: Total=0.8551, Intra=0.1972, Inter=0.5551, Gen=0.4789
2026-01-14 02:58:03,983 - INFO - 当前学习率: 0.000125
2026-01-14 02:58:05,250 - INFO - 新的最优模型已保存，总损失: 0.8551
2026-01-14 02:58:05,251 - INFO - Epoch 94/300
2026-01-14 03:01:56,682 - INFO - Epoch 94 平均损失: Total=0.8528, Intra=0.2005, Inter=0.5625, Gen=0.4713
2026-01-14 03:01:56,683 - INFO - 当前学习率: 0.000125
2026-01-14 03:01:57,965 - INFO - 新的最优模型已保存，总损失: 0.8528
2026-01-14 03:01:57,965 - INFO - Epoch 95/300
2026-01-14 03:05:49,332 - INFO - Epoch 95 平均损失: Total=0.8376, Intra=0.2026, Inter=0.5551, Gen=0.4588
2026-01-14 03:05:49,332 - INFO - 当前学习率: 0.000125
2026-01-14 03:05:50,608 - INFO - 新的最优模型已保存，总损失: 0.8376
2026-01-14 03:05:50,608 - INFO - Epoch 96/300
2026-01-14 03:09:41,588 - INFO - Epoch 96 平均损失: Total=0.8332, Intra=0.2039, Inter=0.5588, Gen=0.4519
2026-01-14 03:09:41,588 - INFO - 当前学习率: 0.000125
2026-01-14 03:09:42,853 - INFO - 新的最优模型已保存，总损失: 0.8332
2026-01-14 03:09:42,854 - INFO - Epoch 97/300
2026-01-14 03:13:34,458 - INFO - Epoch 97 平均损失: Total=0.8202, Intra=0.2011, Inter=0.5524, Gen=0.4434
2026-01-14 03:13:34,458 - INFO - 当前学习率: 0.000125
2026-01-14 03:13:35,729 - INFO - 新的最优模型已保存，总损失: 0.8202
2026-01-14 03:13:35,729 - INFO - Epoch 98/300
2026-01-14 03:17:27,453 - INFO - Epoch 98 平均损失: Total=0.8164, Intra=0.2010, Inter=0.5544, Gen=0.4387
2026-01-14 03:17:27,454 - INFO - 当前学习率: 0.000125
2026-01-14 03:17:28,724 - INFO - 新的最优模型已保存，总损失: 0.8164
2026-01-14 03:17:28,724 - INFO - Epoch 99/300
2026-01-14 03:21:18,857 - INFO - Epoch 99 平均损失: Total=0.8005, Intra=0.1970, Inter=0.5425, Gen=0.4307
2026-01-14 03:21:18,858 - INFO - 当前学习率: 0.000125
2026-01-14 03:21:20,135 - INFO - 新的最优模型已保存，总损失: 0.8005
2026-01-14 03:21:20,135 - INFO - Epoch 100/300
2026-01-14 03:25:11,579 - INFO - Epoch 100 平均损失: Total=0.7963, Intra=0.1994, Inter=0.5431, Gen=0.4251
2026-01-14 03:25:11,579 - INFO - 当前学习率: 0.000125
2026-01-14 03:25:12,859 - INFO - 新的最优模型已保存，总损失: 0.7963
2026-01-14 03:25:12,860 - INFO - Epoch 101/300
2026-01-14 03:29:04,178 - INFO - Epoch 101 平均损失: Total=0.7874, Intra=0.1988, Inter=0.5362, Gen=0.4199
2026-01-14 03:29:04,178 - INFO - 当前学习率: 0.000125
2026-01-14 03:29:05,455 - INFO - 新的最优模型已保存，总损失: 0.7874
2026-01-14 03:29:05,455 - INFO - Epoch 102/300
2026-01-14 03:32:56,740 - INFO - Epoch 102 平均损失: Total=0.7878, Intra=0.1980, Inter=0.5339, Gen=0.4218
2026-01-14 03:32:56,740 - INFO - 当前学习率: 0.000125
2026-01-14 03:32:57,385 - INFO - Epoch 103/300
2026-01-14 03:36:48,345 - INFO - Epoch 103 平均损失: Total=0.7766, Intra=0.1946, Inter=0.5352, Gen=0.4117
2026-01-14 03:36:48,346 - INFO - 当前学习率: 0.000125
2026-01-14 03:36:49,631 - INFO - 新的最优模型已保存，总损失: 0.7766
2026-01-14 03:36:49,631 - INFO - Epoch 104/300
2026-01-14 03:40:41,160 - INFO - Epoch 104 平均损失: Total=0.7655, Intra=0.1934, Inter=0.5237, Gen=0.4070
2026-01-14 03:40:41,160 - INFO - 当前学习率: 0.000125
2026-01-14 03:40:42,428 - INFO - 新的最优模型已保存，总损失: 0.7655
2026-01-14 03:40:42,428 - INFO - Epoch 105/300
2026-01-14 03:44:33,909 - INFO - Epoch 105 平均损失: Total=0.7649, Intra=0.1957, Inter=0.5304, Gen=0.4019
2026-01-14 03:44:33,909 - INFO - 当前学习率: 0.000125
2026-01-14 03:44:35,180 - INFO - 新的最优模型已保存，总损失: 0.7649
2026-01-14 03:44:35,180 - INFO - Epoch 106/300
2026-01-14 03:48:26,383 - INFO - Epoch 106 平均损失: Total=0.7532, Intra=0.1933, Inter=0.5206, Gen=0.3962
2026-01-14 03:48:26,383 - INFO - 当前学习率: 0.000125
2026-01-14 03:48:27,652 - INFO - 新的最优模型已保存，总损失: 0.7532
2026-01-14 03:48:27,652 - INFO - Epoch 107/300
2026-01-14 03:52:17,569 - INFO - Epoch 107 平均损失: Total=0.7430, Intra=0.1945, Inter=0.5202, Gen=0.3856
2026-01-14 03:52:17,569 - INFO - 当前学习率: 0.000125
2026-01-14 03:52:18,849 - INFO - 新的最优模型已保存，总损失: 0.7430
2026-01-14 03:52:18,849 - INFO - Epoch 108/300
2026-01-14 03:56:08,548 - INFO - Epoch 108 平均损失: Total=0.7490, Intra=0.1962, Inter=0.5367, Gen=0.3825
2026-01-14 03:56:08,549 - INFO - 当前学习率: 0.000125
2026-01-14 03:56:09,192 - INFO - Epoch 109/300
2026-01-14 04:00:00,285 - INFO - Epoch 109 平均损失: Total=0.7279, Intra=0.1899, Inter=0.5090, Gen=0.3784
2026-01-14 04:00:00,285 - INFO - 当前学习率: 0.000125
2026-01-14 04:00:01,570 - INFO - 新的最优模型已保存，总损失: 0.7279
2026-01-14 04:00:01,571 - INFO - Epoch 110/300
2026-01-14 04:03:52,920 - INFO - Epoch 110 平均损失: Total=0.7574, Intra=0.1912, Inter=0.5279, Gen=0.3979
2026-01-14 04:03:52,921 - INFO - 当前学习率: 0.000125
2026-01-14 04:03:53,577 - INFO - Epoch 111/300
2026-01-14 04:07:43,875 - INFO - Epoch 111 平均损失: Total=0.7531, Intra=0.1931, Inter=0.5199, Gen=0.3966
2026-01-14 04:07:43,875 - INFO - 当前学习率: 0.000125
2026-01-14 04:07:44,516 - INFO - Epoch 112/300
2026-01-14 04:11:35,167 - INFO - Epoch 112 平均损失: Total=0.7373, Intra=0.1905, Inter=0.5065, Gen=0.3889
2026-01-14 04:11:35,167 - INFO - 当前学习率: 0.000125
2026-01-14 04:11:35,817 - INFO - Epoch 113/300
2026-01-14 04:15:26,696 - INFO - Epoch 113 平均损失: Total=0.7355, Intra=0.1879, Inter=0.5197, Gen=0.3817
2026-01-14 04:15:26,696 - INFO - 当前学习率: 0.000125
2026-01-14 04:15:27,352 - INFO - Epoch 114/300
2026-01-14 04:19:18,920 - INFO - Epoch 114 平均损失: Total=0.7281, Intra=0.1888, Inter=0.5131, Gen=0.3771
2026-01-14 04:19:18,921 - INFO - 当前学习率: 0.000125
2026-01-14 04:19:19,560 - INFO - Epoch 115/300
2026-01-14 04:23:10,543 - INFO - Epoch 115 平均损失: Total=0.7199, Intra=0.1823, Inter=0.5107, Gen=0.3734
2026-01-14 04:23:10,543 - INFO - 当前学习率: 0.000125
2026-01-14 04:23:11,826 - INFO - 新的最优模型已保存，总损失: 0.7199
2026-01-14 04:23:11,826 - INFO - Epoch 116/300
2026-01-14 04:27:03,762 - INFO - Epoch 116 平均损失: Total=0.7121, Intra=0.1882, Inter=0.5047, Gen=0.3657
2026-01-14 04:27:03,763 - INFO - 当前学习率: 0.000125
2026-01-14 04:27:05,029 - INFO - 新的最优模型已保存，总损失: 0.7121
2026-01-14 04:27:05,029 - INFO - Epoch 117/300
2026-01-14 04:30:55,600 - INFO - Epoch 117 平均损失: Total=0.7161, Intra=0.1897, Inter=0.5105, Gen=0.3660
2026-01-14 04:30:55,600 - INFO - 当前学习率: 0.000125
2026-01-14 04:30:56,249 - INFO - Epoch 118/300
2026-01-14 04:34:47,735 - INFO - Epoch 118 平均损失: Total=0.7168, Intra=0.1844, Inter=0.5238, Gen=0.3627
2026-01-14 04:34:47,735 - INFO - 当前学习率: 0.000125
2026-01-14 04:34:48,388 - INFO - Epoch 119/300
2026-01-14 04:38:39,038 - INFO - Epoch 119 平均损失: Total=0.7018, Intra=0.1856, Inter=0.5026, Gen=0.3577
2026-01-14 04:38:39,038 - INFO - 当前学习率: 0.000125
2026-01-14 04:38:40,295 - INFO - 新的最优模型已保存，总损失: 0.7018
2026-01-14 04:38:40,295 - INFO - Epoch 120/300
2026-01-14 04:42:31,969 - INFO - Epoch 120 平均损失: Total=0.6959, Intra=0.1827, Inter=0.4981, Gen=0.3555
2026-01-14 04:42:31,969 - INFO - 当前学习率: 0.000125
2026-01-14 04:42:33,254 - INFO - 新的最优模型已保存，总损失: 0.6959
2026-01-14 04:42:33,254 - INFO - Epoch 121/300
2026-01-14 04:46:24,296 - INFO - Epoch 121 平均损失: Total=0.6967, Intra=0.1858, Inter=0.4983, Gen=0.3546
2026-01-14 04:46:24,296 - INFO - 当前学习率: 0.000125
2026-01-14 04:46:24,939 - INFO - Epoch 122/300
2026-01-14 04:50:16,604 - INFO - Epoch 122 平均损失: Total=0.6903, Intra=0.1832, Inter=0.4963, Gen=0.3506
2026-01-14 04:50:16,605 - INFO - 当前学习率: 0.000125
2026-01-14 04:50:17,962 - INFO - 新的最优模型已保存，总损失: 0.6903
2026-01-14 04:50:17,962 - INFO - Epoch 123/300
2026-01-14 04:54:09,900 - INFO - Epoch 123 平均损失: Total=0.6858, Intra=0.1813, Inter=0.5024, Gen=0.3440
2026-01-14 04:54:09,900 - INFO - 当前学习率: 0.000125
2026-01-14 04:54:11,162 - INFO - 新的最优模型已保存，总损失: 0.6858
2026-01-14 04:54:11,162 - INFO - Epoch 124/300
2026-01-14 04:58:03,264 - INFO - Epoch 124 平均损失: Total=0.6771, Intra=0.1800, Inter=0.4966, Gen=0.3388
2026-01-14 04:58:03,264 - INFO - 当前学习率: 0.000125
2026-01-14 04:58:04,545 - INFO - 新的最优模型已保存，总损失: 0.6771
2026-01-14 04:58:04,545 - INFO - Epoch 125/300
2026-01-14 05:01:55,232 - INFO - Epoch 125 平均损失: Total=0.6691, Intra=0.1802, Inter=0.4949, Gen=0.3315
2026-01-14 05:01:55,232 - INFO - 当前学习率: 0.000125
2026-01-14 05:01:56,499 - INFO - 新的最优模型已保存，总损失: 0.6691
2026-01-14 05:01:56,499 - INFO - Epoch 126/300
2026-01-14 05:05:47,666 - INFO - Epoch 126 平均损失: Total=0.6564, Intra=0.1813, Inter=0.4811, Gen=0.3251
2026-01-14 05:05:47,666 - INFO - 当前学习率: 0.000125
2026-01-14 05:05:48,950 - INFO - 新的最优模型已保存，总损失: 0.6564
2026-01-14 05:05:48,950 - INFO - Epoch 127/300
2026-01-14 05:09:40,972 - INFO - Epoch 127 平均损失: Total=0.6599, Intra=0.1765, Inter=0.4888, Gen=0.3272
2026-01-14 05:09:40,973 - INFO - 当前学习率: 0.000125
2026-01-14 05:09:41,634 - INFO - Epoch 128/300
2026-01-14 05:13:33,408 - INFO - Epoch 128 平均损失: Total=0.6597, Intra=0.1832, Inter=0.4929, Gen=0.3217
2026-01-14 05:13:33,408 - INFO - 当前学习率: 0.000125
2026-01-14 05:13:34,053 - INFO - Epoch 129/300
2026-01-14 05:17:24,719 - INFO - Epoch 129 平均损失: Total=0.6486, Intra=0.1768, Inter=0.4739, Gen=0.3233
2026-01-14 05:17:24,720 - INFO - 当前学习率: 0.000125
2026-01-14 05:17:25,985 - INFO - 新的最优模型已保存，总损失: 0.6486
2026-01-14 05:17:25,986 - INFO - Epoch 130/300
2026-01-14 05:21:17,139 - INFO - Epoch 130 平均损失: Total=0.6587, Intra=0.1786, Inter=0.5036, Gen=0.3176
2026-01-14 05:21:17,139 - INFO - 当前学习率: 0.000125
2026-01-14 05:21:17,777 - INFO - Epoch 131/300
2026-01-14 05:25:09,566 - INFO - Epoch 131 平均损失: Total=0.6539, Intra=0.1773, Inter=0.4781, Gen=0.3262
2026-01-14 05:25:09,566 - INFO - 当前学习率: 0.000125
2026-01-14 05:25:10,207 - INFO - Epoch 132/300
2026-01-14 05:29:01,687 - INFO - Epoch 132 平均损失: Total=0.6407, Intra=0.1746, Inter=0.4666, Gen=0.3201
2026-01-14 05:29:01,688 - INFO - 当前学习率: 0.000125
2026-01-14 05:29:02,964 - INFO - 新的最优模型已保存，总损失: 0.6407
2026-01-14 05:29:02,964 - INFO - Epoch 133/300
2026-01-14 05:32:53,648 - INFO - Epoch 133 平均损失: Total=0.6400, Intra=0.1765, Inter=0.4692, Gen=0.3171
2026-01-14 05:32:53,649 - INFO - 当前学习率: 0.000125
2026-01-14 05:32:55,026 - INFO - 新的最优模型已保存，总损失: 0.6400
2026-01-14 05:32:55,027 - INFO - Epoch 134/300
2026-01-14 05:36:47,245 - INFO - Epoch 134 平均损失: Total=0.6305, Intra=0.1754, Inter=0.4602, Gen=0.3127
2026-01-14 05:36:47,245 - INFO - 当前学习率: 0.000125
2026-01-14 05:36:48,540 - INFO - 新的最优模型已保存，总损失: 0.6305
2026-01-14 05:36:48,540 - INFO - Epoch 135/300
2026-01-14 05:40:40,081 - INFO - Epoch 135 平均损失: Total=0.6295, Intra=0.1727, Inter=0.4636, Gen=0.3114
2026-01-14 05:40:40,081 - INFO - 当前学习率: 0.000125
2026-01-14 05:40:41,345 - INFO - 新的最优模型已保存，总损失: 0.6295
2026-01-14 05:40:41,345 - INFO - Epoch 136/300
2026-01-14 05:44:33,047 - INFO - Epoch 136 平均损失: Total=0.6290, Intra=0.1767, Inter=0.4716, Gen=0.3049
2026-01-14 05:44:33,047 - INFO - 当前学习率: 0.000125
2026-01-14 05:44:34,321 - INFO - 新的最优模型已保存，总损失: 0.6290
2026-01-14 05:44:34,321 - INFO - Epoch 137/300
2026-01-14 05:48:26,497 - INFO - Epoch 137 平均损失: Total=0.6267, Intra=0.1784, Inter=0.4693, Gen=0.3028
2026-01-14 05:48:26,497 - INFO - 当前学习率: 0.000125
2026-01-14 05:48:27,767 - INFO - 新的最优模型已保存，总损失: 0.6267
2026-01-14 05:48:27,767 - INFO - Epoch 138/300
2026-01-14 05:52:19,173 - INFO - Epoch 138 平均损失: Total=0.6191, Intra=0.1733, Inter=0.4708, Gen=0.2970
2026-01-14 05:52:19,173 - INFO - 当前学习率: 0.000125
2026-01-14 05:52:20,443 - INFO - 新的最优模型已保存，总损失: 0.6191
2026-01-14 05:52:20,443 - INFO - Epoch 139/300
2026-01-14 05:56:10,996 - INFO - Epoch 139 平均损失: Total=0.6113, Intra=0.1728, Inter=0.4608, Gen=0.2945
2026-01-14 05:56:10,996 - INFO - 当前学习率: 0.000125
2026-01-14 05:56:12,278 - INFO - 新的最优模型已保存，总损失: 0.6113
2026-01-14 05:56:12,278 - INFO - Epoch 140/300
2026-01-14 06:00:04,738 - INFO - Epoch 140 平均损失: Total=0.6672, Intra=0.1765, Inter=0.4893, Gen=0.3343
2026-01-14 06:00:04,738 - INFO - 当前学习率: 0.000125
2026-01-14 06:00:05,385 - INFO - Epoch 141/300
2026-01-14 06:03:57,496 - INFO - Epoch 141 平均损失: Total=0.6117, Intra=0.1749, Inter=0.4519, Gen=0.2983
2026-01-14 06:03:57,496 - INFO - 当前学习率: 0.000125
2026-01-14 06:03:58,144 - INFO - Epoch 142/300
2026-01-14 06:07:49,063 - INFO - Epoch 142 平均损失: Total=0.6189, Intra=0.1740, Inter=0.4631, Gen=0.3004
2026-01-14 06:07:49,063 - INFO - 当前学习率: 0.000125
2026-01-14 06:07:49,719 - INFO - Epoch 143/300
2026-01-14 06:11:40,885 - INFO - Epoch 143 平均损失: Total=0.6194, Intra=0.1769, Inter=0.4685, Gen=0.2967
2026-01-14 06:11:40,885 - INFO - 当前学习率: 0.000125
2026-01-14 06:11:41,529 - INFO - Epoch 144/300
2026-01-14 06:15:32,033 - INFO - Epoch 144 平均损失: Total=0.6085, Intra=0.1720, Inter=0.4598, Gen=0.2926
2026-01-14 06:15:32,033 - INFO - 当前学习率: 0.000125
2026-01-14 06:15:33,310 - INFO - 新的最优模型已保存，总损失: 0.6085
2026-01-14 06:15:33,310 - INFO - Epoch 145/300
2026-01-14 06:19:24,223 - INFO - Epoch 145 平均损失: Total=0.5973, Intra=0.1676, Inter=0.4437, Gen=0.2916
2026-01-14 06:19:24,224 - INFO - 当前学习率: 0.000125
2026-01-14 06:19:25,513 - INFO - 新的最优模型已保存，总损失: 0.5973
2026-01-14 06:19:25,513 - INFO - Epoch 146/300
2026-01-14 06:23:15,491 - INFO - Epoch 146 平均损失: Total=0.5986, Intra=0.1688, Inter=0.4565, Gen=0.2860
2026-01-14 06:23:15,491 - INFO - 当前学习率: 0.000125
2026-01-14 06:23:16,137 - INFO - Epoch 147/300
2026-01-14 06:27:06,413 - INFO - Epoch 147 平均损失: Total=0.5912, Intra=0.1690, Inter=0.4415, Gen=0.2859
2026-01-14 06:27:06,413 - INFO - 当前学习率: 0.000125
2026-01-14 06:27:07,687 - INFO - 新的最优模型已保存，总损失: 0.5912
2026-01-14 06:27:07,687 - INFO - Epoch 148/300
2026-01-14 06:30:59,287 - INFO - Epoch 148 平均损失: Total=0.6023, Intra=0.1688, Inter=0.4584, Gen=0.2887
2026-01-14 06:30:59,287 - INFO - 当前学习率: 0.000125
2026-01-14 06:30:59,928 - INFO - Epoch 149/300
2026-01-14 06:34:51,710 - INFO - Epoch 149 平均损失: Total=0.5993, Intra=0.1672, Inter=0.4456, Gen=0.2929
2026-01-14 06:34:51,710 - INFO - 当前学习率: 0.000125
2026-01-14 06:34:52,362 - INFO - Epoch 150/300
2026-01-14 06:38:43,569 - INFO - Epoch 150 平均损失: Total=0.5996, Intra=0.1684, Inter=0.4510, Gen=0.2899
2026-01-14 06:38:43,570 - INFO - 当前学习率: 0.000125
2026-01-14 06:38:44,226 - INFO - Epoch 151/300
2026-01-14 06:42:34,890 - INFO - Epoch 151 平均损失: Total=0.5858, Intra=0.1641, Inter=0.4408, Gen=0.2834
2026-01-14 06:42:34,890 - INFO - 当前学习率: 0.000125
2026-01-14 06:42:36,170 - INFO - 新的最优模型已保存，总损失: 0.5858
2026-01-14 06:42:36,170 - INFO - Epoch 152/300
2026-01-14 06:46:26,808 - INFO - Epoch 152 平均损失: Total=0.5946, Intra=0.1719, Inter=0.4470, Gen=0.2851
2026-01-14 06:46:26,808 - INFO - 当前学习率: 0.000125
2026-01-14 06:46:27,457 - INFO - Epoch 153/300
2026-01-14 06:50:18,816 - INFO - Epoch 153 平均损失: Total=0.5890, Intra=0.1657, Inter=0.4485, Gen=0.2819
2026-01-14 06:50:18,816 - INFO - 当前学习率: 0.000125
2026-01-14 06:50:19,474 - INFO - Epoch 154/300
2026-01-14 06:54:11,574 - INFO - Epoch 154 平均损失: Total=0.5795, Intra=0.1660, Inter=0.4362, Gen=0.2785
2026-01-14 06:54:11,574 - INFO - 当前学习率: 0.000125
2026-01-14 06:54:12,869 - INFO - 新的最优模型已保存，总损失: 0.5795
2026-01-14 06:54:12,870 - INFO - Epoch 155/300
2026-01-14 06:58:04,429 - INFO - Epoch 155 平均损失: Total=0.5827, Intra=0.1663, Inter=0.4490, Gen=0.2750
2026-01-14 06:58:04,429 - INFO - 当前学习率: 0.000125
2026-01-14 06:58:05,070 - INFO - Epoch 156/300
2026-01-14 07:01:58,144 - INFO - Epoch 156 平均损失: Total=0.5843, Intra=0.1709, Inter=0.4575, Gen=0.2701
2026-01-14 07:01:58,144 - INFO - 当前学习率: 0.000125
2026-01-14 07:01:58,800 - INFO - Epoch 157/300
2026-01-14 07:05:48,820 - INFO - Epoch 157 平均损失: Total=0.5728, Intra=0.1654, Inter=0.4406, Gen=0.2698
2026-01-14 07:05:48,821 - INFO - 当前学习率: 0.000125
2026-01-14 07:05:50,081 - INFO - 新的最优模型已保存，总损失: 0.5728
2026-01-14 07:05:50,081 - INFO - Epoch 158/300
2026-01-14 07:09:44,613 - INFO - Epoch 158 平均损失: Total=0.5682, Intra=0.1628, Inter=0.4390, Gen=0.2673
2026-01-14 07:09:44,613 - INFO - 当前学习率: 0.000125
2026-01-14 07:09:45,895 - INFO - 新的最优模型已保存，总损失: 0.5682
2026-01-14 07:09:45,895 - INFO - Epoch 159/300
2026-01-14 07:13:31,016 - INFO - Epoch 159 平均损失: Total=0.5586, Intra=0.1640, Inter=0.4256, Gen=0.2638
2026-01-14 07:13:31,016 - INFO - 当前学习率: 0.000125
2026-01-14 07:13:32,455 - INFO - 新的最优模型已保存，总损失: 0.5586
2026-01-14 07:13:32,455 - INFO - Epoch 160/300
2026-01-14 07:17:24,552 - INFO - Epoch 160 平均损失: Total=0.5980, Intra=0.1733, Inter=0.5015, Gen=0.2606
2026-01-14 07:17:24,553 - INFO - 当前学习率: 0.000125
2026-01-14 07:17:25,220 - INFO - Epoch 161/300
2026-01-14 07:21:15,699 - INFO - Epoch 161 平均损失: Total=0.5635, Intra=0.1687, Inter=0.4437, Gen=0.2573
2026-01-14 07:21:15,699 - INFO - 当前学习率: 0.000125
2026-01-14 07:21:16,377 - INFO - Epoch 162/300
2026-01-14 07:25:03,874 - INFO - Epoch 162 平均损失: Total=0.5684, Intra=0.1729, Inter=0.4405, Gen=0.2618
2026-01-14 07:25:03,874 - INFO - 当前学习率: 0.000125
2026-01-14 07:25:04,633 - INFO - Epoch 163/300
2026-01-14 07:28:56,850 - INFO - Epoch 163 平均损失: Total=0.5606, Intra=0.1653, Inter=0.4395, Gen=0.2582
2026-01-14 07:28:56,851 - INFO - 当前学习率: 0.000125
2026-01-14 07:28:57,518 - INFO - Epoch 164/300
2026-01-14 07:32:50,675 - INFO - Epoch 164 平均损失: Total=0.5524, Intra=0.1638, Inter=0.4302, Gen=0.2553
2026-01-14 07:32:50,675 - INFO - 当前学习率: 0.000125
2026-01-14 07:32:51,980 - INFO - 新的最优模型已保存，总损失: 0.5524
2026-01-14 07:32:51,980 - INFO - Epoch 165/300
2026-01-14 07:36:44,744 - INFO - Epoch 165 平均损失: Total=0.5460, Intra=0.1644, Inter=0.4277, Gen=0.2499
2026-01-14 07:36:44,744 - INFO - 当前学习率: 0.000125
2026-01-14 07:36:46,038 - INFO - 新的最优模型已保存，总损失: 0.5460
2026-01-14 07:36:46,039 - INFO - Epoch 166/300
2026-01-14 07:40:36,401 - INFO - Epoch 166 平均损失: Total=0.5423, Intra=0.1637, Inter=0.4277, Gen=0.2466
2026-01-14 07:40:36,402 - INFO - 当前学习率: 0.000125
2026-01-14 07:40:37,675 - INFO - 新的最优模型已保存，总损失: 0.5423
2026-01-14 07:40:37,675 - INFO - Epoch 167/300
2026-01-14 07:44:29,357 - INFO - Epoch 167 平均损失: Total=0.5334, Intra=0.1626, Inter=0.4163, Gen=0.2440
2026-01-14 07:44:29,357 - INFO - 当前学习率: 0.000125
2026-01-14 07:44:30,667 - INFO - 新的最优模型已保存，总损失: 0.5334
2026-01-14 07:44:30,667 - INFO - Epoch 168/300
2026-01-14 07:48:23,492 - INFO - Epoch 168 平均损失: Total=0.5336, Intra=0.1614, Inter=0.4221, Gen=0.2418
2026-01-14 07:48:23,493 - INFO - 当前学习率: 0.000125
2026-01-14 07:48:24,146 - INFO - Epoch 169/300
2026-01-14 07:52:16,903 - INFO - Epoch 169 平均损失: Total=0.5293, Intra=0.1597, Inter=0.4233, Gen=0.2378
2026-01-14 07:52:16,903 - INFO - 当前学习率: 0.000125
2026-01-14 07:52:18,207 - INFO - 新的最优模型已保存，总损失: 0.5293
2026-01-14 07:52:18,207 - INFO - Epoch 170/300
2026-01-14 07:56:10,159 - INFO - Epoch 170 平均损失: Total=0.5304, Intra=0.1597, Inter=0.4165, Gen=0.2423
2026-01-14 07:56:10,160 - INFO - 当前学习率: 0.000125
2026-01-14 07:56:10,801 - INFO - Epoch 171/300
2026-01-14 08:00:02,664 - INFO - Epoch 171 平均损失: Total=0.5418, Intra=0.1649, Inter=0.4333, Gen=0.2427
2026-01-14 08:00:02,664 - INFO - 当前学习率: 0.000125
2026-01-14 08:00:03,318 - INFO - Epoch 172/300
2026-01-14 08:03:54,489 - INFO - Epoch 172 平均损失: Total=0.5283, Intra=0.1572, Inter=0.4240, Gen=0.2377
2026-01-14 08:03:54,490 - INFO - 当前学习率: 0.000125
2026-01-14 08:03:55,784 - INFO - 新的最优模型已保存，总损失: 0.5283
2026-01-14 08:03:55,784 - INFO - Epoch 173/300
2026-01-14 08:07:49,091 - INFO - Epoch 173 平均损失: Total=0.5208, Intra=0.1564, Inter=0.4146, Gen=0.2353
2026-01-14 08:07:49,091 - INFO - 当前学习率: 0.000125
2026-01-14 08:07:50,556 - INFO - 新的最优模型已保存，总损失: 0.5208
2026-01-14 08:07:50,556 - INFO - Epoch 174/300
2026-01-14 08:11:41,258 - INFO - Epoch 174 平均损失: Total=0.5283, Intra=0.1638, Inter=0.4194, Gen=0.2367
2026-01-14 08:11:41,258 - INFO - 当前学习率: 0.000125
2026-01-14 08:11:41,926 - INFO - Epoch 175/300
2026-01-14 08:15:32,704 - INFO - Epoch 175 平均损失: Total=0.5377, Intra=0.1605, Inter=0.4302, Gen=0.2424
2026-01-14 08:15:32,704 - INFO - 当前学习率: 0.000125
2026-01-14 08:15:33,360 - INFO - Epoch 176/300
2026-01-14 08:19:24,097 - INFO - Epoch 176 平均损失: Total=0.5334, Intra=0.1586, Inter=0.4183, Gen=0.2450
2026-01-14 08:19:24,097 - INFO - 当前学习率: 0.000125
2026-01-14 08:19:24,730 - INFO - Epoch 177/300
2026-01-14 08:23:16,604 - INFO - Epoch 177 平均损失: Total=0.5334, Intra=0.1573, Inter=0.4186, Gen=0.2454
2026-01-14 08:23:16,604 - INFO - 当前学习率: 0.000125
2026-01-14 08:23:17,245 - INFO - Epoch 178/300
2026-01-14 08:27:08,120 - INFO - Epoch 178 平均损失: Total=0.5254, Intra=0.1576, Inter=0.4110, Gen=0.2411
2026-01-14 08:27:08,120 - INFO - 当前学习率: 0.000125
2026-01-14 08:27:08,760 - INFO - Epoch 179/300
2026-01-14 08:31:00,261 - INFO - Epoch 179 平均损失: Total=0.5174, Intra=0.1542, Inter=0.4003, Gen=0.2401
2026-01-14 08:31:00,262 - INFO - 当前学习率: 0.000125
2026-01-14 08:31:01,542 - INFO - 新的最优模型已保存，总损失: 0.5174
2026-01-14 08:31:01,543 - INFO - Epoch 180/300
2026-01-14 08:34:53,021 - INFO - Epoch 180 平均损失: Total=0.5106, Intra=0.1494, Inter=0.3971, Gen=0.2373
2026-01-14 08:34:53,021 - INFO - 当前学习率: 0.000125
2026-01-14 08:34:54,287 - INFO - 新的最优模型已保存，总损失: 0.5106
2026-01-14 08:34:54,287 - INFO - Epoch 181/300
2026-01-14 08:38:44,999 - INFO - Epoch 181 平均损失: Total=0.5164, Intra=0.1556, Inter=0.4061, Gen=0.2355
2026-01-14 08:38:44,999 - INFO - 当前学习率: 0.000125
2026-01-14 08:38:45,655 - INFO - Epoch 182/300
2026-01-14 08:42:36,159 - INFO - Epoch 182 平均损失: Total=0.5354, Intra=0.1566, Inter=0.4034, Gen=0.2554
2026-01-14 08:42:36,160 - INFO - 当前学习率: 0.000125
2026-01-14 08:42:36,808 - INFO - Epoch 183/300
2026-01-14 08:46:28,106 - INFO - Epoch 183 平均损失: Total=0.5299, Intra=0.1545, Inter=0.4072, Gen=0.2491
2026-01-14 08:46:28,106 - INFO - 当前学习率: 0.000125
2026-01-14 08:46:28,754 - INFO - Epoch 184/300
2026-01-14 08:50:20,511 - INFO - Epoch 184 平均损失: Total=0.5200, Intra=0.1541, Inter=0.3946, Gen=0.2457
2026-01-14 08:50:20,511 - INFO - 当前学习率: 0.000125
2026-01-14 08:50:21,150 - INFO - Epoch 185/300
2026-01-14 08:54:12,390 - INFO - Epoch 185 平均损失: Total=0.5206, Intra=0.1570, Inter=0.3994, Gen=0.2423
2026-01-14 08:54:12,390 - INFO - 当前学习率: 0.000125
2026-01-14 08:54:13,035 - INFO - Epoch 186/300
2026-01-14 08:58:04,295 - INFO - Epoch 186 平均损失: Total=0.5153, Intra=0.1559, Inter=0.3926, Gen=0.2410
2026-01-14 08:58:04,295 - INFO - 当前学习率: 0.000063
2026-01-14 08:58:04,935 - INFO - Epoch 187/300
2026-01-14 09:01:55,070 - INFO - Epoch 187 平均损失: Total=0.5092, Intra=0.1552, Inter=0.3823, Gen=0.2404
2026-01-14 09:01:55,071 - INFO - 当前学习率: 0.000063
2026-01-14 09:01:56,368 - INFO - 新的最优模型已保存，总损失: 0.5092
2026-01-14 09:01:56,369 - INFO - Epoch 188/300
2026-01-14 09:05:47,401 - INFO - Epoch 188 平均损失: Total=0.5019, Intra=0.1535, Inter=0.3738, Gen=0.2383
2026-01-14 09:05:47,402 - INFO - 当前学习率: 0.000063
2026-01-14 09:05:48,669 - INFO - 新的最优模型已保存，总损失: 0.5019
2026-01-14 09:05:48,669 - INFO - Epoch 189/300
2026-01-14 09:09:39,976 - INFO - Epoch 189 平均损失: Total=0.4996, Intra=0.1545, Inter=0.3717, Gen=0.2365
2026-01-14 09:09:39,976 - INFO - 当前学习率: 0.000063
2026-01-14 09:09:41,291 - INFO - 新的最优模型已保存，总损失: 0.4996
2026-01-14 09:09:41,291 - INFO - Epoch 190/300
2026-01-14 09:13:31,616 - INFO - Epoch 190 平均损失: Total=0.4996, Intra=0.1517, Inter=0.3796, Gen=0.2340
2026-01-14 09:13:31,617 - INFO - 当前学习率: 0.000063
2026-01-14 09:13:32,270 - INFO - Epoch 191/300
2026-01-14 09:17:23,802 - INFO - Epoch 191 平均损失: Total=0.4947, Intra=0.1513, Inter=0.3695, Gen=0.2343
2026-01-14 09:17:23,803 - INFO - 当前学习率: 0.000063
2026-01-14 09:17:25,083 - INFO - 新的最优模型已保存，总损失: 0.4947
2026-01-14 09:17:25,083 - INFO - Epoch 192/300
2026-01-14 09:21:16,106 - INFO - Epoch 192 平均损失: Total=0.4928, Intra=0.1491, Inter=0.3641, Gen=0.2362
2026-01-14 09:21:16,107 - INFO - 当前学习率: 0.000063
2026-01-14 09:21:17,399 - INFO - 新的最优模型已保存，总损失: 0.4928
2026-01-14 09:21:17,399 - INFO - Epoch 193/300
2026-01-14 09:25:07,923 - INFO - Epoch 193 平均损失: Total=0.4919, Intra=0.1492, Inter=0.3633, Gen=0.2357
2026-01-14 09:25:07,923 - INFO - 当前学习率: 0.000063
2026-01-14 09:25:09,183 - INFO - 新的最优模型已保存，总损失: 0.4919
2026-01-14 09:25:09,183 - INFO - Epoch 194/300
2026-01-14 09:29:01,132 - INFO - Epoch 194 平均损失: Total=0.4942, Intra=0.1526, Inter=0.3700, Gen=0.2329
2026-01-14 09:29:01,132 - INFO - 当前学习率: 0.000063
2026-01-14 09:29:01,770 - INFO - Epoch 195/300
2026-01-14 09:32:52,577 - INFO - Epoch 195 平均损失: Total=0.4805, Intra=0.1446, Inter=0.3533, Gen=0.2316
2026-01-14 09:32:52,577 - INFO - 当前学习率: 0.000063
2026-01-14 09:32:53,854 - INFO - 新的最优模型已保存，总损失: 0.4805
2026-01-14 09:32:53,854 - INFO - Epoch 196/300
2026-01-14 09:36:45,227 - INFO - Epoch 196 平均损失: Total=0.4836, Intra=0.1473, Inter=0.3598, Gen=0.2301
2026-01-14 09:36:45,227 - INFO - 当前学习率: 0.000063
2026-01-14 09:36:45,871 - INFO - Epoch 197/300
2026-01-14 09:40:37,390 - INFO - Epoch 197 平均损失: Total=0.4889, Intra=0.1509, Inter=0.3677, Gen=0.2296
2026-01-14 09:40:37,390 - INFO - 当前学习率: 0.000063
2026-01-14 09:40:38,044 - INFO - Epoch 198/300
2026-01-14 09:44:30,684 - INFO - Epoch 198 平均损失: Total=0.4859, Intra=0.1500, Inter=0.3627, Gen=0.2295
2026-01-14 09:44:30,684 - INFO - 当前学习率: 0.000063
2026-01-14 09:44:31,336 - INFO - Epoch 199/300
2026-01-14 09:48:26,351 - INFO - Epoch 199 平均损失: Total=0.4758, Intra=0.1437, Inter=0.3557, Gen=0.2261
2026-01-14 09:48:26,352 - INFO - 当前学习率: 0.000063
2026-01-14 09:48:27,882 - INFO - 新的最优模型已保存，总损失: 0.4758
2026-01-14 09:48:27,882 - INFO - Epoch 200/300
2026-01-14 09:52:22,563 - INFO - Epoch 200 平均损失: Total=0.4820, Intra=0.1479, Inter=0.3652, Gen=0.2255
2026-01-14 09:52:22,563 - INFO - 当前学习率: 0.000063
2026-01-14 09:52:23,347 - INFO - Epoch 201/300
2026-01-14 09:56:16,337 - INFO - Epoch 201 平均损失: Total=0.4796, Intra=0.1493, Inter=0.3626, Gen=0.2237
2026-01-14 09:56:16,337 - INFO - 当前学习率: 0.000063
2026-01-14 09:56:17,016 - INFO - Epoch 202/300
2026-01-14 10:00:02,359 - INFO - Epoch 202 平均损失: Total=0.4829, Intra=0.1523, Inter=0.3649, Gen=0.2243
2026-01-14 10:00:02,359 - INFO - 当前学习率: 0.000063
2026-01-14 10:00:03,023 - INFO - Epoch 203/300
2026-01-14 10:03:48,146 - INFO - Epoch 203 平均损失: Total=0.4832, Intra=0.1526, Inter=0.3677, Gen=0.2231
2026-01-14 10:03:48,147 - INFO - 当前学习率: 0.000063
2026-01-14 10:03:48,810 - INFO - Epoch 204/300
2026-01-14 10:07:36,499 - INFO - Epoch 204 平均损失: Total=0.4810, Intra=0.1506, Inter=0.3687, Gen=0.2214
2026-01-14 10:07:36,499 - INFO - 当前学习率: 0.000063
2026-01-14 10:07:37,196 - INFO - Epoch 205/300
2026-01-14 10:11:26,606 - INFO - Epoch 205 平均损失: Total=0.4750, Intra=0.1491, Inter=0.3587, Gen=0.2211
2026-01-14 10:11:26,606 - INFO - 当前学习率: 0.000063
2026-01-14 10:11:27,981 - INFO - 新的最优模型已保存，总损失: 0.4750
2026-01-14 10:11:27,981 - INFO - Epoch 206/300
2026-01-14 10:15:13,950 - INFO - Epoch 206 平均损失: Total=0.4726, Intra=0.1468, Inter=0.3576, Gen=0.2204
2026-01-14 10:15:13,950 - INFO - 当前学习率: 0.000063
2026-01-14 10:15:15,295 - INFO - 新的最优模型已保存，总损失: 0.4726
2026-01-14 10:15:15,295 - INFO - Epoch 207/300
2026-01-14 10:18:57,595 - INFO - Epoch 207 平均损失: Total=0.4696, Intra=0.1486, Inter=0.3562, Gen=0.2172
2026-01-14 10:18:57,595 - INFO - 当前学习率: 0.000063
2026-01-14 10:18:58,910 - INFO - 新的最优模型已保存，总损失: 0.4696
2026-01-14 10:18:58,910 - INFO - Epoch 208/300
2026-01-14 10:22:45,608 - INFO - Epoch 208 平均损失: Total=0.4700, Intra=0.1498, Inter=0.3585, Gen=0.2158
2026-01-14 10:22:45,609 - INFO - 当前学习率: 0.000063
2026-01-14 10:22:46,370 - INFO - Epoch 209/300
2026-01-14 10:26:21,980 - INFO - Epoch 209 平均损失: Total=0.4658, Intra=0.1490, Inter=0.3535, Gen=0.2145
2026-01-14 10:26:21,980 - INFO - 当前学习率: 0.000063
2026-01-14 10:26:23,328 - INFO - 新的最优模型已保存，总损失: 0.4658
2026-01-14 10:26:23,329 - INFO - Epoch 210/300
2026-01-14 10:30:04,059 - INFO - Epoch 210 平均损失: Total=0.4584, Intra=0.1414, Inter=0.3485, Gen=0.2135
2026-01-14 10:30:04,059 - INFO - 当前学习率: 0.000063
2026-01-14 10:30:05,376 - INFO - 新的最优模型已保存，总损失: 0.4584
2026-01-14 10:30:05,376 - INFO - Epoch 211/300
2026-01-14 10:33:46,848 - INFO - Epoch 211 平均损失: Total=0.4686, Intra=0.1500, Inter=0.3644, Gen=0.2114
2026-01-14 10:33:46,849 - INFO - 当前学习率: 0.000063
2026-01-14 10:33:47,542 - INFO - Epoch 212/300
2026-01-14 10:37:33,374 - INFO - Epoch 212 平均损失: Total=0.4611, Intra=0.1454, Inter=0.3542, Gen=0.2112
2026-01-14 10:37:33,375 - INFO - 当前学习率: 0.000063
2026-01-14 10:37:34,054 - INFO - Epoch 213/300
2026-01-14 10:41:15,821 - INFO - Epoch 213 平均损失: Total=0.4588, Intra=0.1471, Inter=0.3540, Gen=0.2082
2026-01-14 10:41:15,821 - INFO - 当前学习率: 0.000063
2026-01-14 10:41:16,482 - INFO - Epoch 214/300
2026-01-14 10:44:59,145 - INFO - Epoch 214 平均损失: Total=0.4553, Intra=0.1471, Inter=0.3461, Gen=0.2088
2026-01-14 10:44:59,145 - INFO - 当前学习率: 0.000063
2026-01-14 10:45:00,599 - INFO - 新的最优模型已保存，总损失: 0.4553
2026-01-14 10:45:00,599 - INFO - Epoch 215/300
2026-01-14 10:48:46,130 - INFO - Epoch 215 平均损失: Total=0.4548, Intra=0.1435, Inter=0.3485, Gen=0.2088
2026-01-14 10:48:46,131 - INFO - 当前学习率: 0.000063
2026-01-14 10:48:47,662 - INFO - 新的最优模型已保存，总损失: 0.4548
2026-01-14 10:48:47,663 - INFO - Epoch 216/300
2026-01-14 10:52:40,606 - INFO - Epoch 216 平均损失: Total=0.4580, Intra=0.1461, Inter=0.3531, Gen=0.2084
2026-01-14 10:52:40,606 - INFO - 当前学习率: 0.000063
2026-01-14 10:52:41,280 - INFO - Epoch 217/300
2026-01-14 10:56:28,141 - INFO - Epoch 217 平均损失: Total=0.4510, Intra=0.1443, Inter=0.3444, Gen=0.2067
2026-01-14 10:56:28,141 - INFO - 当前学习率: 0.000063
2026-01-14 10:56:29,454 - INFO - 新的最优模型已保存，总损失: 0.4510
2026-01-14 10:56:29,454 - INFO - Epoch 218/300
2026-01-14 11:00:17,312 - INFO - Epoch 218 平均损失: Total=0.4521, Intra=0.1439, Inter=0.3458, Gen=0.2073
2026-01-14 11:00:17,312 - INFO - 当前学习率: 0.000063
2026-01-14 11:00:17,962 - INFO - Epoch 219/300
2026-01-14 11:04:06,979 - INFO - Epoch 219 平均损失: Total=0.4496, Intra=0.1441, Inter=0.3454, Gen=0.2048
2026-01-14 11:04:06,980 - INFO - 当前学习率: 0.000063
2026-01-14 11:04:08,361 - INFO - 新的最优模型已保存，总损失: 0.4496
2026-01-14 11:04:08,362 - INFO - Epoch 220/300
2026-01-14 11:07:55,129 - INFO - Epoch 220 平均损失: Total=0.4526, Intra=0.1470, Inter=0.3523, Gen=0.2029
2026-01-14 11:07:55,129 - INFO - 当前学习率: 0.000063
2026-01-14 11:07:55,776 - INFO - Epoch 221/300
2026-01-14 11:11:43,529 - INFO - Epoch 221 平均损失: Total=0.4484, Intra=0.1438, Inter=0.3477, Gen=0.2027
2026-01-14 11:11:43,530 - INFO - 当前学习率: 0.000063
2026-01-14 11:11:45,001 - INFO - 新的最优模型已保存，总损失: 0.4484
2026-01-14 11:11:45,001 - INFO - Epoch 222/300
2026-01-14 11:15:27,966 - INFO - Epoch 222 平均损失: Total=0.4471, Intra=0.1446, Inter=0.3454, Gen=0.2021
2026-01-14 11:15:27,967 - INFO - 当前学习率: 0.000063
2026-01-14 11:15:29,624 - INFO - 新的最优模型已保存，总损失: 0.4471
2026-01-14 11:15:29,625 - INFO - Epoch 223/300
2026-01-14 11:19:14,819 - INFO - Epoch 223 平均损失: Total=0.4424, Intra=0.1430, Inter=0.3419, Gen=0.1999
2026-01-14 11:19:14,819 - INFO - 当前学习率: 0.000063
2026-01-14 11:19:16,705 - INFO - 新的最优模型已保存，总损失: 0.4424
2026-01-14 11:19:16,705 - INFO - Epoch 224/300
2026-01-14 11:23:01,532 - INFO - Epoch 224 平均损失: Total=0.4505, Intra=0.1441, Inter=0.3490, Gen=0.2040
2026-01-14 11:23:01,532 - INFO - 当前学习率: 0.000063
2026-01-14 11:23:02,198 - INFO - Epoch 225/300
2026-01-14 11:26:47,795 - INFO - Epoch 225 平均损失: Total=0.4442, Intra=0.1407, Inter=0.3473, Gen=0.2002
2026-01-14 11:26:47,796 - INFO - 当前学习率: 0.000063
2026-01-14 11:26:48,485 - INFO - Epoch 226/300
2026-01-14 11:30:35,778 - INFO - Epoch 226 平均损失: Total=0.4439, Intra=0.1420, Inter=0.3470, Gen=0.1994
2026-01-14 11:30:35,778 - INFO - 当前学习率: 0.000063
2026-01-14 11:30:36,459 - INFO - Epoch 227/300
2026-01-14 11:34:26,528 - INFO - Epoch 227 平均损失: Total=0.4484, Intra=0.1446, Inter=0.3569, Gen=0.1976
2026-01-14 11:34:26,529 - INFO - 当前学习率: 0.000063
2026-01-14 11:34:27,175 - INFO - Epoch 228/300
2026-01-14 11:38:22,660 - INFO - Epoch 228 平均损失: Total=0.4444, Intra=0.1452, Inter=0.3498, Gen=0.1969
2026-01-14 11:38:22,661 - INFO - 当前学习率: 0.000063
2026-01-14 11:38:23,442 - INFO - Epoch 229/300
2026-01-14 11:42:19,709 - INFO - Epoch 229 平均损失: Total=0.4402, Intra=0.1409, Inter=0.3493, Gen=0.1952
2026-01-14 11:42:19,710 - INFO - 当前学习率: 0.000063
2026-01-14 11:42:22,596 - INFO - 新的最优模型已保存，总损失: 0.4402
2026-01-14 11:42:22,596 - INFO - Epoch 230/300
2026-01-14 11:46:14,674 - INFO - Epoch 230 平均损失: Total=0.4361, Intra=0.1433, Inter=0.3413, Gen=0.1938
2026-01-14 11:46:14,674 - INFO - 当前学习率: 0.000063
2026-01-14 11:46:22,697 - INFO - 新的最优模型已保存，总损失: 0.4361
2026-01-14 11:46:22,697 - INFO - Epoch 231/300
2026-01-14 11:50:17,874 - INFO - Epoch 231 平均损失: Total=0.4366, Intra=0.1431, Inter=0.3435, Gen=0.1933
2026-01-14 11:50:17,875 - INFO - 当前学习率: 0.000063
2026-01-14 11:50:18,627 - INFO - Epoch 232/300
2026-01-14 11:54:09,769 - INFO - Epoch 232 平均损失: Total=0.4395, Intra=0.1437, Inter=0.3448, Gen=0.1953
2026-01-14 11:54:09,769 - INFO - 当前学习率: 0.000063
2026-01-14 11:54:11,508 - INFO - Epoch 233/300
2026-01-14 11:58:03,190 - INFO - Epoch 233 平均损失: Total=0.4385, Intra=0.1425, Inter=0.3445, Gen=0.1950
2026-01-14 11:58:03,190 - INFO - 当前学习率: 0.000063
2026-01-14 11:58:03,948 - INFO - Epoch 234/300
2026-01-14 12:01:51,655 - INFO - Epoch 234 平均损失: Total=0.4378, Intra=0.1458, Inter=0.3427, Gen=0.1936
2026-01-14 12:01:51,655 - INFO - 当前学习率: 0.000063
2026-01-14 12:01:53,037 - INFO - Epoch 235/300
2026-01-14 12:05:40,168 - INFO - Epoch 235 平均损失: Total=0.4324, Intra=0.1404, Inter=0.3386, Gen=0.1928
2026-01-14 12:05:40,168 - INFO - 当前学习率: 0.000063
2026-01-14 12:05:44,789 - INFO - 新的最优模型已保存，总损失: 0.4324
2026-01-14 12:05:44,789 - INFO - Epoch 236/300
2026-01-14 12:09:45,315 - INFO - Epoch 236 平均损失: Total=0.4405, Intra=0.1428, Inter=0.3543, Gen=0.1920
2026-01-14 12:09:45,315 - INFO - 当前学习率: 0.000063
2026-01-14 12:09:47,361 - INFO - Epoch 237/300
2026-01-14 12:13:45,429 - INFO - Epoch 237 平均损失: Total=0.4320, Intra=0.1424, Inter=0.3409, Gen=0.1904
2026-01-14 12:13:45,429 - INFO - 当前学习率: 0.000063
2026-01-14 12:13:50,706 - INFO - 新的最优模型已保存，总损失: 0.4320
2026-01-14 12:13:50,707 - INFO - Epoch 238/300
2026-01-14 12:17:37,798 - INFO - Epoch 238 平均损失: Total=0.4307, Intra=0.1368, Inter=0.3473, Gen=0.1887
2026-01-14 12:17:37,798 - INFO - 当前学习率: 0.000063
2026-01-14 12:17:43,012 - INFO - 新的最优模型已保存，总损失: 0.4307
2026-01-14 12:17:43,012 - INFO - Epoch 239/300
2026-01-14 12:21:30,190 - INFO - Epoch 239 平均损失: Total=0.4313, Intra=0.1443, Inter=0.3405, Gen=0.1889
2026-01-14 12:21:30,190 - INFO - 当前学习率: 0.000063
2026-01-14 12:21:32,127 - INFO - Epoch 240/300
2026-01-14 12:25:20,501 - INFO - Epoch 240 平均损失: Total=0.4221, Intra=0.1399, Inter=0.3302, Gen=0.1870
2026-01-14 12:25:20,502 - INFO - 当前学习率: 0.000063
2026-01-14 12:25:24,387 - INFO - 新的最优模型已保存，总损失: 0.4221
2026-01-14 12:25:24,387 - INFO - Epoch 241/300
2026-01-14 12:29:12,171 - INFO - Epoch 241 平均损失: Total=0.4236, Intra=0.1410, Inter=0.3343, Gen=0.1859
2026-01-14 12:29:12,171 - INFO - 当前学习率: 0.000063
2026-01-14 12:29:14,740 - INFO - Epoch 242/300
2026-01-14 12:33:03,031 - INFO - Epoch 242 平均损失: Total=0.4292, Intra=0.1458, Inter=0.3434, Gen=0.1847
2026-01-14 12:33:03,031 - INFO - 当前学习率: 0.000063
2026-01-14 12:33:05,495 - INFO - Epoch 243/300
2026-01-14 12:36:52,993 - INFO - Epoch 243 平均损失: Total=0.4360, Intra=0.1449, Inter=0.3547, Gen=0.1862
2026-01-14 12:36:52,994 - INFO - 当前学习率: 0.000063
2026-01-14 12:36:56,088 - INFO - Epoch 244/300
2026-01-14 12:40:43,672 - INFO - Epoch 244 平均损失: Total=0.4225, Intra=0.1390, Inter=0.3380, Gen=0.1841
2026-01-14 12:40:43,672 - INFO - 当前学习率: 0.000063
2026-01-14 12:40:45,517 - INFO - Epoch 245/300
2026-01-14 12:44:33,004 - INFO - Epoch 245 平均损失: Total=0.4206, Intra=0.1392, Inter=0.3346, Gen=0.1837
2026-01-14 12:44:33,004 - INFO - 当前学习率: 0.000063
2026-01-14 12:44:37,536 - INFO - 新的最优模型已保存，总损失: 0.4206
2026-01-14 12:44:37,536 - INFO - Epoch 246/300
2026-01-14 12:48:27,072 - INFO - Epoch 246 平均损失: Total=0.4291, Intra=0.1419, Inter=0.3435, Gen=0.1865
2026-01-14 12:48:27,073 - INFO - 当前学习率: 0.000063
2026-01-14 12:48:29,044 - INFO - Epoch 247/300
2026-01-14 12:52:17,206 - INFO - Epoch 247 平均损失: Total=0.4218, Intra=0.1387, Inter=0.3263, Gen=0.1892
2026-01-14 12:52:17,206 - INFO - 当前学习率: 0.000063
2026-01-14 12:52:19,742 - INFO - Epoch 248/300
2026-01-14 12:56:08,805 - INFO - Epoch 248 平均损失: Total=0.4193, Intra=0.1391, Inter=0.3278, Gen=0.1859
2026-01-14 12:56:08,806 - INFO - 当前学习率: 0.000063
2026-01-14 12:56:13,271 - INFO - 新的最优模型已保存，总损失: 0.4193
2026-01-14 12:56:13,272 - INFO - Epoch 249/300
2026-01-14 13:00:00,808 - INFO - Epoch 249 平均损失: Total=0.4180, Intra=0.1384, Inter=0.3278, Gen=0.1849
2026-01-14 13:00:00,808 - INFO - 当前学习率: 0.000063
2026-01-14 13:00:05,459 - INFO - 新的最优模型已保存，总损失: 0.4180
2026-01-14 13:00:05,459 - INFO - Epoch 250/300
2026-01-14 13:03:53,820 - INFO - Epoch 250 平均损失: Total=0.4173, Intra=0.1371, Inter=0.3253, Gen=0.1861
2026-01-14 13:03:53,821 - INFO - 当前学习率: 0.000063
2026-01-14 13:03:57,961 - INFO - 新的最优模型已保存，总损失: 0.4173
2026-01-14 13:03:57,961 - INFO - Epoch 251/300
2026-01-14 13:07:44,843 - INFO - Epoch 251 平均损失: Total=0.4161, Intra=0.1392, Inter=0.3252, Gen=0.1839
2026-01-14 13:07:44,843 - INFO - 当前学习率: 0.000063
2026-01-14 13:07:50,126 - INFO - 新的最优模型已保存，总损失: 0.4161
2026-01-14 13:07:50,126 - INFO - Epoch 252/300
2026-01-14 13:11:38,919 - INFO - Epoch 252 平均损失: Total=0.4102, Intra=0.1346, Inter=0.3194, Gen=0.1832
2026-01-14 13:11:38,920 - INFO - 当前学习率: 0.000063
2026-01-14 13:11:45,929 - INFO - 新的最优模型已保存，总损失: 0.4102
2026-01-14 13:11:45,929 - INFO - Epoch 253/300
2026-01-14 13:15:34,221 - INFO - Epoch 253 平均损失: Total=0.4151, Intra=0.1403, Inter=0.3262, Gen=0.1819
2026-01-14 13:15:34,221 - INFO - 当前学习率: 0.000063
2026-01-14 13:15:36,894 - INFO - Epoch 254/300
2026-01-14 13:19:27,910 - INFO - Epoch 254 平均损失: Total=0.4133, Intra=0.1404, Inter=0.3242, Gen=0.1811
2026-01-14 13:19:27,910 - INFO - 当前学习率: 0.000063
2026-01-14 13:19:31,489 - INFO - Epoch 255/300
2026-01-14 13:23:21,677 - INFO - Epoch 255 平均损失: Total=0.4150, Intra=0.1393, Inter=0.3305, Gen=0.1801
2026-01-14 13:23:21,677 - INFO - 当前学习率: 0.000063
2026-01-14 13:23:25,326 - INFO - Epoch 256/300
2026-01-14 13:27:13,482 - INFO - Epoch 256 平均损失: Total=0.4134, Intra=0.1399, Inter=0.3284, Gen=0.1792
2026-01-14 13:27:13,482 - INFO - 当前学习率: 0.000063
2026-01-14 13:27:15,681 - INFO - Epoch 257/300
2026-01-14 13:31:05,465 - INFO - Epoch 257 平均损失: Total=0.4144, Intra=0.1379, Inter=0.3351, Gen=0.1779
2026-01-14 13:31:05,466 - INFO - 当前学习率: 0.000063
2026-01-14 13:31:08,517 - INFO - Epoch 258/300
2026-01-14 13:34:57,410 - INFO - Epoch 258 平均损失: Total=0.4094, Intra=0.1366, Inter=0.3274, Gen=0.1774
2026-01-14 13:34:57,410 - INFO - 当前学习率: 0.000063
2026-01-14 13:35:01,892 - INFO - 新的最优模型已保存，总损失: 0.4094
2026-01-14 13:35:01,892 - INFO - Epoch 259/300
2026-01-14 13:38:49,458 - INFO - Epoch 259 平均损失: Total=0.4178, Intra=0.1418, Inter=0.3414, Gen=0.1762
2026-01-14 13:38:49,459 - INFO - 当前学习率: 0.000063
2026-01-14 13:38:52,530 - INFO - Epoch 260/300
2026-01-14 13:42:40,776 - INFO - Epoch 260 平均损失: Total=0.4158, Intra=0.1398, Inter=0.3366, Gen=0.1776
2026-01-14 13:42:40,776 - INFO - 当前学习率: 0.000063
2026-01-14 13:42:43,929 - INFO - Epoch 261/300
2026-01-14 13:46:31,615 - INFO - Epoch 261 平均损失: Total=0.4045, Intra=0.1345, Inter=0.3228, Gen=0.1759
2026-01-14 13:46:31,616 - INFO - 当前学习率: 0.000063
2026-01-14 13:46:38,832 - INFO - 新的最优模型已保存，总损失: 0.4045
2026-01-14 13:46:38,832 - INFO - Epoch 262/300
2026-01-14 13:50:26,499 - INFO - Epoch 262 平均损失: Total=0.4055, Intra=0.1364, Inter=0.3256, Gen=0.1745
2026-01-14 13:50:26,499 - INFO - 当前学习率: 0.000063
2026-01-14 13:50:29,950 - INFO - Epoch 263/300
2026-01-14 13:54:18,809 - INFO - Epoch 263 平均损失: Total=0.3998, Intra=0.1355, Inter=0.3158, Gen=0.1742
2026-01-14 13:54:18,809 - INFO - 当前学习率: 0.000063
2026-01-14 13:54:24,768 - INFO - 新的最优模型已保存，总损失: 0.3998
2026-01-14 13:54:24,768 - INFO - Epoch 264/300
2026-01-14 13:58:15,871 - INFO - Epoch 264 平均损失: Total=0.4027, Intra=0.1359, Inter=0.3239, Gen=0.1728
2026-01-14 13:58:15,871 - INFO - 当前学习率: 0.000063
2026-01-14 13:58:18,855 - INFO - Epoch 265/300
2026-01-14 14:02:10,729 - INFO - Epoch 265 平均损失: Total=0.4051, Intra=0.1348, Inter=0.3320, Gen=0.1717
2026-01-14 14:02:10,730 - INFO - 当前学习率: 0.000063
2026-01-14 14:02:14,872 - INFO - Epoch 266/300
2026-01-14 14:06:06,023 - INFO - Epoch 266 平均损失: Total=0.3966, Intra=0.1338, Inter=0.3182, Gen=0.1706
2026-01-14 14:06:06,023 - INFO - 当前学习率: 0.000063
2026-01-14 14:06:15,778 - INFO - 新的最优模型已保存，总损失: 0.3966
2026-01-14 14:06:15,778 - INFO - Epoch 267/300
2026-01-14 14:10:06,438 - INFO - Epoch 267 平均损失: Total=0.4023, Intra=0.1408, Inter=0.3270, Gen=0.1685
2026-01-14 14:10:06,438 - INFO - 当前学习率: 0.000063
2026-01-14 14:10:09,738 - INFO - Epoch 268/300
2026-01-14 14:14:00,830 - INFO - Epoch 268 平均损失: Total=0.4014, Intra=0.1387, Inter=0.3241, Gen=0.1701
2026-01-14 14:14:00,830 - INFO - 当前学习率: 0.000063
2026-01-14 14:14:06,279 - INFO - Epoch 269/300
2026-01-14 14:17:57,242 - INFO - Epoch 269 平均损失: Total=0.3991, Intra=0.1359, Inter=0.3224, Gen=0.1699
2026-01-14 14:17:57,243 - INFO - 当前学习率: 0.000063
2026-01-14 14:18:00,990 - INFO - Epoch 270/300
2026-01-14 14:21:51,558 - INFO - Epoch 270 平均损失: Total=0.3937, Intra=0.1366, Inter=0.3138, Gen=0.1685
2026-01-14 14:21:51,558 - INFO - 当前学习率: 0.000063
2026-01-14 14:21:58,551 - INFO - 新的最优模型已保存，总损失: 0.3937
2026-01-14 14:21:58,551 - INFO - Epoch 271/300
2026-01-14 14:25:48,526 - INFO - Epoch 271 平均损失: Total=0.4001, Intra=0.1353, Inter=0.3283, Gen=0.1683
2026-01-14 14:25:48,526 - INFO - 当前学习率: 0.000063
2026-01-14 14:25:51,757 - INFO - Epoch 272/300
2026-01-14 14:29:42,220 - INFO - Epoch 272 平均损失: Total=0.3992, Intra=0.1386, Inter=0.3252, Gen=0.1673
2026-01-14 14:29:42,221 - INFO - 当前学习率: 0.000063
2026-01-14 14:29:46,947 - INFO - Epoch 273/300
2026-01-14 14:33:37,482 - INFO - Epoch 273 平均损失: Total=0.3890, Intra=0.1340, Inter=0.3125, Gen=0.1658
2026-01-14 14:33:37,483 - INFO - 当前学习率: 0.000063
2026-01-14 14:33:44,696 - INFO - 新的最优模型已保存，总损失: 0.3890
2026-01-14 14:33:44,696 - INFO - Epoch 274/300
2026-01-14 14:37:35,078 - INFO - Epoch 274 平均损失: Total=0.3993, Intra=0.1391, Inter=0.3289, Gen=0.1652
2026-01-14 14:37:35,078 - INFO - 当前学习率: 0.000063
2026-01-14 14:37:37,527 - INFO - Epoch 275/300
2026-01-14 14:41:29,307 - INFO - Epoch 275 平均损失: Total=0.3904, Intra=0.1344, Inter=0.3171, Gen=0.1646
2026-01-14 14:41:29,308 - INFO - 当前学习率: 0.000063
2026-01-14 14:41:32,346 - INFO - Epoch 276/300
2026-01-14 14:45:24,511 - INFO - Epoch 276 平均损失: Total=0.3912, Intra=0.1353, Inter=0.3182, Gen=0.1645
2026-01-14 14:45:24,511 - INFO - 当前学习率: 0.000063
2026-01-14 14:45:27,162 - INFO - Epoch 277/300
2026-01-14 14:49:19,216 - INFO - Epoch 277 平均损失: Total=0.3929, Intra=0.1372, Inter=0.3226, Gen=0.1630
2026-01-14 14:49:19,216 - INFO - 当前学习率: 0.000063
2026-01-14 14:49:21,380 - INFO - Epoch 278/300
2026-01-14 14:53:13,429 - INFO - Epoch 278 平均损失: Total=0.3871, Intra=0.1294, Inter=0.3173, Gen=0.1638
2026-01-14 14:53:13,429 - INFO - 当前学习率: 0.000063
2026-01-14 14:53:18,538 - INFO - 新的最优模型已保存，总损失: 0.3871
2026-01-14 14:53:18,538 - INFO - Epoch 279/300
2026-01-14 14:57:10,644 - INFO - Epoch 279 平均损失: Total=0.3871, Intra=0.1331, Inter=0.3143, Gen=0.1634
2026-01-14 14:57:10,644 - INFO - 当前学习率: 0.000063
2026-01-14 14:57:14,093 - INFO - Epoch 280/300
2026-01-14 15:01:06,101 - INFO - Epoch 280 平均损失: Total=0.3825, Intra=0.1322, Inter=0.3139, Gen=0.1594
2026-01-14 15:01:06,101 - INFO - 当前学习率: 0.000063
2026-01-14 15:01:12,451 - INFO - 新的最优模型已保存，总损失: 0.3825
2026-01-14 15:01:12,451 - INFO - Epoch 281/300
2026-01-14 15:05:03,982 - INFO - Epoch 281 平均损失: Total=0.3883, Intra=0.1362, Inter=0.3198, Gen=0.1602
2026-01-14 15:05:03,982 - INFO - 当前学习率: 0.000063
2026-01-14 15:05:06,660 - INFO - Epoch 282/300
2026-01-14 15:08:57,482 - INFO - Epoch 282 平均损失: Total=0.3793, Intra=0.1313, Inter=0.3117, Gen=0.1578
2026-01-14 15:08:57,482 - INFO - 当前学习率: 0.000063
2026-01-14 15:09:04,307 - INFO - 新的最优模型已保存，总损失: 0.3793
2026-01-14 15:09:04,308 - INFO - Epoch 283/300
2026-01-14 15:12:55,370 - INFO - Epoch 283 平均损失: Total=0.3848, Intra=0.1346, Inter=0.3198, Gen=0.1576
2026-01-14 15:12:55,370 - INFO - 当前学习率: 0.000063
2026-01-14 15:12:59,732 - INFO - Epoch 284/300
2026-01-14 15:17:00,674 - INFO - Epoch 284 平均损失: Total=0.3845, Intra=0.1370, Inter=0.3209, Gen=0.1555
2026-01-14 15:17:00,675 - INFO - 当前学习率: 0.000063
2026-01-14 15:17:02,892 - INFO - Epoch 285/300
2026-01-14 15:20:50,906 - INFO - Epoch 285 平均损失: Total=0.3742, Intra=0.1321, Inter=0.3066, Gen=0.1549
2026-01-14 15:20:50,906 - INFO - 当前学习率: 0.000063
2026-01-14 15:20:56,768 - INFO - 新的最优模型已保存，总损失: 0.3742
2026-01-14 15:20:56,768 - INFO - Epoch 286/300
2026-01-14 15:24:46,590 - INFO - Epoch 286 平均损失: Total=0.3834, Intra=0.1347, Inter=0.3201, Gen=0.1560
2026-01-14 15:24:46,590 - INFO - 当前学习率: 0.000063
2026-01-14 15:24:48,271 - INFO - Epoch 287/300
2026-01-14 15:28:37,643 - INFO - Epoch 287 平均损失: Total=0.3777, Intra=0.1283, Inter=0.3145, Gen=0.1563
2026-01-14 15:28:37,644 - INFO - 当前学习率: 0.000063
2026-01-14 15:28:40,980 - INFO - Epoch 288/300
2026-01-14 15:32:29,751 - INFO - Epoch 288 平均损失: Total=0.3788, Intra=0.1330, Inter=0.3147, Gen=0.1549
2026-01-14 15:32:29,751 - INFO - 当前学习率: 0.000063
2026-01-14 15:32:31,942 - INFO - Epoch 289/300
2026-01-14 15:36:29,879 - INFO - Epoch 289 平均损失: Total=0.3744, Intra=0.1300, Inter=0.3115, Gen=0.1536
2026-01-14 15:36:29,880 - INFO - 当前学习率: 0.000063
2026-01-14 15:36:33,534 - INFO - Epoch 290/300
2026-01-14 15:40:26,612 - INFO - Epoch 290 平均损失: Total=0.3746, Intra=0.1325, Inter=0.3103, Gen=0.1531
2026-01-14 15:40:26,612 - INFO - 当前学习率: 0.000063
2026-01-14 15:40:29,420 - INFO - Epoch 291/300
2026-01-14 15:44:16,709 - INFO - Epoch 291 平均损失: Total=0.3714, Intra=0.1300, Inter=0.3099, Gen=0.1515
2026-01-14 15:44:16,709 - INFO - 当前学习率: 0.000063
2026-01-14 15:44:22,184 - INFO - 新的最优模型已保存，总损失: 0.3714
2026-01-14 15:44:22,184 - INFO - Epoch 292/300
2026-01-14 15:48:10,336 - INFO - Epoch 292 平均损失: Total=0.3716, Intra=0.1322, Inter=0.3082, Gen=0.1514
2026-01-14 15:48:10,336 - INFO - 当前学习率: 0.000063
2026-01-14 15:48:12,451 - INFO - Epoch 293/300
2026-01-14 15:52:00,512 - INFO - Epoch 293 平均损失: Total=0.3733, Intra=0.1333, Inter=0.3139, Gen=0.1497
2026-01-14 15:52:00,512 - INFO - 当前学习率: 0.000063
2026-01-14 15:52:02,649 - INFO - Epoch 294/300
2026-01-14 15:55:51,187 - INFO - Epoch 294 平均损失: Total=0.3708, Intra=0.1315, Inter=0.3137, Gen=0.1482
2026-01-14 15:55:51,187 - INFO - 当前学习率: 0.000063
2026-01-14 15:55:57,662 - INFO - 新的最优模型已保存，总损失: 0.3708
2026-01-14 15:55:57,662 - INFO - Epoch 295/300
2026-01-14 15:59:47,090 - INFO - Epoch 295 平均损失: Total=0.3670, Intra=0.1314, Inter=0.3097, Gen=0.1465
2026-01-14 15:59:47,090 - INFO - 当前学习率: 0.000063
2026-01-14 15:59:53,654 - INFO - 新的最优模型已保存，总损失: 0.3670
2026-01-14 15:59:53,654 - INFO - Epoch 296/300
2026-01-14 16:03:42,730 - INFO - Epoch 296 平均损失: Total=0.3803, Intra=0.1368, Inter=0.3279, Gen=0.1480
2026-01-14 16:03:42,730 - INFO - 当前学习率: 0.000063
2026-01-14 16:03:44,882 - INFO - Epoch 297/300
2026-01-14 16:07:33,692 - INFO - Epoch 297 平均损失: Total=0.3662, Intra=0.1312, Inter=0.3055, Gen=0.1479
2026-01-14 16:07:33,693 - INFO - 当前学习率: 0.000063
2026-01-14 16:07:46,704 - INFO - 新的最优模型已保存，总损失: 0.3662
2026-01-14 16:07:46,704 - INFO - Epoch 298/300
2026-01-14 16:11:38,874 - INFO - Epoch 298 平均损失: Total=0.3676, Intra=0.1297, Inter=0.3118, Gen=0.1469
2026-01-14 16:11:38,874 - INFO - 当前学习率: 0.000063
2026-01-14 16:11:40,975 - INFO - Epoch 299/300
2026-01-14 16:15:26,555 - INFO - Epoch 299 平均损失: Total=0.3642, Intra=0.1321, Inter=0.3058, Gen=0.1453
2026-01-14 16:15:26,556 - INFO - 当前学习率: 0.000063
2026-01-14 16:15:32,336 - INFO - 新的最优模型已保存，总损失: 0.3642
2026-01-14 16:15:32,336 - INFO - Epoch 300/300
2026-01-14 16:19:24,015 - INFO - Epoch 300 平均损失: Total=0.3851, Intra=0.1353, Inter=0.3458, Gen=0.1446
2026-01-14 16:19:24,015 - INFO - 当前学习率: 0.000063
2026-01-14 16:19:26,216 - INFO - 训练完成
2026-01-14 16:19:26,216 - INFO - 最优模型总损失: 0.3642
2026-01-14 16:19:26,216 - INFO - 日志保存位置: ../Log/2026-01-13_20-57-50
2026-01-14 16:19:26,216 - INFO - 模型检查点保存位置: ../Checkpoints/2026-01-13_20-57-50
2026-01-14 16:19:26,216 - INFO - 
=== 点云加载最终统计信息 ===
2026-01-14 16:19:26,216 - INFO - 总尝试加载次数: 0
2026-01-14 16:19:26,216 - INFO - 加载失败次数: 0
