2026-01-19 14:48:26,994 - INFO - 开始无监督跨模态对比学习训练
2026-01-19 14:48:26,995 - INFO - 命令行参数: {'config': '../DataLoader/config.yaml', 'epochs': 300, 'batch_size': 8, 'lr': 0.001, 'device': 'cuda', 'gpus': '1,2,3', 'num_workers': 4, 'log_dir': '../Log', 'checkpoint_dir': '../Checkpoints', 'freeze_backbone': True, 'lambda_gen': 1.0}
2026-01-19 14:48:27,017 - INFO - 使用的显卡ID: [1, 2, 3]
2026-01-19 14:48:27,018 - INFO - 使用设备: cuda
2026-01-19 14:48:27,018 - INFO - 创建数据加载器...
2026-01-19 14:48:39,696 - INFO - 数据加载器创建完成，训练样本数: 12311, 批次大小: 8, 批次数量: 1538
2026-01-19 14:48:39,766 - INFO - 
=== Batch Size 建议 ===
2026-01-19 14:48:39,766 - INFO - 当前设置: batch_size=8, 使用显卡数=3
2026-01-19 14:48:39,766 - INFO - 注意：在multi_view_visual_encoder.py中，实际传入Backbone的图片数量会被放大为 B * N * NUM_NEIGHBOURS
2026-01-19 14:48:39,766 - INFO - 例如：如果N=4, NUM_NEIGHBOURS=5，那么每张显卡需要处理的图片数为: (16 * 4 * 5) / 3 = 106.66666666666667张
2026-01-19 14:48:39,766 - INFO - 
建议：在多卡环境下，您可以将batch size设置为 2 ~ 8
2026-01-19 14:48:39,766 - INFO - 这样每张显卡处理的实际图片数量会更合理，减少显存压力
2026-01-19 14:48:39,766 - INFO - 初始化模型...
2026-01-19 14:48:41,251 - INFO - 是否冻结ResNet Backbone: True
2026-01-19 14:48:41,252 - INFO - 检测到 3 张可用显卡，使用DataParallel...
2026-01-19 14:48:41,256 - INFO - 模型已使用DataParallel包装
2026-01-19 14:48:43,975 - INFO - 开始训练...
2026-01-19 14:48:43,976 - INFO - Epoch 1/300
2026-01-19 14:57:50,944 - INFO - Epoch 1 平均损失: Total=2.0933, Intra=2.0807, Inter=2.0838, Gen=0.0110
2026-01-19 14:57:50,944 - INFO - 当前学习率: 0.001000
2026-01-19 14:58:12,685 - INFO - 新的最优模型已保存，总损失: 2.0933
2026-01-19 14:58:12,686 - INFO - Epoch 2/300
2026-01-19 15:07:07,991 - INFO - Epoch 2 平均损失: Total=2.2851, Intra=2.0809, Inter=2.0815, Gen=0.2039
2026-01-19 15:07:07,991 - INFO - 当前学习率: 0.001000
2026-01-19 15:07:16,833 - INFO - Epoch 3/300
2026-01-19 15:16:12,444 - INFO - Epoch 3 平均损失: Total=2.3672, Intra=1.9805, Inter=2.0765, Gen=0.3387
2026-01-19 15:16:12,444 - INFO - 当前学习率: 0.001000
2026-01-19 15:16:22,147 - INFO - Epoch 4/300
2026-01-19 15:25:17,492 - INFO - Epoch 4 平均损失: Total=2.7566, Intra=1.0368, Inter=1.9744, Gen=1.2510
2026-01-19 15:25:17,493 - INFO - 当前学习率: 0.001000
2026-01-19 15:25:25,932 - INFO - Epoch 5/300
2026-01-19 15:34:19,458 - INFO - Epoch 5 平均损失: Total=3.0541, Intra=0.7158, Inter=1.7286, Gen=1.8319
2026-01-19 15:34:19,458 - INFO - 当前学习率: 0.001000
2026-01-19 15:34:28,743 - INFO - Epoch 6/300
2026-01-19 15:43:22,032 - INFO - Epoch 6 平均损失: Total=3.3284, Intra=0.7073, Inter=1.7019, Gen=2.1238
2026-01-19 15:43:22,033 - INFO - 当前学习率: 0.001000
2026-01-19 15:43:31,088 - INFO - Epoch 7/300
2026-01-19 15:52:26,777 - INFO - Epoch 7 平均损失: Total=2.5897, Intra=0.4656, Inter=1.5333, Gen=1.5903
2026-01-19 15:52:26,777 - INFO - 当前学习率: 0.000500
2026-01-19 15:52:34,253 - INFO - Epoch 8/300
2026-01-19 16:01:28,662 - INFO - Epoch 8 平均损失: Total=2.5252, Intra=0.4957, Inter=1.5312, Gen=1.5117
2026-01-19 16:01:28,662 - INFO - 当前学习率: 0.000500
2026-01-19 16:01:39,372 - INFO - Epoch 9/300
2026-01-19 16:10:35,343 - INFO - Epoch 9 平均损失: Total=2.7733, Intra=0.8617, Inter=1.6052, Gen=1.5399
2026-01-19 16:10:35,344 - INFO - 当前学习率: 0.000500
2026-01-19 16:10:45,913 - INFO - Epoch 10/300
2026-01-19 16:19:40,914 - INFO - Epoch 10 平均损失: Total=3.1770, Intra=2.0807, Inter=2.0815, Gen=1.0958
2026-01-19 16:19:40,914 - INFO - 当前学习率: 0.000500
2026-01-19 16:19:47,294 - INFO - Epoch 11/300
2026-01-19 16:28:44,439 - INFO - Epoch 11 平均损失: Total=2.6859, Intra=2.0799, Inter=2.0806, Gen=0.6057
2026-01-19 16:28:44,440 - INFO - 当前学习率: 0.000500
2026-01-19 16:28:53,241 - INFO - Epoch 12/300
2026-01-19 16:37:46,006 - INFO - Epoch 12 平均损失: Total=2.4247, Intra=2.0795, Inter=2.0803, Gen=0.3448
2026-01-19 16:37:46,007 - INFO - 当前学习率: 0.000500
2026-01-19 16:37:51,582 - INFO - Epoch 13/300
2026-01-19 16:46:47,874 - INFO - Epoch 13 平均损失: Total=2.2629, Intra=1.8002, Inter=2.0206, Gen=0.3524
2026-01-19 16:46:47,875 - INFO - 当前学习率: 0.000250
2026-01-19 16:46:54,003 - INFO - Epoch 14/300
2026-01-19 16:55:45,392 - INFO - Epoch 14 平均损失: Total=2.0880, Intra=1.1987, Inter=1.8407, Gen=0.5683
2026-01-19 16:55:45,392 - INFO - 当前学习率: 0.000250
2026-01-19 16:56:05,203 - INFO - 新的最优模型已保存，总损失: 2.0880
2026-01-19 16:56:05,203 - INFO - Epoch 15/300
2026-01-19 17:05:01,117 - INFO - Epoch 15 平均损失: Total=2.0060, Intra=1.1883, Inter=1.8052, Gen=0.5093
2026-01-19 17:05:01,117 - INFO - 当前学习率: 0.000250
2026-01-19 17:05:20,697 - INFO - 新的最优模型已保存，总损失: 2.0060
2026-01-19 17:05:20,697 - INFO - Epoch 16/300
2026-01-19 17:14:17,323 - INFO - Epoch 16 平均损失: Total=1.6962, Intra=0.8476, Inter=1.6375, Gen=0.4537
2026-01-19 17:14:17,323 - INFO - 当前学习率: 0.000250
2026-01-19 17:14:38,129 - INFO - 新的最优模型已保存，总损失: 1.6962
2026-01-19 17:14:38,129 - INFO - Epoch 17/300
2026-01-19 17:23:34,487 - INFO - Epoch 17 平均损失: Total=1.3589, Intra=0.3742, Inter=1.3782, Gen=0.4827
2026-01-19 17:23:34,488 - INFO - 当前学习率: 0.000250
2026-01-19 17:23:52,059 - INFO - 新的最优模型已保存，总损失: 1.3589
2026-01-19 17:23:52,059 - INFO - Epoch 18/300
2026-01-19 17:32:47,519 - INFO - Epoch 18 平均损失: Total=1.5265, Intra=0.5388, Inter=1.4217, Gen=0.5462
2026-01-19 17:32:47,519 - INFO - 当前学习率: 0.000250
2026-01-19 17:32:55,710 - INFO - Epoch 19/300
2026-01-19 17:41:51,524 - INFO - Epoch 19 平均损失: Total=2.5580, Intra=2.0801, Inter=2.0828, Gen=0.4766
2026-01-19 17:41:51,524 - INFO - 当前学习率: 0.000250
2026-01-19 17:42:01,014 - INFO - Epoch 20/300
2026-01-19 17:50:57,675 - INFO - Epoch 20 平均损失: Total=2.2418, Intra=1.7598, Inter=1.9733, Gen=0.3752
2026-01-19 17:50:57,675 - INFO - 当前学习率: 0.000250
2026-01-19 17:51:03,574 - INFO - Epoch 21/300
2026-01-19 17:59:57,607 - INFO - Epoch 21 平均损失: Total=1.3464, Intra=0.4335, Inter=1.3866, Gen=0.4363
2026-01-19 17:59:57,607 - INFO - 当前学习率: 0.000250
2026-01-19 18:00:16,627 - INFO - 新的最优模型已保存，总损失: 1.3464
2026-01-19 18:00:16,627 - INFO - Epoch 22/300
2026-01-19 18:09:06,970 - INFO - Epoch 22 平均损失: Total=1.3559, Intra=0.3767, Inter=1.3188, Gen=0.5081
2026-01-19 18:09:06,970 - INFO - 当前学习率: 0.000250
2026-01-19 18:09:15,194 - INFO - Epoch 23/300
2026-01-19 18:18:11,661 - INFO - Epoch 23 平均损失: Total=1.4414, Intra=0.4186, Inter=1.3846, Gen=0.5398
2026-01-19 18:18:11,661 - INFO - 当前学习率: 0.000250
2026-01-19 18:18:21,009 - INFO - Epoch 24/300
2026-01-19 18:27:17,662 - INFO - Epoch 24 平均损失: Total=1.6835, Intra=0.8492, Inter=1.5314, Gen=0.4932
2026-01-19 18:27:17,662 - INFO - 当前学习率: 0.000250
2026-01-19 18:27:28,201 - INFO - Epoch 25/300
2026-01-19 18:36:25,205 - INFO - Epoch 25 平均损失: Total=1.3953, Intra=0.4350, Inter=1.3432, Gen=0.5062
2026-01-19 18:36:25,205 - INFO - 当前学习率: 0.000250
2026-01-19 18:36:35,148 - INFO - Epoch 26/300
2026-01-19 18:45:29,183 - INFO - Epoch 26 平均损失: Total=1.3276, Intra=0.3503, Inter=1.2855, Gen=0.5096
2026-01-19 18:45:29,183 - INFO - 当前学习率: 0.000250
2026-01-19 18:45:45,917 - INFO - 新的最优模型已保存，总损失: 1.3276
2026-01-19 18:45:45,917 - INFO - Epoch 27/300
2026-01-19 18:54:43,541 - INFO - Epoch 27 平均损失: Total=1.4377, Intra=0.3910, Inter=1.3392, Gen=0.5726
2026-01-19 18:54:43,541 - INFO - 当前学习率: 0.000250
2026-01-19 18:54:49,573 - INFO - Epoch 28/300
2026-01-19 19:03:45,878 - INFO - Epoch 28 平均损失: Total=1.3925, Intra=0.3411, Inter=1.2332, Gen=0.6054
2026-01-19 19:03:45,878 - INFO - 当前学习率: 0.000250
2026-01-19 19:03:54,129 - INFO - Epoch 29/300
2026-01-19 19:12:50,552 - INFO - Epoch 29 平均损失: Total=1.3262, Intra=0.3334, Inter=1.2056, Gen=0.5567
2026-01-19 19:12:50,552 - INFO - 当前学习率: 0.000250
2026-01-19 19:13:05,561 - INFO - 新的最优模型已保存，总损失: 1.3262
2026-01-19 19:13:05,562 - INFO - Epoch 30/300
2026-01-19 19:22:01,620 - INFO - Epoch 30 平均损失: Total=1.8198, Intra=1.0285, Inter=1.5644, Gen=0.5233
2026-01-19 19:22:01,620 - INFO - 当前学习率: 0.000250
2026-01-19 19:22:11,159 - INFO - Epoch 31/300
2026-01-19 19:31:00,727 - INFO - Epoch 31 平均损失: Total=1.4184, Intra=0.4779, Inter=1.2625, Gen=0.5482
2026-01-19 19:31:00,727 - INFO - 当前学习率: 0.000250
2026-01-19 19:31:10,015 - INFO - Epoch 32/300
2026-01-19 19:40:05,475 - INFO - Epoch 32 平均损失: Total=1.3757, Intra=0.3778, Inter=1.2698, Gen=0.5519
2026-01-19 19:40:05,476 - INFO - 当前学习率: 0.000250
2026-01-19 19:40:12,843 - INFO - Epoch 33/300
2026-01-19 19:49:07,066 - INFO - Epoch 33 平均损失: Total=1.3101, Intra=0.3411, Inter=1.2339, Gen=0.5226
2026-01-19 19:49:07,066 - INFO - 当前学习率: 0.000250
2026-01-19 19:49:25,663 - INFO - 新的最优模型已保存，总损失: 1.3101
2026-01-19 19:49:25,663 - INFO - Epoch 34/300
2026-01-19 19:58:21,756 - INFO - Epoch 34 平均损失: Total=1.3622, Intra=0.3319, Inter=1.1873, Gen=0.6026
2026-01-19 19:58:21,756 - INFO - 当前学习率: 0.000250
2026-01-19 19:58:27,876 - INFO - Epoch 35/300
2026-01-19 20:07:21,690 - INFO - Epoch 35 平均损失: Total=1.3973, Intra=0.3283, Inter=1.1752, Gen=0.6456
2026-01-19 20:07:21,690 - INFO - 当前学习率: 0.000250
2026-01-19 20:07:27,841 - INFO - Epoch 36/300
2026-01-19 20:16:22,730 - INFO - Epoch 36 平均损失: Total=1.6693, Intra=0.5974, Inter=1.3984, Gen=0.6714
2026-01-19 20:16:22,731 - INFO - 当前学习率: 0.000250
2026-01-19 20:16:29,776 - INFO - Epoch 37/300
2026-01-19 20:25:23,758 - INFO - Epoch 37 平均损失: Total=1.8584, Intra=0.8259, Inter=1.4757, Gen=0.7076
2026-01-19 20:25:23,758 - INFO - 当前学习率: 0.000250
2026-01-19 20:25:37,280 - INFO - Epoch 38/300
2026-01-19 20:34:30,946 - INFO - Epoch 38 平均损失: Total=2.0989, Intra=1.3482, Inter=1.6073, Gen=0.6211
2026-01-19 20:34:30,946 - INFO - 当前学习率: 0.000250
2026-01-19 20:34:37,688 - INFO - Epoch 39/300
2026-01-19 20:43:34,084 - INFO - Epoch 39 平均损失: Total=1.4067, Intra=0.5186, Inter=1.2151, Gen=0.5399
2026-01-19 20:43:34,084 - INFO - 当前学习率: 0.000125
2026-01-19 20:43:40,113 - INFO - Epoch 40/300
2026-01-19 20:52:30,920 - INFO - Epoch 40 平均损失: Total=1.3060, Intra=0.4175, Inter=1.1461, Gen=0.5243
2026-01-19 20:52:30,920 - INFO - 当前学习率: 0.000125
2026-01-19 20:52:54,111 - INFO - 新的最优模型已保存，总损失: 1.3060
2026-01-19 20:52:54,111 - INFO - Epoch 41/300
2026-01-19 21:01:50,520 - INFO - Epoch 41 平均损失: Total=1.2592, Intra=0.3901, Inter=1.1070, Gen=0.5107
2026-01-19 21:01:50,520 - INFO - 当前学习率: 0.000125
2026-01-19 21:02:04,850 - INFO - 新的最优模型已保存，总损失: 1.2592
2026-01-19 21:02:04,850 - INFO - Epoch 42/300
2026-01-19 21:11:00,670 - INFO - Epoch 42 平均损失: Total=1.2314, Intra=0.3721, Inter=1.1101, Gen=0.4903
2026-01-19 21:11:00,670 - INFO - 当前学习率: 0.000125
2026-01-19 21:11:16,587 - INFO - 新的最优模型已保存，总损失: 1.2314
2026-01-19 21:11:16,587 - INFO - Epoch 43/300
2026-01-19 21:20:11,155 - INFO - Epoch 43 平均损失: Total=1.2240, Intra=0.3593, Inter=1.1005, Gen=0.4941
2026-01-19 21:20:11,155 - INFO - 当前学习率: 0.000125
2026-01-19 21:20:26,372 - INFO - 新的最优模型已保存，总损失: 1.2240
2026-01-19 21:20:26,372 - INFO - Epoch 44/300
2026-01-19 21:29:20,939 - INFO - Epoch 44 平均损失: Total=1.1886, Intra=0.3453, Inter=1.0686, Gen=0.4817
2026-01-19 21:29:20,939 - INFO - 当前学习率: 0.000125
2026-01-19 21:29:39,218 - INFO - 新的最优模型已保存，总损失: 1.1886
2026-01-19 21:29:39,218 - INFO - Epoch 45/300
2026-01-19 21:38:33,248 - INFO - Epoch 45 平均损失: Total=1.1628, Intra=0.3213, Inter=1.0635, Gen=0.4704
2026-01-19 21:38:33,248 - INFO - 当前学习率: 0.000125
2026-01-19 21:38:49,144 - INFO - 新的最优模型已保存，总损失: 1.1628
2026-01-19 21:38:49,144 - INFO - Epoch 46/300
2026-01-19 21:47:44,986 - INFO - Epoch 46 平均损失: Total=1.2921, Intra=0.4440, Inter=1.1990, Gen=0.4706
2026-01-19 21:47:44,986 - INFO - 当前学习率: 0.000125
2026-01-19 21:47:52,540 - INFO - Epoch 47/300
2026-01-19 21:56:45,002 - INFO - Epoch 47 平均损失: Total=1.1833, Intra=0.3602, Inter=1.0958, Gen=0.4553
2026-01-19 21:56:45,002 - INFO - 当前学习率: 0.000125
2026-01-19 21:56:51,921 - INFO - Epoch 48/300
2026-01-19 22:05:47,408 - INFO - Epoch 48 平均损失: Total=1.1473, Intra=0.3199, Inter=1.0638, Gen=0.4554
2026-01-19 22:05:47,408 - INFO - 当前学习率: 0.000125
2026-01-19 22:06:04,138 - INFO - 新的最优模型已保存，总损失: 1.1473
2026-01-19 22:06:04,138 - INFO - Epoch 49/300
2026-01-19 22:14:52,768 - INFO - Epoch 49 平均损失: Total=1.1372, Intra=0.3109, Inter=1.0453, Gen=0.4591
2026-01-19 22:14:52,769 - INFO - 当前学习率: 0.000125
2026-01-19 22:15:07,248 - INFO - 新的最优模型已保存，总损失: 1.1372
2026-01-19 22:15:07,248 - INFO - Epoch 50/300
2026-01-19 22:24:02,613 - INFO - Epoch 50 平均损失: Total=1.1398, Intra=0.3061, Inter=1.0589, Gen=0.4573
2026-01-19 22:24:02,613 - INFO - 当前学习率: 0.000125
2026-01-19 22:24:09,317 - INFO - Epoch 51/300
2026-01-19 22:33:01,442 - INFO - Epoch 51 平均损失: Total=1.1324, Intra=0.3094, Inter=1.0410, Gen=0.4572
2026-01-19 22:33:01,442 - INFO - 当前学习率: 0.000125
2026-01-19 22:33:20,098 - INFO - 新的最优模型已保存，总损失: 1.1324
2026-01-19 22:33:20,098 - INFO - Epoch 52/300
2026-01-19 22:42:14,245 - INFO - Epoch 52 平均损失: Total=1.1503, Intra=0.3106, Inter=1.0789, Gen=0.4556
2026-01-19 22:42:14,245 - INFO - 当前学习率: 0.000125
2026-01-19 22:42:21,853 - INFO - Epoch 53/300
2026-01-19 22:51:16,062 - INFO - Epoch 53 平均损失: Total=1.1227, Intra=0.3005, Inter=1.0191, Gen=0.4629
2026-01-19 22:51:16,062 - INFO - 当前学习率: 0.000125
2026-01-19 22:51:32,473 - INFO - 新的最优模型已保存，总损失: 1.1227
2026-01-19 22:51:32,474 - INFO - Epoch 54/300
2026-01-19 23:00:27,016 - INFO - Epoch 54 平均损失: Total=1.1524, Intra=0.3079, Inter=1.0526, Gen=0.4722
2026-01-19 23:00:27,016 - INFO - 当前学习率: 0.000125
2026-01-19 23:00:33,218 - INFO - Epoch 55/300
2026-01-19 23:09:29,073 - INFO - Epoch 55 平均损失: Total=1.1328, Intra=0.2962, Inter=1.0628, Gen=0.4533
2026-01-19 23:09:29,073 - INFO - 当前学习率: 0.000125
2026-01-19 23:09:37,466 - INFO - Epoch 56/300
2026-01-19 23:18:30,556 - INFO - Epoch 56 平均损失: Total=1.1157, Intra=0.2856, Inter=1.0357, Gen=0.4550
2026-01-19 23:18:30,557 - INFO - 当前学习率: 0.000125
2026-01-19 23:18:48,681 - INFO - 新的最优模型已保存，总损失: 1.1157
2026-01-19 23:18:48,681 - INFO - Epoch 57/300
2026-01-19 23:27:43,303 - INFO - Epoch 57 平均损失: Total=1.1073, Intra=0.2833, Inter=1.0198, Gen=0.4557
2026-01-19 23:27:43,304 - INFO - 当前学习率: 0.000125
2026-01-19 23:27:57,656 - INFO - 新的最优模型已保存，总损失: 1.1073
2026-01-19 23:27:57,656 - INFO - Epoch 58/300
2026-01-19 23:36:47,160 - INFO - Epoch 58 平均损失: Total=1.1145, Intra=0.2839, Inter=1.0187, Gen=0.4632
2026-01-19 23:36:47,160 - INFO - 当前学习率: 0.000125
2026-01-19 23:36:55,223 - INFO - Epoch 59/300
2026-01-19 23:45:49,416 - INFO - Epoch 59 平均损失: Total=1.1253, Intra=0.2929, Inter=1.0090, Gen=0.4744
2026-01-19 23:45:49,416 - INFO - 当前学习率: 0.000125
2026-01-19 23:45:57,296 - INFO - Epoch 60/300
2026-01-19 23:54:53,707 - INFO - Epoch 60 平均损失: Total=1.5986, Intra=0.8897, Inter=1.3620, Gen=0.4727
2026-01-19 23:54:53,707 - INFO - 当前学习率: 0.000125
2026-01-19 23:55:02,902 - INFO - Epoch 61/300
2026-01-20 00:03:58,044 - INFO - Epoch 61 平均损失: Total=1.3167, Intra=0.5726, Inter=1.1490, Gen=0.4558
2026-01-20 00:03:58,044 - INFO - 当前学习率: 0.000125
2026-01-20 00:04:05,741 - INFO - Epoch 62/300
2026-01-20 00:13:02,579 - INFO - Epoch 62 平均损失: Total=1.1972, Intra=0.4085, Inter=1.0701, Gen=0.4579
2026-01-20 00:13:02,580 - INFO - 当前学习率: 0.000125
2026-01-20 00:13:08,702 - INFO - Epoch 63/300
2026-01-20 00:22:08,697 - INFO - Epoch 63 平均损失: Total=2.2689, Intra=1.7544, Inter=1.8920, Gen=0.4457
2026-01-20 00:22:08,697 - INFO - 当前学习率: 0.000063
2026-01-20 00:22:17,110 - INFO - Epoch 64/300
2026-01-20 00:31:15,268 - INFO - Epoch 64 平均损失: Total=1.4838, Intra=0.8389, Inter=1.3063, Gen=0.4111
2026-01-20 00:31:15,268 - INFO - 当前学习率: 0.000063
2026-01-20 00:31:22,991 - INFO - Epoch 65/300
2026-01-20 00:40:20,260 - INFO - Epoch 65 平均损失: Total=1.1706, Intra=0.4423, Inter=1.1059, Gen=0.3965
2026-01-20 00:40:20,260 - INFO - 当前学习率: 0.000063
2026-01-20 00:40:28,280 - INFO - Epoch 66/300
2026-01-20 00:49:26,113 - INFO - Epoch 66 平均损失: Total=1.1149, Intra=0.4020, Inter=1.0578, Gen=0.3850
2026-01-20 00:49:26,114 - INFO - 当前学习率: 0.000063
2026-01-20 00:49:31,944 - INFO - Epoch 67/300
2026-01-20 00:58:24,856 - INFO - Epoch 67 平均损失: Total=1.0900, Intra=0.3834, Inter=1.0423, Gen=0.3772
2026-01-20 00:58:24,856 - INFO - 当前学习率: 0.000063
2026-01-20 00:58:40,944 - INFO - 新的最优模型已保存，总损失: 1.0900
2026-01-20 00:58:40,945 - INFO - Epoch 68/300
2026-01-20 01:07:39,155 - INFO - Epoch 68 平均损失: Total=1.0675, Intra=0.3701, Inter=1.0193, Gen=0.3728
2026-01-20 01:07:39,155 - INFO - 当前学习率: 0.000063
2026-01-20 01:07:53,772 - INFO - 新的最优模型已保存，总损失: 1.0675
2026-01-20 01:07:53,772 - INFO - Epoch 69/300
2026-01-20 01:16:50,663 - INFO - Epoch 69 平均损失: Total=1.0476, Intra=0.3534, Inter=1.0117, Gen=0.3650
2026-01-20 01:16:50,663 - INFO - 当前学习率: 0.000063
2026-01-20 01:17:04,084 - INFO - 新的最优模型已保存，总损失: 1.0476
2026-01-20 01:17:04,084 - INFO - Epoch 70/300
2026-01-20 01:25:59,634 - INFO - Epoch 70 平均损失: Total=1.0512, Intra=0.3646, Inter=1.0096, Gen=0.3641
2026-01-20 01:25:59,635 - INFO - 当前学习率: 0.000063
2026-01-20 01:26:07,266 - INFO - Epoch 71/300
2026-01-20 01:35:06,072 - INFO - Epoch 71 平均损失: Total=1.0444, Intra=0.3506, Inter=1.0003, Gen=0.3690
2026-01-20 01:35:06,073 - INFO - 当前学习率: 0.000063
2026-01-20 01:35:19,851 - INFO - 新的最优模型已保存，总损失: 1.0444
2026-01-20 01:35:19,851 - INFO - Epoch 72/300
2026-01-20 01:44:16,235 - INFO - Epoch 72 平均损失: Total=1.0321, Intra=0.3457, Inter=0.9932, Gen=0.3627
2026-01-20 01:44:16,235 - INFO - 当前学习率: 0.000063
2026-01-20 01:44:33,505 - INFO - 新的最优模型已保存，总损失: 1.0321
2026-01-20 01:44:33,505 - INFO - Epoch 73/300
2026-01-20 01:53:31,384 - INFO - Epoch 73 平均损失: Total=1.0233, Intra=0.3343, Inter=0.9942, Gen=0.3591
2026-01-20 01:53:31,384 - INFO - 当前学习率: 0.000063
2026-01-20 01:53:44,316 - INFO - 新的最优模型已保存，总损失: 1.0233
2026-01-20 01:53:44,317 - INFO - Epoch 74/300
2026-01-20 02:02:40,334 - INFO - Epoch 74 平均损失: Total=1.0289, Intra=0.3293, Inter=1.0207, Gen=0.3538
2026-01-20 02:02:40,334 - INFO - 当前学习率: 0.000063
2026-01-20 02:02:45,954 - INFO - Epoch 75/300
2026-01-20 02:11:44,924 - INFO - Epoch 75 平均损失: Total=1.0029, Intra=0.3154, Inter=0.9860, Gen=0.3523
2026-01-20 02:11:44,925 - INFO - 当前学习率: 0.000063
2026-01-20 02:12:01,825 - INFO - 新的最优模型已保存，总损失: 1.0029
2026-01-20 02:12:01,826 - INFO - Epoch 76/300
2026-01-20 02:20:54,579 - INFO - Epoch 76 平均损失: Total=0.9997, Intra=0.3195, Inter=0.9903, Gen=0.3448
2026-01-20 02:20:54,579 - INFO - 当前学习率: 0.000063
2026-01-20 02:21:08,591 - INFO - 新的最优模型已保存，总损失: 0.9997
2026-01-20 02:21:08,591 - INFO - Epoch 77/300
2026-01-20 02:30:06,029 - INFO - Epoch 77 平均损失: Total=0.9964, Intra=0.3155, Inter=0.9901, Gen=0.3435
2026-01-20 02:30:06,029 - INFO - 当前学习率: 0.000063
2026-01-20 02:30:21,245 - INFO - 新的最优模型已保存，总损失: 0.9964
2026-01-20 02:30:21,246 - INFO - Epoch 78/300
2026-01-20 02:39:18,423 - INFO - Epoch 78 平均损失: Total=1.0098, Intra=0.3102, Inter=1.0294, Gen=0.3400
2026-01-20 02:39:18,423 - INFO - 当前学习率: 0.000063
2026-01-20 02:39:25,132 - INFO - Epoch 79/300
2026-01-20 02:48:20,510 - INFO - Epoch 79 平均损失: Total=1.0764, Intra=0.3656, Inter=1.1058, Gen=0.3407
2026-01-20 02:48:20,510 - INFO - 当前学习率: 0.000063
2026-01-20 02:48:27,273 - INFO - Epoch 80/300
2026-01-20 02:57:24,422 - INFO - Epoch 80 平均损失: Total=1.1489, Intra=0.4746, Inter=1.1550, Gen=0.3341
2026-01-20 02:57:24,422 - INFO - 当前学习率: 0.000063
2026-01-20 02:57:31,663 - INFO - Epoch 81/300
2026-01-20 03:06:28,972 - INFO - Epoch 81 平均损失: Total=1.0461, Intra=0.3556, Inter=1.0715, Gen=0.3326
2026-01-20 03:06:28,973 - INFO - 当前学习率: 0.000063
2026-01-20 03:06:36,556 - INFO - Epoch 82/300
2026-01-20 03:15:33,929 - INFO - Epoch 82 平均损失: Total=0.9856, Intra=0.3169, Inter=0.9969, Gen=0.3287
2026-01-20 03:15:33,930 - INFO - 当前学习率: 0.000063
2026-01-20 03:15:47,820 - INFO - 新的最优模型已保存，总损失: 0.9856
2026-01-20 03:15:47,821 - INFO - Epoch 83/300
2026-01-20 03:24:44,649 - INFO - Epoch 83 平均损失: Total=1.4684, Intra=0.8808, Inter=1.3996, Gen=0.3282
2026-01-20 03:24:44,649 - INFO - 当前学习率: 0.000063
2026-01-20 03:24:51,684 - INFO - Epoch 84/300
2026-01-20 03:33:47,655 - INFO - Epoch 84 平均损失: Total=1.1297, Intra=0.5116, Inter=1.1099, Gen=0.3190
2026-01-20 03:33:47,655 - INFO - 当前学习率: 0.000063
2026-01-20 03:33:54,193 - INFO - Epoch 85/300
2026-01-20 03:42:51,107 - INFO - Epoch 85 平均损失: Total=1.0267, Intra=0.3732, Inter=1.0557, Gen=0.3122
2026-01-20 03:42:51,107 - INFO - 当前学习率: 0.000063
2026-01-20 03:42:57,654 - INFO - Epoch 86/300
2026-01-20 03:51:52,949 - INFO - Epoch 86 平均损失: Total=0.9810, Intra=0.3151, Inter=1.0226, Gen=0.3122
2026-01-20 03:51:52,949 - INFO - 当前学习率: 0.000063
2026-01-20 03:52:08,861 - INFO - 新的最优模型已保存，总损失: 0.9810
2026-01-20 03:52:08,862 - INFO - Epoch 87/300
2026-01-20 04:01:07,482 - INFO - Epoch 87 平均损失: Total=1.0836, Intra=0.4223, Inter=1.1160, Gen=0.3145
2026-01-20 04:01:07,483 - INFO - 当前学习率: 0.000063
2026-01-20 04:01:13,946 - INFO - Epoch 88/300
2026-01-20 04:10:09,137 - INFO - Epoch 88 平均损失: Total=2.3987, Intra=2.0846, Inter=2.0985, Gen=0.3072
2026-01-20 04:10:09,138 - INFO - 当前学习率: 0.000063
2026-01-20 04:10:15,714 - INFO - Epoch 89/300
2026-01-20 04:19:12,628 - INFO - Epoch 89 平均损失: Total=2.3663, Intra=2.0804, Inter=2.0784, Gen=0.2869
2026-01-20 04:19:12,628 - INFO - 当前学习率: 0.000063
2026-01-20 04:19:19,498 - INFO - Epoch 90/300
2026-01-20 04:28:18,706 - INFO - Epoch 90 平均损失: Total=1.0655, Intra=0.4165, Inter=1.1485, Gen=0.2830
2026-01-20 04:28:18,706 - INFO - 当前学习率: 0.000063
2026-01-20 04:28:24,889 - INFO - Epoch 91/300
2026-01-20 04:37:21,463 - INFO - Epoch 91 平均损失: Total=1.1747, Intra=0.5594, Inter=1.2084, Gen=0.2908
2026-01-20 04:37:21,463 - INFO - 当前学习率: 0.000063
2026-01-20 04:37:28,586 - INFO - Epoch 92/300
2026-01-20 04:46:24,455 - INFO - Epoch 92 平均损失: Total=1.0175, Intra=0.4153, Inter=1.0508, Gen=0.2844
2026-01-20 04:46:24,455 - INFO - 当前学习率: 0.000031
2026-01-20 04:46:32,222 - INFO - Epoch 93/300
2026-01-20 04:55:21,037 - INFO - Epoch 93 平均损失: Total=0.9725, Intra=0.3711, Inter=1.0138, Gen=0.2800
2026-01-20 04:55:21,038 - INFO - 当前学习率: 0.000031
2026-01-20 04:55:39,889 - INFO - 新的最优模型已保存，总损失: 0.9725
2026-01-20 04:55:39,889 - INFO - Epoch 94/300
2026-01-20 05:04:36,580 - INFO - Epoch 94 平均损失: Total=0.9566, Intra=0.3537, Inter=1.0050, Gen=0.2773
2026-01-20 05:04:36,580 - INFO - 当前学习率: 0.000031
2026-01-20 05:04:54,218 - INFO - 新的最优模型已保存，总损失: 0.9566
2026-01-20 05:04:54,218 - INFO - Epoch 95/300
2026-01-20 05:13:52,934 - INFO - Epoch 95 平均损失: Total=0.9313, Intra=0.3283, Inter=0.9849, Gen=0.2747
2026-01-20 05:13:52,934 - INFO - 当前学习率: 0.000031
2026-01-20 05:14:10,274 - INFO - 新的最优模型已保存，总损失: 0.9313
2026-01-20 05:14:10,274 - INFO - Epoch 96/300
2026-01-20 05:23:07,935 - INFO - Epoch 96 平均损失: Total=0.9463, Intra=0.3266, Inter=1.0189, Gen=0.2735
2026-01-20 05:23:07,935 - INFO - 当前学习率: 0.000031
2026-01-20 05:23:16,741 - INFO - Epoch 97/300
2026-01-20 05:32:12,401 - INFO - Epoch 97 平均损失: Total=0.9297, Intra=0.3211, Inter=0.9922, Gen=0.2730
2026-01-20 05:32:12,401 - INFO - 当前学习率: 0.000031
2026-01-20 05:32:26,082 - INFO - 新的最优模型已保存，总损失: 0.9297
2026-01-20 05:32:26,082 - INFO - Epoch 98/300
2026-01-20 05:41:23,305 - INFO - Epoch 98 平均损失: Total=0.9157, Intra=0.3115, Inter=0.9779, Gen=0.2710
2026-01-20 05:41:23,305 - INFO - 当前学习率: 0.000031
2026-01-20 05:41:44,971 - INFO - 新的最优模型已保存，总损失: 0.9157
2026-01-20 05:41:44,971 - INFO - Epoch 99/300
2026-01-20 05:50:41,767 - INFO - Epoch 99 平均损失: Total=0.9057, Intra=0.3047, Inter=0.9690, Gen=0.2688
2026-01-20 05:50:41,767 - INFO - 当前学习率: 0.000031
2026-01-20 05:50:56,650 - INFO - 新的最优模型已保存，总损失: 0.9057
2026-01-20 05:50:56,650 - INFO - Epoch 100/300
2026-01-20 05:59:53,317 - INFO - Epoch 100 平均损失: Total=0.9083, Intra=0.2935, Inter=0.9892, Gen=0.2670
2026-01-20 05:59:53,318 - INFO - 当前学习率: 0.000031
2026-01-20 06:00:00,408 - INFO - Epoch 101/300
2026-01-20 06:08:59,361 - INFO - Epoch 101 平均损失: Total=0.8892, Intra=0.2847, Inter=0.9633, Gen=0.2652
2026-01-20 06:08:59,362 - INFO - 当前学习率: 0.000031
2026-01-20 06:09:15,428 - INFO - 新的最优模型已保存，总损失: 0.8892
2026-01-20 06:09:15,428 - INFO - Epoch 102/300
2026-01-20 06:18:07,559 - INFO - Epoch 102 平均损失: Total=0.8831, Intra=0.2892, Inter=0.9447, Gen=0.2661
2026-01-20 06:18:07,559 - INFO - 当前学习率: 0.000031
2026-01-20 06:18:22,353 - INFO - 新的最优模型已保存，总损失: 0.8831
2026-01-20 06:18:22,354 - INFO - Epoch 103/300
2026-01-20 06:27:20,967 - INFO - Epoch 103 平均损失: Total=0.8890, Intra=0.2926, Inter=0.9549, Gen=0.2653
2026-01-20 06:27:20,968 - INFO - 当前学习率: 0.000031
2026-01-20 06:27:26,701 - INFO - Epoch 104/300
2026-01-20 06:36:22,219 - INFO - Epoch 104 平均损失: Total=0.8746, Intra=0.2833, Inter=0.9388, Gen=0.2635
2026-01-20 06:36:22,220 - INFO - 当前学习率: 0.000031
2026-01-20 06:36:36,650 - INFO - 新的最优模型已保存，总损失: 0.8746
2026-01-20 06:36:36,651 - INFO - Epoch 105/300
2026-01-20 06:45:34,368 - INFO - Epoch 105 平均损失: Total=0.8663, Intra=0.2802, Inter=0.9268, Gen=0.2628
2026-01-20 06:45:34,368 - INFO - 当前学习率: 0.000031
2026-01-20 06:45:48,828 - INFO - 新的最优模型已保存，总损失: 0.8663
2026-01-20 06:45:48,828 - INFO - Epoch 106/300
2026-01-20 06:54:45,696 - INFO - Epoch 106 平均损失: Total=0.8797, Intra=0.2876, Inter=0.9473, Gen=0.2622
2026-01-20 06:54:45,696 - INFO - 当前学习率: 0.000031
2026-01-20 06:54:53,010 - INFO - Epoch 107/300
2026-01-20 07:03:48,974 - INFO - Epoch 107 平均损失: Total=0.8764, Intra=0.2820, Inter=0.9483, Gen=0.2612
2026-01-20 07:03:48,974 - INFO - 当前学习率: 0.000031
2026-01-20 07:03:55,803 - INFO - Epoch 108/300
2026-01-20 07:12:53,372 - INFO - Epoch 108 平均损失: Total=0.8631, Intra=0.2855, Inter=0.9230, Gen=0.2589
2026-01-20 07:12:53,372 - INFO - 当前学习率: 0.000031
2026-01-20 07:13:11,930 - INFO - 新的最优模型已保存，总损失: 0.8631
2026-01-20 07:13:11,930 - INFO - Epoch 109/300
2026-01-20 07:22:06,956 - INFO - Epoch 109 平均损失: Total=0.8627, Intra=0.2842, Inter=0.9220, Gen=0.2596
2026-01-20 07:22:06,956 - INFO - 当前学习率: 0.000031
2026-01-20 07:22:21,728 - INFO - 新的最优模型已保存，总损失: 0.8627
2026-01-20 07:22:21,728 - INFO - Epoch 110/300
2026-01-20 07:31:19,629 - INFO - Epoch 110 平均损失: Total=0.8659, Intra=0.2711, Inter=0.9422, Gen=0.2592
2026-01-20 07:31:19,630 - INFO - 当前学习率: 0.000031
2026-01-20 07:31:27,709 - INFO - Epoch 111/300
2026-01-20 07:40:20,224 - INFO - Epoch 111 平均损失: Total=0.8518, Intra=0.2714, Inter=0.9155, Gen=0.2583
2026-01-20 07:40:20,225 - INFO - 当前学习率: 0.000031
2026-01-20 07:40:33,579 - INFO - 新的最优模型已保存，总损失: 0.8518
2026-01-20 07:40:33,579 - INFO - Epoch 112/300
2026-01-20 07:49:32,119 - INFO - Epoch 112 平均损失: Total=0.8463, Intra=0.2705, Inter=0.9093, Gen=0.2564
2026-01-20 07:49:32,120 - INFO - 当前学习率: 0.000031
2026-01-20 07:49:48,772 - INFO - 新的最优模型已保存，总损失: 0.8463
2026-01-20 07:49:48,773 - INFO - Epoch 113/300
2026-01-20 07:58:45,406 - INFO - Epoch 113 平均损失: Total=0.8562, Intra=0.2806, Inter=0.9140, Gen=0.2589
2026-01-20 07:58:45,406 - INFO - 当前学习率: 0.000031
2026-01-20 07:58:51,232 - INFO - Epoch 114/300
2026-01-20 08:07:48,466 - INFO - Epoch 114 平均损失: Total=0.8503, Intra=0.2792, Inter=0.9044, Gen=0.2585
2026-01-20 08:07:48,466 - INFO - 当前学习率: 0.000031
2026-01-20 08:07:57,251 - INFO - Epoch 115/300
2026-01-20 08:16:55,645 - INFO - Epoch 115 平均损失: Total=0.8492, Intra=0.2717, Inter=0.9097, Gen=0.2585
2026-01-20 08:16:55,645 - INFO - 当前学习率: 0.000031
2026-01-20 08:17:04,381 - INFO - Epoch 116/300
2026-01-20 08:26:00,559 - INFO - Epoch 116 平均损失: Total=0.8446, Intra=0.2678, Inter=0.9073, Gen=0.2570
2026-01-20 08:26:00,560 - INFO - 当前学习率: 0.000031
2026-01-20 08:26:14,482 - INFO - 新的最优模型已保存，总损失: 0.8446
2026-01-20 08:26:14,483 - INFO - Epoch 117/300
2026-01-20 08:35:13,293 - INFO - Epoch 117 平均损失: Total=0.8953, Intra=0.2738, Inter=1.0023, Gen=0.2572
2026-01-20 08:35:13,293 - INFO - 当前学习率: 0.000031
2026-01-20 08:35:18,831 - INFO - Epoch 118/300
2026-01-20 08:44:12,949 - INFO - Epoch 118 平均损失: Total=0.8492, Intra=0.2715, Inter=0.9110, Gen=0.2579
2026-01-20 08:44:12,950 - INFO - 当前学习率: 0.000031
2026-01-20 08:44:21,524 - INFO - Epoch 119/300
2026-01-20 08:53:19,470 - INFO - Epoch 119 平均损失: Total=0.8399, Intra=0.2693, Inter=0.8976, Gen=0.2564
2026-01-20 08:53:19,470 - INFO - 当前学习率: 0.000031
2026-01-20 08:53:36,132 - INFO - 新的最优模型已保存，总损失: 0.8399
2026-01-20 08:53:36,132 - INFO - Epoch 120/300
2026-01-20 09:02:18,532 - INFO - Epoch 120 平均损失: Total=1.3028, Intra=0.6631, Inter=1.4208, Gen=0.2608
2026-01-20 09:02:18,532 - INFO - 当前学习率: 0.000031
2026-01-20 09:02:25,787 - INFO - Epoch 121/300
2026-01-20 09:11:23,535 - INFO - Epoch 121 平均损失: Total=1.0569, Intra=0.5098, Inter=1.0947, Gen=0.2547
2026-01-20 09:11:23,535 - INFO - 当前学习率: 0.000031
2026-01-20 09:11:30,046 - INFO - Epoch 122/300
2026-01-20 09:20:25,447 - INFO - Epoch 122 平均损失: Total=1.0023, Intra=0.4613, Inter=1.0370, Gen=0.2531
2026-01-20 09:20:25,447 - INFO - 当前学习率: 0.000031
2026-01-20 09:20:32,502 - INFO - Epoch 123/300
2026-01-20 09:29:28,371 - INFO - Epoch 123 平均损失: Total=0.9648, Intra=0.4253, Inter=1.0047, Gen=0.2498
2026-01-20 09:29:28,371 - INFO - 当前学习率: 0.000031
2026-01-20 09:29:35,600 - INFO - Epoch 124/300
2026-01-20 09:38:34,763 - INFO - Epoch 124 平均损失: Total=0.9407, Intra=0.4011, Inter=0.9860, Gen=0.2471
2026-01-20 09:38:34,763 - INFO - 当前学习率: 0.000031
2026-01-20 09:38:41,788 - INFO - Epoch 125/300
2026-01-20 09:47:39,601 - INFO - Epoch 125 平均损失: Total=0.9262, Intra=0.3837, Inter=0.9755, Gen=0.2467
2026-01-20 09:47:39,601 - INFO - 当前学习率: 0.000016
2026-01-20 09:47:46,763 - INFO - Epoch 126/300
2026-01-20 09:56:47,866 - INFO - Epoch 126 平均损失: Total=0.9096, Intra=0.3660, Inter=0.9602, Gen=0.2465
2026-01-20 09:56:47,866 - INFO - 当前学习率: 0.000016
2026-01-20 09:56:54,984 - INFO - Epoch 127/300
2026-01-20 10:05:50,741 - INFO - Epoch 127 平均损失: Total=0.9096, Intra=0.3679, Inter=0.9610, Gen=0.2451
2026-01-20 10:05:50,741 - INFO - 当前学习率: 0.000016
2026-01-20 10:05:59,730 - INFO - Epoch 128/300
2026-01-20 10:14:57,740 - INFO - Epoch 128 平均损失: Total=0.8999, Intra=0.3603, Inter=0.9512, Gen=0.2441
2026-01-20 10:14:57,740 - INFO - 当前学习率: 0.000016
2026-01-20 10:15:06,800 - INFO - Epoch 129/300
2026-01-20 10:22:27,030 - INFO - Epoch 129 平均损失: Total=0.8916, Intra=0.3510, Inter=0.9470, Gen=0.2426
2026-01-20 10:22:27,030 - INFO - 当前学习率: 0.000016
2026-01-20 10:22:33,004 - INFO - Epoch 130/300
2026-01-20 10:29:18,341 - INFO - Epoch 130 平均损失: Total=0.8932, Intra=0.3502, Inter=0.9530, Gen=0.2416
2026-01-20 10:29:18,341 - INFO - 当前学习率: 0.000016
2026-01-20 10:29:25,748 - INFO - Epoch 131/300
2026-01-20 10:36:06,783 - INFO - Epoch 131 平均损失: Total=0.8813, Intra=0.3438, Inter=0.9356, Gen=0.2416
2026-01-20 10:36:06,784 - INFO - 当前学习率: 0.000008
2026-01-20 10:36:14,559 - INFO - Epoch 132/300
2026-01-20 10:42:56,242 - INFO - Epoch 132 平均损失: Total=0.8826, Intra=0.3449, Inter=0.9403, Gen=0.2400
2026-01-20 10:42:56,243 - INFO - 当前学习率: 0.000008
2026-01-20 10:43:04,631 - INFO - Epoch 133/300
2026-01-20 10:49:47,276 - INFO - Epoch 133 平均损失: Total=0.8730, Intra=0.3371, Inter=0.9312, Gen=0.2389
2026-01-20 10:49:47,276 - INFO - 当前学习率: 0.000008
2026-01-20 10:49:56,543 - INFO - Epoch 134/300
2026-01-20 10:56:38,334 - INFO - Epoch 134 平均损失: Total=0.8704, Intra=0.3328, Inter=0.9318, Gen=0.2381
2026-01-20 10:56:38,334 - INFO - 当前学习率: 0.000008
2026-01-20 10:56:45,951 - INFO - Epoch 135/300
2026-01-20 11:03:28,907 - INFO - Epoch 135 平均损失: Total=0.8615, Intra=0.3257, Inter=0.9230, Gen=0.2371
2026-01-20 11:03:28,908 - INFO - 当前学习率: 0.000008
2026-01-20 11:03:36,957 - INFO - Epoch 136/300
2026-01-20 11:10:20,444 - INFO - Epoch 136 平均损失: Total=0.8683, Intra=0.3276, Inter=0.9335, Gen=0.2377
2026-01-20 11:10:20,444 - INFO - 当前学习率: 0.000008
2026-01-20 11:10:27,439 - INFO - Epoch 137/300
2026-01-20 11:17:09,369 - INFO - Epoch 137 平均损失: Total=0.8662, Intra=0.3278, Inter=0.9305, Gen=0.2370
2026-01-20 11:17:09,369 - INFO - 当前学习率: 0.000004
2026-01-20 11:17:16,809 - INFO - Epoch 138/300
2026-01-20 11:23:57,459 - INFO - Epoch 138 平均损失: Total=0.8758, Intra=0.3463, Inter=0.9343, Gen=0.2355
2026-01-20 11:23:57,460 - INFO - 当前学习率: 0.000004
2026-01-20 11:24:03,498 - INFO - Epoch 139/300
2026-01-20 11:30:45,152 - INFO - Epoch 139 平均损失: Total=0.8593, Intra=0.3296, Inter=0.9173, Gen=0.2359
2026-01-20 11:30:45,152 - INFO - 当前学习率: 0.000004
2026-01-20 11:30:51,329 - INFO - Epoch 140/300
2026-01-20 11:37:32,851 - INFO - Epoch 140 平均损失: Total=0.8619, Intra=0.3288, Inter=0.9231, Gen=0.2359
2026-01-20 11:37:32,851 - INFO - 当前学习率: 0.000004
2026-01-20 11:37:41,566 - INFO - Epoch 141/300
2026-01-20 11:44:24,748 - INFO - Epoch 141 平均损失: Total=0.8641, Intra=0.3284, Inter=0.9293, Gen=0.2352
2026-01-20 11:44:24,748 - INFO - 当前学习率: 0.000004
2026-01-20 11:44:31,141 - INFO - Epoch 142/300
2026-01-20 11:51:15,576 - INFO - Epoch 142 平均损失: Total=0.8598, Intra=0.3261, Inter=0.9229, Gen=0.2354
2026-01-20 11:51:15,577 - INFO - 当前学习率: 0.000004
2026-01-20 11:51:22,657 - INFO - Epoch 143/300
2026-01-20 11:58:07,320 - INFO - Epoch 143 平均损失: Total=0.8599, Intra=0.3280, Inter=0.9218, Gen=0.2350
2026-01-20 11:58:07,321 - INFO - 当前学习率: 0.000002
2026-01-20 11:58:13,971 - INFO - Epoch 144/300
2026-01-20 12:05:30,281 - INFO - Epoch 144 平均损失: Total=0.8605, Intra=0.3308, Inter=0.9216, Gen=0.2343
2026-01-20 12:05:30,281 - INFO - 当前学习率: 0.000002
2026-01-20 12:05:38,515 - INFO - Epoch 145/300
2026-01-20 12:13:15,348 - INFO - Epoch 145 平均损失: Total=0.8511, Intra=0.3257, Inter=0.9090, Gen=0.2338
2026-01-20 12:13:15,348 - INFO - 当前学习率: 0.000002
2026-01-20 12:13:21,526 - INFO - Epoch 146/300
2026-01-20 12:20:02,966 - INFO - Epoch 146 平均损失: Total=0.8569, Intra=0.3297, Inter=0.9163, Gen=0.2339
2026-01-20 12:20:02,967 - INFO - 当前学习率: 0.000002
2026-01-20 12:20:13,927 - INFO - Epoch 147/300
2026-01-20 12:26:55,252 - INFO - Epoch 147 平均损失: Total=0.8487, Intra=0.3202, Inter=0.9093, Gen=0.2340
2026-01-20 12:26:55,252 - INFO - 当前学习率: 0.000002
2026-01-20 12:27:02,611 - INFO - Epoch 148/300
2026-01-20 12:33:43,501 - INFO - Epoch 148 平均损失: Total=0.8530, Intra=0.3273, Inter=0.9101, Gen=0.2342
2026-01-20 12:33:43,501 - INFO - 当前学习率: 0.000002
2026-01-20 12:33:51,713 - INFO - Epoch 149/300
2026-01-20 12:40:32,366 - INFO - Epoch 149 平均损失: Total=0.8504, Intra=0.3229, Inter=0.9100, Gen=0.2340
2026-01-20 12:40:32,366 - INFO - 当前学习率: 0.000001
2026-01-20 12:40:39,489 - INFO - Epoch 150/300
2026-01-20 12:47:21,311 - INFO - Epoch 150 平均损失: Total=0.8516, Intra=0.3263, Inter=0.9097, Gen=0.2335
2026-01-20 12:47:21,311 - INFO - 当前学习率: 0.000001
2026-01-20 12:47:29,424 - INFO - Epoch 151/300
2026-01-20 12:54:10,293 - INFO - Epoch 151 平均损失: Total=0.8564, Intra=0.3270, Inter=0.9191, Gen=0.2333
2026-01-20 12:54:10,293 - INFO - 当前学习率: 0.000001
2026-01-20 12:54:17,122 - INFO - Epoch 152/300
2026-01-20 13:00:57,290 - INFO - Epoch 152 平均损失: Total=0.8502, Intra=0.3202, Inter=0.9140, Gen=0.2331
2026-01-20 13:00:57,290 - INFO - 当前学习率: 0.000001
2026-01-20 13:01:05,323 - INFO - Epoch 153/300
2026-01-20 13:07:46,152 - INFO - Epoch 153 平均损失: Total=0.8541, Intra=0.3258, Inter=0.9147, Gen=0.2339
2026-01-20 13:07:46,152 - INFO - 当前学习率: 0.000001
2026-01-20 13:07:52,752 - INFO - Epoch 154/300
2026-01-20 13:14:33,980 - INFO - Epoch 154 平均损失: Total=0.8595, Intra=0.3281, Inter=0.9246, Gen=0.2331
2026-01-20 13:14:33,981 - INFO - 当前学习率: 0.000001
2026-01-20 13:14:42,283 - INFO - Epoch 155/300
2026-01-20 13:21:24,972 - INFO - Epoch 155 平均损失: Total=0.8536, Intra=0.3200, Inter=0.9214, Gen=0.2329
2026-01-20 13:21:24,972 - INFO - 当前学习率: 0.000000
2026-01-20 13:21:30,755 - INFO - Epoch 156/300
2026-01-20 13:28:13,746 - INFO - Epoch 156 平均损失: Total=0.8528, Intra=0.3188, Inter=0.9199, Gen=0.2335
2026-01-20 13:28:13,747 - INFO - 当前学习率: 0.000000
2026-01-20 13:28:22,952 - INFO - Epoch 157/300
2026-01-20 13:35:07,109 - INFO - Epoch 157 平均损失: Total=0.8507, Intra=0.3221, Inter=0.9138, Gen=0.2328
2026-01-20 13:35:07,109 - INFO - 当前学习率: 0.000000
2026-01-20 13:35:12,902 - INFO - Epoch 158/300
2026-01-20 13:41:53,526 - INFO - Epoch 158 平均损失: Total=0.8608, Intra=0.3272, Inter=0.9267, Gen=0.2339
2026-01-20 13:41:53,526 - INFO - 当前学习率: 0.000000
2026-01-20 13:42:03,832 - INFO - Epoch 159/300
2026-01-20 13:48:44,716 - INFO - Epoch 159 平均损失: Total=0.8529, Intra=0.3201, Inter=0.9200, Gen=0.2328
2026-01-20 13:48:44,717 - INFO - 当前学习率: 0.000000
2026-01-20 13:48:50,727 - INFO - Epoch 160/300
2026-01-20 13:55:30,487 - INFO - Epoch 160 平均损失: Total=0.8518, Intra=0.3201, Inter=0.9161, Gen=0.2337
2026-01-20 13:55:30,487 - INFO - 当前学习率: 0.000000
2026-01-20 13:55:39,092 - INFO - Epoch 161/300
2026-01-20 14:02:19,589 - INFO - Epoch 161 平均损失: Total=0.8600, Intra=0.3287, Inter=0.9248, Gen=0.2332
2026-01-20 14:02:19,589 - INFO - 当前学习率: 0.000000
2026-01-20 14:02:25,776 - INFO - Epoch 162/300
2026-01-20 14:09:06,201 - INFO - Epoch 162 平均损失: Total=0.8478, Intra=0.3214, Inter=0.9082, Gen=0.2330
2026-01-20 14:09:06,202 - INFO - 当前学习率: 0.000000
2026-01-20 14:09:14,958 - INFO - Epoch 163/300
2026-01-20 14:15:57,044 - INFO - Epoch 163 平均损失: Total=0.8516, Intra=0.3198, Inter=0.9178, Gen=0.2328
2026-01-20 14:15:57,044 - INFO - 当前学习率: 0.000000
2026-01-20 14:16:05,488 - INFO - Epoch 164/300
2026-01-20 14:22:47,769 - INFO - Epoch 164 平均损失: Total=0.8509, Intra=0.3260, Inter=0.9100, Gen=0.2330
2026-01-20 14:22:47,769 - INFO - 当前学习率: 0.000000
2026-01-20 14:22:57,616 - INFO - Epoch 165/300
2026-01-20 14:29:39,090 - INFO - Epoch 165 平均损失: Total=0.8507, Intra=0.3203, Inter=0.9167, Gen=0.2322
2026-01-20 14:29:39,090 - INFO - 当前学习率: 0.000000
2026-01-20 14:29:45,105 - INFO - Epoch 166/300
2026-01-20 14:36:26,904 - INFO - Epoch 166 平均损失: Total=0.8548, Intra=0.3225, Inter=0.9223, Gen=0.2324
2026-01-20 14:36:26,904 - INFO - 当前学习率: 0.000000
2026-01-20 14:36:34,251 - INFO - Epoch 167/300
2026-01-20 14:43:17,649 - INFO - Epoch 167 平均损失: Total=0.8483, Intra=0.3184, Inter=0.9141, Gen=0.2321
2026-01-20 14:43:17,649 - INFO - 当前学习率: 0.000000
2026-01-20 14:43:23,260 - INFO - Epoch 168/300
2026-01-20 14:50:07,188 - INFO - Epoch 168 平均损失: Total=0.8467, Intra=0.3249, Inter=0.9050, Gen=0.2317
2026-01-20 14:50:07,189 - INFO - 当前学习率: 0.000000
2026-01-20 14:50:13,675 - INFO - Epoch 169/300
2026-01-20 14:56:56,492 - INFO - Epoch 169 平均损失: Total=0.8558, Intra=0.3216, Inter=0.9221, Gen=0.2340
2026-01-20 14:56:56,492 - INFO - 当前学习率: 0.000000
2026-01-20 14:57:05,607 - INFO - Epoch 170/300
2026-01-20 15:03:52,152 - INFO - Epoch 170 平均损失: Total=0.8522, Intra=0.3197, Inter=0.9197, Gen=0.2325
2026-01-20 15:03:52,153 - INFO - 当前学习率: 0.000000
2026-01-20 15:03:58,319 - INFO - Epoch 171/300
2026-01-20 15:10:44,346 - INFO - Epoch 171 平均损失: Total=0.8451, Intra=0.3184, Inter=0.9068, Gen=0.2326
2026-01-20 15:10:44,346 - INFO - 当前学习率: 0.000000
2026-01-20 15:10:51,109 - INFO - Epoch 172/300
2026-01-20 15:17:34,015 - INFO - Epoch 172 平均损失: Total=0.8549, Intra=0.3217, Inter=0.9237, Gen=0.2322
2026-01-20 15:17:34,016 - INFO - 当前学习率: 0.000000
2026-01-20 15:17:40,018 - INFO - Epoch 173/300
2026-01-20 15:24:22,301 - INFO - Epoch 173 平均损失: Total=0.8418, Intra=0.3173, Inter=0.9011, Gen=0.2326
2026-01-20 15:24:22,302 - INFO - 当前学习率: 0.000000
2026-01-20 15:24:27,844 - INFO - Epoch 174/300
2026-01-20 15:31:11,661 - INFO - Epoch 174 平均损失: Total=0.8559, Intra=0.3234, Inter=0.9238, Gen=0.2323
2026-01-20 15:31:11,661 - INFO - 当前学习率: 0.000000
2026-01-20 15:31:17,686 - INFO - Epoch 175/300
2026-01-20 15:38:01,384 - INFO - Epoch 175 平均损失: Total=0.8462, Intra=0.3195, Inter=0.9072, Gen=0.2328
2026-01-20 15:38:01,384 - INFO - 当前学习率: 0.000000
2026-01-20 15:38:10,300 - INFO - Epoch 176/300
2026-01-20 15:44:56,220 - INFO - Epoch 176 平均损失: Total=0.8474, Intra=0.3181, Inter=0.9120, Gen=0.2323
2026-01-20 15:44:56,220 - INFO - 当前学习率: 0.000000
2026-01-20 15:45:03,069 - INFO - Epoch 177/300
2026-01-20 15:51:46,801 - INFO - Epoch 177 平均损失: Total=0.8531, Intra=0.3268, Inter=0.9146, Gen=0.2324
2026-01-20 15:51:46,802 - INFO - 当前学习率: 0.000000
2026-01-20 15:51:54,502 - INFO - Epoch 178/300
2026-01-20 15:58:40,632 - INFO - Epoch 178 平均损失: Total=0.8512, Intra=0.3189, Inter=0.9178, Gen=0.2329
2026-01-20 15:58:40,633 - INFO - 当前学习率: 0.000000
2026-01-20 15:58:46,408 - INFO - Epoch 179/300
2026-01-20 16:05:33,071 - INFO - Epoch 179 平均损失: Total=0.8537, Intra=0.3211, Inter=0.9221, Gen=0.2321
2026-01-20 16:05:33,071 - INFO - 当前学习率: 0.000000
2026-01-20 16:05:42,650 - INFO - Epoch 180/300
2026-01-20 16:12:28,433 - INFO - Epoch 180 平均损失: Total=0.8413, Intra=0.3163, Inter=0.9021, Gen=0.2322
2026-01-20 16:12:28,433 - INFO - 当前学习率: 0.000000
2026-01-20 16:12:36,139 - INFO - Epoch 181/300
2026-01-20 16:19:22,536 - INFO - Epoch 181 平均损失: Total=0.8509, Intra=0.3177, Inter=0.9180, Gen=0.2331
2026-01-20 16:19:22,539 - INFO - 当前学习率: 0.000000
2026-01-20 16:19:30,280 - INFO - Epoch 182/300
2026-01-20 16:26:19,260 - INFO - Epoch 182 平均损失: Total=0.8466, Intra=0.3159, Inter=0.9111, Gen=0.2331
2026-01-20 16:26:19,261 - INFO - 当前学习率: 0.000000
2026-01-20 16:26:29,737 - INFO - Epoch 183/300
2026-01-20 16:33:17,825 - INFO - Epoch 183 平均损失: Total=0.8501, Intra=0.3207, Inter=0.9133, Gen=0.2331
2026-01-20 16:33:17,826 - INFO - 当前学习率: 0.000000
2026-01-20 16:33:24,503 - INFO - Epoch 184/300
2026-01-20 16:40:09,312 - INFO - Epoch 184 平均损失: Total=0.8521, Intra=0.3231, Inter=0.9163, Gen=0.2324
2026-01-20 16:40:09,312 - INFO - 当前学习率: 0.000000
2026-01-20 16:40:15,646 - INFO - Epoch 185/300
2026-01-20 16:46:58,981 - INFO - Epoch 185 平均损失: Total=0.8509, Intra=0.3204, Inter=0.9145, Gen=0.2334
2026-01-20 16:46:58,981 - INFO - 当前学习率: 0.000000
2026-01-20 16:47:04,941 - INFO - Epoch 186/300
2026-01-20 16:53:48,593 - INFO - Epoch 186 平均损失: Total=0.8472, Intra=0.3126, Inter=0.9151, Gen=0.2333
2026-01-20 16:53:48,593 - INFO - 当前学习率: 0.000000
2026-01-20 16:53:56,268 - INFO - Epoch 187/300
2026-01-20 17:00:39,773 - INFO - Epoch 187 平均损失: Total=0.8476, Intra=0.3217, Inter=0.9088, Gen=0.2323
2026-01-20 17:00:39,773 - INFO - 当前学习率: 0.000000
2026-01-20 17:00:47,002 - INFO - Epoch 188/300
2026-01-20 17:07:30,842 - INFO - Epoch 188 平均损失: Total=0.8469, Intra=0.3191, Inter=0.9090, Gen=0.2328
2026-01-20 17:07:30,842 - INFO - 当前学习率: 0.000000
2026-01-20 17:07:38,742 - INFO - Epoch 189/300
2026-01-20 17:14:25,663 - INFO - Epoch 189 平均损失: Total=0.8536, Intra=0.3194, Inter=0.9230, Gen=0.2324
2026-01-20 17:14:25,664 - INFO - 当前学习率: 0.000000
2026-01-20 17:14:32,681 - INFO - Epoch 190/300
2026-01-20 17:21:15,991 - INFO - Epoch 190 平均损失: Total=0.8563, Intra=0.3247, Inter=0.9208, Gen=0.2335
2026-01-20 17:21:15,991 - INFO - 当前学习率: 0.000000
2026-01-20 17:21:21,321 - INFO - Epoch 191/300
2026-01-20 17:28:04,258 - INFO - Epoch 191 平均损失: Total=0.8448, Intra=0.3154, Inter=0.9099, Gen=0.2322
2026-01-20 17:28:04,259 - INFO - 当前学习率: 0.000000
2026-01-20 17:28:11,468 - INFO - Epoch 192/300
2026-01-20 17:34:56,233 - INFO - Epoch 192 平均损失: Total=0.8483, Intra=0.3245, Inter=0.9061, Gen=0.2330
2026-01-20 17:34:56,234 - INFO - 当前学习率: 0.000000
2026-01-20 17:35:05,981 - INFO - Epoch 193/300
2026-01-20 17:41:50,381 - INFO - Epoch 193 平均损失: Total=0.8442, Intra=0.3161, Inter=0.9073, Gen=0.2325
2026-01-20 17:41:50,381 - INFO - 当前学习率: 0.000000
2026-01-20 17:41:57,186 - INFO - Epoch 194/300
2026-01-20 17:48:42,098 - INFO - Epoch 194 平均损失: Total=0.8531, Intra=0.3231, Inter=0.9182, Gen=0.2324
2026-01-20 17:48:42,098 - INFO - 当前学习率: 0.000000
2026-01-20 17:48:47,877 - INFO - Epoch 195/300
2026-01-20 17:55:32,718 - INFO - Epoch 195 平均损失: Total=0.8449, Intra=0.3167, Inter=0.9075, Gen=0.2328
2026-01-20 17:55:32,718 - INFO - 当前学习率: 0.000000
2026-01-20 17:55:39,665 - INFO - Epoch 196/300
2026-01-20 18:02:23,487 - INFO - Epoch 196 平均损失: Total=0.8550, Intra=0.3275, Inter=0.9166, Gen=0.2329
2026-01-20 18:02:23,487 - INFO - 当前学习率: 0.000000
2026-01-20 18:02:29,457 - INFO - Epoch 197/300
2026-01-20 18:09:13,224 - INFO - Epoch 197 平均损失: Total=0.8543, Intra=0.3235, Inter=0.9204, Gen=0.2323
2026-01-20 18:09:13,224 - INFO - 当前学习率: 0.000000
2026-01-20 18:09:19,819 - INFO - Epoch 198/300
2026-01-20 18:16:04,674 - INFO - Epoch 198 平均损失: Total=0.8445, Intra=0.3187, Inter=0.9041, Gen=0.2331
2026-01-20 18:16:04,674 - INFO - 当前学习率: 0.000000
2026-01-20 18:16:11,651 - INFO - Epoch 199/300
2026-01-20 18:22:57,409 - INFO - Epoch 199 平均损失: Total=0.8518, Intra=0.3202, Inter=0.9168, Gen=0.2333
2026-01-20 18:22:57,409 - INFO - 当前学习率: 0.000000
2026-01-20 18:23:04,264 - INFO - Epoch 200/300
2026-01-20 18:29:48,625 - INFO - Epoch 200 平均损失: Total=0.8544, Intra=0.3224, Inter=0.9206, Gen=0.2329
2026-01-20 18:29:48,626 - INFO - 当前学习率: 0.000000
2026-01-20 18:29:58,479 - INFO - Epoch 201/300
2026-01-20 18:36:41,914 - INFO - Epoch 201 平均损失: Total=0.8521, Intra=0.3230, Inter=0.9163, Gen=0.2324
2026-01-20 18:36:41,914 - INFO - 当前学习率: 0.000000
2026-01-20 18:36:48,753 - INFO - Epoch 202/300
2026-01-20 18:43:31,942 - INFO - Epoch 202 平均损失: Total=0.8517, Intra=0.3247, Inter=0.9128, Gen=0.2329
2026-01-20 18:43:31,943 - INFO - 当前学习率: 0.000000
2026-01-20 18:43:41,147 - INFO - Epoch 203/300
2026-01-20 18:50:25,368 - INFO - Epoch 203 平均损失: Total=0.8543, Intra=0.3261, Inter=0.9167, Gen=0.2328
2026-01-20 18:50:25,368 - INFO - 当前学习率: 0.000000
2026-01-20 18:50:32,246 - INFO - Epoch 204/300
2026-01-20 18:57:16,635 - INFO - Epoch 204 平均损失: Total=0.8541, Intra=0.3218, Inter=0.9213, Gen=0.2326
2026-01-20 18:57:16,635 - INFO - 当前学习率: 0.000000
2026-01-20 18:57:22,153 - INFO - Epoch 205/300
2026-01-20 19:04:05,530 - INFO - Epoch 205 平均损失: Total=0.8534, Intra=0.3222, Inter=0.9195, Gen=0.2325
2026-01-20 19:04:05,530 - INFO - 当前学习率: 0.000000
2026-01-20 19:04:12,542 - INFO - Epoch 206/300
2026-01-20 19:10:55,520 - INFO - Epoch 206 平均损失: Total=0.8512, Intra=0.3225, Inter=0.9119, Gen=0.2340
2026-01-20 19:10:55,520 - INFO - 当前学习率: 0.000000
2026-01-20 19:11:01,211 - INFO - Epoch 207/300
2026-01-20 19:17:41,861 - INFO - Epoch 207 平均损失: Total=0.8492, Intra=0.3209, Inter=0.9119, Gen=0.2328
2026-01-20 19:17:41,861 - INFO - 当前学习率: 0.000000
2026-01-20 19:17:48,388 - INFO - Epoch 208/300
2026-01-20 19:24:32,917 - INFO - Epoch 208 平均损失: Total=0.8511, Intra=0.3221, Inter=0.9147, Gen=0.2327
2026-01-20 19:24:32,918 - INFO - 当前学习率: 0.000000
2026-01-20 19:24:40,151 - INFO - Epoch 209/300
2026-01-20 19:31:24,275 - INFO - Epoch 209 平均损失: Total=0.8485, Intra=0.3250, Inter=0.9071, Gen=0.2325
2026-01-20 19:31:24,276 - INFO - 当前学习率: 0.000000
2026-01-20 19:31:31,213 - INFO - Epoch 210/300
2026-01-20 19:38:15,769 - INFO - Epoch 210 平均损失: Total=0.8520, Intra=0.3185, Inter=0.9185, Gen=0.2335
2026-01-20 19:38:15,769 - INFO - 当前学习率: 0.000000
2026-01-20 19:38:24,750 - INFO - Epoch 211/300
2026-01-20 19:45:07,805 - INFO - Epoch 211 平均损失: Total=0.8482, Intra=0.3185, Inter=0.9127, Gen=0.2326
2026-01-20 19:45:07,806 - INFO - 当前学习率: 0.000000
2026-01-20 19:45:15,045 - INFO - Epoch 212/300
2026-01-20 19:51:58,077 - INFO - Epoch 212 平均损失: Total=0.8495, Intra=0.3230, Inter=0.9119, Gen=0.2320
2026-01-20 19:51:58,078 - INFO - 当前学习率: 0.000000
2026-01-20 19:52:05,351 - INFO - Epoch 213/300
2026-01-20 19:58:47,865 - INFO - Epoch 213 平均损失: Total=0.8500, Intra=0.3204, Inter=0.9145, Gen=0.2326
2026-01-20 19:58:47,866 - INFO - 当前学习率: 0.000000
2026-01-20 19:58:54,478 - INFO - Epoch 214/300
2026-01-20 20:05:37,452 - INFO - Epoch 214 平均损失: Total=0.8502, Intra=0.3269, Inter=0.9074, Gen=0.2331
2026-01-20 20:05:37,452 - INFO - 当前学习率: 0.000000
2026-01-20 20:05:45,058 - INFO - Epoch 215/300
2026-01-20 20:12:27,014 - INFO - Epoch 215 平均损失: Total=0.8443, Intra=0.3194, Inter=0.9045, Gen=0.2324
2026-01-20 20:12:27,014 - INFO - 当前学习率: 0.000000
2026-01-20 20:12:33,130 - INFO - Epoch 216/300
2026-01-20 20:19:15,324 - INFO - Epoch 216 平均损失: Total=0.8433, Intra=0.3131, Inter=0.9091, Gen=0.2322
2026-01-20 20:19:15,325 - INFO - 当前学习率: 0.000000
2026-01-20 20:19:23,240 - INFO - Epoch 217/300
2026-01-20 20:26:06,202 - INFO - Epoch 217 平均损失: Total=0.8484, Intra=0.3192, Inter=0.9120, Gen=0.2328
2026-01-20 20:26:06,202 - INFO - 当前学习率: 0.000000
2026-01-20 20:26:12,976 - INFO - Epoch 218/300
2026-01-20 20:32:55,812 - INFO - Epoch 218 平均损失: Total=0.8452, Intra=0.3157, Inter=0.9094, Gen=0.2326
2026-01-20 20:32:55,812 - INFO - 当前学习率: 0.000000
2026-01-20 20:33:02,383 - INFO - Epoch 219/300
2026-01-20 20:39:47,122 - INFO - Epoch 219 平均损失: Total=0.8484, Intra=0.3172, Inter=0.9158, Gen=0.2319
2026-01-20 20:39:47,122 - INFO - 当前学习率: 0.000000
2026-01-20 20:39:55,240 - INFO - Epoch 220/300
2026-01-20 20:46:37,653 - INFO - Epoch 220 平均损失: Total=0.8431, Intra=0.3178, Inter=0.9036, Gen=0.2324
2026-01-20 20:46:37,653 - INFO - 当前学习率: 0.000000
2026-01-20 20:46:44,441 - INFO - Epoch 221/300
2026-01-20 20:53:27,813 - INFO - Epoch 221 平均损失: Total=0.8623, Intra=0.3254, Inter=0.9336, Gen=0.2328
2026-01-20 20:53:27,813 - INFO - 当前学习率: 0.000000
2026-01-20 20:53:36,205 - INFO - Epoch 222/300
2026-01-20 21:00:20,685 - INFO - Epoch 222 平均损失: Total=0.8552, Intra=0.3203, Inter=0.9258, Gen=0.2322
2026-01-20 21:00:20,686 - INFO - 当前学习率: 0.000000
2026-01-20 21:00:28,432 - INFO - Epoch 223/300
2026-01-20 21:07:11,125 - INFO - Epoch 223 平均损失: Total=0.8504, Intra=0.3227, Inter=0.9134, Gen=0.2324
2026-01-20 21:07:11,125 - INFO - 当前学习率: 0.000000
2026-01-20 21:07:18,747 - INFO - Epoch 224/300
2026-01-20 21:14:02,111 - INFO - Epoch 224 平均损失: Total=0.8566, Intra=0.3243, Inter=0.9236, Gen=0.2327
2026-01-20 21:14:02,111 - INFO - 当前学习率: 0.000000
2026-01-20 21:14:09,326 - INFO - Epoch 225/300
2026-01-20 21:20:51,772 - INFO - Epoch 225 平均损失: Total=0.8597, Intra=0.3270, Inter=0.9283, Gen=0.2320
2026-01-20 21:20:51,772 - INFO - 当前学习率: 0.000000
2026-01-20 21:20:59,421 - INFO - Epoch 226/300
2026-01-20 21:27:45,217 - INFO - Epoch 226 平均损失: Total=0.8600, Intra=0.3293, Inter=0.9268, Gen=0.2319
2026-01-20 21:27:45,217 - INFO - 当前学习率: 0.000000
2026-01-20 21:27:56,003 - INFO - Epoch 227/300
2026-01-20 21:34:41,648 - INFO - Epoch 227 平均损失: Total=0.8521, Intra=0.3270, Inter=0.9124, Gen=0.2324
2026-01-20 21:34:41,649 - INFO - 当前学习率: 0.000000
2026-01-20 21:34:47,975 - INFO - Epoch 228/300
2026-01-20 21:41:33,570 - INFO - Epoch 228 平均损失: Total=0.8533, Intra=0.3232, Inter=0.9186, Gen=0.2324
2026-01-20 21:41:33,570 - INFO - 当前学习率: 0.000000
2026-01-20 21:41:39,523 - INFO - Epoch 229/300
2026-01-20 21:48:23,307 - INFO - Epoch 229 平均损失: Total=0.8548, Intra=0.3252, Inter=0.9188, Gen=0.2328
2026-01-20 21:48:23,308 - INFO - 当前学习率: 0.000000
2026-01-20 21:48:29,555 - INFO - Epoch 230/300
2026-01-20 21:55:12,168 - INFO - Epoch 230 平均损失: Total=0.8495, Intra=0.3198, Inter=0.9143, Gen=0.2324
2026-01-20 21:55:12,168 - INFO - 当前学习率: 0.000000
2026-01-20 21:55:18,587 - INFO - Epoch 231/300
2026-01-20 22:02:03,612 - INFO - Epoch 231 平均损失: Total=0.8456, Intra=0.3198, Inter=0.9060, Gen=0.2326
2026-01-20 22:02:03,612 - INFO - 当前学习率: 0.000000
2026-01-20 22:02:10,484 - INFO - Epoch 232/300
2026-01-20 22:08:56,437 - INFO - Epoch 232 平均损失: Total=0.8443, Intra=0.3209, Inter=0.9028, Gen=0.2324
2026-01-20 22:08:56,437 - INFO - 当前学习率: 0.000000
2026-01-20 22:09:06,398 - INFO - Epoch 233/300
2026-01-20 22:15:55,801 - INFO - Epoch 233 平均损失: Total=0.8561, Intra=0.3221, Inter=0.9254, Gen=0.2323
2026-01-20 22:15:55,802 - INFO - 当前学习率: 0.000000
2026-01-20 22:16:02,663 - INFO - Epoch 234/300
2026-01-20 22:22:49,450 - INFO - Epoch 234 平均损失: Total=0.8504, Intra=0.3241, Inter=0.9127, Gen=0.2320
2026-01-20 22:22:49,450 - INFO - 当前学习率: 0.000000
2026-01-20 22:22:55,926 - INFO - Epoch 235/300
2026-01-20 22:29:42,127 - INFO - Epoch 235 平均损失: Total=0.8489, Intra=0.3225, Inter=0.9088, Gen=0.2333
2026-01-20 22:29:42,127 - INFO - 当前学习率: 0.000000
2026-01-20 22:29:51,044 - INFO - Epoch 236/300
2026-01-20 22:36:37,777 - INFO - Epoch 236 平均损失: Total=0.8527, Intra=0.3238, Inter=0.9154, Gen=0.2331
2026-01-20 22:36:37,777 - INFO - 当前学习率: 0.000000
2026-01-20 22:36:46,289 - INFO - Epoch 237/300
2026-01-20 22:43:30,675 - INFO - Epoch 237 平均损失: Total=0.8639, Intra=0.3297, Inter=0.9317, Gen=0.2332
2026-01-20 22:43:30,675 - INFO - 当前学习率: 0.000000
2026-01-20 22:43:38,028 - INFO - Epoch 238/300
2026-01-20 22:50:37,297 - INFO - Epoch 238 平均损失: Total=0.8473, Intra=0.3168, Inter=0.9122, Gen=0.2329
2026-01-20 22:50:37,298 - INFO - 当前学习率: 0.000000
2026-01-20 22:50:46,025 - INFO - Epoch 239/300
2026-01-20 22:58:30,162 - INFO - Epoch 239 平均损失: Total=0.8491, Intra=0.3247, Inter=0.9092, Gen=0.2322
2026-01-20 22:58:30,162 - INFO - 当前学习率: 0.000000
2026-01-20 22:58:37,845 - INFO - Epoch 240/300
2026-01-20 23:06:32,243 - INFO - Epoch 240 平均损失: Total=0.8514, Intra=0.3200, Inter=0.9198, Gen=0.2316
2026-01-20 23:06:32,243 - INFO - 当前学习率: 0.000000
2026-01-20 23:06:39,926 - INFO - Epoch 241/300
2026-01-20 23:14:42,499 - INFO - Epoch 241 平均损失: Total=0.8405, Intra=0.3112, Inter=0.9055, Gen=0.2322
2026-01-20 23:14:42,500 - INFO - 当前学习率: 0.000000
2026-01-20 23:14:50,613 - INFO - Epoch 242/300
2026-01-20 23:22:54,816 - INFO - Epoch 242 平均损失: Total=0.8527, Intra=0.3189, Inter=0.9220, Gen=0.2323
2026-01-20 23:22:54,816 - INFO - 当前学习率: 0.000000
2026-01-20 23:23:02,248 - INFO - Epoch 243/300
2026-01-20 23:31:12,467 - INFO - Epoch 243 平均损失: Total=0.8506, Intra=0.3193, Inter=0.9182, Gen=0.2319
2026-01-20 23:31:12,467 - INFO - 当前学习率: 0.000000
2026-01-20 23:31:20,140 - INFO - Epoch 244/300
2026-01-20 23:39:31,981 - INFO - Epoch 244 平均损失: Total=0.8546, Intra=0.3268, Inter=0.9161, Gen=0.2332
2026-01-20 23:39:31,981 - INFO - 当前学习率: 0.000000
2026-01-20 23:39:39,323 - INFO - Epoch 245/300
2026-01-20 23:47:53,502 - INFO - Epoch 245 平均损失: Total=0.8443, Intra=0.3208, Inter=0.9036, Gen=0.2321
2026-01-20 23:47:53,502 - INFO - 当前学习率: 0.000000
2026-01-20 23:48:00,703 - INFO - Epoch 246/300
2026-01-20 23:56:15,404 - INFO - Epoch 246 平均损失: Total=0.8535, Intra=0.3270, Inter=0.9153, Gen=0.2323
2026-01-20 23:56:15,405 - INFO - 当前学习率: 0.000000
2026-01-20 23:56:25,135 - INFO - Epoch 247/300
2026-01-21 00:04:35,789 - INFO - Epoch 247 平均损失: Total=0.8474, Intra=0.3175, Inter=0.9113, Gen=0.2330
2026-01-21 00:04:35,790 - INFO - 当前学习率: 0.000000
2026-01-21 00:04:44,110 - INFO - Epoch 248/300
2026-01-21 00:13:05,068 - INFO - Epoch 248 平均损失: Total=0.8466, Intra=0.3180, Inter=0.9105, Gen=0.2323
2026-01-21 00:13:05,068 - INFO - 当前学习率: 0.000000
2026-01-21 00:13:16,245 - INFO - Epoch 249/300
2026-01-21 00:21:32,620 - INFO - Epoch 249 平均损失: Total=0.8497, Intra=0.3207, Inter=0.9113, Gen=0.2338
2026-01-21 00:21:32,621 - INFO - 当前学习率: 0.000000
2026-01-21 00:21:40,642 - INFO - Epoch 250/300
2026-01-21 00:29:47,407 - INFO - Epoch 250 平均损失: Total=0.8519, Intra=0.3203, Inter=0.9190, Gen=0.2322
2026-01-21 00:29:47,407 - INFO - 当前学习率: 0.000000
2026-01-21 00:29:57,072 - INFO - Epoch 251/300
2026-01-21 00:38:20,218 - INFO - Epoch 251 平均损失: Total=0.8504, Intra=0.3238, Inter=0.9138, Gen=0.2316
2026-01-21 00:38:20,219 - INFO - 当前学习率: 0.000000
2026-01-21 00:38:28,609 - INFO - Epoch 252/300
2026-01-21 00:46:55,093 - INFO - Epoch 252 平均损失: Total=0.8493, Intra=0.3237, Inter=0.9084, Gen=0.2333
2026-01-21 00:46:55,093 - INFO - 当前学习率: 0.000000
2026-01-21 00:47:04,538 - INFO - Epoch 253/300
2026-01-21 00:55:25,533 - INFO - Epoch 253 平均损失: Total=0.8606, Intra=0.3301, Inter=0.9248, Gen=0.2332
2026-01-21 00:55:25,534 - INFO - 当前学习率: 0.000000
2026-01-21 00:55:33,645 - INFO - Epoch 254/300
2026-01-21 01:04:06,479 - INFO - Epoch 254 平均损失: Total=0.8529, Intra=0.3265, Inter=0.9131, Gen=0.2331
2026-01-21 01:04:06,479 - INFO - 当前学习率: 0.000000
2026-01-21 01:04:16,413 - INFO - Epoch 255/300
2026-01-21 01:12:52,195 - INFO - Epoch 255 平均损失: Total=0.8558, Intra=0.3246, Inter=0.9210, Gen=0.2330
2026-01-21 01:12:52,196 - INFO - 当前学习率: 0.000000
2026-01-21 01:12:59,956 - INFO - Epoch 256/300
2026-01-21 01:21:35,736 - INFO - Epoch 256 平均损失: Total=0.8512, Intra=0.3200, Inter=0.9172, Gen=0.2326
2026-01-21 01:21:35,736 - INFO - 当前学习率: 0.000000
2026-01-21 01:21:46,012 - INFO - Epoch 257/300
2026-01-21 01:30:26,512 - INFO - Epoch 257 平均损失: Total=0.8484, Intra=0.3185, Inter=0.9117, Gen=0.2333
2026-01-21 01:30:26,512 - INFO - 当前学习率: 0.000000
2026-01-21 01:30:36,065 - INFO - Epoch 258/300
2026-01-21 01:39:19,736 - INFO - Epoch 258 平均损失: Total=0.8448, Intra=0.3173, Inter=0.9084, Gen=0.2319
2026-01-21 01:39:19,737 - INFO - 当前学习率: 0.000000
2026-01-21 01:39:26,692 - INFO - Epoch 259/300
2026-01-21 01:48:03,485 - INFO - Epoch 259 平均损失: Total=0.8541, Intra=0.3231, Inter=0.9195, Gen=0.2328
2026-01-21 01:48:03,485 - INFO - 当前学习率: 0.000000
2026-01-21 01:48:12,644 - INFO - Epoch 260/300
2026-01-21 01:57:01,599 - INFO - Epoch 260 平均损失: Total=0.8586, Intra=0.3259, Inter=0.9252, Gen=0.2330
2026-01-21 01:57:01,599 - INFO - 当前学习率: 0.000000
2026-01-21 01:57:10,270 - INFO - Epoch 261/300
2026-01-21 02:05:58,557 - INFO - Epoch 261 平均损失: Total=0.8517, Intra=0.3210, Inter=0.9155, Gen=0.2334
2026-01-21 02:05:58,557 - INFO - 当前学习率: 0.000000
2026-01-21 02:06:07,691 - INFO - Epoch 262/300
2026-01-21 02:14:56,454 - INFO - Epoch 262 平均损失: Total=0.8535, Intra=0.3222, Inter=0.9199, Gen=0.2324
2026-01-21 02:14:56,454 - INFO - 当前学习率: 0.000000
2026-01-21 02:15:03,956 - INFO - Epoch 263/300
2026-01-21 02:23:54,792 - INFO - Epoch 263 平均损失: Total=0.8522, Intra=0.3257, Inter=0.9150, Gen=0.2319
2026-01-21 02:23:54,792 - INFO - 当前学习率: 0.000000
2026-01-21 02:24:02,017 - INFO - Epoch 264/300
2026-01-21 02:32:47,779 - INFO - Epoch 264 平均损失: Total=0.8510, Intra=0.3249, Inter=0.9128, Gen=0.2321
2026-01-21 02:32:47,779 - INFO - 当前学习率: 0.000000
2026-01-21 02:32:57,583 - INFO - Epoch 265/300
2026-01-21 02:41:49,796 - INFO - Epoch 265 平均损失: Total=0.8505, Intra=0.3195, Inter=0.9161, Gen=0.2327
2026-01-21 02:41:49,796 - INFO - 当前学习率: 0.000000
2026-01-21 02:41:56,082 - INFO - Epoch 266/300
2026-01-21 02:50:51,228 - INFO - Epoch 266 平均损失: Total=0.8406, Intra=0.3139, Inter=0.9024, Gen=0.2325
2026-01-21 02:50:51,229 - INFO - 当前学习率: 0.000000
2026-01-21 02:50:58,203 - INFO - Epoch 267/300
2026-01-21 02:59:54,742 - INFO - Epoch 267 平均损失: Total=0.8456, Intra=0.3159, Inter=0.9096, Gen=0.2328
2026-01-21 02:59:54,743 - INFO - 当前学习率: 0.000000
2026-01-21 03:00:02,246 - INFO - Epoch 268/300
2026-01-21 03:08:56,958 - INFO - Epoch 268 平均损失: Total=0.8460, Intra=0.3142, Inter=0.9138, Gen=0.2320
2026-01-21 03:08:56,958 - INFO - 当前学习率: 0.000000
2026-01-21 03:09:05,081 - INFO - Epoch 269/300
2026-01-21 03:17:58,210 - INFO - Epoch 269 平均损失: Total=0.8564, Intra=0.3263, Inter=0.9210, Gen=0.2328
2026-01-21 03:17:58,210 - INFO - 当前学习率: 0.000000
2026-01-21 03:18:04,643 - INFO - Epoch 270/300
2026-01-21 03:27:01,914 - INFO - Epoch 270 平均损失: Total=0.8486, Intra=0.3245, Inter=0.9070, Gen=0.2329
2026-01-21 03:27:01,914 - INFO - 当前学习率: 0.000000
2026-01-21 03:27:09,594 - INFO - Epoch 271/300
2026-01-21 03:36:08,003 - INFO - Epoch 271 平均损失: Total=0.8451, Intra=0.3169, Inter=0.9072, Gen=0.2330
2026-01-21 03:36:08,003 - INFO - 当前学习率: 0.000000
2026-01-21 03:36:16,158 - INFO - Epoch 272/300
2026-01-21 03:45:15,348 - INFO - Epoch 272 平均损失: Total=0.8503, Intra=0.3203, Inter=0.9162, Gen=0.2321
2026-01-21 03:45:15,348 - INFO - 当前学习率: 0.000000
2026-01-21 03:45:23,917 - INFO - Epoch 273/300
2026-01-21 03:54:24,712 - INFO - Epoch 273 平均损失: Total=0.8527, Intra=0.3222, Inter=0.9186, Gen=0.2323
2026-01-21 03:54:24,712 - INFO - 当前学习率: 0.000000
2026-01-21 03:54:31,103 - INFO - Epoch 274/300
2026-01-21 04:03:23,150 - INFO - Epoch 274 平均损失: Total=0.8635, Intra=0.3320, Inter=0.9292, Gen=0.2329
2026-01-21 04:03:23,151 - INFO - 当前学习率: 0.000000
2026-01-21 04:03:31,153 - INFO - Epoch 275/300
2026-01-21 04:12:31,883 - INFO - Epoch 275 平均损失: Total=0.8472, Intra=0.3155, Inter=0.9153, Gen=0.2317
2026-01-21 04:12:31,883 - INFO - 当前学习率: 0.000000
2026-01-21 04:12:40,649 - INFO - Epoch 276/300
2026-01-21 04:21:39,931 - INFO - Epoch 276 平均损失: Total=0.8523, Intra=0.3219, Inter=0.9177, Gen=0.2325
2026-01-21 04:21:39,931 - INFO - 当前学习率: 0.000000
2026-01-21 04:21:47,871 - INFO - Epoch 277/300
2026-01-21 04:30:49,348 - INFO - Epoch 277 平均损失: Total=0.8444, Intra=0.3176, Inter=0.9070, Gen=0.2321
2026-01-21 04:30:49,348 - INFO - 当前学习率: 0.000000
2026-01-21 04:30:56,557 - INFO - Epoch 278/300
2026-01-21 04:39:56,828 - INFO - Epoch 278 平均损失: Total=0.8468, Intra=0.3183, Inter=0.9127, Gen=0.2313
2026-01-21 04:39:56,829 - INFO - 当前学习率: 0.000000
2026-01-21 04:40:05,833 - INFO - Epoch 279/300
2026-01-21 04:48:53,294 - INFO - Epoch 279 平均损失: Total=0.8391, Intra=0.3153, Inter=0.8979, Gen=0.2325
2026-01-21 04:48:53,294 - INFO - 当前学习率: 0.000000
2026-01-21 04:49:16,412 - INFO - 新的最优模型已保存，总损失: 0.8391
2026-01-21 04:49:16,412 - INFO - Epoch 280/300
2026-01-21 04:58:17,321 - INFO - Epoch 280 平均损失: Total=0.8563, Intra=0.3252, Inter=0.9219, Gen=0.2328
2026-01-21 04:58:17,321 - INFO - 当前学习率: 0.000000
2026-01-21 04:58:24,615 - INFO - Epoch 281/300
2026-01-21 05:07:24,555 - INFO - Epoch 281 平均损失: Total=0.8509, Intra=0.3229, Inter=0.9136, Gen=0.2326
2026-01-21 05:07:24,555 - INFO - 当前学习率: 0.000000
2026-01-21 05:07:32,947 - INFO - Epoch 282/300
2026-01-21 05:16:32,841 - INFO - Epoch 282 平均损失: Total=0.8534, Intra=0.3261, Inter=0.9160, Gen=0.2324
2026-01-21 05:16:32,841 - INFO - 当前学习率: 0.000000
2026-01-21 05:16:40,378 - INFO - Epoch 283/300
2026-01-21 05:25:40,350 - INFO - Epoch 283 平均损失: Total=0.8554, Intra=0.3268, Inter=0.9191, Gen=0.2325
2026-01-21 05:25:40,351 - INFO - 当前学习率: 0.000000
2026-01-21 05:25:47,375 - INFO - Epoch 284/300
2026-01-21 05:34:37,601 - INFO - Epoch 284 平均损失: Total=0.8473, Intra=0.3169, Inter=0.9115, Gen=0.2331
2026-01-21 05:34:37,602 - INFO - 当前学习率: 0.000000
2026-01-21 05:34:45,721 - INFO - Epoch 285/300
2026-01-21 05:43:46,789 - INFO - Epoch 285 平均损失: Total=0.8523, Intra=0.3273, Inter=0.9133, Gen=0.2320
2026-01-21 05:43:46,789 - INFO - 当前学习率: 0.000000
2026-01-21 05:43:53,857 - INFO - Epoch 286/300
2026-01-21 05:52:53,997 - INFO - Epoch 286 平均损失: Total=0.8496, Intra=0.3194, Inter=0.9156, Gen=0.2321
2026-01-21 05:52:53,997 - INFO - 当前学习率: 0.000000
2026-01-21 05:53:01,764 - INFO - Epoch 287/300
2026-01-21 06:02:02,308 - INFO - Epoch 287 平均损失: Total=0.8495, Intra=0.3159, Inter=0.9187, Gen=0.2322
2026-01-21 06:02:02,308 - INFO - 当前学习率: 0.000000
2026-01-21 06:02:10,562 - INFO - Epoch 288/300
2026-01-21 06:11:09,006 - INFO - Epoch 288 平均损失: Total=0.8490, Intra=0.3219, Inter=0.9117, Gen=0.2322
2026-01-21 06:11:09,007 - INFO - 当前学习率: 0.000000
2026-01-21 06:11:16,185 - INFO - Epoch 289/300
2026-01-21 06:20:04,359 - INFO - Epoch 289 平均损失: Total=0.8411, Intra=0.3122, Inter=0.9048, Gen=0.2326
2026-01-21 06:20:04,360 - INFO - 当前学习率: 0.000000
2026-01-21 06:20:10,627 - INFO - Epoch 290/300
2026-01-21 06:29:09,121 - INFO - Epoch 290 平均损失: Total=0.8482, Intra=0.3192, Inter=0.9113, Gen=0.2330
2026-01-21 06:29:09,121 - INFO - 当前学习率: 0.000000
2026-01-21 06:29:16,306 - INFO - Epoch 291/300
2026-01-21 06:38:13,995 - INFO - Epoch 291 平均损失: Total=0.8539, Intra=0.3246, Inter=0.9193, Gen=0.2320
2026-01-21 06:38:13,995 - INFO - 当前学习率: 0.000000
2026-01-21 06:38:19,535 - INFO - Epoch 292/300
2026-01-21 06:47:15,649 - INFO - Epoch 292 平均损失: Total=0.8465, Intra=0.3145, Inter=0.9145, Gen=0.2320
2026-01-21 06:47:15,649 - INFO - 当前学习率: 0.000000
2026-01-21 06:47:22,426 - INFO - Epoch 293/300
2026-01-21 06:56:19,017 - INFO - Epoch 293 平均损失: Total=0.8530, Intra=0.3243, Inter=0.9162, Gen=0.2328
2026-01-21 06:56:19,017 - INFO - 当前学习率: 0.000000
2026-01-21 06:56:25,890 - INFO - Epoch 294/300
2026-01-21 07:05:21,514 - INFO - Epoch 294 平均损失: Total=0.8530, Intra=0.3232, Inter=0.9172, Gen=0.2328
2026-01-21 07:05:21,514 - INFO - 当前学习率: 0.000000
2026-01-21 07:05:28,091 - INFO - Epoch 295/300
2026-01-21 07:14:24,956 - INFO - Epoch 295 平均损失: Total=0.8418, Intra=0.3161, Inter=0.9025, Gen=0.2325
2026-01-21 07:14:24,957 - INFO - 当前学习率: 0.000000
2026-01-21 07:14:32,646 - INFO - Epoch 296/300
2026-01-21 07:23:29,680 - INFO - Epoch 296 平均损失: Total=0.8550, Intra=0.3246, Inter=0.9197, Gen=0.2329
2026-01-21 07:23:29,680 - INFO - 当前学习率: 0.000000
2026-01-21 07:23:36,357 - INFO - Epoch 297/300
2026-01-21 07:32:33,994 - INFO - Epoch 297 平均损失: Total=0.8519, Intra=0.3215, Inter=0.9169, Gen=0.2327
2026-01-21 07:32:33,994 - INFO - 当前学习率: 0.000000
2026-01-21 07:32:40,263 - INFO - Epoch 298/300
2026-01-21 07:41:19,959 - INFO - Epoch 298 平均损失: Total=0.8524, Intra=0.3205, Inter=0.9180, Gen=0.2331
2026-01-21 07:41:19,959 - INFO - 当前学习率: 0.000000
2026-01-21 07:41:26,828 - INFO - Epoch 299/300
2026-01-21 07:50:25,789 - INFO - Epoch 299 平均损失: Total=0.8489, Intra=0.3209, Inter=0.9116, Gen=0.2326
2026-01-21 07:50:25,790 - INFO - 当前学习率: 0.000000
2026-01-21 07:50:32,494 - INFO - Epoch 300/300
2026-01-21 07:59:29,451 - INFO - Epoch 300 平均损失: Total=0.8562, Intra=0.3239, Inter=0.9243, Gen=0.2321
2026-01-21 07:59:29,451 - INFO - 当前学习率: 0.000000
2026-01-21 07:59:36,670 - INFO - 训练完成
2026-01-21 07:59:36,670 - INFO - 最优模型总损失: 0.8391
2026-01-21 07:59:36,670 - INFO - 日志保存位置: ../Log/2026-01-19_14-48-26
2026-01-21 07:59:36,670 - INFO - 模型检查点保存位置: ../Checkpoints/2026-01-19_14-48-26
2026-01-21 07:59:36,670 - INFO - 
=== 点云加载最终统计信息 ===
2026-01-21 07:59:36,670 - INFO - 总尝试加载次数: 0
2026-01-21 07:59:36,670 - INFO - 加载失败次数: 0
