2026-01-13 10:47:20,287 - INFO - 开始无监督跨模态对比学习训练
2026-01-13 10:47:20,287 - INFO - 命令行参数: {'config': '../DataLoader/config.yaml', 'epochs': 100, 'batch_size': 32, 'lr': 0.0001, 'device': 'cuda', 'gpus': '3,1', 'num_workers': 4, 'log_dir': '../Log', 'checkpoint_dir': '../Checkpoints', 'freeze_backbone': True, 'lambda_gen': 1.0}
2026-01-13 10:47:20,343 - INFO - 使用的显卡ID: [3, 1]
2026-01-13 10:47:20,343 - INFO - 使用设备: cuda
2026-01-13 10:47:20,344 - INFO - 创建数据加载器...
2026-01-13 10:47:24,449 - INFO - 数据加载器创建完成，训练样本数: 12311, 批次大小: 32, 批次数量: 384
2026-01-13 10:47:24,503 - INFO - 
=== Batch Size 建议 ===
2026-01-13 10:47:24,504 - INFO - 当前设置: batch_size=32, 使用显卡数=2
2026-01-13 10:47:24,504 - INFO - 注意：在multi_view_visual_encoder.py中，实际传入Backbone的图片数量会被放大为 B * N * NUM_NEIGHBOURS
2026-01-13 10:47:24,504 - INFO - 例如：如果N=4, NUM_NEIGHBOURS=5，那么每张显卡需要处理的图片数为: (16 * 4 * 5) / 2 = 160.0张
2026-01-13 10:47:24,504 - INFO - 
建议：在多卡环境下，您可以将batch size设置为 16 ~ 32
2026-01-13 10:47:24,504 - INFO - 这样每张显卡处理的实际图片数量会更合理，减少显存压力
2026-01-13 10:47:24,504 - INFO - 初始化模型...
2026-01-13 10:47:25,160 - INFO - 是否冻结ResNet Backbone: True
2026-01-13 10:47:25,161 - INFO - 检测到 2 张可用显卡，使用DataParallel...
2026-01-13 10:47:25,163 - INFO - 模型已使用DataParallel包装
2026-01-13 10:47:26,089 - INFO - 开始训练...
2026-01-13 10:47:26,089 - INFO - Epoch 1/100
2026-01-13 10:52:05,675 - INFO - Epoch 1 平均损失: Total=1.0271, Intra=0.3293, Inter=1.6745, Gen=0.0252
2026-01-13 10:52:06,895 - INFO - 新的最优模型已保存，总损失: 1.0271
2026-01-13 10:52:06,895 - INFO - Epoch 2/100
2026-01-13 10:56:45,306 - INFO - Epoch 2 平均损失: Total=0.5197, Intra=0.1214, Inter=0.8750, Gen=0.0215
2026-01-13 10:56:46,623 - INFO - 新的最优模型已保存，总损失: 0.5197
2026-01-13 10:56:46,624 - INFO - Epoch 3/100
2026-01-13 11:01:20,488 - INFO - Epoch 3 平均损失: Total=0.3994, Intra=0.0988, Inter=0.6580, Gen=0.0211
2026-01-13 11:01:21,783 - INFO - 新的最优模型已保存，总损失: 0.3994
2026-01-13 11:01:21,783 - INFO - Epoch 4/100
2026-01-13 11:05:56,306 - INFO - Epoch 4 平均损失: Total=0.3390, Intra=0.0835, Inter=0.5529, Gen=0.0208
2026-01-13 11:05:57,591 - INFO - 新的最优模型已保存，总损失: 0.3390
2026-01-13 11:05:57,591 - INFO - Epoch 5/100
2026-01-13 11:10:31,618 - INFO - Epoch 5 平均损失: Total=0.2927, Intra=0.0722, Inter=0.4723, Gen=0.0205
2026-01-13 11:10:32,980 - INFO - 新的最优模型已保存，总损失: 0.2927
2026-01-13 11:10:32,980 - INFO - Epoch 6/100
2026-01-13 11:15:07,291 - INFO - Epoch 6 平均损失: Total=0.2644, Intra=0.0660, Inter=0.4223, Gen=0.0203
2026-01-13 11:15:08,572 - INFO - 新的最优模型已保存，总损失: 0.2644
2026-01-13 11:15:08,573 - INFO - Epoch 7/100
2026-01-13 11:19:43,835 - INFO - Epoch 7 平均损失: Total=0.2402, Intra=0.0602, Inter=0.3803, Gen=0.0199
2026-01-13 11:19:45,169 - INFO - 新的最优模型已保存，总损失: 0.2402
2026-01-13 11:19:45,170 - INFO - Epoch 8/100
2026-01-13 11:24:19,434 - INFO - Epoch 8 平均损失: Total=0.2254, Intra=0.0582, Inter=0.3535, Gen=0.0195
2026-01-13 11:24:20,731 - INFO - 新的最优模型已保存，总损失: 0.2254
2026-01-13 11:24:20,732 - INFO - Epoch 9/100
2026-01-13 11:28:54,831 - INFO - Epoch 9 平均损失: Total=0.2139, Intra=0.0533, Inter=0.3353, Gen=0.0196
2026-01-13 11:28:56,127 - INFO - 新的最优模型已保存，总损失: 0.2139
2026-01-13 11:28:56,127 - INFO - Epoch 10/100
2026-01-13 11:33:31,883 - INFO - Epoch 10 平均损失: Total=0.2030, Intra=0.0531, Inter=0.3136, Gen=0.0197
2026-01-13 11:33:33,156 - INFO - 新的最优模型已保存，总损失: 0.2030
2026-01-13 11:33:33,156 - INFO - Epoch 11/100
2026-01-13 11:38:07,458 - INFO - Epoch 11 平均损失: Total=0.1987, Intra=0.0516, Inter=0.3065, Gen=0.0197
2026-01-13 11:38:08,736 - INFO - 新的最优模型已保存，总损失: 0.1987
2026-01-13 11:38:08,736 - INFO - Epoch 12/100
2026-01-13 11:42:42,523 - INFO - Epoch 12 平均损失: Total=0.1769, Intra=0.0462, Inter=0.2686, Gen=0.0194
2026-01-13 11:42:43,806 - INFO - 新的最优模型已保存，总损失: 0.1769
2026-01-13 11:42:43,807 - INFO - Epoch 13/100
2026-01-13 11:47:18,885 - INFO - Epoch 13 平均损失: Total=0.1715, Intra=0.0434, Inter=0.2612, Gen=0.0192
2026-01-13 11:47:20,346 - INFO - 新的最优模型已保存，总损失: 0.1715
2026-01-13 11:47:20,346 - INFO - Epoch 14/100
2026-01-13 11:51:55,569 - INFO - Epoch 14 平均损失: Total=0.1686, Intra=0.0450, Inter=0.2542, Gen=0.0189
2026-01-13 11:51:56,900 - INFO - 新的最优模型已保存，总损失: 0.1686
2026-01-13 11:51:56,900 - INFO - Epoch 15/100
2026-01-13 11:56:32,055 - INFO - Epoch 15 平均损失: Total=0.1568, Intra=0.0401, Inter=0.2355, Gen=0.0190
2026-01-13 11:56:33,312 - INFO - 新的最优模型已保存，总损失: 0.1568
2026-01-13 11:56:33,312 - INFO - Epoch 16/100
2026-01-13 12:01:11,400 - INFO - Epoch 16 平均损失: Total=0.1548, Intra=0.0409, Inter=0.2309, Gen=0.0189
2026-01-13 12:01:12,862 - INFO - 新的最优模型已保存，总损失: 0.1548
2026-01-13 12:01:12,862 - INFO - Epoch 17/100
2026-01-13 12:05:50,726 - INFO - Epoch 17 平均损失: Total=0.1475, Intra=0.0391, Inter=0.2185, Gen=0.0186
2026-01-13 12:05:52,096 - INFO - 新的最优模型已保存，总损失: 0.1475
2026-01-13 12:05:52,096 - INFO - Epoch 18/100
2026-01-13 12:10:29,169 - INFO - Epoch 18 平均损失: Total=0.1458, Intra=0.0384, Inter=0.2158, Gen=0.0187
2026-01-13 12:10:30,476 - INFO - 新的最优模型已保存，总损失: 0.1458
2026-01-13 12:10:30,476 - INFO - Epoch 19/100
2026-01-13 12:15:07,246 - INFO - Epoch 19 平均损失: Total=0.1447, Intra=0.0397, Inter=0.2123, Gen=0.0187
2026-01-13 12:15:08,554 - INFO - 新的最优模型已保存，总损失: 0.1447
2026-01-13 12:15:08,555 - INFO - Epoch 20/100
2026-01-13 12:19:45,097 - INFO - Epoch 20 平均损失: Total=0.1374, Intra=0.0368, Inter=0.2004, Gen=0.0188
2026-01-13 12:19:46,375 - INFO - 新的最优模型已保存，总损失: 0.1374
2026-01-13 12:19:46,375 - INFO - Epoch 21/100
2026-01-13 12:24:24,379 - INFO - Epoch 21 平均损失: Total=0.1317, Intra=0.0351, Inter=0.1908, Gen=0.0187
2026-01-13 12:24:25,647 - INFO - 新的最优模型已保存，总损失: 0.1317
2026-01-13 12:24:25,647 - INFO - Epoch 22/100
2026-01-13 12:29:03,345 - INFO - Epoch 22 平均损失: Total=0.1283, Intra=0.0343, Inter=0.1858, Gen=0.0183
2026-01-13 12:29:04,615 - INFO - 新的最优模型已保存，总损失: 0.1283
2026-01-13 12:29:04,615 - INFO - Epoch 23/100
2026-01-13 12:33:41,736 - INFO - Epoch 23 平均损失: Total=0.1213, Intra=0.0317, Inter=0.1745, Gen=0.0183
2026-01-13 12:33:43,011 - INFO - 新的最优模型已保存，总损失: 0.1213
2026-01-13 12:33:43,011 - INFO - Epoch 24/100
2026-01-13 12:38:19,986 - INFO - Epoch 24 平均损失: Total=0.1271, Intra=0.0351, Inter=0.1820, Gen=0.0185
2026-01-13 12:38:20,628 - INFO - Epoch 25/100
2026-01-13 12:42:57,450 - INFO - Epoch 25 平均损失: Total=0.1204, Intra=0.0328, Inter=0.1719, Gen=0.0181
2026-01-13 12:42:58,714 - INFO - 新的最优模型已保存，总损失: 0.1204
2026-01-13 12:42:58,714 - INFO - Epoch 26/100
2026-01-13 12:47:35,007 - INFO - Epoch 26 平均损失: Total=0.1215, Intra=0.0344, Inter=0.1717, Gen=0.0185
2026-01-13 12:47:35,654 - INFO - Epoch 27/100
2026-01-13 12:52:12,686 - INFO - Epoch 27 平均损失: Total=0.1205, Intra=0.0329, Inter=0.1709, Gen=0.0186
2026-01-13 12:52:13,330 - INFO - Epoch 28/100
2026-01-13 12:56:51,392 - INFO - Epoch 28 平均损失: Total=0.1107, Intra=0.0300, Inter=0.1553, Gen=0.0181
2026-01-13 12:56:52,682 - INFO - 新的最优模型已保存，总损失: 0.1107
2026-01-13 12:56:52,682 - INFO - Epoch 29/100
2026-01-13 13:01:29,182 - INFO - Epoch 29 平均损失: Total=0.1145, Intra=0.0311, Inter=0.1615, Gen=0.0182
2026-01-13 13:01:29,821 - INFO - Epoch 30/100
2026-01-13 13:06:07,092 - INFO - Epoch 30 平均损失: Total=0.1085, Intra=0.0307, Inter=0.1501, Gen=0.0181
2026-01-13 13:06:08,424 - INFO - 新的最优模型已保存，总损失: 0.1085
2026-01-13 13:06:08,424 - INFO - Epoch 31/100
2026-01-13 13:10:45,482 - INFO - Epoch 31 平均损失: Total=0.1081, Intra=0.0300, Inter=0.1504, Gen=0.0179
2026-01-13 13:10:46,770 - INFO - 新的最优模型已保存，总损失: 0.1081
2026-01-13 13:10:46,770 - INFO - Epoch 32/100
2026-01-13 13:15:23,768 - INFO - Epoch 32 平均损失: Total=0.1067, Intra=0.0288, Inter=0.1491, Gen=0.0178
2026-01-13 13:15:25,074 - INFO - 新的最优模型已保存，总损失: 0.1067
2026-01-13 13:15:25,074 - INFO - Epoch 33/100
2026-01-13 13:20:04,739 - INFO - Epoch 33 平均损失: Total=0.1032, Intra=0.0281, Inter=0.1428, Gen=0.0178
2026-01-13 13:20:06,081 - INFO - 新的最优模型已保存，总损失: 0.1032
2026-01-13 13:20:06,081 - INFO - Epoch 34/100
2026-01-13 13:24:42,199 - INFO - Epoch 34 平均损失: Total=0.1021, Intra=0.0290, Inter=0.1400, Gen=0.0176
2026-01-13 13:24:43,478 - INFO - 新的最优模型已保存，总损失: 0.1021
2026-01-13 13:24:43,478 - INFO - Epoch 35/100
2026-01-13 13:29:20,927 - INFO - Epoch 35 平均损失: Total=0.1039, Intra=0.0280, Inter=0.1444, Gen=0.0177
2026-01-13 13:29:21,573 - INFO - Epoch 36/100
2026-01-13 13:33:58,616 - INFO - Epoch 36 平均损失: Total=0.0995, Intra=0.0270, Inter=0.1368, Gen=0.0176
2026-01-13 13:33:59,893 - INFO - 新的最优模型已保存，总损失: 0.0995
2026-01-13 13:33:59,893 - INFO - Epoch 37/100
2026-01-13 13:38:35,683 - INFO - Epoch 37 平均损失: Total=0.0954, Intra=0.0256, Inter=0.1308, Gen=0.0172
2026-01-13 13:38:36,950 - INFO - 新的最优模型已保存，总损失: 0.0954
2026-01-13 13:38:36,950 - INFO - Epoch 38/100
2026-01-13 13:43:13,089 - INFO - Epoch 38 平均损失: Total=0.0968, Intra=0.0265, Inter=0.1319, Gen=0.0176
2026-01-13 13:43:13,782 - INFO - Epoch 39/100
2026-01-13 13:47:50,306 - INFO - Epoch 39 平均损失: Total=0.0914, Intra=0.0240, Inter=0.1245, Gen=0.0172
2026-01-13 13:47:51,596 - INFO - 新的最优模型已保存，总损失: 0.0914
2026-01-13 13:47:51,596 - INFO - Epoch 40/100
2026-01-13 13:52:27,550 - INFO - Epoch 40 平均损失: Total=0.0908, Intra=0.0252, Inter=0.1223, Gen=0.0170
2026-01-13 13:52:28,838 - INFO - 新的最优模型已保存，总损失: 0.0908
2026-01-13 13:52:28,838 - INFO - Epoch 41/100
2026-01-13 13:57:04,535 - INFO - Epoch 41 平均损失: Total=0.0941, Intra=0.0256, Inter=0.1283, Gen=0.0172
2026-01-13 13:57:05,190 - INFO - Epoch 42/100
2026-01-13 14:01:41,899 - INFO - Epoch 42 平均损失: Total=0.0909, Intra=0.0250, Inter=0.1222, Gen=0.0173
2026-01-13 14:01:42,537 - INFO - Epoch 43/100
2026-01-13 14:06:19,776 - INFO - Epoch 43 平均损失: Total=0.0934, Intra=0.0254, Inter=0.1261, Gen=0.0176
2026-01-13 14:06:20,414 - INFO - Epoch 44/100
2026-01-13 14:10:56,542 - INFO - Epoch 44 平均损失: Total=0.0904, Intra=0.0241, Inter=0.1219, Gen=0.0175
2026-01-13 14:10:57,855 - INFO - 新的最优模型已保存，总损失: 0.0904
2026-01-13 14:10:57,855 - INFO - Epoch 45/100
2026-01-13 14:15:34,125 - INFO - Epoch 45 平均损失: Total=0.0906, Intra=0.0250, Inter=0.1217, Gen=0.0172
2026-01-13 14:15:34,778 - INFO - Epoch 46/100
2026-01-13 14:20:11,017 - INFO - Epoch 46 平均损失: Total=0.0890, Intra=0.0242, Inter=0.1194, Gen=0.0172
2026-01-13 14:20:12,285 - INFO - 新的最优模型已保存，总损失: 0.0890
2026-01-13 14:20:12,286 - INFO - Epoch 47/100
2026-01-13 14:24:47,894 - INFO - Epoch 47 平均损失: Total=0.0792, Intra=0.0214, Inter=0.1037, Gen=0.0166
2026-01-13 14:24:49,159 - INFO - 新的最优模型已保存，总损失: 0.0792
2026-01-13 14:24:49,159 - INFO - Epoch 48/100
2026-01-13 14:29:25,306 - INFO - Epoch 48 平均损失: Total=0.0881, Intra=0.0240, Inter=0.1178, Gen=0.0171
2026-01-13 14:29:25,954 - INFO - Epoch 49/100
2026-01-13 14:34:02,858 - INFO - Epoch 49 平均损失: Total=0.0854, Intra=0.0229, Inter=0.1138, Gen=0.0171
2026-01-13 14:34:03,505 - INFO - Epoch 50/100
2026-01-13 14:39:24,340 - INFO - Epoch 50 平均损失: Total=0.0804, Intra=0.0218, Inter=0.1055, Gen=0.0168
2026-01-13 14:39:25,016 - INFO - Epoch 51/100
2026-01-13 14:44:58,628 - INFO - Epoch 51 平均损失: Total=0.0796, Intra=0.0217, Inter=0.1046, Gen=0.0164
2026-01-13 14:44:59,316 - INFO - Epoch 52/100
2026-01-13 14:50:08,965 - INFO - Epoch 52 平均损失: Total=0.0817, Intra=0.0219, Inter=0.1082, Gen=0.0166
2026-01-13 14:50:09,649 - INFO - Epoch 53/100
2026-01-13 14:55:23,891 - INFO - Epoch 53 平均损失: Total=0.0823, Intra=0.0222, Inter=0.1089, Gen=0.0168
2026-01-13 14:55:24,715 - INFO - Epoch 54/100
2026-01-13 15:01:07,342 - INFO - Epoch 54 平均损失: Total=0.0826, Intra=0.0229, Inter=0.1088, Gen=0.0168
2026-01-13 15:01:08,180 - INFO - Epoch 55/100
2026-01-13 15:06:54,472 - INFO - Epoch 55 平均损失: Total=0.0798, Intra=0.0218, Inter=0.1045, Gen=0.0166
2026-01-13 15:06:55,347 - INFO - Epoch 56/100
2026-01-13 15:13:06,257 - INFO - Epoch 56 平均损失: Total=0.0762, Intra=0.0212, Inter=0.0989, Gen=0.0162
2026-01-13 15:13:07,805 - INFO - 新的最优模型已保存，总损失: 0.0762
2026-01-13 15:13:07,805 - INFO - Epoch 57/100
2026-01-13 15:18:56,325 - INFO - Epoch 57 平均损失: Total=0.0774, Intra=0.0213, Inter=0.1008, Gen=0.0164
2026-01-13 15:18:57,159 - INFO - Epoch 58/100
2026-01-13 15:25:12,882 - INFO - Epoch 58 平均损失: Total=0.0735, Intra=0.0203, Inter=0.0949, Gen=0.0159
2026-01-13 15:25:14,357 - INFO - 新的最优模型已保存，总损失: 0.0735
2026-01-13 15:25:14,358 - INFO - Epoch 59/100
2026-01-13 15:31:10,997 - INFO - Epoch 59 平均损失: Total=0.0762, Intra=0.0202, Inter=0.0997, Gen=0.0162
2026-01-13 15:31:11,740 - INFO - Epoch 60/100
2026-01-13 15:36:24,254 - INFO - Epoch 60 平均损失: Total=0.0727, Intra=0.0189, Inter=0.0945, Gen=0.0160
2026-01-13 15:36:25,631 - INFO - 新的最优模型已保存，总损失: 0.0727
2026-01-13 15:36:25,631 - INFO - Epoch 61/100
2026-01-13 15:41:06,885 - INFO - Epoch 61 平均损失: Total=0.0782, Intra=0.0221, Inter=0.1011, Gen=0.0166
2026-01-13 15:41:07,640 - INFO - Epoch 62/100
2026-01-13 15:45:48,987 - INFO - Epoch 62 平均损失: Total=0.0796, Intra=0.0228, Inter=0.1033, Gen=0.0166
2026-01-13 15:45:49,685 - INFO - Epoch 63/100
2026-01-13 15:50:27,726 - INFO - Epoch 63 平均损失: Total=0.0715, Intra=0.0191, Inter=0.0920, Gen=0.0160
2026-01-13 15:50:29,048 - INFO - 新的最优模型已保存，总损失: 0.0715
2026-01-13 15:50:29,049 - INFO - Epoch 64/100
2026-01-13 15:55:11,412 - INFO - Epoch 64 平均损失: Total=0.0739, Intra=0.0202, Inter=0.0953, Gen=0.0161
2026-01-13 15:55:12,195 - INFO - Epoch 65/100
2026-01-13 15:59:55,464 - INFO - Epoch 65 平均损失: Total=0.0734, Intra=0.0196, Inter=0.0949, Gen=0.0162
2026-01-13 15:59:56,188 - INFO - Epoch 66/100
2026-01-13 16:04:26,267 - INFO - Epoch 66 平均损失: Total=0.0764, Intra=0.0213, Inter=0.0992, Gen=0.0162
2026-01-13 16:04:27,001 - INFO - Epoch 67/100
2026-01-13 16:08:52,520 - INFO - Epoch 67 平均损失: Total=0.0692, Intra=0.0187, Inter=0.0882, Gen=0.0158
2026-01-13 16:08:53,943 - INFO - 新的最优模型已保存，总损失: 0.0692
2026-01-13 16:08:53,943 - INFO - Epoch 68/100
2026-01-13 16:13:18,971 - INFO - Epoch 68 平均损失: Total=0.0697, Intra=0.0193, Inter=0.0885, Gen=0.0158
2026-01-13 16:13:19,685 - INFO - Epoch 69/100
2026-01-13 16:17:45,053 - INFO - Epoch 69 平均损失: Total=0.0727, Intra=0.0201, Inter=0.0929, Gen=0.0163
2026-01-13 16:17:45,776 - INFO - Epoch 70/100
2026-01-13 16:22:11,672 - INFO - Epoch 70 平均损失: Total=0.0731, Intra=0.0194, Inter=0.0940, Gen=0.0164
2026-01-13 16:22:12,424 - INFO - Epoch 71/100
2026-01-13 16:26:38,456 - INFO - Epoch 71 平均损失: Total=0.0708, Intra=0.0193, Inter=0.0905, Gen=0.0159
2026-01-13 16:26:39,169 - INFO - Epoch 72/100
2026-01-13 16:31:07,826 - INFO - Epoch 72 平均损失: Total=0.0696, Intra=0.0192, Inter=0.0884, Gen=0.0158
2026-01-13 16:31:08,987 - INFO - Epoch 73/100
2026-01-13 16:35:40,110 - INFO - Epoch 73 平均损失: Total=0.0668, Intra=0.0185, Inter=0.0842, Gen=0.0155
2026-01-13 16:35:41,541 - INFO - 新的最优模型已保存，总损失: 0.0668
2026-01-13 16:35:41,541 - INFO - Epoch 74/100
2026-01-13 16:40:11,366 - INFO - Epoch 74 平均损失: Total=0.0687, Intra=0.0194, Inter=0.0867, Gen=0.0156
2026-01-13 16:40:12,068 - INFO - Epoch 75/100
2026-01-13 16:44:40,225 - INFO - Epoch 75 平均损失: Total=0.0633, Intra=0.0178, Inter=0.0787, Gen=0.0150
2026-01-13 16:44:41,664 - INFO - 新的最优模型已保存，总损失: 0.0633
2026-01-13 16:44:41,664 - INFO - Epoch 76/100
2026-01-13 16:49:10,426 - INFO - Epoch 76 平均损失: Total=0.0679, Intra=0.0185, Inter=0.0866, Gen=0.0154
2026-01-13 16:49:11,119 - INFO - Epoch 77/100
2026-01-13 16:53:39,669 - INFO - Epoch 77 平均损失: Total=0.0696, Intra=0.0183, Inter=0.0892, Gen=0.0158
2026-01-13 16:53:40,401 - INFO - Epoch 78/100
2026-01-13 16:58:10,586 - INFO - Epoch 78 平均损失: Total=0.0680, Intra=0.0186, Inter=0.0862, Gen=0.0156
2026-01-13 16:58:11,252 - INFO - Epoch 79/100
2026-01-13 17:02:50,663 - INFO - Epoch 79 平均损失: Total=0.0633, Intra=0.0171, Inter=0.0790, Gen=0.0152
2026-01-13 17:02:51,318 - INFO - Epoch 80/100
2026-01-13 17:07:29,639 - INFO - Epoch 80 平均损失: Total=0.0658, Intra=0.0184, Inter=0.0825, Gen=0.0154
2026-01-13 17:07:30,315 - INFO - Epoch 81/100
2026-01-13 17:12:06,319 - INFO - Epoch 81 平均损失: Total=0.0637, Intra=0.0173, Inter=0.0797, Gen=0.0152
2026-01-13 17:12:06,967 - INFO - Epoch 82/100
2026-01-13 17:16:48,112 - INFO - Epoch 82 平均损失: Total=0.0616, Intra=0.0170, Inter=0.0765, Gen=0.0149
2026-01-13 17:16:49,479 - INFO - 新的最优模型已保存，总损失: 0.0616
2026-01-13 17:16:49,480 - INFO - Epoch 83/100
2026-01-13 17:21:24,879 - INFO - Epoch 83 平均损失: Total=0.0642, Intra=0.0174, Inter=0.0803, Gen=0.0154
2026-01-13 17:21:25,554 - INFO - Epoch 84/100
2026-01-13 17:26:01,405 - INFO - Epoch 84 平均损失: Total=0.0640, Intra=0.0172, Inter=0.0803, Gen=0.0152
2026-01-13 17:26:02,087 - INFO - Epoch 85/100
2026-01-13 17:30:34,194 - INFO - Epoch 85 平均损失: Total=0.0629, Intra=0.0173, Inter=0.0782, Gen=0.0151
2026-01-13 17:30:34,870 - INFO - Epoch 86/100
2026-01-13 17:35:04,716 - INFO - Epoch 86 平均损失: Total=0.0651, Intra=0.0180, Inter=0.0813, Gen=0.0155
2026-01-13 17:35:05,396 - INFO - Epoch 87/100
2026-01-13 17:39:34,440 - INFO - Epoch 87 平均损失: Total=0.0641, Intra=0.0181, Inter=0.0795, Gen=0.0152
2026-01-13 17:39:35,254 - INFO - Epoch 88/100
2026-01-13 17:44:12,829 - INFO - Epoch 88 平均损失: Total=0.0624, Intra=0.0165, Inter=0.0776, Gen=0.0153
2026-01-13 17:44:13,519 - INFO - Epoch 89/100
2026-01-13 17:48:42,903 - INFO - Epoch 89 平均损失: Total=0.0598, Intra=0.0158, Inter=0.0740, Gen=0.0149
2026-01-13 17:48:44,270 - INFO - 新的最优模型已保存，总损失: 0.0598
2026-01-13 17:48:44,270 - INFO - Epoch 90/100
2026-01-13 17:53:13,779 - INFO - Epoch 90 平均损失: Total=0.0600, Intra=0.0160, Inter=0.0741, Gen=0.0150
2026-01-13 17:53:14,441 - INFO - Epoch 91/100
2026-01-13 17:57:47,042 - INFO - Epoch 91 平均损失: Total=0.0596, Intra=0.0159, Inter=0.0735, Gen=0.0149
2026-01-13 17:57:48,336 - INFO - 新的最优模型已保存，总损失: 0.0596
2026-01-13 17:57:48,337 - INFO - Epoch 92/100
2026-01-13 18:02:21,051 - INFO - Epoch 92 平均损失: Total=0.0613, Intra=0.0166, Inter=0.0758, Gen=0.0151
2026-01-13 18:02:21,704 - INFO - Epoch 93/100
2026-01-13 18:06:55,950 - INFO - Epoch 93 平均损失: Total=0.0636, Intra=0.0179, Inter=0.0786, Gen=0.0154
2026-01-13 18:06:56,606 - INFO - Epoch 94/100
2026-01-13 18:11:32,438 - INFO - Epoch 94 平均损失: Total=0.0604, Intra=0.0174, Inter=0.0734, Gen=0.0150
2026-01-13 18:11:33,166 - INFO - Epoch 95/100
2026-01-13 18:16:09,715 - INFO - Epoch 95 平均损失: Total=0.0630, Intra=0.0179, Inter=0.0780, Gen=0.0151
2026-01-13 18:16:10,354 - INFO - Epoch 96/100
2026-01-13 18:20:46,494 - INFO - Epoch 96 平均损失: Total=0.0610, Intra=0.0168, Inter=0.0753, Gen=0.0150
2026-01-13 18:20:47,139 - INFO - Epoch 97/100
2026-01-13 18:25:23,727 - INFO - Epoch 97 平均损失: Total=0.0599, Intra=0.0158, Inter=0.0736, Gen=0.0152
2026-01-13 18:25:24,369 - INFO - Epoch 98/100
2026-01-13 18:30:00,513 - INFO - Epoch 98 平均损失: Total=0.0607, Intra=0.0164, Inter=0.0752, Gen=0.0149
2026-01-13 18:30:01,164 - INFO - Epoch 99/100
2026-01-13 18:34:36,294 - INFO - Epoch 99 平均损失: Total=0.0594, Intra=0.0160, Inter=0.0731, Gen=0.0148
2026-01-13 18:34:37,560 - INFO - 新的最优模型已保存，总损失: 0.0594
2026-01-13 18:34:37,560 - INFO - Epoch 100/100
2026-01-13 18:39:15,246 - INFO - Epoch 100 平均损失: Total=0.0605, Intra=0.0162, Inter=0.0750, Gen=0.0149
2026-01-13 18:39:15,895 - INFO - 训练完成
2026-01-13 18:39:15,895 - INFO - 最优模型总损失: 0.0594
2026-01-13 18:39:15,895 - INFO - 日志保存位置: ../Log/2026-01-13_10-47-20
2026-01-13 18:39:15,895 - INFO - 模型检查点保存位置: ../Checkpoints/2026-01-13_10-47-20
2026-01-13 18:39:15,895 - INFO - 
=== 点云加载最终统计信息 ===
2026-01-13 18:39:15,895 - INFO - 总尝试加载次数: 0
2026-01-13 18:39:15,895 - INFO - 加载失败次数: 0
