2026-02-21 23:41:40,138 - INFO - CUDA_VISIBLE_DEVICES = 0,1,2,3
2026-02-21 23:41:40,150 - INFO - 使用设备: cuda
2026-02-21 23:41:40,190 - INFO - Actual torch.cuda.device_count() = 4
2026-02-21 23:41:40,193 - INFO - 逻辑 cuda:0 -> NVIDIA GeForce RTX 2080 Ti | Memory: 10.75 GB
2026-02-21 23:41:40,193 - INFO - 逻辑 cuda:1 -> NVIDIA GeForce RTX 2080 Ti | Memory: 10.75 GB
2026-02-21 23:41:40,193 - INFO - 逻辑 cuda:2 -> NVIDIA GeForce RTX 2080 Ti | Memory: 10.75 GB
2026-02-21 23:41:40,193 - INFO - 逻辑 cuda:3 -> NVIDIA GeForce RTX 3090 | Memory: 23.69 GB
2026-02-21 23:41:43,639 - INFO - DataParallel 使用逻辑 GPU IDs: [0, 1, 2, 3] (对应物理 GPU IDs: ['0', '1', '2', '3'])
2026-02-21 23:52:19,306 - INFO - Epoch 1: Total Loss=-0.8992
2026-02-22 00:02:42,037 - INFO - Epoch 2: Total Loss=-0.8057
2026-02-22 00:13:03,361 - INFO - Epoch 3: Total Loss=-0.8809
2026-02-22 00:23:27,130 - INFO - Epoch 4: Total Loss=-0.8754
2026-02-22 00:33:52,872 - INFO - Epoch 5: Total Loss=-0.8535
2026-02-22 00:44:18,598 - INFO - Epoch 6: Total Loss=-0.8442
2026-02-22 00:54:45,819 - INFO - Epoch 7: Total Loss=-0.8385
2026-02-22 01:05:06,455 - INFO - Epoch 8: Total Loss=-0.8423
2026-02-22 01:15:33,282 - INFO - Epoch 9: Total Loss=-0.8445
2026-02-22 01:25:57,032 - INFO - Epoch 10: Total Loss=-0.8306
2026-02-22 01:36:20,150 - INFO - Epoch 11: Total Loss=-0.8324
2026-02-22 01:46:44,484 - INFO - Epoch 12: Total Loss=-0.8246
2026-02-22 01:57:08,274 - INFO - Epoch 13: Total Loss=-0.8228
2026-02-22 02:07:34,340 - INFO - Epoch 14: Total Loss=-0.8214
2026-02-22 02:17:59,423 - INFO - Epoch 15: Total Loss=-0.8188
2026-02-22 02:28:25,450 - INFO - Epoch 16: Total Loss=-0.8231
2026-02-22 02:38:49,419 - INFO - Epoch 17: Total Loss=-0.8170
2026-02-22 02:49:15,451 - INFO - Epoch 18: Total Loss=-0.8262
2026-02-22 02:59:42,729 - INFO - Epoch 19: Total Loss=-0.8265
2026-02-22 03:10:08,105 - INFO - Epoch 20: Total Loss=-0.8332
2026-02-22 03:20:33,466 - INFO - Epoch 21: Total Loss=-0.8375
2026-02-22 03:30:56,675 - INFO - Epoch 22: Total Loss=-0.8346
2026-02-22 03:41:23,215 - INFO - Epoch 23: Total Loss=-0.8409
2026-02-22 03:51:48,361 - INFO - Epoch 24: Total Loss=-0.8434
2026-02-22 04:02:13,385 - INFO - Epoch 25: Total Loss=-0.8396
2026-02-22 04:12:36,827 - INFO - Epoch 26: Total Loss=-0.8460
2026-02-22 04:23:01,468 - INFO - Epoch 27: Total Loss=-0.8467
2026-02-22 04:33:25,622 - INFO - Epoch 28: Total Loss=-0.8439
2026-02-22 04:43:49,196 - INFO - Epoch 29: Total Loss=-0.8406
2026-02-22 04:54:15,010 - INFO - Epoch 30: Total Loss=-0.8500
2026-02-22 05:04:38,596 - INFO - Epoch 31: Total Loss=-0.8472
2026-02-22 05:15:03,025 - INFO - Epoch 32: Total Loss=-0.8489
2026-02-22 05:25:27,778 - INFO - Epoch 33: Total Loss=-0.8477
2026-02-22 05:35:50,339 - INFO - Epoch 34: Total Loss=-0.8452
2026-02-22 05:46:16,289 - INFO - Epoch 35: Total Loss=-0.8517
2026-02-22 05:56:36,484 - INFO - Epoch 36: Total Loss=-0.8457
2026-02-22 06:07:03,776 - INFO - Epoch 37: Total Loss=-0.8519
2026-02-22 06:17:28,614 - INFO - Epoch 38: Total Loss=-0.8469
2026-02-22 06:27:50,845 - INFO - Epoch 39: Total Loss=-0.8497
2026-02-22 06:38:13,655 - INFO - Epoch 40: Total Loss=-0.8480
2026-02-22 06:48:39,268 - INFO - Epoch 41: Total Loss=-0.8484
2026-02-22 06:59:04,124 - INFO - Epoch 42: Total Loss=-0.8474
2026-02-22 07:09:29,938 - INFO - Epoch 43: Total Loss=-0.8487
2026-02-22 07:19:54,015 - INFO - Epoch 44: Total Loss=-0.8473
2026-02-22 07:30:20,415 - INFO - Epoch 45: Total Loss=-0.8485
2026-02-22 07:40:46,583 - INFO - Epoch 46: Total Loss=-0.8467
2026-02-22 07:51:11,404 - INFO - Epoch 47: Total Loss=-0.8483
2026-02-22 08:01:38,957 - INFO - Epoch 48: Total Loss=-0.8475
2026-02-22 08:11:33,059 - INFO - Epoch 49: Total Loss=-0.8505
2026-02-22 08:18:21,063 - INFO - Epoch 50: Total Loss=-0.8474
2026-02-22 08:25:09,625 - INFO - Epoch 51: Total Loss=-0.8530
2026-02-22 08:31:56,456 - INFO - Epoch 52: Total Loss=-0.8547
2026-02-22 08:38:47,862 - INFO - Epoch 53: Total Loss=-0.8525
2026-02-22 08:45:39,063 - INFO - Epoch 54: Total Loss=-0.8531
2026-02-22 08:52:27,496 - INFO - Epoch 55: Total Loss=-0.8496
2026-02-22 08:59:20,869 - INFO - Epoch 56: Total Loss=-0.8531
2026-02-22 09:06:08,062 - INFO - Epoch 57: Total Loss=-0.8494
2026-02-22 09:12:58,185 - INFO - Epoch 58: Total Loss=-0.8550
2026-02-22 09:19:51,498 - INFO - Epoch 59: Total Loss=-0.8483
2026-02-22 09:26:37,225 - INFO - Epoch 60: Total Loss=-0.8475
2026-02-22 09:33:22,637 - INFO - Epoch 61: Total Loss=-0.8502
2026-02-22 09:40:12,506 - INFO - Epoch 62: Total Loss=-0.8501
2026-02-22 09:47:06,289 - INFO - Epoch 63: Total Loss=-0.8530
2026-02-22 09:53:57,378 - INFO - Epoch 64: Total Loss=-0.8471
2026-02-22 10:00:46,593 - INFO - Epoch 65: Total Loss=-0.8486
2026-02-22 10:07:38,376 - INFO - Epoch 66: Total Loss=-0.8453
2026-02-22 10:14:23,894 - INFO - Epoch 67: Total Loss=-0.8520
2026-02-22 10:21:12,393 - INFO - Epoch 68: Total Loss=-0.8497
2026-02-22 10:28:01,035 - INFO - Epoch 69: Total Loss=-0.8478
2026-02-22 10:34:50,863 - INFO - Epoch 70: Total Loss=-0.8528
2026-02-22 10:41:40,790 - INFO - Epoch 71: Total Loss=-0.8470
2026-02-22 10:48:31,657 - INFO - Epoch 72: Total Loss=-0.8510
2026-02-22 10:55:24,780 - INFO - Epoch 73: Total Loss=-0.8516
2026-02-22 11:02:12,360 - INFO - Epoch 74: Total Loss=-0.8483
2026-02-22 11:09:06,093 - INFO - Epoch 75: Total Loss=-0.8485
2026-02-22 11:15:49,415 - INFO - Epoch 76: Total Loss=-0.8493
2026-02-22 11:22:40,698 - INFO - Epoch 77: Total Loss=-0.8505
2026-02-22 11:29:29,444 - INFO - Epoch 78: Total Loss=-0.8486
2026-02-22 11:36:20,123 - INFO - Epoch 79: Total Loss=-0.8497
2026-02-22 11:43:09,752 - INFO - Epoch 80: Total Loss=-0.8455
2026-02-22 11:49:59,396 - INFO - Epoch 81: Total Loss=-0.8466
2026-02-22 11:56:45,023 - INFO - Epoch 82: Total Loss=-0.8461
2026-02-22 12:03:39,125 - INFO - Epoch 83: Total Loss=-0.8507
2026-02-22 12:10:26,431 - INFO - Epoch 84: Total Loss=-0.8494
2026-02-22 12:17:19,400 - INFO - Epoch 85: Total Loss=-0.8469
2026-02-22 12:24:01,865 - INFO - Epoch 86: Total Loss=-0.8509
2026-02-22 12:30:53,477 - INFO - Epoch 87: Total Loss=-0.8536
2026-02-22 12:37:42,977 - INFO - Epoch 88: Total Loss=-0.8495
2026-02-22 12:44:35,235 - INFO - Epoch 89: Total Loss=-0.8461
2026-02-22 12:51:18,638 - INFO - Epoch 90: Total Loss=-0.8503
2026-02-22 12:58:11,250 - INFO - Epoch 91: Total Loss=-0.8490
2026-02-22 13:05:01,798 - INFO - Epoch 92: Total Loss=-0.8522
2026-02-22 13:11:49,874 - INFO - Epoch 93: Total Loss=-0.8495
2026-02-22 13:18:42,631 - INFO - Epoch 94: Total Loss=-0.8495
2026-02-22 13:25:33,412 - INFO - Epoch 95: Total Loss=-0.8483
2026-02-22 13:32:25,066 - INFO - Epoch 96: Total Loss=-0.8475
2026-02-22 13:39:17,836 - INFO - Epoch 97: Total Loss=-0.8498
2026-02-22 13:46:09,584 - INFO - Epoch 98: Total Loss=-0.8481
2026-02-22 13:53:03,631 - INFO - Epoch 99: Total Loss=-0.8496
2026-02-22 13:59:49,873 - INFO - Epoch 100: Total Loss=-0.8507
