2026-01-14 18:48:13,590 - INFO - 开始无监督跨模态对比学习训练
2026-01-14 18:48:13,590 - INFO - 命令行参数: {'config': '../DataLoader/config.yaml', 'epochs': 150, 'batch_size': 32, 'lr': 0.001, 'device': 'cuda', 'gpus': '0,1,2,3', 'num_workers': 4, 'log_dir': '../Log', 'checkpoint_dir': '../Checkpoints', 'freeze_backbone': True, 'lambda_gen': 1.0}
2026-01-14 18:48:13,649 - INFO - 使用的显卡ID: [0, 1, 2, 3]
2026-01-14 18:48:13,649 - INFO - 使用设备: cuda
2026-01-14 18:48:13,649 - INFO - 创建数据加载器...
2026-01-14 18:48:18,144 - INFO - 数据加载器创建完成，训练样本数: 12311, 批次大小: 32, 批次数量: 384
2026-01-14 18:48:18,175 - INFO - 
=== Batch Size 建议 ===
2026-01-14 18:48:18,176 - INFO - 当前设置: batch_size=32, 使用显卡数=4
2026-01-14 18:48:18,176 - INFO - 注意：在multi_view_visual_encoder.py中，实际传入Backbone的图片数量会被放大为 B * N * NUM_NEIGHBOURS
2026-01-14 18:48:18,176 - INFO - 例如：如果N=4, NUM_NEIGHBOURS=5，那么每张显卡需要处理的图片数为: (16 * 4 * 5) / 4 = 80.0张
2026-01-14 18:48:18,176 - INFO - 
建议：在多卡环境下，您可以将batch size设置为 8 ~ 32
2026-01-14 18:48:18,176 - INFO - 这样每张显卡处理的实际图片数量会更合理，减少显存压力
2026-01-14 18:48:18,176 - INFO - 初始化模型...
2026-01-14 18:48:18,872 - INFO - 是否冻结ResNet Backbone: True
2026-01-14 18:48:18,872 - INFO - 检测到 4 张可用显卡，使用DataParallel...
2026-01-14 18:48:18,875 - INFO - 模型已使用DataParallel包装
2026-01-14 18:48:19,826 - INFO - 开始训练...
2026-01-14 18:48:19,826 - INFO - Epoch 1/150
2026-01-14 18:52:53,737 - INFO - Epoch 1 平均损失: Total=3.5140, Intra=3.4683, Inter=3.4701, Gen=0.0448
2026-01-14 18:52:53,737 - INFO - 当前学习率: 0.001000
2026-01-14 18:52:59,670 - INFO - 新的最优模型已保存，总损失: 3.5140
2026-01-14 18:52:59,671 - INFO - Epoch 2/150
2026-01-14 18:57:18,047 - INFO - Epoch 2 平均损失: Total=3.4702, Intra=3.4668, Inter=3.4680, Gen=0.0028
2026-01-14 18:57:18,047 - INFO - 当前学习率: 0.001000
2026-01-14 18:57:24,321 - INFO - 新的最优模型已保存，总损失: 3.4702
2026-01-14 18:57:24,322 - INFO - Epoch 3/150
2026-01-14 19:01:42,568 - INFO - Epoch 3 平均损失: Total=3.4693, Intra=3.4668, Inter=3.4682, Gen=0.0018
2026-01-14 19:01:42,568 - INFO - 当前学习率: 0.001000
2026-01-14 19:01:46,001 - INFO - 新的最优模型已保存，总损失: 3.4693
2026-01-14 19:01:46,002 - INFO - Epoch 4/150
2026-01-14 19:06:04,836 - INFO - Epoch 4 平均损失: Total=3.4684, Intra=3.4664, Inter=3.4676, Gen=0.0014
2026-01-14 19:06:04,836 - INFO - 当前学习率: 0.001000
2026-01-14 19:06:10,843 - INFO - 新的最优模型已保存，总损失: 3.4684
2026-01-14 19:06:10,843 - INFO - Epoch 5/150
2026-01-14 19:10:29,632 - INFO - Epoch 5 平均损失: Total=3.4682, Intra=3.4664, Inter=3.4675, Gen=0.0012
2026-01-14 19:10:29,632 - INFO - 当前学习率: 0.001000
2026-01-14 19:10:33,151 - INFO - 新的最优模型已保存，总损失: 3.4682
2026-01-14 19:10:33,151 - INFO - Epoch 6/150
2026-01-14 19:14:51,608 - INFO - Epoch 6 平均损失: Total=3.4678, Intra=3.4662, Inter=3.4669, Gen=0.0012
2026-01-14 19:14:51,608 - INFO - 当前学习率: 0.001000
2026-01-14 19:14:55,228 - INFO - 新的最优模型已保存，总损失: 3.4678
2026-01-14 19:14:55,228 - INFO - Epoch 7/150
2026-01-14 19:19:13,607 - INFO - Epoch 7 平均损失: Total=3.4677, Intra=3.4662, Inter=3.4667, Gen=0.0012
2026-01-14 19:19:13,607 - INFO - 当前学习率: 0.001000
2026-01-14 19:19:19,290 - INFO - 新的最优模型已保存，总损失: 3.4677
2026-01-14 19:19:19,290 - INFO - Epoch 8/150
2026-01-14 19:23:36,983 - INFO - Epoch 8 平均损失: Total=3.8719, Intra=3.4660, Inter=3.4667, Gen=0.4055
2026-01-14 19:23:36,984 - INFO - 当前学习率: 0.001000
2026-01-14 19:23:38,150 - INFO - Epoch 9/150
2026-01-14 19:27:56,203 - INFO - Epoch 9 平均损失: Total=3.5110, Intra=3.4655, Inter=3.4669, Gen=0.0448
2026-01-14 19:27:56,203 - INFO - 当前学习率: 0.001000
2026-01-14 19:27:57,243 - INFO - Epoch 10/150
2026-01-14 19:32:14,348 - INFO - Epoch 10 平均损失: Total=3.4782, Intra=3.4664, Inter=3.4661, Gen=0.0119
2026-01-14 19:32:14,348 - INFO - 当前学习率: 0.001000
2026-01-14 19:32:17,333 - INFO - Epoch 11/150
2026-01-14 19:36:34,014 - INFO - Epoch 11 平均损失: Total=3.4715, Intra=3.4661, Inter=3.4671, Gen=0.0050
2026-01-14 19:36:34,014 - INFO - 当前学习率: 0.001000
2026-01-14 19:36:35,110 - INFO - Epoch 12/150
2026-01-14 19:40:54,424 - INFO - Epoch 12 平均损失: Total=3.4724, Intra=3.4663, Inter=3.4665, Gen=0.0060
2026-01-14 19:40:54,424 - INFO - 当前学习率: 0.000500
2026-01-14 19:40:55,510 - INFO - Epoch 13/150
2026-01-14 19:45:11,597 - INFO - Epoch 13 平均损失: Total=3.4705, Intra=3.4660, Inter=3.4663, Gen=0.0043
2026-01-14 19:45:11,598 - INFO - 当前学习率: 0.000500
2026-01-14 19:45:14,040 - INFO - Epoch 14/150
2026-01-14 19:49:30,728 - INFO - Epoch 14 平均损失: Total=3.4697, Intra=3.4657, Inter=3.4662, Gen=0.0038
2026-01-14 19:49:30,728 - INFO - 当前学习率: 0.000500
2026-01-14 19:49:32,149 - INFO - Epoch 15/150
2026-01-14 19:53:50,430 - INFO - Epoch 15 平均损失: Total=3.4698, Intra=3.4664, Inter=3.4661, Gen=0.0035
2026-01-14 19:53:50,431 - INFO - 当前学习率: 0.000500
2026-01-14 19:53:51,552 - INFO - Epoch 16/150
2026-01-14 19:58:10,439 - INFO - Epoch 16 平均损失: Total=3.4678, Intra=3.4659, Inter=3.4661, Gen=0.0018
2026-01-14 19:58:10,439 - INFO - 当前学习率: 0.000500
2026-01-14 19:58:13,298 - INFO - Epoch 17/150
2026-01-14 20:02:29,533 - INFO - Epoch 17 平均损失: Total=3.4714, Intra=3.4659, Inter=3.4659, Gen=0.0055
2026-01-14 20:02:29,534 - INFO - 当前学习率: 0.000500
2026-01-14 20:02:30,886 - INFO - Epoch 18/150
2026-01-14 20:06:50,200 - INFO - Epoch 18 平均损失: Total=3.4832, Intra=3.4660, Inter=3.4662, Gen=0.0171
2026-01-14 20:06:50,200 - INFO - 当前学习率: 0.000250
2026-01-14 20:06:53,117 - INFO - Epoch 19/150
2026-01-14 20:11:12,068 - INFO - Epoch 19 平均损失: Total=3.4826, Intra=3.4661, Inter=3.4662, Gen=0.0165
2026-01-14 20:11:12,069 - INFO - 当前学习率: 0.000250
2026-01-14 20:11:13,268 - INFO - Epoch 20/150
2026-01-14 20:15:28,713 - INFO - Epoch 20 平均损失: Total=3.4724, Intra=3.4659, Inter=3.4661, Gen=0.0064
2026-01-14 20:15:28,713 - INFO - 当前学习率: 0.000250
2026-01-14 20:15:30,220 - INFO - Epoch 21/150
2026-01-14 20:19:49,133 - INFO - Epoch 21 平均损失: Total=3.2656, Intra=2.9674, Inter=3.3636, Gen=0.1001
2026-01-14 20:19:49,134 - INFO - 当前学习率: 0.000250
2026-01-14 20:19:53,653 - INFO - 新的最优模型已保存，总损失: 3.2656
2026-01-14 20:19:53,654 - INFO - Epoch 22/150
2026-01-14 20:24:10,486 - INFO - Epoch 22 平均损失: Total=2.3876, Intra=1.5856, Inter=2.7486, Gen=0.2206
2026-01-14 20:24:10,486 - INFO - 当前学习率: 0.000250
2026-01-14 20:24:14,808 - INFO - 新的最优模型已保存，总损失: 2.3876
2026-01-14 20:24:14,808 - INFO - Epoch 23/150
2026-01-14 20:28:32,869 - INFO - Epoch 23 平均损失: Total=2.1183, Intra=1.2970, Inter=2.4894, Gen=0.2251
2026-01-14 20:28:32,869 - INFO - 当前学习率: 0.000250
2026-01-14 20:28:38,151 - INFO - 新的最优模型已保存，总损失: 2.1183
2026-01-14 20:28:38,151 - INFO - Epoch 24/150
2026-01-14 20:32:54,242 - INFO - Epoch 24 平均损失: Total=1.9968, Intra=1.1922, Inter=2.3209, Gen=0.2403
2026-01-14 20:32:54,242 - INFO - 当前学习率: 0.000250
2026-01-14 20:32:59,119 - INFO - 新的最优模型已保存，总损失: 1.9968
2026-01-14 20:32:59,120 - INFO - Epoch 25/150
2026-01-14 20:37:17,846 - INFO - Epoch 25 平均损失: Total=1.9482, Intra=1.1379, Inter=2.2860, Gen=0.2363
2026-01-14 20:37:17,846 - INFO - 当前学习率: 0.000250
2026-01-14 20:37:30,241 - INFO - 新的最优模型已保存，总损失: 1.9482
2026-01-14 20:37:30,242 - INFO - Epoch 26/150
2026-01-14 20:41:48,126 - INFO - Epoch 26 平均损失: Total=1.9505, Intra=1.1163, Inter=2.3163, Gen=0.2342
2026-01-14 20:41:48,126 - INFO - 当前学习率: 0.000250
2026-01-14 20:41:50,656 - INFO - Epoch 27/150
2026-01-14 20:46:09,742 - INFO - Epoch 27 平均损失: Total=1.9010, Intra=1.0766, Inter=2.2515, Gen=0.2370
2026-01-14 20:46:09,743 - INFO - 当前学习率: 0.000250
2026-01-14 20:46:15,847 - INFO - 新的最优模型已保存，总损失: 1.9010
2026-01-14 20:46:15,847 - INFO - Epoch 28/150
2026-01-14 20:50:33,676 - INFO - Epoch 28 平均损失: Total=1.8833, Intra=1.0420, Inter=2.2045, Gen=0.2601
2026-01-14 20:50:33,677 - INFO - 当前学习率: 0.000250
2026-01-14 20:50:37,786 - INFO - 新的最优模型已保存，总损失: 1.8833
2026-01-14 20:50:37,787 - INFO - Epoch 29/150
2026-01-14 20:54:56,626 - INFO - Epoch 29 平均损失: Total=1.8923, Intra=1.0234, Inter=2.1878, Gen=0.2867
2026-01-14 20:54:56,627 - INFO - 当前学习率: 0.000250
2026-01-14 20:54:59,879 - INFO - Epoch 30/150
2026-01-14 20:59:16,818 - INFO - Epoch 30 平均损失: Total=1.8268, Intra=0.9837, Inter=2.0996, Gen=0.2852
2026-01-14 20:59:16,819 - INFO - 当前学习率: 0.000250
2026-01-14 20:59:24,497 - INFO - 新的最优模型已保存，总损失: 1.8268
2026-01-14 20:59:24,497 - INFO - Epoch 31/150
2026-01-14 21:03:42,169 - INFO - Epoch 31 平均损失: Total=1.8031, Intra=0.9603, Inter=2.0525, Gen=0.2967
2026-01-14 21:03:42,169 - INFO - 当前学习率: 0.000250
2026-01-14 21:03:46,995 - INFO - 新的最优模型已保存，总损失: 1.8031
2026-01-14 21:03:46,996 - INFO - Epoch 32/150
2026-01-14 21:08:01,461 - INFO - Epoch 32 平均损失: Total=1.7538, Intra=0.8767, Inter=2.0424, Gen=0.2942
2026-01-14 21:08:01,462 - INFO - 当前学习率: 0.000250
2026-01-14 21:08:08,493 - INFO - 新的最优模型已保存，总损失: 1.7538
2026-01-14 21:08:08,493 - INFO - Epoch 33/150
2026-01-14 21:12:23,995 - INFO - Epoch 33 平均损失: Total=1.6703, Intra=0.7049, Inter=2.0098, Gen=0.3129
2026-01-14 21:12:23,996 - INFO - 当前学习率: 0.000250
2026-01-14 21:12:29,986 - INFO - 新的最优模型已保存，总损失: 1.6703
2026-01-14 21:12:29,986 - INFO - Epoch 34/150
2026-01-14 21:16:43,902 - INFO - Epoch 34 平均损失: Total=1.5858, Intra=0.5572, Inter=1.9647, Gen=0.3248
2026-01-14 21:16:43,903 - INFO - 当前学习率: 0.000250
2026-01-14 21:16:48,580 - INFO - 新的最优模型已保存，总损失: 1.5858
2026-01-14 21:16:48,581 - INFO - Epoch 35/150
2026-01-14 21:21:04,752 - INFO - Epoch 35 平均损失: Total=1.4855, Intra=0.5007, Inter=1.8494, Gen=0.3104
2026-01-14 21:21:04,753 - INFO - 当前学习率: 0.000250
2026-01-14 21:21:09,451 - INFO - 新的最优模型已保存，总损失: 1.4855
2026-01-14 21:21:09,452 - INFO - Epoch 36/150
2026-01-14 21:25:24,867 - INFO - Epoch 36 平均损失: Total=1.3832, Intra=0.4754, Inter=1.6989, Gen=0.2960
2026-01-14 21:25:24,867 - INFO - 当前学习率: 0.000250
2026-01-14 21:25:29,846 - INFO - 新的最优模型已保存，总损失: 1.3832
2026-01-14 21:25:29,846 - INFO - Epoch 37/150
2026-01-14 21:29:44,750 - INFO - Epoch 37 平均损失: Total=1.2710, Intra=0.4488, Inter=1.5246, Gen=0.2843
2026-01-14 21:29:44,750 - INFO - 当前学习率: 0.000250
2026-01-14 21:29:50,035 - INFO - 新的最优模型已保存，总损失: 1.2710
2026-01-14 21:29:50,035 - INFO - Epoch 38/150
2026-01-14 21:34:03,647 - INFO - Epoch 38 平均损失: Total=1.2197, Intra=0.4285, Inter=1.4112, Gen=0.2998
2026-01-14 21:34:03,648 - INFO - 当前学习率: 0.000250
2026-01-14 21:34:07,593 - INFO - 新的最优模型已保存，总损失: 1.2197
2026-01-14 21:34:07,593 - INFO - Epoch 39/150
2026-01-14 21:38:21,518 - INFO - Epoch 39 平均损失: Total=1.1740, Intra=0.4126, Inter=1.3411, Gen=0.2971
2026-01-14 21:38:21,518 - INFO - 当前学习率: 0.000250
2026-01-14 21:38:26,868 - INFO - 新的最优模型已保存，总损失: 1.1740
2026-01-14 21:38:26,868 - INFO - Epoch 40/150
2026-01-14 21:42:40,975 - INFO - Epoch 40 平均损失: Total=1.1251, Intra=0.3996, Inter=1.2789, Gen=0.2859
2026-01-14 21:42:40,976 - INFO - 当前学习率: 0.000250
2026-01-14 21:42:45,323 - INFO - 新的最优模型已保存，总损失: 1.1251
2026-01-14 21:42:45,323 - INFO - Epoch 41/150
2026-01-14 21:47:00,630 - INFO - Epoch 41 平均损失: Total=1.0783, Intra=0.3917, Inter=1.2267, Gen=0.2691
2026-01-14 21:47:00,630 - INFO - 当前学习率: 0.000250
2026-01-14 21:47:07,168 - INFO - 新的最优模型已保存，总损失: 1.0783
2026-01-14 21:47:07,168 - INFO - Epoch 42/150
2026-01-14 21:51:21,431 - INFO - Epoch 42 平均损失: Total=1.0132, Intra=0.3674, Inter=1.1454, Gen=0.2568
2026-01-14 21:51:21,432 - INFO - 当前学习率: 0.000250
2026-01-14 21:51:26,266 - INFO - 新的最优模型已保存，总损失: 1.0132
2026-01-14 21:51:26,266 - INFO - Epoch 43/150
2026-01-14 21:55:40,584 - INFO - Epoch 43 平均损失: Total=1.0321, Intra=0.3697, Inter=1.1556, Gen=0.2694
2026-01-14 21:55:40,584 - INFO - 当前学习率: 0.000250
2026-01-14 21:55:43,689 - INFO - Epoch 44/150
2026-01-14 21:59:58,291 - INFO - Epoch 44 平均损失: Total=1.0243, Intra=0.3530, Inter=1.0918, Gen=0.3019
2026-01-14 21:59:58,291 - INFO - 当前学习率: 0.000250
2026-01-14 22:00:00,698 - INFO - Epoch 45/150
2026-01-14 22:04:15,674 - INFO - Epoch 45 平均损失: Total=1.0708, Intra=0.3698, Inter=1.1022, Gen=0.3349
2026-01-14 22:04:15,675 - INFO - 当前学习率: 0.000250
2026-01-14 22:04:18,560 - INFO - Epoch 46/150
2026-01-14 22:08:34,280 - INFO - Epoch 46 平均损失: Total=1.0424, Intra=0.3566, Inter=1.0593, Gen=0.3345
2026-01-14 22:08:34,280 - INFO - 当前学习率: 0.000250
2026-01-14 22:08:37,323 - INFO - Epoch 47/150
2026-01-14 22:12:53,148 - INFO - Epoch 47 平均损失: Total=1.0271, Intra=0.3520, Inter=1.0651, Gen=0.3186
2026-01-14 22:12:53,149 - INFO - 当前学习率: 0.000250
2026-01-14 22:12:56,266 - INFO - Epoch 48/150
2026-01-14 22:17:12,806 - INFO - Epoch 48 平均损失: Total=1.0249, Intra=0.3514, Inter=1.0735, Gen=0.3125
2026-01-14 22:17:12,807 - INFO - 当前学习率: 0.000125
2026-01-14 22:17:15,490 - INFO - Epoch 49/150
2026-01-14 22:21:30,447 - INFO - Epoch 49 平均损失: Total=0.9805, Intra=0.3428, Inter=0.9751, Gen=0.3216
2026-01-14 22:21:30,448 - INFO - 当前学习率: 0.000125
2026-01-14 22:21:35,392 - INFO - 新的最优模型已保存，总损失: 0.9805
2026-01-14 22:21:35,393 - INFO - Epoch 50/150
2026-01-14 22:25:50,058 - INFO - Epoch 50 平均损失: Total=0.9342, Intra=0.3244, Inter=0.9295, Gen=0.3072
2026-01-14 22:25:50,058 - INFO - 当前学习率: 0.000125
2026-01-14 22:25:54,722 - INFO - 新的最优模型已保存，总损失: 0.9342
2026-01-14 22:25:54,722 - INFO - Epoch 51/150
2026-01-14 22:30:09,409 - INFO - Epoch 51 平均损失: Total=0.9211, Intra=0.3266, Inter=0.9180, Gen=0.2989
2026-01-14 22:30:09,410 - INFO - 当前学习率: 0.000125
2026-01-14 22:30:14,601 - INFO - 新的最优模型已保存，总损失: 0.9211
2026-01-14 22:30:14,601 - INFO - Epoch 52/150
2026-01-14 22:34:31,454 - INFO - Epoch 52 平均损失: Total=0.9082, Intra=0.3216, Inter=0.9162, Gen=0.2893
2026-01-14 22:34:31,454 - INFO - 当前学习率: 0.000125
2026-01-14 22:34:36,000 - INFO - 新的最优模型已保存，总损失: 0.9082
2026-01-14 22:34:36,000 - INFO - Epoch 53/150
2026-01-14 22:38:50,222 - INFO - Epoch 53 平均损失: Total=0.8756, Intra=0.3107, Inter=0.8790, Gen=0.2807
2026-01-14 22:38:50,222 - INFO - 当前学习率: 0.000125
2026-01-14 22:38:54,671 - INFO - 新的最优模型已保存，总损失: 0.8756
2026-01-14 22:38:54,671 - INFO - Epoch 54/150
2026-01-14 22:43:09,079 - INFO - Epoch 54 平均损失: Total=0.8630, Intra=0.3024, Inter=0.8729, Gen=0.2753
2026-01-14 22:43:09,079 - INFO - 当前学习率: 0.000125
2026-01-14 22:43:13,692 - INFO - 新的最优模型已保存，总损失: 0.8630
2026-01-14 22:43:13,692 - INFO - Epoch 55/150
2026-01-14 22:47:27,605 - INFO - Epoch 55 平均损失: Total=0.8586, Intra=0.2976, Inter=0.8814, Gen=0.2691
2026-01-14 22:47:27,605 - INFO - 当前学习率: 0.000125
2026-01-14 22:47:33,022 - INFO - 新的最优模型已保存，总损失: 0.8586
2026-01-14 22:47:33,022 - INFO - Epoch 56/150
2026-01-14 22:51:48,325 - INFO - Epoch 56 平均损失: Total=0.8538, Intra=0.3017, Inter=0.8757, Gen=0.2650
2026-01-14 22:51:48,325 - INFO - 当前学习率: 0.000125
2026-01-14 22:51:53,656 - INFO - 新的最优模型已保存，总损失: 0.8538
2026-01-14 22:51:53,656 - INFO - Epoch 57/150
2026-01-14 22:56:09,226 - INFO - Epoch 57 平均损失: Total=0.8277, Intra=0.2902, Inter=0.8444, Gen=0.2604
2026-01-14 22:56:09,226 - INFO - 当前学习率: 0.000125
2026-01-14 22:56:17,544 - INFO - 新的最优模型已保存，总损失: 0.8277
2026-01-14 22:56:17,544 - INFO - Epoch 58/150
2026-01-14 23:00:32,490 - INFO - Epoch 58 平均损失: Total=0.8063, Intra=0.2870, Inter=0.8302, Gen=0.2477
2026-01-14 23:00:32,490 - INFO - 当前学习率: 0.000125
2026-01-14 23:00:38,433 - INFO - 新的最优模型已保存，总损失: 0.8063
2026-01-14 23:00:38,433 - INFO - Epoch 59/150
2026-01-14 23:04:52,831 - INFO - Epoch 59 平均损失: Total=0.8719, Intra=0.3130, Inter=0.9152, Gen=0.2578
2026-01-14 23:04:52,831 - INFO - 当前学习率: 0.000125
2026-01-14 23:04:56,078 - INFO - Epoch 60/150
2026-01-14 23:09:10,488 - INFO - Epoch 60 平均损失: Total=0.8937, Intra=0.3296, Inter=0.9323, Gen=0.2628
2026-01-14 23:09:10,488 - INFO - 当前学习率: 0.000125
2026-01-14 23:09:12,835 - INFO - Epoch 61/150
2026-01-14 23:13:28,822 - INFO - Epoch 61 平均损失: Total=0.7972, Intra=0.2894, Inter=0.8167, Gen=0.2442
2026-01-14 23:13:28,822 - INFO - 当前学习率: 0.000125
2026-01-14 23:13:39,138 - INFO - 新的最优模型已保存，总损失: 0.7972
2026-01-14 23:13:39,138 - INFO - Epoch 62/150
2026-01-14 23:17:57,876 - INFO - Epoch 62 平均损失: Total=0.7888, Intra=0.2845, Inter=0.8087, Gen=0.2422
2026-01-14 23:17:57,876 - INFO - 当前学习率: 0.000125
2026-01-14 23:18:05,892 - INFO - 新的最优模型已保存，总损失: 0.7888
2026-01-14 23:18:05,892 - INFO - Epoch 63/150
2026-01-14 23:22:21,810 - INFO - Epoch 63 平均损失: Total=0.7799, Intra=0.2774, Inter=0.8115, Gen=0.2355
2026-01-14 23:22:21,810 - INFO - 当前学习率: 0.000125
2026-01-14 23:22:27,641 - INFO - 新的最优模型已保存，总损失: 0.7799
2026-01-14 23:22:27,641 - INFO - Epoch 64/150
2026-01-14 23:26:46,142 - INFO - Epoch 64 平均损失: Total=0.7789, Intra=0.2844, Inter=0.8075, Gen=0.2329
2026-01-14 23:26:46,142 - INFO - 当前学习率: 0.000125
2026-01-14 23:26:54,320 - INFO - 新的最优模型已保存，总损失: 0.7789
2026-01-14 23:26:54,321 - INFO - Epoch 65/150
2026-01-14 23:31:13,707 - INFO - Epoch 65 平均损失: Total=0.7883, Intra=0.2812, Inter=0.8080, Gen=0.2437
2026-01-14 23:31:13,708 - INFO - 当前学习率: 0.000125
2026-01-14 23:31:16,321 - INFO - Epoch 66/150
2026-01-14 23:35:37,277 - INFO - Epoch 66 平均损失: Total=0.7683, Intra=0.2768, Inter=0.7785, Gen=0.2407
2026-01-14 23:35:37,278 - INFO - 当前学习率: 0.000125
2026-01-14 23:35:43,378 - INFO - 新的最优模型已保存，总损失: 0.7683
2026-01-14 23:35:43,378 - INFO - Epoch 67/150
2026-01-14 23:39:58,258 - INFO - Epoch 67 平均损失: Total=0.7564, Intra=0.2734, Inter=0.7706, Gen=0.2344
2026-01-14 23:39:58,259 - INFO - 当前学习率: 0.000125
2026-01-14 23:40:04,660 - INFO - 新的最优模型已保存，总损失: 0.7564
2026-01-14 23:40:04,660 - INFO - Epoch 68/150
2026-01-14 23:44:22,941 - INFO - Epoch 68 平均损失: Total=0.7374, Intra=0.2685, Inter=0.7455, Gen=0.2304
2026-01-14 23:44:22,941 - INFO - 当前学习率: 0.000125
2026-01-14 23:44:29,556 - INFO - 新的最优模型已保存，总损失: 0.7374
2026-01-14 23:44:29,557 - INFO - Epoch 69/150
2026-01-14 23:48:47,843 - INFO - Epoch 69 平均损失: Total=0.7438, Intra=0.2665, Inter=0.7605, Gen=0.2303
2026-01-14 23:48:47,843 - INFO - 当前学习率: 0.000125
2026-01-14 23:48:50,394 - INFO - Epoch 70/150
2026-01-14 23:53:09,557 - INFO - Epoch 70 平均损失: Total=0.7322, Intra=0.2588, Inter=0.7594, Gen=0.2231
2026-01-14 23:53:09,557 - INFO - 当前学习率: 0.000125
2026-01-14 23:53:15,237 - INFO - 新的最优模型已保存，总损失: 0.7322
2026-01-14 23:53:15,237 - INFO - Epoch 71/150
2026-01-14 23:57:33,243 - INFO - Epoch 71 平均损失: Total=0.7240, Intra=0.2609, Inter=0.7508, Gen=0.2181
2026-01-14 23:57:33,243 - INFO - 当前学习率: 0.000125
2026-01-14 23:57:42,588 - INFO - 新的最优模型已保存，总损失: 0.7240
2026-01-14 23:57:42,588 - INFO - Epoch 72/150
2026-01-15 00:02:00,916 - INFO - Epoch 72 平均损失: Total=0.7520, Intra=0.2766, Inter=0.7949, Gen=0.2163
2026-01-15 00:02:00,916 - INFO - 当前学习率: 0.000125
2026-01-15 00:02:03,002 - INFO - Epoch 73/150
2026-01-15 00:06:21,412 - INFO - Epoch 73 平均损失: Total=0.7431, Intra=0.2662, Inter=0.7621, Gen=0.2289
2026-01-15 00:06:21,412 - INFO - 当前学习率: 0.000125
2026-01-15 00:06:24,146 - INFO - Epoch 74/150
2026-01-15 00:10:41,164 - INFO - Epoch 74 平均损失: Total=0.7258, Intra=0.2618, Inter=0.7480, Gen=0.2209
2026-01-15 00:10:41,164 - INFO - 当前学习率: 0.000125
2026-01-15 00:10:43,909 - INFO - Epoch 75/150
2026-01-15 00:15:01,905 - INFO - Epoch 75 平均损失: Total=0.7259, Intra=0.2577, Inter=0.7521, Gen=0.2210
2026-01-15 00:15:01,906 - INFO - 当前学习率: 0.000125
2026-01-15 00:15:04,720 - INFO - Epoch 76/150
2026-01-15 00:19:22,758 - INFO - Epoch 76 平均损失: Total=0.7275, Intra=0.2581, Inter=0.7550, Gen=0.2210
2026-01-15 00:19:22,759 - INFO - 当前学习率: 0.000125
2026-01-15 00:19:25,859 - INFO - Epoch 77/150
2026-01-15 00:23:44,565 - INFO - Epoch 77 平均损失: Total=0.7231, Intra=0.2578, Inter=0.7411, Gen=0.2236
2026-01-15 00:23:44,565 - INFO - 当前学习率: 0.000125
2026-01-15 00:23:51,089 - INFO - 新的最优模型已保存，总损失: 0.7231
2026-01-15 00:23:51,089 - INFO - Epoch 78/150
2026-01-15 00:28:09,913 - INFO - Epoch 78 平均损失: Total=0.7068, Intra=0.2545, Inter=0.7175, Gen=0.2208
2026-01-15 00:28:09,914 - INFO - 当前学习率: 0.000125
2026-01-15 00:28:13,917 - INFO - 新的最优模型已保存，总损失: 0.7068
2026-01-15 00:28:13,917 - INFO - Epoch 79/150
2026-01-15 00:32:32,318 - INFO - Epoch 79 平均损失: Total=0.6900, Intra=0.2450, Inter=0.7054, Gen=0.2148
2026-01-15 00:32:32,319 - INFO - 当前学习率: 0.000125
2026-01-15 00:32:37,758 - INFO - 新的最优模型已保存，总损失: 0.6900
2026-01-15 00:32:37,758 - INFO - Epoch 80/150
2026-01-15 00:36:56,630 - INFO - Epoch 80 平均损失: Total=0.6880, Intra=0.2474, Inter=0.7076, Gen=0.2105
2026-01-15 00:36:56,630 - INFO - 当前学习率: 0.000125
2026-01-15 00:37:01,032 - INFO - 新的最优模型已保存，总损失: 0.6880
2026-01-15 00:37:01,032 - INFO - Epoch 81/150
2026-01-15 00:41:19,702 - INFO - Epoch 81 平均损失: Total=0.6782, Intra=0.2483, Inter=0.6997, Gen=0.2042
2026-01-15 00:41:19,702 - INFO - 当前学习率: 0.000125
2026-01-15 00:41:24,982 - INFO - 新的最优模型已保存，总损失: 0.6782
2026-01-15 00:41:24,983 - INFO - Epoch 82/150
2026-01-15 00:45:43,005 - INFO - Epoch 82 平均损失: Total=0.6823, Intra=0.2456, Inter=0.7066, Gen=0.2062
2026-01-15 00:45:43,006 - INFO - 当前学习率: 0.000125
2026-01-15 00:45:45,036 - INFO - Epoch 83/150
2026-01-15 00:50:03,512 - INFO - Epoch 83 平均损失: Total=0.7223, Intra=0.2566, Inter=0.7415, Gen=0.2233
2026-01-15 00:50:03,513 - INFO - 当前学习率: 0.000125
2026-01-15 00:50:06,374 - INFO - Epoch 84/150
2026-01-15 00:54:24,452 - INFO - Epoch 84 平均损失: Total=0.6794, Intra=0.2430, Inter=0.7016, Gen=0.2071
2026-01-15 00:54:24,452 - INFO - 当前学习率: 0.000125
2026-01-15 00:54:26,522 - INFO - Epoch 85/150
2026-01-15 00:58:43,479 - INFO - Epoch 85 平均损失: Total=0.6761, Intra=0.2461, Inter=0.6943, Gen=0.2059
2026-01-15 00:58:43,479 - INFO - 当前学习率: 0.000125
2026-01-15 00:58:48,774 - INFO - 新的最优模型已保存，总损失: 0.6761
2026-01-15 00:58:48,774 - INFO - Epoch 86/150
2026-01-15 01:03:06,995 - INFO - Epoch 86 平均损失: Total=0.6682, Intra=0.2412, Inter=0.6850, Gen=0.2051
2026-01-15 01:03:06,995 - INFO - 当前学习率: 0.000125
2026-01-15 01:03:12,798 - INFO - 新的最优模型已保存，总损失: 0.6682
2026-01-15 01:03:12,798 - INFO - Epoch 87/150
2026-01-15 01:07:31,006 - INFO - Epoch 87 平均损失: Total=0.6724, Intra=0.2376, Inter=0.6899, Gen=0.2087
2026-01-15 01:07:31,006 - INFO - 当前学习率: 0.000125
2026-01-15 01:07:33,864 - INFO - Epoch 88/150
2026-01-15 01:11:52,241 - INFO - Epoch 88 平均损失: Total=0.6679, Intra=0.2368, Inter=0.6870, Gen=0.2060
2026-01-15 01:11:52,241 - INFO - 当前学习率: 0.000125
2026-01-15 01:11:58,069 - INFO - 新的最优模型已保存，总损失: 0.6679
2026-01-15 01:11:58,161 - INFO - Epoch 89/150
2026-01-15 01:16:16,348 - INFO - Epoch 89 平均损失: Total=0.6722, Intra=0.2372, Inter=0.6902, Gen=0.2085
2026-01-15 01:16:16,348 - INFO - 当前学习率: 0.000125
2026-01-15 01:16:19,136 - INFO - Epoch 90/150
2026-01-15 01:20:36,318 - INFO - Epoch 90 平均损失: Total=0.6764, Intra=0.2411, Inter=0.7043, Gen=0.2037
2026-01-15 01:20:36,319 - INFO - 当前学习率: 0.000125
2026-01-15 01:20:39,342 - INFO - Epoch 91/150
2026-01-15 01:24:57,098 - INFO - Epoch 91 平均损失: Total=0.6728, Intra=0.2371, Inter=0.6941, Gen=0.2072
2026-01-15 01:24:57,099 - INFO - 当前学习率: 0.000125
2026-01-15 01:24:59,755 - INFO - Epoch 92/150
2026-01-15 01:29:17,355 - INFO - Epoch 92 平均损失: Total=0.6807, Intra=0.2455, Inter=0.7079, Gen=0.2040
2026-01-15 01:29:17,355 - INFO - 当前学习率: 0.000125
2026-01-15 01:29:19,907 - INFO - Epoch 93/150
2026-01-15 01:33:37,802 - INFO - Epoch 93 平均损失: Total=0.6883, Intra=0.2457, Inter=0.6986, Gen=0.2161
2026-01-15 01:33:37,802 - INFO - 当前学习率: 0.000125
2026-01-15 01:33:41,480 - INFO - Epoch 94/150
2026-01-15 01:37:58,844 - INFO - Epoch 94 平均损失: Total=0.6720, Intra=0.2299, Inter=0.6814, Gen=0.2163
2026-01-15 01:37:58,844 - INFO - 当前学习率: 0.000063
2026-01-15 01:38:01,810 - INFO - Epoch 95/150
2026-01-15 01:42:19,631 - INFO - Epoch 95 平均损失: Total=0.6474, Intra=0.2293, Inter=0.6337, Gen=0.2159
2026-01-15 01:42:19,631 - INFO - 当前学习率: 0.000063
2026-01-15 01:42:25,222 - INFO - 新的最优模型已保存，总损失: 0.6474
2026-01-15 01:42:25,222 - INFO - Epoch 96/150
2026-01-15 01:46:42,812 - INFO - Epoch 96 平均损失: Total=0.6300, Intra=0.2270, Inter=0.6118, Gen=0.2106
2026-01-15 01:46:42,812 - INFO - 当前学习率: 0.000063
2026-01-15 01:46:47,468 - INFO - 新的最优模型已保存，总损失: 0.6300
2026-01-15 01:46:47,468 - INFO - Epoch 97/150
2026-01-15 01:51:05,929 - INFO - Epoch 97 平均损失: Total=0.6280, Intra=0.2249, Inter=0.6136, Gen=0.2087
2026-01-15 01:51:05,929 - INFO - 当前学习率: 0.000063
2026-01-15 01:51:13,331 - INFO - 新的最优模型已保存，总损失: 0.6280
2026-01-15 01:51:13,331 - INFO - Epoch 98/150
2026-01-15 01:55:31,028 - INFO - Epoch 98 平均损失: Total=0.6204, Intra=0.2230, Inter=0.6067, Gen=0.2055
2026-01-15 01:55:31,029 - INFO - 当前学习率: 0.000063
2026-01-15 01:55:36,552 - INFO - 新的最优模型已保存，总损失: 0.6204
2026-01-15 01:55:36,552 - INFO - Epoch 99/150
2026-01-15 01:59:54,027 - INFO - Epoch 99 平均损失: Total=0.6060, Intra=0.2185, Inter=0.5913, Gen=0.2011
2026-01-15 01:59:54,027 - INFO - 当前学习率: 0.000063
2026-01-15 01:59:58,809 - INFO - 新的最优模型已保存，总损失: 0.6060
2026-01-15 01:59:58,810 - INFO - Epoch 100/150
2026-01-15 02:04:17,254 - INFO - Epoch 100 平均损失: Total=0.5967, Intra=0.2165, Inter=0.5780, Gen=0.1994
2026-01-15 02:04:17,254 - INFO - 当前学习率: 0.000063
2026-01-15 02:04:21,927 - INFO - 新的最优模型已保存，总损失: 0.5967
2026-01-15 02:04:21,928 - INFO - Epoch 101/150
2026-01-15 02:08:40,962 - INFO - Epoch 101 平均损失: Total=0.5969, Intra=0.2196, Inter=0.5827, Gen=0.1958
2026-01-15 02:08:40,962 - INFO - 当前学习率: 0.000063
2026-01-15 02:08:44,181 - INFO - Epoch 102/150
2026-01-15 02:13:01,479 - INFO - Epoch 102 平均损失: Total=0.6077, Intra=0.2197, Inter=0.6128, Gen=0.1915
2026-01-15 02:13:01,479 - INFO - 当前学习率: 0.000063
2026-01-15 02:13:04,213 - INFO - Epoch 103/150
2026-01-15 02:17:19,834 - INFO - Epoch 103 平均损失: Total=0.5850, Intra=0.2160, Inter=0.5753, Gen=0.1894
2026-01-15 02:17:19,835 - INFO - 当前学习率: 0.000063
2026-01-15 02:17:27,403 - INFO - 新的最优模型已保存，总损失: 0.5850
2026-01-15 02:17:27,404 - INFO - Epoch 104/150
2026-01-15 02:21:46,218 - INFO - Epoch 104 平均损失: Total=0.5974, Intra=0.2244, Inter=0.5935, Gen=0.1884
2026-01-15 02:21:46,218 - INFO - 当前学习率: 0.000063
2026-01-15 02:21:48,781 - INFO - Epoch 105/150
2026-01-15 02:26:06,624 - INFO - Epoch 105 平均损失: Total=0.5856, Intra=0.2166, Inter=0.5836, Gen=0.1855
2026-01-15 02:26:06,624 - INFO - 当前学习率: 0.000063
2026-01-15 02:26:09,346 - INFO - Epoch 106/150
2026-01-15 02:30:27,863 - INFO - Epoch 106 平均损失: Total=0.5872, Intra=0.2148, Inter=0.5928, Gen=0.1834
2026-01-15 02:30:27,863 - INFO - 当前学习率: 0.000063
2026-01-15 02:30:30,801 - INFO - Epoch 107/150
2026-01-15 02:34:49,780 - INFO - Epoch 107 平均损失: Total=0.5773, Intra=0.2180, Inter=0.5758, Gen=0.1804
2026-01-15 02:34:49,781 - INFO - 当前学习率: 0.000063
2026-01-15 02:34:54,558 - INFO - 新的最优模型已保存，总损失: 0.5773
2026-01-15 02:34:54,558 - INFO - Epoch 108/150
2026-01-15 02:39:13,258 - INFO - Epoch 108 平均损失: Total=0.5793, Intra=0.2173, Inter=0.5823, Gen=0.1795
2026-01-15 02:39:13,259 - INFO - 当前学习率: 0.000063
2026-01-15 02:39:16,447 - INFO - Epoch 109/150
2026-01-15 02:43:34,885 - INFO - Epoch 109 平均损失: Total=0.5742, Intra=0.2148, Inter=0.5704, Gen=0.1816
2026-01-15 02:43:34,885 - INFO - 当前学习率: 0.000063
2026-01-15 02:43:39,862 - INFO - 新的最优模型已保存，总损失: 0.5742
2026-01-15 02:43:39,862 - INFO - Epoch 110/150
2026-01-15 02:47:57,892 - INFO - Epoch 110 平均损失: Total=0.5673, Intra=0.2126, Inter=0.5625, Gen=0.1798
2026-01-15 02:47:57,892 - INFO - 当前学习率: 0.000063
2026-01-15 02:48:04,978 - INFO - 新的最优模型已保存，总损失: 0.5673
2026-01-15 02:48:04,978 - INFO - Epoch 111/150
2026-01-15 02:52:23,153 - INFO - Epoch 111 平均损失: Total=0.5637, Intra=0.2131, Inter=0.5574, Gen=0.1785
2026-01-15 02:52:23,154 - INFO - 当前学习率: 0.000063
2026-01-15 02:52:28,688 - INFO - 新的最优模型已保存，总损失: 0.5637
2026-01-15 02:52:28,688 - INFO - Epoch 112/150
2026-01-15 02:56:46,808 - INFO - Epoch 112 平均损失: Total=0.5538, Intra=0.2041, Inter=0.5522, Gen=0.1757
2026-01-15 02:56:46,809 - INFO - 当前学习率: 0.000063
2026-01-15 02:56:52,426 - INFO - 新的最优模型已保存，总损失: 0.5538
2026-01-15 02:56:52,426 - INFO - Epoch 113/150
2026-01-15 03:01:11,119 - INFO - Epoch 113 平均损失: Total=0.5593, Intra=0.2128, Inter=0.5575, Gen=0.1741
2026-01-15 03:01:11,119 - INFO - 当前学习率: 0.000063
2026-01-15 03:01:14,025 - INFO - Epoch 114/150
2026-01-15 03:05:32,264 - INFO - Epoch 114 平均损失: Total=0.5560, Intra=0.2099, Inter=0.5528, Gen=0.1747
2026-01-15 03:05:32,265 - INFO - 当前学习率: 0.000063
2026-01-15 03:05:34,560 - INFO - Epoch 115/150
2026-01-15 03:09:53,131 - INFO - Epoch 115 平均损失: Total=0.5585, Intra=0.2125, Inter=0.5588, Gen=0.1728
2026-01-15 03:09:53,131 - INFO - 当前学习率: 0.000063
2026-01-15 03:09:55,954 - INFO - Epoch 116/150
2026-01-15 03:14:14,661 - INFO - Epoch 116 平均损失: Total=0.5515, Intra=0.2140, Inter=0.5454, Gen=0.1718
2026-01-15 03:14:14,661 - INFO - 当前学习率: 0.000063
2026-01-15 03:14:19,737 - INFO - 新的最优模型已保存，总损失: 0.5515
2026-01-15 03:14:19,738 - INFO - Epoch 117/150
2026-01-15 03:18:38,219 - INFO - Epoch 117 平均损失: Total=0.5515, Intra=0.2076, Inter=0.5543, Gen=0.1705
2026-01-15 03:18:38,220 - INFO - 当前学习率: 0.000063
2026-01-15 03:18:44,327 - INFO - 新的最优模型已保存，总损失: 0.5515
2026-01-15 03:18:44,327 - INFO - Epoch 118/150
2026-01-15 03:23:02,265 - INFO - Epoch 118 平均损失: Total=0.5521, Intra=0.2164, Inter=0.5482, Gen=0.1699
2026-01-15 03:23:02,265 - INFO - 当前学习率: 0.000063
2026-01-15 03:23:04,470 - INFO - Epoch 119/150
2026-01-15 03:27:22,534 - INFO - Epoch 119 平均损失: Total=0.5388, Intra=0.2044, Inter=0.5365, Gen=0.1683
2026-01-15 03:27:22,534 - INFO - 当前学习率: 0.000063
2026-01-15 03:27:27,765 - INFO - 新的最优模型已保存，总损失: 0.5388
2026-01-15 03:27:27,766 - INFO - Epoch 120/150
2026-01-15 03:31:45,358 - INFO - Epoch 120 平均损失: Total=0.5488, Intra=0.2108, Inter=0.5476, Gen=0.1696
2026-01-15 03:31:45,358 - INFO - 当前学习率: 0.000063
2026-01-15 03:31:48,535 - INFO - Epoch 121/150
2026-01-15 03:36:04,089 - INFO - Epoch 121 平均损失: Total=0.5341, Intra=0.2084, Inter=0.5246, Gen=0.1675
2026-01-15 03:36:04,089 - INFO - 当前学习率: 0.000063
2026-01-15 03:36:10,261 - INFO - 新的最优模型已保存，总损失: 0.5341
2026-01-15 03:36:10,261 - INFO - Epoch 122/150
2026-01-15 03:40:27,844 - INFO - Epoch 122 平均损失: Total=0.5390, Intra=0.2104, Inter=0.5349, Gen=0.1664
2026-01-15 03:40:27,844 - INFO - 当前学习率: 0.000063
2026-01-15 03:40:29,942 - INFO - Epoch 123/150
2026-01-15 03:44:47,635 - INFO - Epoch 123 平均损失: Total=0.5301, Intra=0.1998, Inter=0.5292, Gen=0.1656
2026-01-15 03:44:47,635 - INFO - 当前学习率: 0.000063
2026-01-15 03:44:53,732 - INFO - 新的最优模型已保存，总损失: 0.5301
2026-01-15 03:44:53,732 - INFO - Epoch 124/150
2026-01-15 03:49:12,143 - INFO - Epoch 124 平均损失: Total=0.5212, Intra=0.1992, Inter=0.5159, Gen=0.1636
2026-01-15 03:49:12,143 - INFO - 当前学习率: 0.000063
2026-01-15 03:49:18,364 - INFO - 新的最优模型已保存，总损失: 0.5212
2026-01-15 03:49:18,364 - INFO - Epoch 125/150
2026-01-15 03:53:36,224 - INFO - Epoch 125 平均损失: Total=0.5279, Intra=0.2050, Inter=0.5244, Gen=0.1632
2026-01-15 03:53:36,224 - INFO - 当前学习率: 0.000063
2026-01-15 03:53:38,486 - INFO - Epoch 126/150
2026-01-15 03:57:56,424 - INFO - Epoch 126 平均损失: Total=0.5404, Intra=0.2068, Inter=0.5514, Gen=0.1613
2026-01-15 03:57:56,425 - INFO - 当前学习率: 0.000063
2026-01-15 03:57:59,985 - INFO - Epoch 127/150
2026-01-15 04:02:15,636 - INFO - Epoch 127 平均损失: Total=0.5253, Intra=0.2022, Inter=0.5299, Gen=0.1592
2026-01-15 04:02:15,636 - INFO - 当前学习率: 0.000063
2026-01-15 04:02:17,608 - INFO - Epoch 128/150
2026-01-15 04:06:33,488 - INFO - Epoch 128 平均损失: Total=0.5234, Intra=0.2030, Inter=0.5225, Gen=0.1607
2026-01-15 04:06:33,488 - INFO - 当前学习率: 0.000063
2026-01-15 04:06:36,170 - INFO - Epoch 129/150
2026-01-15 04:10:54,374 - INFO - Epoch 129 平均损失: Total=0.5354, Intra=0.2041, Inter=0.5489, Gen=0.1589
2026-01-15 04:10:54,375 - INFO - 当前学习率: 0.000063
2026-01-15 04:10:57,637 - INFO - Epoch 130/150
2026-01-15 04:15:14,135 - INFO - Epoch 130 平均损失: Total=0.5274, Intra=0.2052, Inter=0.5340, Gen=0.1578
2026-01-15 04:15:14,135 - INFO - 当前学习率: 0.000031
2026-01-15 04:15:17,185 - INFO - Epoch 131/150
2026-01-15 04:19:36,175 - INFO - Epoch 131 平均损失: Total=0.5144, Intra=0.2054, Inter=0.5109, Gen=0.1562
2026-01-15 04:19:36,175 - INFO - 当前学习率: 0.000031
2026-01-15 04:19:42,439 - INFO - 新的最优模型已保存，总损失: 0.5144
2026-01-15 04:19:42,439 - INFO - Epoch 132/150
2026-01-15 04:24:00,270 - INFO - Epoch 132 平均损失: Total=0.5038, Intra=0.2000, Inter=0.4992, Gen=0.1542
2026-01-15 04:24:00,270 - INFO - 当前学习率: 0.000031
2026-01-15 04:24:05,423 - INFO - 新的最优模型已保存，总损失: 0.5038
2026-01-15 04:24:05,424 - INFO - Epoch 133/150
2026-01-15 04:28:23,797 - INFO - Epoch 133 平均损失: Total=0.5039, Intra=0.1988, Inter=0.5009, Gen=0.1541
2026-01-15 04:28:23,797 - INFO - 当前学习率: 0.000031
2026-01-15 04:28:26,613 - INFO - Epoch 134/150
2026-01-15 04:32:45,012 - INFO - Epoch 134 平均损失: Total=0.4967, Intra=0.1986, Inter=0.4890, Gen=0.1530
2026-01-15 04:32:45,012 - INFO - 当前学习率: 0.000031
2026-01-15 04:32:51,492 - INFO - 新的最优模型已保存，总损失: 0.4967
2026-01-15 04:32:51,492 - INFO - Epoch 135/150
2026-01-15 04:37:09,385 - INFO - Epoch 135 平均损失: Total=0.4936, Intra=0.1971, Inter=0.4866, Gen=0.1518
2026-01-15 04:37:09,385 - INFO - 当前学习率: 0.000031
2026-01-15 04:37:15,828 - INFO - 新的最优模型已保存，总损失: 0.4936
2026-01-15 04:37:15,828 - INFO - Epoch 136/150
2026-01-15 04:41:33,532 - INFO - Epoch 136 平均损失: Total=0.4893, Intra=0.1960, Inter=0.4812, Gen=0.1507
2026-01-15 04:41:33,533 - INFO - 当前学习率: 0.000031
2026-01-15 04:41:39,717 - INFO - 新的最优模型已保存，总损失: 0.4893
2026-01-15 04:41:39,718 - INFO - Epoch 137/150
2026-01-15 04:45:57,410 - INFO - Epoch 137 平均损失: Total=0.5128, Intra=0.2072, Inter=0.5187, Gen=0.1499
2026-01-15 04:45:57,411 - INFO - 当前学习率: 0.000031
2026-01-15 04:45:59,380 - INFO - Epoch 138/150
2026-01-15 04:50:17,820 - INFO - Epoch 138 平均损失: Total=0.4925, Intra=0.2000, Inter=0.4867, Gen=0.1491
2026-01-15 04:50:17,821 - INFO - 当前学习率: 0.000031
2026-01-15 04:50:20,643 - INFO - Epoch 139/150
2026-01-15 04:54:39,054 - INFO - Epoch 139 平均损失: Total=0.4845, Intra=0.1926, Inter=0.4789, Gen=0.1488
2026-01-15 04:54:39,054 - INFO - 当前学习率: 0.000031
2026-01-15 04:54:45,143 - INFO - 新的最优模型已保存，总损失: 0.4845
2026-01-15 04:54:45,143 - INFO - Epoch 140/150
2026-01-15 04:59:04,746 - INFO - Epoch 140 平均损失: Total=0.4912, Intra=0.1981, Inter=0.4910, Gen=0.1467
2026-01-15 04:59:04,746 - INFO - 当前学习率: 0.000031
2026-01-15 04:59:07,419 - INFO - Epoch 141/150
2026-01-15 05:03:25,071 - INFO - Epoch 141 平均损失: Total=0.4854, Intra=0.1936, Inter=0.4845, Gen=0.1464
2026-01-15 05:03:25,072 - INFO - 当前学习率: 0.000031
2026-01-15 05:03:27,492 - INFO - Epoch 142/150
2026-01-15 05:07:45,245 - INFO - Epoch 142 平均损失: Total=0.4869, Intra=0.1980, Inter=0.4853, Gen=0.1453
2026-01-15 05:07:45,246 - INFO - 当前学习率: 0.000031
2026-01-15 05:07:48,082 - INFO - Epoch 143/150
2026-01-15 05:12:05,744 - INFO - Epoch 143 平均损失: Total=0.4905, Intra=0.2016, Inter=0.4894, Gen=0.1450
2026-01-15 05:12:05,745 - INFO - 当前学习率: 0.000031
2026-01-15 05:12:08,877 - INFO - Epoch 144/150
2026-01-15 05:16:27,742 - INFO - Epoch 144 平均损失: Total=0.4797, Intra=0.1926, Inter=0.4772, Gen=0.1448
2026-01-15 05:16:27,743 - INFO - 当前学习率: 0.000031
2026-01-15 05:16:34,422 - INFO - 新的最优模型已保存，总损失: 0.4797
2026-01-15 05:16:34,422 - INFO - Epoch 145/150
2026-01-15 05:20:49,618 - INFO - Epoch 145 平均损失: Total=0.4787, Intra=0.1955, Inter=0.4777, Gen=0.1422
2026-01-15 05:20:49,619 - INFO - 当前学习率: 0.000031
2026-01-15 05:20:55,573 - INFO - 新的最优模型已保存，总损失: 0.4787
2026-01-15 05:20:55,573 - INFO - Epoch 146/150
2026-01-15 05:25:13,800 - INFO - Epoch 146 平均损失: Total=0.4747, Intra=0.1957, Inter=0.4722, Gen=0.1408
2026-01-15 05:25:13,801 - INFO - 当前学习率: 0.000031
2026-01-15 05:25:18,649 - INFO - 新的最优模型已保存，总损失: 0.4747
2026-01-15 05:25:18,649 - INFO - Epoch 147/150
2026-01-15 05:29:33,087 - INFO - Epoch 147 平均损失: Total=0.4758, Intra=0.1960, Inter=0.4757, Gen=0.1399
2026-01-15 05:29:33,088 - INFO - 当前学习率: 0.000031
2026-01-15 05:29:37,248 - INFO - Epoch 148/150
2026-01-15 05:33:52,083 - INFO - Epoch 148 平均损失: Total=0.4785, Intra=0.1960, Inter=0.4820, Gen=0.1395
2026-01-15 05:33:52,083 - INFO - 当前学习率: 0.000031
2026-01-15 05:33:54,801 - INFO - Epoch 149/150
2026-01-15 05:38:13,069 - INFO - Epoch 149 平均损失: Total=0.4751, Intra=0.1948, Inter=0.4758, Gen=0.1399
2026-01-15 05:38:13,069 - INFO - 当前学习率: 0.000031
2026-01-15 05:38:17,016 - INFO - Epoch 150/150
2026-01-15 05:42:35,464 - INFO - Epoch 150 平均损失: Total=0.4673, Intra=0.1911, Inter=0.4650, Gen=0.1392
2026-01-15 05:42:35,465 - INFO - 当前学习率: 0.000031
2026-01-15 05:42:41,307 - INFO - 新的最优模型已保存，总损失: 0.4673
2026-01-15 05:42:41,307 - INFO - 训练完成
2026-01-15 05:42:41,307 - INFO - 最优模型总损失: 0.4673
2026-01-15 05:42:41,307 - INFO - 日志保存位置: ../Log/2026-01-14_18-48-13
2026-01-15 05:42:41,308 - INFO - 模型检查点保存位置: ../Checkpoints/2026-01-14_18-48-13
2026-01-15 05:42:41,308 - INFO - 
=== 点云加载最终统计信息 ===
2026-01-15 05:42:41,308 - INFO - 总尝试加载次数: 0
2026-01-15 05:42:41,308 - INFO - 加载失败次数: 0
